20:11:55|1每日.py|每日脚本开始
20:11:57|const.py|backMainProcess 返回主页面开始
20:12:01|const.py|backMainProcess 返回主页面结束
20:12:01|util.py|findPicLoop 循环找图开始 ./public/bmp/weigh anchor.jpg
20:12:03|util.py|findPicLoop 循环找图结束 ./public/bmp/weigh anchor.jpg
20:12:03|util.py|click 729 244
20:12:05|util.py|findPicLoop 循环找图开始 ./public/bmp/daily task.jpg
20:12:07|util.py|findPicLoop 循环找图结束 ./public/bmp/daily task.jpg
20:12:07|util.py|click 487 413
20:12:08|util.py|getNumbers 识数字开始
20:12:11|util.py|getNumbers 识数字结束
20:12:11|util.py|click 185 295
20:12:13|util.py|click 353 305
20:12:15|util.py|click 503 134
20:12:16|const.py|anchorProcess 出击步骤开始
20:12:17|const.py|今日不再提示判断 开始
20:12:19|util.py|click 603 109
20:12:20|const.py|今日不再提示
20:12:20|util.py|findPicLoop 循环找图开始 ./public/bmp/anchor.bmp
20:12:22|util.py|findPicLoop 循环找图结束 ./public/bmp/anchor.bmp
20:12:23|util.py|click 770 429
20:12:24|const.py|自律 开始
20:12:25|const.py|船坞已满判断 开始
20:12:37|util.py|findPicLoop 循环找图开始 ./public/bmp/S.bmp
20:13:55|util.py|findPicLoop 循环找图结束 ./public/bmp/S.bmp
20:13:55|const.py|自律 结束
20:13:56|util.py|click 135 424
20:13:58|util.py|click 684 308
20:14:00|const.py|打捞到sr或ssr判断 开始
20:14:02|util.py|click 684 308
20:14:03|util.py|findPicLoop 循环找图开始 ./public/bmp/exp2.bmp
20:14:04|util.py|findPicLoop 循环找图结束 ./public/bmp/exp2.bmp
20:14:04|util.py|click 733 445
20:14:08|const.py|作战失败判断 开始
20:14:14|const.py|紧急委托判断 开始
20:14:15|const.py|anchorProcess 出击步骤结束
20:14:15|util.py|click 503 134
20:14:17|const.py|anchorProcess 出击步骤开始
20:14:18|const.py|今日不再提示判断 开始
20:14:20|util.py|findPicLoop 循环找图开始 ./public/bmp/anchor.bmp
20:14:22|util.py|findPicLoop 循环找图结束 ./public/bmp/anchor.bmp
20:14:23|util.py|click 770 429
20:14:24|const.py|自律 开始
20:14:25|const.py|船坞已满判断 开始
20:14:37|util.py|findPicLoop 循环找图开始 ./public/bmp/S.bmp
20:16:01|util.py|findPicLoop 循环找图结束 ./public/bmp/S.bmp
20:16:01|const.py|自律 结束
20:16:02|util.py|click 135 424
20:16:03|util.py|click 684 308
20:16:06|const.py|打捞到sr或ssr判断 开始
20:16:08|util.py|click 684 308
20:16:08|util.py|findPicLoop 循环找图开始 ./public/bmp/exp2.bmp
20:16:10|util.py|findPicLoop 循环找图结束 ./public/bmp/exp2.bmp
20:16:10|util.py|click 733 445
20:16:14|const.py|作战失败判断 开始
20:16:19|const.py|紧急委托判断 开始
20:16:20|const.py|anchorProcess 出击步骤结束
20:16:20|util.py|click 503 134
20:16:22|const.py|anchorProcess 出击步骤开始
20:16:23|const.py|今日不再提示判断 开始
20:16:25|util.py|findPicLoop 循环找图开始 ./public/bmp/anchor.bmp
20:16:27|util.py|findPicLoop 循环找图结束 ./public/bmp/anchor.bmp
20:16:28|util.py|click 770 429
20:16:29|const.py|自律 开始
20:16:30|const.py|船坞已满判断 开始
20:16:42|util.py|findPicLoop 循环找图开始 ./public/bmp/S.bmp
20:18:05|util.py|findPicLoop 循环找图结束 ./public/bmp/S.bmp
20:18:05|const.py|自律 结束
20:18:06|util.py|click 135 424
20:18:08|util.py|click 684 308
20:18:10|const.py|打捞到sr或ssr判断 开始
20:18:12|util.py|click 684 308
20:18:13|util.py|findPicLoop 循环找图开始 ./public/bmp/exp2.bmp
20:18:14|util.py|findPicLoop 循环找图结束 ./public/bmp/exp2.bmp
20:18:14|util.py|click 733 445
20:18:18|const.py|作战失败判断 开始
20:18:23|const.py|紧急委托判断 开始
20:18:25|const.py|anchorProcess 出击步骤结束
20:18:25|util.py|findPicLoop 循环找图开始 ./public/bmp/back.jpg
20:18:27|util.py|findPicLoop 循环找图结束 ./public/bmp/back.jpg
20:18:28|util.py|click 38 33
20:18:29|util.py|findPicLoop 循环找图开始 ./public/bmp/back.jpg
20:18:33|util.py|findPicLoop 循环找图结束 ./public/bmp/back.jpg
20:18:34|util.py|click 38 33
20:18:35|util.py|findPicLoop 循环找图开始 ./public/bmp/daily task.jpg
20:18:39|util.py|findPicLoop 循环找图结束 ./public/bmp/daily task.jpg
20:18:39|util.py|click 487 413
20:18:42|util.py|getNumbers 识数字开始
20:18:45|util.py|getNumbers 识数字结束
20:18:45|util.py|click 353 305
20:18:46|util.py|click 503 134
20:18:48|const.py|anchorProcess 出击步骤开始
20:18:49|const.py|今日不再提示判断 开始
20:18:51|util.py|findPicLoop 循环找图开始 ./public/bmp/anchor.bmp
20:18:53|util.py|findPicLoop 循环找图结束 ./public/bmp/anchor.bmp
20:18:54|util.py|click 770 429
20:18:55|const.py|自律 开始
20:18:56|const.py|船坞已满判断 开始
20:19:08|util.py|findPicLoop 循环找图开始 ./public/bmp/S.bmp
20:19:35|util.py|findPicLoop 循环找图结束 ./public/bmp/S.bmp
20:19:35|const.py|自律 结束
20:19:36|util.py|click 135 424
20:19:38|util.py|click 684 308
20:19:40|const.py|打捞到sr或ssr判断 开始
20:19:42|util.py|click 684 308
20:19:43|util.py|findPicLoop 循环找图开始 ./public/bmp/exp2.bmp
20:19:45|util.py|findPicLoop 循环找图结束 ./public/bmp/exp2.bmp
20:19:45|util.py|click 733 445
20:19:49|const.py|作战失败判断 开始
20:19:53|const.py|紧急委托判断 开始
20:19:55|const.py|anchorProcess 出击步骤结束
20:19:55|util.py|click 503 134
20:19:57|const.py|anchorProcess 出击步骤开始
20:19:57|const.py|今日不再提示判断 开始
20:19:59|util.py|findPicLoop 循环找图开始 ./public/bmp/anchor.bmp
20:20:01|util.py|findPicLoop 循环找图结束 ./public/bmp/anchor.bmp
20:20:02|util.py|click 770 429
20:20:03|const.py|自律 开始
20:20:04|const.py|船坞已满判断 开始
20:20:16|util.py|findPicLoop 循环找图开始 ./public/bmp/S.bmp
20:20:44|util.py|findPicLoop 循环找图结束 ./public/bmp/S.bmp
20:20:44|const.py|自律 结束
20:20:46|util.py|click 135 424
20:20:47|util.py|click 684 308
20:20:50|const.py|打捞到sr或ssr判断 开始
20:20:52|util.py|click 684 308
20:20:52|util.py|findPicLoop 循环找图开始 ./public/bmp/exp2.bmp
20:20:54|util.py|findPicLoop 循环找图结束 ./public/bmp/exp2.bmp
20:20:54|util.py|click 733 445
20:20:58|const.py|作战失败判断 开始
20:21:03|const.py|紧急委托判断 开始
20:21:05|const.py|anchorProcess 出击步骤结束
20:21:05|util.py|click 503 134
20:21:07|const.py|anchorProcess 出击步骤开始
20:21:08|const.py|今日不再提示判断 开始
20:21:10|util.py|findPicLoop 循环找图开始 ./public/bmp/anchor.bmp
20:21:12|util.py|findPicLoop 循环找图结束 ./public/bmp/anchor.bmp
20:21:13|util.py|click 770 429
20:21:13|const.py|自律 开始
20:21:14|const.py|船坞已满判断 开始
20:21:26|util.py|findPicLoop 循环找图开始 ./public/bmp/S.bmp
20:21:54|util.py|findPicLoop 循环找图结束 ./public/bmp/S.bmp
20:21:54|const.py|自律 结束
20:21:55|util.py|click 135 424
20:21:57|util.py|click 684 308
20:22:00|const.py|打捞到sr或ssr判断 开始
20:22:01|util.py|click 684 308
20:22:02|util.py|findPicLoop 循环找图开始 ./public/bmp/exp2.bmp
20:22:04|util.py|findPicLoop 循环找图结束 ./public/bmp/exp2.bmp
20:22:04|util.py|click 733 445
20:22:08|const.py|作战失败判断 开始
20:22:13|const.py|紧急委托判断 开始
20:22:15|const.py|anchorProcess 出击步骤结束
20:22:15|util.py|findPicLoop 循环找图开始 ./public/bmp/back.jpg
20:22:17|util.py|findPicLoop 循环找图结束 ./public/bmp/back.jpg
20:22:18|util.py|click 38 33
20:22:20|const.py|backMainProcess 返回主页面开始
20:22:24|util.py|click 838 22
20:22:29|2演习.py|演习脚本开始
20:22:31|const.py|backMainProcess 返回主页面开始
20:22:36|const.py|backMainProcess 返回主页面结束
20:22:36|util.py|findPicLoop 循环找图开始 ./public/bmp/weigh anchor.jpg
20:22:39|util.py|findPicLoop 循环找图结束 ./public/bmp/weigh anchor.jpg
20:22:39|util.py|click 729 244
20:22:41|util.py|findPicLoop 循环找图开始 ./public/bmp/exercise.jpg
20:22:45|util.py|findPicLoop 循环找图结束 ./public/bmp/exercise.jpg
20:22:45|util.py|click 700 413
20:22:48|util.py|getNumbers 识数字开始
20:22:51|util.py|getNumbers 识数字结束
20:22:51|util.py|getNumbers 识数字开始
20:22:53|util.py|getNumbers 识数字结束
20:22:53|util.py|getNumbers 识数字开始
20:22:56|util.py|getNumbers 识数字结束
20:22:56|util.py|getNumbers 识数字开始
20:22:59|util.py|getNumbers 识数字结束
20:22:59|util.py|getNumbers 识数字开始
20:23:01|util.py|getNumbers 识数字结束
20:23:01|util.py|findPicLoop 循环找图开始 ./public/bmp/new opponent.jpg
20:23:03|util.py|findPicLoop 循环找图结束 ./public/bmp/new opponent.jpg
20:23:03|util.py|click 765 244
20:23:10|util.py|getNumbers 识数字开始
20:23:12|util.py|getNumbers 识数字结束
20:23:12|util.py|getNumbers 识数字开始
20:23:15|util.py|getNumbers 识数字结束
20:23:15|util.py|getNumbers 识数字开始
20:23:17|util.py|getNumbers 识数字结束
20:23:17|util.py|getNumbers 识数字开始
20:23:20|util.py|getNumbers 识数字结束
20:23:20|util.py|click 157 170
20:23:21|util.py|findPicLoop 循环找图开始 ./public/bmp/start excise.jpg
20:23:23|util.py|findPicLoop 循环找图结束 ./public/bmp/start excise.jpg
20:23:23|util.py|click 433 384
20:23:25|const.py|anchorProcess 出击步骤开始
20:23:26|const.py|今日不再提示判断 开始
20:23:28|util.py|findPicLoop 循环找图开始 ./public/bmp/anchor.bmp
20:23:30|util.py|findPicLoop 循环找图结束 ./public/bmp/anchor.bmp
20:23:31|util.py|click 770 429
20:23:32|const.py|自律 开始
20:23:33|const.py|船坞已满判断 开始
20:23:45|util.py|findPicLoop 循环找图开始 ./public/bmp/S.bmp
20:24:05|util.py|findPicLoop 循环找图结束 ./public/bmp/S.bmp
20:24:05|const.py|自律 结束
20:24:06|util.py|click 135 424
20:24:08|util.py|click 684 308
20:24:11|const.py|打捞到sr或ssr判断 开始
20:24:13|util.py|click 684 308
20:24:13|util.py|findPicLoop 循环找图开始 ./public/bmp/exp2.bmp
20:24:15|util.py|findPicLoop 循环找图结束 ./public/bmp/exp2.bmp
20:24:15|util.py|click 733 445
20:24:19|const.py|作战失败判断 开始
20:24:24|const.py|紧急委托判断 开始
20:24:26|const.py|anchorProcess 出击步骤结束
20:24:27|util.py|getNumbers 识数字开始
20:24:30|util.py|getNumbers 识数字结束
20:24:30|util.py|getNumbers 识数字开始
20:24:32|util.py|getNumbers 识数字结束
20:24:32|util.py|getNumbers 识数字开始
20:24:35|util.py|getNumbers 识数字结束
20:24:35|util.py|getNumbers 识数字开始
20:24:37|util.py|getNumbers 识数字结束
20:24:37|util.py|getNumbers 识数字开始
20:24:40|util.py|getNumbers 识数字结束
20:24:40|util.py|click 654 173
20:24:41|util.py|findPicLoop 循环找图开始 ./public/bmp/start excise.jpg
20:24:43|util.py|findPicLoop 循环找图结束 ./public/bmp/start excise.jpg
20:24:43|util.py|click 433 384
20:24:44|const.py|anchorProcess 出击步骤开始
20:24:45|const.py|今日不再提示判断 开始
20:24:47|util.py|findPicLoop 循环找图开始 ./public/bmp/anchor.bmp
20:24:50|util.py|findPicLoop 循环找图结束 ./public/bmp/anchor.bmp
20:24:50|util.py|click 770 429
20:24:51|const.py|自律 开始
20:24:52|const.py|船坞已满判断 开始
20:25:05|util.py|findPicLoop 循环找图开始 ./public/bmp/S.bmp
20:26:49|util.py|findPicLoop 循环找图结束 ./public/bmp/S.bmp
20:26:49|const.py|自律 结束
20:26:50|util.py|click 135 424
20:26:52|util.py|click 684 308
20:26:55|const.py|打捞到sr或ssr判断 开始
20:26:56|util.py|click 684 308
20:26:57|util.py|findPicLoop 循环找图开始 ./public/bmp/exp2.bmp
20:26:59|util.py|findPicLoop 循环找图结束 ./public/bmp/exp2.bmp
20:26:59|util.py|click 733 445
20:27:03|const.py|作战失败判断 开始
20:27:08|const.py|紧急委托判断 开始
20:27:10|const.py|anchorProcess 出击步骤结束
20:27:11|util.py|getNumbers 识数字开始
20:27:14|util.py|getNumbers 识数字结束
20:27:14|util.py|getNumbers 识数字开始
20:27:16|util.py|getNumbers 识数字结束
20:27:16|util.py|getNumbers 识数字开始
20:27:18|util.py|getNumbers 识数字结束
20:27:18|util.py|getNumbers 识数字开始
20:27:21|util.py|getNumbers 识数字结束
20:27:21|util.py|getNumbers 识数字开始
20:27:23|util.py|getNumbers 识数字结束
20:27:23|util.py|click 487 175
20:27:25|util.py|findPicLoop 循环找图开始 ./public/bmp/start excise.jpg
20:27:26|util.py|findPicLoop 循环找图结束 ./public/bmp/start excise.jpg
20:27:26|util.py|click 433 384
20:27:28|const.py|anchorProcess 出击步骤开始
20:27:29|const.py|今日不再提示判断 开始
20:27:31|util.py|findPicLoop 循环找图开始 ./public/bmp/anchor.bmp
20:27:33|util.py|findPicLoop 循环找图结束 ./public/bmp/anchor.bmp
20:27:34|util.py|click 770 429
20:27:35|const.py|自律 开始
20:27:35|const.py|船坞已满判断 开始
20:27:47|util.py|findPicLoop 循环找图开始 ./public/bmp/S.bmp
20:28:00|util.py|findPicLoop 循环找图结束 ./public/bmp/S.bmp
20:28:00|const.py|自律 结束
20:28:01|util.py|click 135 424
20:28:02|util.py|click 684 308
20:28:05|const.py|打捞到sr或ssr判断 开始
20:28:07|util.py|click 684 308
20:28:08|util.py|findPicLoop 循环找图开始 ./public/bmp/exp2.bmp
20:28:10|util.py|findPicLoop 循环找图结束 ./public/bmp/exp2.bmp
20:28:10|util.py|click 733 445
20:28:14|const.py|作战失败判断 开始
20:28:19|const.py|紧急委托判断 开始
20:28:21|const.py|anchorProcess 出击步骤结束
20:28:22|util.py|getNumbers 识数字开始
20:28:24|util.py|getNumbers 识数字结束
20:28:24|util.py|getNumbers 识数字开始
20:28:27|util.py|getNumbers 识数字结束
20:28:27|util.py|getNumbers 识数字开始
20:28:29|util.py|getNumbers 识数字结束
20:28:29|util.py|getNumbers 识数字开始
20:28:31|util.py|getNumbers 识数字结束
20:28:31|util.py|getNumbers 识数字开始
20:28:34|util.py|getNumbers 识数字结束
20:28:34|util.py|click 322 173
20:28:35|util.py|findPicLoop 循环找图开始 ./public/bmp/start excise.jpg
20:28:37|util.py|findPicLoop 循环找图结束 ./public/bmp/start excise.jpg
20:28:37|util.py|click 433 384
20:28:39|const.py|anchorProcess 出击步骤开始
20:28:39|const.py|今日不再提示判断 开始
20:28:41|util.py|findPicLoop 循环找图开始 ./public/bmp/anchor.bmp
20:28:44|util.py|findPicLoop 循环找图结束 ./public/bmp/anchor.bmp
20:28:44|util.py|click 770 429
20:28:45|const.py|自律 开始
20:28:46|const.py|船坞已满判断 开始
20:28:59|util.py|findPicLoop 循环找图开始 ./public/bmp/S.bmp
20:29:09|util.py|findPicLoop 循环找图结束 ./public/bmp/S.bmp
20:29:09|const.py|自律 结束
20:29:10|util.py|click 135 424
20:29:11|util.py|click 684 308
20:29:14|const.py|打捞到sr或ssr判断 开始
20:29:15|util.py|click 684 308
20:29:16|util.py|findPicLoop 循环找图开始 ./public/bmp/exp2.bmp
20:29:18|util.py|findPicLoop 循环找图结束 ./public/bmp/exp2.bmp
20:29:18|util.py|click 733 445
20:29:22|const.py|作战失败判断 开始
20:29:27|const.py|紧急委托判断 开始
20:29:28|const.py|anchorProcess 出击步骤结束
20:29:29|util.py|getNumbers 识数字开始
20:29:32|util.py|getNumbers 识数字结束
20:29:32|util.py|getNumbers 识数字开始
20:29:34|util.py|getNumbers 识数字结束
20:29:34|util.py|getNumbers 识数字开始
20:29:37|util.py|getNumbers 识数字结束
20:29:37|util.py|getNumbers 识数字开始
20:29:40|util.py|getNumbers 识数字结束
20:29:40|util.py|getNumbers 识数字开始
20:29:42|util.py|getNumbers 识数字结束
20:29:42|util.py|click 157 170
20:29:44|util.py|findPicLoop 循环找图开始 ./public/bmp/start excise.jpg
20:29:45|util.py|findPicLoop 循环找图结束 ./public/bmp/start excise.jpg
20:29:45|util.py|click 433 384
20:29:47|const.py|anchorProcess 出击步骤开始
20:29:48|const.py|今日不再提示判断 开始
20:29:50|util.py|findPicLoop 循环找图开始 ./public/bmp/anchor.bmp
20:29:52|util.py|findPicLoop 循环找图结束 ./public/bmp/anchor.bmp
20:29:53|util.py|click 770 429
20:29:54|const.py|自律 开始
20:29:54|const.py|船坞已满判断 开始
20:30:07|util.py|findPicLoop 循环找图开始 ./public/bmp/S.bmp
20:30:28|util.py|findPicLoop 循环找图结束 ./public/bmp/S.bmp
20:30:28|const.py|自律 结束
20:30:30|util.py|click 135 424
20:30:31|util.py|click 684 308
20:30:34|const.py|打捞到sr或ssr判断 开始
20:30:36|util.py|click 684 308
20:30:37|util.py|findPicLoop 循环找图开始 ./public/bmp/exp2.bmp
20:30:39|util.py|findPicLoop 循环找图结束 ./public/bmp/exp2.bmp
20:30:39|util.py|click 733 445
20:30:42|const.py|作战失败判断 开始
20:30:48|const.py|紧急委托判断 开始
20:30:50|const.py|anchorProcess 出击步骤结束
20:30:51|util.py|getNumbers 识数字开始
20:30:53|util.py|getNumbers 识数字结束
20:30:53|util.py|getNumbers 识数字开始
20:30:55|util.py|getNumbers 识数字结束
20:30:55|util.py|getNumbers 识数字开始
20:30:58|util.py|getNumbers 识数字结束
20:30:58|util.py|getNumbers 识数字开始
20:31:00|util.py|getNumbers 识数字结束
20:31:00|util.py|getNumbers 识数字开始
20:31:02|util.py|getNumbers 识数字结束
20:31:02|util.py|click 487 175
20:31:04|util.py|findPicLoop 循环找图开始 ./public/bmp/start excise.jpg
20:31:06|util.py|findPicLoop 循环找图结束 ./public/bmp/start excise.jpg
20:31:06|util.py|click 433 384
20:31:07|const.py|anchorProcess 出击步骤开始
20:31:08|const.py|今日不再提示判断 开始
20:31:10|util.py|findPicLoop 循环找图开始 ./public/bmp/anchor.bmp
20:31:12|util.py|findPicLoop 循环找图结束 ./public/bmp/anchor.bmp
20:31:13|util.py|click 770 429
20:31:14|const.py|自律 开始
20:31:15|const.py|船坞已满判断 开始
20:31:26|util.py|findPicLoop 循环找图开始 ./public/bmp/S.bmp
20:31:35|util.py|findPicLoop 循环找图结束 ./public/bmp/S.bmp
20:31:35|const.py|自律 结束
20:31:36|util.py|click 135 424
20:31:38|util.py|click 684 308
20:31:41|const.py|打捞到sr或ssr判断 开始
20:31:42|util.py|click 684 308
20:31:44|util.py|findPicLoop 循环找图开始 ./public/bmp/exp2.bmp
20:31:45|util.py|findPicLoop 循环找图结束 ./public/bmp/exp2.bmp
20:31:45|util.py|click 733 445
20:31:49|const.py|作战失败判断 开始
20:31:54|const.py|紧急委托判断 开始
20:31:56|const.py|anchorProcess 出击步骤结束
20:31:57|util.py|getNumbers 识数字开始
20:32:00|util.py|getNumbers 识数字结束
20:32:00|util.py|getNumbers 识数字开始
20:32:02|util.py|getNumbers 识数字结束
20:32:02|util.py|getNumbers 识数字开始
20:32:06|util.py|getNumbers 识数字结束
20:32:06|util.py|getNumbers 识数字开始
20:32:08|util.py|getNumbers 识数字结束
20:32:08|util.py|getNumbers 识数字开始
20:32:11|util.py|getNumbers 识数字结束
20:32:11|util.py|findPicLoop 循环找图开始 ./public/bmp/new opponent.jpg
20:32:12|util.py|findPicLoop 循环找图结束 ./public/bmp/new opponent.jpg
20:32:12|util.py|click 765 244
20:32:20|util.py|getNumbers 识数字开始
20:32:22|util.py|getNumbers 识数字结束
20:32:22|util.py|getNumbers 识数字开始
20:32:25|util.py|getNumbers 识数字结束
20:32:25|util.py|getNumbers 识数字开始
20:32:27|util.py|getNumbers 识数字结束
20:32:27|util.py|getNumbers 识数字开始
20:32:30|util.py|getNumbers 识数字结束
20:32:30|util.py|click 654 173
20:32:31|util.py|findPicLoop 循环找图开始 ./public/bmp/start excise.jpg
20:32:33|util.py|findPicLoop 循环找图结束 ./public/bmp/start excise.jpg
20:32:33|util.py|click 433 384
20:32:35|const.py|anchorProcess 出击步骤开始
20:32:35|const.py|今日不再提示判断 开始
20:32:38|util.py|findPicLoop 循环找图开始 ./public/bmp/anchor.bmp
20:32:40|util.py|findPicLoop 循环找图结束 ./public/bmp/anchor.bmp
20:32:41|util.py|click 770 429
20:32:42|const.py|自律 开始
20:32:42|const.py|船坞已满判断 开始
20:32:55|util.py|findPicLoop 循环找图开始 ./public/bmp/S.bmp
20:33:18|util.py|findPicLoop 循环找图结束 ./public/bmp/S.bmp
20:33:18|const.py|自律 结束
20:33:20|util.py|click 135 424
20:33:21|util.py|click 684 308
20:33:24|const.py|打捞到sr或ssr判断 开始
20:33:26|util.py|click 684 308
20:33:27|util.py|findPicLoop 循环找图开始 ./public/bmp/exp2.bmp
20:33:28|util.py|findPicLoop 循环找图结束 ./public/bmp/exp2.bmp
20:33:28|util.py|click 733 445
20:33:32|const.py|作战失败判断 开始
20:33:37|const.py|紧急委托判断 开始
20:33:39|const.py|anchorProcess 出击步骤结束
20:33:40|util.py|getNumbers 识数字开始
20:33:43|util.py|getNumbers 识数字结束
20:33:43|util.py|getNumbers 识数字开始
20:33:46|util.py|getNumbers 识数字结束
20:33:46|util.py|getNumbers 识数字开始
20:33:48|util.py|getNumbers 识数字结束
20:33:48|util.py|getNumbers 识数字开始
20:33:50|util.py|getNumbers 识数字结束
20:33:50|util.py|getNumbers 识数字开始
20:33:53|util.py|getNumbers 识数字结束
20:33:53|util.py|click 322 173
20:33:54|util.py|findPicLoop 循环找图开始 ./public/bmp/start excise.jpg
20:33:56|util.py|findPicLoop 循环找图结束 ./public/bmp/start excise.jpg
20:33:56|util.py|click 433 384
20:33:58|const.py|anchorProcess 出击步骤开始
20:33:58|const.py|今日不再提示判断 开始
20:34:01|util.py|findPicLoop 循环找图开始 ./public/bmp/anchor.bmp
20:34:03|util.py|findPicLoop 循环找图结束 ./public/bmp/anchor.bmp
20:34:03|util.py|click 770 429
20:34:04|const.py|自律 开始
20:34:05|const.py|船坞已满判断 开始
20:34:18|util.py|findPicLoop 循环找图开始 ./public/bmp/S.bmp
20:34:32|util.py|findPicLoop 循环找图结束 ./public/bmp/S.bmp
20:34:32|const.py|自律 结束
20:34:33|util.py|click 135 424
20:34:35|util.py|click 684 308
20:34:38|const.py|打捞到sr或ssr判断 开始
20:34:40|util.py|click 684 308
20:34:41|util.py|findPicLoop 循环找图开始 ./public/bmp/exp2.bmp
20:34:43|util.py|findPicLoop 循环找图结束 ./public/bmp/exp2.bmp
20:34:43|util.py|click 733 445
20:34:47|const.py|作战失败判断 开始
20:34:52|const.py|紧急委托判断 开始
20:34:54|const.py|anchorProcess 出击步骤结束
20:34:55|util.py|getNumbers 识数字开始
20:34:57|util.py|getNumbers 识数字结束
20:34:57|util.py|getNumbers 识数字开始
20:35:00|util.py|getNumbers 识数字结束
20:35:00|util.py|getNumbers 识数字开始
20:35:03|util.py|getNumbers 识数字结束
20:35:03|util.py|getNumbers 识数字开始
20:35:05|util.py|getNumbers 识数字结束
20:35:05|util.py|getNumbers 识数字开始
20:35:08|util.py|getNumbers 识数字结束
20:35:08|util.py|click 654 173
20:35:09|util.py|findPicLoop 循环找图开始 ./public/bmp/start excise.jpg
20:35:11|util.py|findPicLoop 循环找图结束 ./public/bmp/start excise.jpg
20:35:11|util.py|click 433 384
20:35:13|const.py|anchorProcess 出击步骤开始
20:35:14|const.py|今日不再提示判断 开始
20:35:15|util.py|findPicLoop 循环找图开始 ./public/bmp/anchor.bmp
20:35:18|util.py|findPicLoop 循环找图结束 ./public/bmp/anchor.bmp
20:35:18|util.py|click 770 429
20:35:19|const.py|自律 开始
20:35:20|const.py|船坞已满判断 开始
20:35:33|util.py|findPicLoop 循环找图开始 ./public/bmp/S.bmp
20:36:00|util.py|findPicLoop 循环找图结束 ./public/bmp/S.bmp
20:36:00|const.py|自律 结束
20:36:01|util.py|click 135 424
20:36:03|util.py|click 684 308
20:36:05|const.py|打捞到sr或ssr判断 开始
20:36:07|util.py|click 684 308
20:36:08|util.py|findPicLoop 循环找图开始 ./public/bmp/exp2.bmp
20:36:10|util.py|findPicLoop 循环找图结束 ./public/bmp/exp2.bmp
20:36:10|util.py|click 733 445
20:36:14|const.py|作战失败判断 开始
20:36:19|const.py|紧急委托判断 开始
20:36:21|const.py|anchorProcess 出击步骤结束
20:36:22|util.py|getNumbers 识数字开始
20:36:25|util.py|getNumbers 识数字结束
20:36:25|util.py|getNumbers 识数字开始
20:36:28|util.py|getNumbers 识数字结束
20:36:28|util.py|getNumbers 识数字开始
20:36:30|util.py|getNumbers 识数字结束
20:36:30|util.py|getNumbers 识数字开始
20:36:33|util.py|getNumbers 识数字结束
20:36:33|util.py|getNumbers 识数字开始
20:36:36|util.py|getNumbers 识数字结束
20:36:36|util.py|findPicLoop 循环找图开始 ./public/bmp/new opponent.jpg
20:36:38|util.py|findPicLoop 循环找图结束 ./public/bmp/new opponent.jpg
20:36:38|util.py|click 765 244
20:36:45|util.py|getNumbers 识数字开始
20:36:47|util.py|getNumbers 识数字结束
20:36:47|util.py|getNumbers 识数字开始
20:36:50|util.py|getNumbers 识数字结束
20:36:50|util.py|getNumbers 识数字开始
20:36:52|util.py|getNumbers 识数字结束
20:36:52|util.py|getNumbers 识数字开始
20:36:55|util.py|getNumbers 识数字结束
20:36:55|util.py|click 654 173
20:36:56|util.py|findPicLoop 循环找图开始 ./public/bmp/start excise.jpg
20:36:58|util.py|findPicLoop 循环找图结束 ./public/bmp/start excise.jpg
20:36:58|util.py|click 433 384
20:37:00|const.py|anchorProcess 出击步骤开始
20:37:01|const.py|今日不再提示判断 开始
20:37:03|util.py|findPicLoop 循环找图开始 ./public/bmp/anchor.bmp
20:37:05|util.py|findPicLoop 循环找图结束 ./public/bmp/anchor.bmp
20:37:06|util.py|click 770 429
20:37:07|const.py|自律 开始
20:37:08|const.py|船坞已满判断 开始
20:37:20|util.py|findPicLoop 循环找图开始 ./public/bmp/S.bmp
20:37:48|util.py|findPicLoop 循环找图结束 ./public/bmp/S.bmp
20:37:48|const.py|自律 结束
20:37:49|util.py|click 135 424
20:37:51|util.py|click 684 308
20:37:54|const.py|打捞到sr或ssr判断 开始
20:37:56|util.py|click 684 308
20:37:57|util.py|findPicLoop 循环找图开始 ./public/bmp/exp2.bmp
20:37:58|util.py|findPicLoop 循环找图结束 ./public/bmp/exp2.bmp
20:37:58|util.py|click 733 445
20:38:02|const.py|作战失败判断 开始
20:38:08|const.py|紧急委托判断 开始
20:38:10|const.py|anchorProcess 出击步骤结束
20:38:11|util.py|getNumbers 识数字开始
20:38:13|util.py|getNumbers 识数字结束
20:38:13|const.py|backMainProcess 返回主页面开始
20:38:17|util.py|click 830 23
20:38:22|3困难11-1.py|困难11-1脚本开始
20:38:22|const.py|chapterProcess 进入出击章节步骤开始
20:38:22|const.py|backMainProcess 返回主页面开始
20:38:27|const.py|backMainProcess 返回主页面结束
20:38:27|util.py|findPicLoop 循环找图开始 ./public/bmp/weigh anchor.jpg
20:38:29|util.py|findPicLoop 循环找图结束 ./public/bmp/weigh anchor.jpg
20:38:29|util.py|click 729 244
20:38:30|const.py|判断是否为图里面 开始
20:38:35|util.py|findPicLoop 循环找图开始 ./public/bmp/main battleline.jpg
20:38:37|util.py|findPicLoop 循环找图结束 ./public/bmp/main battleline.jpg
20:38:37|util.py|click 231 225
20:38:38|util.py|findPicLoop 循环找图开始 ./public/bmp/exercise.jpg
20:38:40|util.py|findPicLoop 循环找图结束 ./public/bmp/exercise.jpg
20:38:42|util.py|getNumbers 识数字开始
20:38:45|util.py|getNumbers 识数字结束
20:38:45|const.py|chapterProcess 进入出击章节步骤结束
20:38:45|const.py|intoStageProcess 进入stage步骤开始
20:38:49|util.py|click 269 182
20:38:50|util.py|findPicLoop 循环找图开始 ./public/bmp/start chapter.jpg
20:38:54|util.py|findPicLoop 循环找图结束 ./public/bmp/start chapter.jpg
20:38:54|util.py|click 642 350
20:38:55|const.py|船坞已满判断 开始
20:38:58|util.py|findPicLoop 循环找图开始 ./public/bmp/start chapter.jpg
20:39:00|util.py|findPicLoop 循环找图结束 ./public/bmp/start chapter.jpg
20:39:00|util.py|click 716 411
20:39:01|const.py|intoStageProcess 进入stage步骤结束
20:39:01|const.py|goBossProcess 走boss格子 开始
20:39:01|util.py|findPicLoop 循环找图开始 ./public/bmp/boss.jpg
20:39:08|util.py|findPicLoop 循环找图结束 ./public/bmp/boss.jpg
20:39:08|util.py|click 432 235
20:39:09|const.py|anchorProcess 出击步骤开始
20:39:10|const.py|今日不再提示判断 开始
20:39:12|util.py|findPicLoop 循环找图开始 ./public/bmp/anchor.bmp
20:39:18|util.py|findPicLoop 循环找图结束 ./public/bmp/anchor.bmp
20:39:18|util.py|click 770 429
20:39:19|const.py|自律 开始
20:39:20|const.py|船坞已满判断 开始
20:39:32|util.py|findPicLoop 循环找图开始 ./public/bmp/S.bmp
20:41:44|util.py|findPicLoop 循环找图结束 ./public/bmp/S.bmp
20:41:44|const.py|自律 结束
20:41:46|util.py|click 135 424
20:41:47|util.py|click 684 308
20:41:50|const.py|打捞到sr或ssr判断 开始
20:41:51|util.py|click 684 308
20:41:52|util.py|findPicLoop 循环找图开始 ./public/bmp/exp2.bmp
20:41:54|util.py|findPicLoop 循环找图结束 ./public/bmp/exp2.bmp
20:41:54|util.py|click 733 445
20:41:58|const.py|作战失败判断 开始
20:42:03|const.py|紧急委托判断 开始
20:42:05|const.py|anchorProcess 出击步骤结束
20:42:05|const.py|goBossProcess boss解决
20:42:05|const.py|intoStageProcess 进入stage步骤开始
20:42:09|util.py|click 269 182
20:42:10|util.py|findPicLoop 循环找图开始 ./public/bmp/start chapter.jpg
20:42:13|util.py|findPicLoop 循环找图结束 ./public/bmp/start chapter.jpg
20:42:13|util.py|click 642 350
20:42:15|const.py|船坞已满判断 开始
20:42:17|util.py|findPicLoop 循环找图开始 ./public/bmp/start chapter.jpg
20:42:19|util.py|findPicLoop 循环找图结束 ./public/bmp/start chapter.jpg
20:42:19|util.py|click 716 411
20:42:20|const.py|intoStageProcess 进入stage步骤结束
20:42:20|const.py|goBossProcess 走boss格子 开始
20:42:20|util.py|findPicLoop 循环找图开始 ./public/bmp/boss.jpg
20:42:27|util.py|findPicLoop 循环找图结束 ./public/bmp/boss.jpg
20:42:27|util.py|click 432 235
20:42:28|const.py|anchorProcess 出击步骤开始
20:42:28|const.py|今日不再提示判断 开始
20:42:30|util.py|findPicLoop 循环找图开始 ./public/bmp/anchor.bmp
20:42:37|util.py|findPicLoop 循环找图结束 ./public/bmp/anchor.bmp
20:42:38|util.py|click 770 429
20:42:39|const.py|自律 开始
20:42:40|const.py|船坞已满判断 开始
20:42:52|util.py|findPicLoop 循环找图开始 ./public/bmp/S.bmp
20:44:42|util.py|findPicLoop 循环找图结束 ./public/bmp/S.bmp
20:44:42|const.py|自律 结束
20:44:43|util.py|click 135 424
20:44:45|util.py|click 684 308
20:44:48|const.py|打捞到sr或ssr判断 开始
20:44:49|util.py|click 684 308
20:44:50|util.py|findPicLoop 循环找图开始 ./public/bmp/exp2.bmp
20:44:52|util.py|findPicLoop 循环找图结束 ./public/bmp/exp2.bmp
20:44:52|util.py|click 733 445
20:44:55|const.py|作战失败判断 开始
20:45:00|const.py|紧急委托判断 开始
20:45:02|const.py|anchorProcess 出击步骤结束
20:45:02|const.py|goBossProcess boss解决
20:45:02|const.py|intoStageProcess 进入stage步骤开始
20:45:06|util.py|click 269 182
20:45:07|util.py|findPicLoop 循环找图开始 ./public/bmp/start chapter.jpg
20:45:11|util.py|findPicLoop 循环找图结束 ./public/bmp/start chapter.jpg
20:45:11|util.py|click 642 350
20:45:13|const.py|船坞已满判断 开始
20:45:15|util.py|findPicLoop 循环找图开始 ./public/bmp/start chapter.jpg
20:45:17|util.py|findPicLoop 循环找图结束 ./public/bmp/start chapter.jpg
20:45:17|util.py|click 716 411
20:45:18|const.py|intoStageProcess 进入stage步骤结束
20:45:18|const.py|goBossProcess 走boss格子 开始
20:45:18|util.py|findPicLoop 循环找图开始 ./public/bmp/boss.jpg
20:45:25|util.py|findPicLoop 循环找图结束 ./public/bmp/boss.jpg
20:45:25|util.py|click 432 235
20:45:26|const.py|anchorProcess 出击步骤开始
20:45:27|const.py|今日不再提示判断 开始
20:45:29|util.py|findPicLoop 循环找图开始 ./public/bmp/anchor.bmp
20:45:33|util.py|findPicLoop 循环找图结束 ./public/bmp/anchor.bmp
20:45:33|util.py|click 770 429
20:45:34|const.py|自律 开始
20:45:35|const.py|船坞已满判断 开始
20:45:47|util.py|findPicLoop 循环找图开始 ./public/bmp/S.bmp
20:48:41|util.py|findPicLoop 循环找图结束 ./public/bmp/S.bmp
20:48:41|const.py|自律 结束
20:48:43|util.py|click 135 424
20:48:44|util.py|click 684 308
20:48:47|const.py|打捞到sr或ssr判断 开始
20:48:49|util.py|click 684 308
20:48:50|util.py|findPicLoop 循环找图开始 ./public/bmp/exp2.bmp
20:48:51|util.py|findPicLoop 循环找图结束 ./public/bmp/exp2.bmp
20:48:51|util.py|click 733 445
20:48:56|const.py|作战失败判断 开始
20:49:00|const.py|紧急委托判断 开始
20:49:03|const.py|anchorProcess 出击步骤结束
20:49:03|const.py|goBossProcess boss解决
20:49:03|const.py|backMainProcess 返回主页面开始
20:49:07|util.py|click 830 23
20:49:16|12 3次飞龙.py|3次飞龙 开始
20:49:16|const.py|backMainProcess 返回主页面开始
20:49:21|const.py|backMainProcess 返回主页面结束
20:49:21|util.py|findPicLoop 循环找图开始 ./public/bmp/weigh anchor.jpg
20:49:24|util.py|findPicLoop 循环找图结束 ./public/bmp/weigh anchor.jpg
20:49:24|util.py|click 729 244
20:49:25|util.py|findPicLoop 循环找图开始 ./public/beacon/operation.jpg
20:49:30|util.py|findPicLoop 循环找图结束 ./public/beacon/operation.jpg
20:49:30|util.py|click 510 302
20:49:31|util.py|findPicLoop 循环找图开始 ./public/beacon/ash.jpg
20:49:41|util.py|findPicLoop 循环找图结束 ./public/beacon/ash.jpg
20:49:43|util.py|click 679 445
20:49:43|util.py|findPicLoop 循环找图开始 ./public/beacon/beacon list.jpg
20:49:48|util.py|findPicLoop 循环找图结束 ./public/beacon/beacon list.jpg
20:49:48|util.py|click 82 457
20:49:49|12 3次飞龙.py|------------一把开始-----------
20:49:49|util.py|findPicLoop 循环找图开始 ./public/beacon/batile start.jpg
20:49:54|util.py|findPicLoop 循环找图结束 ./public/beacon/batile start.jpg
20:49:54|util.py|click 783 449
20:49:55|util.py|findPicLoop 循环找图开始 ./public/beacon/weigh anchor.jpg
20:50:00|util.py|findPicLoop 循环找图结束 ./public/beacon/weigh anchor.jpg
20:50:00|util.py|click 771 431
20:50:01|util.py|findPicLoop 循环找图开始 ./public/bmp/get_items.bmp
20:52:02|util.py|findPicLoop 循环找图结束 ./public/bmp/get_items.bmp
20:52:02|util.py|click 435 157
20:52:03|util.py|findPicLoop 循环找图开始 ./public/beacon/ok.jpg
20:52:07|util.py|findPicLoop 循环找图结束 ./public/beacon/ok.jpg
20:52:07|util.py|click 733 446
20:52:08|12 3次飞龙.py|------------一把结束-----------
20:52:08|12 3次飞龙.py|------------一把开始-----------
20:52:08|util.py|findPicLoop 循环找图开始 ./public/beacon/batile start.jpg
20:52:13|util.py|findPicLoop 循环找图结束 ./public/beacon/batile start.jpg
20:52:13|util.py|click 783 449
20:52:14|util.py|findPicLoop 循环找图开始 ./public/beacon/weigh anchor.jpg
20:52:18|util.py|findPicLoop 循环找图结束 ./public/beacon/weigh anchor.jpg
20:52:18|util.py|click 771 431
20:52:19|util.py|findPicLoop 循环找图开始 ./public/bmp/get_items.bmp
20:54:22|util.py|findPicLoop 循环找图结束 ./public/bmp/get_items.bmp
20:54:22|util.py|click 435 157
20:54:23|util.py|findPicLoop 循环找图开始 ./public/beacon/ok.jpg
20:54:26|util.py|findPicLoop 循环找图结束 ./public/beacon/ok.jpg
20:54:26|util.py|click 733 446
20:54:27|12 3次飞龙.py|------------一把结束-----------
20:54:27|12 3次飞龙.py|------------一把开始-----------
20:54:27|util.py|findPicLoop 循环找图开始 ./public/beacon/batile start.jpg
20:54:31|util.py|findPicLoop 循环找图结束 ./public/beacon/batile start.jpg
20:54:31|util.py|click 783 449
20:54:32|util.py|findPicLoop 循环找图开始 ./public/beacon/weigh anchor.jpg
20:54:36|util.py|findPicLoop 循环找图结束 ./public/beacon/weigh anchor.jpg
20:54:36|util.py|click 771 431
20:54:38|util.py|findPicLoop 循环找图开始 ./public/bmp/get_items.bmp
20:56:40|util.py|findPicLoop 循环找图结束 ./public/bmp/get_items.bmp
20:56:40|util.py|click 435 157
20:56:41|util.py|findPicLoop 循环找图开始 ./public/beacon/ok.jpg
20:56:44|util.py|findPicLoop 循环找图结束 ./public/beacon/ok.jpg
20:56:44|util.py|click 733 446
20:56:45|12 3次飞龙.py|------------一把结束-----------
20:56:45|const.py|backMainProcess 返回主页面开始
20:56:49|const.py|backMainProcess 返回主页面结束 失败
21:01:31|const.py|anchorProcess 出击步骤开始
21:01:32|const.py|今日不再提示判断 开始
21:01:35|util.py|findPicLoop 循环找图开始 ./public/bmp/anchor.bmp
21:01:37|util.py|findPicLoop 循环找图结束 ./public/bmp/anchor.bmp
21:01:38|util.py|click 770 429
21:01:39|const.py|自律 开始
21:01:39|const.py|船坞已满判断 开始
21:01:51|util.py|findPicLoop 循环找图开始 ./public/bmp/S.bmp
21:02:13|util.py|======adb subprocess error======
21:02:13|util.py|CompletedProcess(args='.\\bin\\adb_server.exe shell screencap /storage/emulated/0/data/screen/image.png', returncode=3221225786, stdout='', stderr='')
21:08:35|const.py|anchorProcess 出击步骤开始
21:08:36|const.py|今日不再提示判断 开始
21:08:37|util.py|findPicLoop 循环找图开始 ./public/bmp/anchor.bmp
21:08:38|util.py|findPicLoop 循环找图结束 ./public/bmp/anchor.bmp
21:08:39|util.py|click 770 429
21:08:39|const.py|自律 开始
21:08:40|const.py|船坞已满判断 开始
21:08:51|util.py|findPicLoop 循环找图开始 ./public/bmp/S.bmp
21:09:31|util.py|findPicLoop 循环找图结束 ./public/bmp/S.bmp
21:09:31|const.py|自律 结束
21:09:32|util.py|click 135 424
21:09:33|util.py|click 684 308
21:09:35|const.py|打捞到sr或ssr判断 开始
21:09:35|util.py|click 684 308
21:09:36|util.py|findPicLoop 循环找图开始 ./public/bmp/exp2.bmp
21:09:37|util.py|findPicLoop 循环找图结束 ./public/bmp/exp2.bmp
21:09:37|util.py|click 733 445
21:09:40|const.py|作战失败判断 开始
21:09:44|const.py|紧急委托判断 开始
21:09:45|const.py|anchorProcess 出击步骤结束
21:09:50|const.py|anchorProcess 出击步骤开始
21:09:50|const.py|今日不再提示判断 开始
21:09:51|util.py|findPicLoop 循环找图开始 ./public/bmp/anchor.bmp
21:09:52|util.py|findPicLoop 循环找图结束 ./public/bmp/anchor.bmp
21:09:53|util.py|click 770 429
21:09:53|const.py|自律 开始
21:09:54|const.py|船坞已满判断 开始
21:10:05|util.py|findPicLoop 循环找图开始 ./public/bmp/S.bmp
21:10:41|util.py|findPicLoop 循环找图结束 ./public/bmp/S.bmp
21:10:41|const.py|自律 结束
21:10:43|util.py|click 135 424
21:10:44|util.py|click 684 308
21:10:46|const.py|打捞到sr或ssr判断 开始
21:10:46|util.py|click 684 308
21:10:47|util.py|findPicLoop 循环找图开始 ./public/bmp/exp2.bmp
21:10:48|util.py|findPicLoop 循环找图结束 ./public/bmp/exp2.bmp
21:10:48|util.py|click 733 445
21:10:51|const.py|作战失败判断 开始
21:10:55|const.py|紧急委托判断 开始
21:10:55|const.py|anchorProcess 出击步骤结束
21:11:00|const.py|anchorProcess 出击步骤开始
21:11:01|const.py|今日不再提示判断 开始
21:11:02|util.py|findPicLoop 循环找图开始 ./public/bmp/anchor.bmp
21:11:03|util.py|findPicLoop 循环找图结束 ./public/bmp/anchor.bmp
21:11:03|util.py|click 770 429
21:11:04|const.py|自律 开始
21:11:04|const.py|船坞已满判断 开始
21:11:15|util.py|findPicLoop 循环找图开始 ./public/bmp/S.bmp
21:11:54|util.py|findPicLoop 循环找图结束 ./public/bmp/S.bmp
21:11:54|const.py|自律 结束
21:11:55|util.py|click 135 424
21:11:56|util.py|click 684 308
21:11:58|const.py|打捞到sr或ssr判断 开始
21:11:59|util.py|click 684 308
21:11:59|util.py|findPicLoop 循环找图开始 ./public/bmp/exp2.bmp
21:12:00|util.py|findPicLoop 循环找图结束 ./public/bmp/exp2.bmp
21:12:00|util.py|click 733 445
21:12:04|const.py|作战失败判断 开始
21:12:07|const.py|紧急委托判断 开始
21:12:08|const.py|anchorProcess 出击步骤结束
21:12:13|const.py|anchorProcess 出击步骤开始
21:12:14|const.py|今日不再提示判断 开始
21:12:14|util.py|findPicLoop 循环找图开始 ./public/bmp/anchor.bmp
21:12:24|util.py|findPicLoop 循环找图结束 ./public/bmp/anchor.bmp
21:12:25|util.py|click 770 429
21:12:25|const.py|自律 开始
21:12:26|const.py|船坞已满判断 开始
21:12:37|util.py|findPicLoop 循环找图开始 ./public/bmp/S.bmp
21:13:06|util.py|findPicLoop 循环找图结束 ./public/bmp/S.bmp
21:13:06|const.py|自律 结束
21:13:08|util.py|click 135 424
21:13:09|util.py|click 684 308
21:13:11|const.py|打捞到sr或ssr判断 开始
21:13:11|util.py|click 684 308
21:13:11|util.py|findPicLoop 循环找图开始 ./public/bmp/exp2.bmp
21:13:12|util.py|findPicLoop 循环找图结束 ./public/bmp/exp2.bmp
21:13:12|util.py|click 733 445
21:13:15|const.py|作战失败判断 开始
21:13:19|const.py|紧急委托判断 开始
21:13:20|const.py|anchorProcess 出击步骤结束
21:13:25|const.py|anchorProcess 出击步骤开始
21:13:26|const.py|今日不再提示判断 开始
21:13:26|util.py|findPicLoop 循环找图开始 ./public/bmp/anchor.bmp
21:13:27|util.py|findPicLoop 循环找图结束 ./public/bmp/anchor.bmp
21:13:28|util.py|click 770 429
21:13:28|const.py|自律 开始
21:13:29|const.py|船坞已满判断 开始
21:13:39|util.py|findPicLoop 循环找图开始 ./public/bmp/S.bmp
21:14:28|util.py|findPicLoop 循环找图结束 ./public/bmp/S.bmp
21:14:28|const.py|自律 结束
21:14:30|util.py|click 135 424
21:14:31|util.py|click 684 308
21:14:33|const.py|打捞到sr或ssr判断 开始
21:14:33|util.py|click 684 308
21:14:34|util.py|findPicLoop 循环找图开始 ./public/bmp/exp2.bmp
21:14:34|util.py|findPicLoop 循环找图结束 ./public/bmp/exp2.bmp
21:14:34|util.py|click 733 445
21:14:37|const.py|作战失败判断 开始
21:14:41|const.py|紧急委托判断 开始
21:14:42|const.py|anchorProcess 出击步骤结束
21:14:47|const.py|anchorProcess 出击步骤开始
21:14:48|const.py|今日不再提示判断 开始
21:14:48|util.py|findPicLoop 循环找图开始 ./public/bmp/anchor.bmp
21:14:56|util.py|findPicLoop 循环找图结束 ./public/bmp/anchor.bmp
21:14:56|util.py|click 770 429
21:14:57|const.py|自律 开始
21:14:58|const.py|船坞已满判断 开始
21:15:08|util.py|findPicLoop 循环找图开始 ./public/bmp/S.bmp
21:15:30|util.py|findPicLoop 循环找图结束 ./public/bmp/S.bmp
21:15:30|const.py|自律 结束
21:15:31|util.py|click 135 424
21:15:33|util.py|click 684 308
21:15:34|const.py|打捞到sr或ssr判断 开始
21:15:35|util.py|click 684 308
21:15:35|util.py|findPicLoop 循环找图开始 ./public/bmp/exp2.bmp
21:15:36|util.py|findPicLoop 循环找图结束 ./public/bmp/exp2.bmp
21:15:36|util.py|click 733 445
21:15:40|const.py|作战失败判断 开始
21:15:43|const.py|紧急委托判断 开始
21:15:44|const.py|anchorProcess 出击步骤结束
21:15:49|const.py|anchorProcess 出击步骤开始
21:15:50|const.py|今日不再提示判断 开始
21:15:51|util.py|findPicLoop 循环找图开始 ./public/bmp/anchor.bmp
21:15:51|util.py|findPicLoop 循环找图结束 ./public/bmp/anchor.bmp
21:15:52|util.py|click 770 429
21:15:52|const.py|自律 开始
21:15:53|const.py|船坞已满判断 开始
21:16:04|util.py|findPicLoop 循环找图开始 ./public/bmp/S.bmp
21:17:53|util.py|findPicLoop 循环找图结束 ./public/bmp/S.bmp
21:17:53|const.py|自律 结束
21:17:55|util.py|click 135 424
21:17:56|util.py|click 684 308
21:17:58|const.py|打捞到sr或ssr判断 开始
21:17:58|util.py|click 684 308
21:17:59|util.py|findPicLoop 循环找图开始 ./public/bmp/exp2.bmp
21:18:00|util.py|findPicLoop 循环找图结束 ./public/bmp/exp2.bmp
21:18:00|util.py|click 733 445
21:18:03|const.py|作战失败判断 开始
21:18:07|const.py|紧急委托判断 开始
21:18:07|const.py|anchorProcess 出击步骤结束
21:18:12|const.py|anchorProcess 出击步骤开始
21:18:13|const.py|今日不再提示判断 开始
21:18:14|util.py|findPicLoop 循环找图开始 ./public/bmp/anchor.bmp
21:18:50|util.py|findPicLoop 循环找图结束 ./public/bmp/anchor.bmp
21:18:50|util.py|click 770 429
21:18:51|const.py|自律 开始
21:18:52|const.py|船坞已满判断 开始
21:19:02|util.py|findPicLoop 循环找图开始 ./public/bmp/S.bmp
21:19:53|util.py|findPicLoop 循环找图结束 ./public/bmp/S.bmp
21:19:53|const.py|自律 结束
21:19:54|util.py|click 135 424
21:19:55|util.py|click 684 308
21:19:57|const.py|打捞到sr或ssr判断 开始
21:19:58|util.py|click 684 308
21:19:58|util.py|findPicLoop 循环找图开始 ./public/bmp/exp2.bmp
21:19:59|util.py|findPicLoop 循环找图结束 ./public/bmp/exp2.bmp
21:19:59|util.py|click 733 445
21:20:02|const.py|作战失败判断 开始
21:20:06|const.py|紧急委托判断 开始
21:20:06|const.py|紧急委托
21:20:06|util.py|click 433 347
21:20:07|const.py|anchorProcess 出击步骤结束
21:20:12|const.py|anchorProcess 出击步骤开始
21:20:13|const.py|今日不再提示判断 开始
21:20:13|util.py|findPicLoop 循环找图开始 ./public/bmp/anchor.bmp
21:21:19|util.py|======adb subprocess error======
21:21:19|util.py|CompletedProcess(args='.\\bin\\adb_server.exe shell screencap /storage/emulated/0/data/screen/image.png', returncode=3221225786, stdout='', stderr='')
22:37:34|10通常12-4 不打boss.py|通常12-4 不打boss 开始
22:37:34|const.py|chapterProcess 进入出击章节步骤开始
22:37:34|const.py|backMainProcess 返回主页面开始
22:37:36|const.py|backMainProcess 返回主页面结束
22:37:36|util.py|findPicLoop 循环找图开始 ./public/bmp/weigh anchor.jpg
22:37:37|util.py|findPicLoop 循环找图结束 ./public/bmp/weigh anchor.jpg
22:37:37|util.py|click 729 244
22:37:37|const.py|判断是否为图里面 开始
22:37:40|util.py|findPicLoop 循环找图开始 ./public/bmp/main battleline.jpg
22:37:40|util.py|findPicLoop 循环找图结束 ./public/bmp/main battleline.jpg
22:37:40|util.py|click 231 225
22:37:41|util.py|findPicLoop 循环找图开始 ./public/bmp/exercise.jpg
22:37:41|util.py|findPicLoop 循环找图结束 ./public/bmp/exercise.jpg
22:37:42|util.py|getNumbers 识数字开始
22:37:43|util.py|getNumbers 识数字结束
22:37:43|util.py|click 826 251
22:37:44|const.py|chapterProcess 进入出击章节步骤结束
22:37:44|10通常12-4 不打boss.py|-------------一局开始------------
22:37:44|const.py|intoStageProcess 进入stage步骤开始
22:37:48|util.py|click 691 368
22:37:48|util.py|findPicLoop 循环找图开始 ./public/bmp/start chapter.jpg
22:37:49|util.py|findPicLoop 循环找图结束 ./public/bmp/start chapter.jpg
22:37:49|util.py|click 642 350
22:37:50|const.py|船坞已满判断 开始
22:37:51|util.py|click 767 220
22:37:52|util.py|click 713 131
22:37:53|util.py|click 740 232
22:37:53|util.py|click 714 223
22:37:54|util.py|click 740 406
22:37:54|util.py|findPicLoop 循环找图开始 ./public/bmp/start chapter.jpg
22:37:55|util.py|findPicLoop 循环找图结束 ./public/bmp/start chapter.jpg
22:37:55|util.py|click 716 411
22:37:56|const.py|红脸判断 开始
22:37:57|util.py|getWords 识字开始
22:37:57|util.py|getWords 识字结束
22:37:57|const.py|intoStageProcess 进入stage步骤结束
22:37:57|10通常12-4 不打boss.py|------------一把开始-----------
22:37:57|util.py|findPicLoop 循环找图开始 ./public/bmp/withdraw.jpg
22:37:58|util.py|findPicLoop 循环找图结束 ./public/bmp/withdraw.jpg
22:38:02|const.py|findShip 找船 开始
22:38:03|const.py|findShip 找船 结束
22:38:03|util.py|click 410 93
22:38:03|const.py|anchorProcess 出击步骤开始
22:38:04|const.py|今日不再提示判断 开始
22:38:05|util.py|findPicLoop 循环找图开始 ./public/bmp/anchor.bmp
22:38:08|util.py|findPicLoop 循环找图结束 ./public/bmp/anchor.bmp
22:38:09|util.py|click 770 429
22:38:09|const.py|自律 开始
22:38:10|const.py|红脸判断 开始
22:38:10|util.py|getWords 识字开始
22:38:12|util.py|getWords 识字结束
22:38:12|const.py|船坞已满判断 开始
22:38:23|util.py|findPicLoop 循环找图开始 ./public/bmp/S.bmp
22:39:01|util.py|findPicLoop 循环找图结束 ./public/bmp/S.bmp
22:39:01|const.py|自律 结束
22:39:02|util.py|click 135 424
22:39:03|util.py|click 684 308
22:39:05|const.py|打捞到sr或ssr判断 开始
22:39:06|util.py|click 684 308
22:39:06|util.py|findPicLoop 循环找图开始 ./public/bmp/exp2.bmp
22:39:07|util.py|findPicLoop 循环找图结束 ./public/bmp/exp2.bmp
22:39:07|util.py|click 733 445
22:39:10|const.py|作战失败判断 开始
22:39:14|const.py|紧急委托判断 开始
22:39:15|const.py|anchorProcess 出击步骤结束
22:39:15|10通常12-4 不打boss.py|------------一把结束-----------
22:39:15|10通常12-4 不打boss.py|------------一把开始-----------
22:39:15|util.py|findPicLoop 循环找图开始 ./public/bmp/withdraw.jpg
22:39:15|util.py|findPicLoop 循环找图结束 ./public/bmp/withdraw.jpg
22:39:19|const.py|findShip 找船 开始
22:39:20|const.py|findShip 找船 结束
22:39:20|util.py|click 252 263
22:39:20|const.py|anchorProcess 出击步骤开始
22:39:21|const.py|今日不再提示判断 开始
22:39:22|util.py|findPicLoop 循环找图开始 ./public/bmp/anchor.bmp
22:39:25|util.py|findPicLoop 循环找图结束 ./public/bmp/anchor.bmp
22:39:25|util.py|click 770 429
22:39:26|const.py|自律 开始
22:39:27|const.py|红脸判断 开始
22:39:27|util.py|getWords 识字开始
22:39:28|util.py|getWords 识字结束
22:39:28|const.py|船坞已满判断 开始
22:39:38|util.py|findPicLoop 循环找图开始 ./public/bmp/S.bmp
22:40:21|util.py|findPicLoop 循环找图结束 ./public/bmp/S.bmp
22:40:21|const.py|自律 结束
22:40:22|util.py|click 135 424
22:40:23|util.py|click 684 308
22:40:25|const.py|打捞到sr或ssr判断 开始
22:40:26|util.py|click 684 308
22:40:26|util.py|findPicLoop 循环找图开始 ./public/bmp/exp2.bmp
22:40:27|util.py|findPicLoop 循环找图结束 ./public/bmp/exp2.bmp
22:40:27|util.py|click 733 445
22:40:30|const.py|作战失败判断 开始
22:40:34|const.py|紧急委托判断 开始
22:40:34|const.py|anchorProcess 出击步骤结束
22:40:34|10通常12-4 不打boss.py|------------一把结束-----------
22:40:34|util.py|findPicLoop 循环找图开始 ./public/bmp/withdraw.jpg
22:40:35|util.py|findPicLoop 循环找图结束 ./public/bmp/withdraw.jpg
22:40:35|util.py|click 563 460
22:40:35|util.py|findPicLoop 循环找图开始 ./public/bmp/OK.jpg
22:40:36|util.py|findPicLoop 循环找图结束 ./public/bmp/OK.jpg
22:40:36|util.py|click 534 347
22:40:36|10通常12-4 不打boss.py|-------------一局结束------------
22:40:36|10通常12-4 不打boss.py|-------------一局开始------------
22:40:36|const.py|intoStageProcess 进入stage步骤开始
22:40:40|util.py|click 691 368
22:40:40|util.py|findPicLoop 循环找图开始 ./public/bmp/start chapter.jpg
22:40:42|util.py|findPicLoop 循环找图结束 ./public/bmp/start chapter.jpg
22:40:42|util.py|click 642 350
22:40:43|const.py|船坞已满判断 开始
22:40:44|util.py|click 767 220
22:40:44|util.py|click 713 131
22:40:45|util.py|click 740 232
22:40:45|util.py|click 714 223
22:40:46|util.py|click 740 406
22:40:46|util.py|findPicLoop 循环找图开始 ./public/bmp/start chapter.jpg
22:40:47|util.py|findPicLoop 循环找图结束 ./public/bmp/start chapter.jpg
22:40:47|util.py|click 716 411
22:40:48|const.py|红脸判断 开始
22:40:49|util.py|getWords 识字开始
22:40:50|util.py|getWords 识字结束
22:40:50|const.py|intoStageProcess 进入stage步骤结束
22:40:50|10通常12-4 不打boss.py|------------一把开始-----------
22:40:50|util.py|findPicLoop 循环找图开始 ./public/bmp/withdraw.jpg
22:40:50|util.py|findPicLoop 循环找图结束 ./public/bmp/withdraw.jpg
22:40:54|const.py|findShip 找船 开始
22:40:55|const.py|findShip 找船 结束
22:40:55|util.py|click 435 305
22:40:55|const.py|anchorProcess 出击步骤开始
22:40:56|const.py|今日不再提示判断 开始
22:40:57|util.py|findPicLoop 循环找图开始 ./public/bmp/anchor.bmp
22:40:58|util.py|findPicLoop 循环找图结束 ./public/bmp/anchor.bmp
22:40:58|util.py|click 770 429
22:40:59|const.py|自律 开始
22:41:00|const.py|红脸判断 开始
22:41:00|util.py|getWords 识字开始
22:41:01|util.py|getWords 识字结束
22:41:01|const.py|船坞已满判断 开始
22:41:11|util.py|findPicLoop 循环找图开始 ./public/bmp/S.bmp
22:41:52|util.py|findPicLoop 循环找图结束 ./public/bmp/S.bmp
22:41:52|const.py|自律 结束
22:41:53|util.py|click 135 424
22:41:54|util.py|click 684 308
22:41:56|const.py|打捞到sr或ssr判断 开始
22:41:56|util.py|click 684 308
22:41:57|util.py|findPicLoop 循环找图开始 ./public/bmp/exp2.bmp
22:41:57|util.py|findPicLoop 循环找图结束 ./public/bmp/exp2.bmp
22:41:57|util.py|click 733 445
22:42:01|const.py|作战失败判断 开始
22:42:04|const.py|紧急委托判断 开始
22:42:05|const.py|anchorProcess 出击步骤结束
22:42:05|10通常12-4 不打boss.py|------------一把结束-----------
22:42:05|10通常12-4 不打boss.py|------------一把开始-----------
22:42:05|util.py|findPicLoop 循环找图开始 ./public/bmp/withdraw.jpg
22:42:06|util.py|findPicLoop 循环找图结束 ./public/bmp/withdraw.jpg
22:42:10|const.py|findShip 找船 开始
22:42:11|const.py|findShip 找船 结束
22:42:11|util.py|click 488 146
22:42:11|const.py|anchorProcess 出击步骤开始
22:42:12|const.py|今日不再提示判断 开始
22:42:12|util.py|findPicLoop 循环找图开始 ./public/bmp/anchor.bmp
22:42:14|util.py|findPicLoop 循环找图结束 ./public/bmp/anchor.bmp
22:42:15|util.py|click 770 429
22:42:16|const.py|自律 开始
22:42:16|const.py|红脸判断 开始
22:42:16|util.py|getWords 识字开始
22:42:17|util.py|getWords 识字结束
22:42:17|const.py|船坞已满判断 开始
22:42:28|util.py|findPicLoop 循环找图开始 ./public/bmp/S.bmp
22:43:10|util.py|findPicLoop 循环找图结束 ./public/bmp/S.bmp
22:43:10|const.py|自律 结束
22:43:11|util.py|click 135 424
22:43:12|util.py|click 684 308
22:43:14|const.py|打捞到sr或ssr判断 开始
22:43:15|util.py|click 684 308
22:43:15|util.py|findPicLoop 循环找图开始 ./public/bmp/exp2.bmp
22:43:15|util.py|findPicLoop 循环找图结束 ./public/bmp/exp2.bmp
22:43:15|util.py|click 733 445
22:43:19|const.py|作战失败判断 开始
22:43:22|const.py|紧急委托判断 开始
22:43:23|const.py|anchorProcess 出击步骤结束
22:43:23|10通常12-4 不打boss.py|------------一把结束-----------
22:43:23|util.py|findPicLoop 循环找图开始 ./public/bmp/withdraw.jpg
22:43:24|util.py|findPicLoop 循环找图结束 ./public/bmp/withdraw.jpg
22:43:24|util.py|click 563 460
22:43:24|util.py|findPicLoop 循环找图开始 ./public/bmp/OK.jpg
22:43:25|util.py|findPicLoop 循环找图结束 ./public/bmp/OK.jpg
22:43:25|util.py|click 534 347
22:43:25|10通常12-4 不打boss.py|-------------一局结束------------
22:43:25|10通常12-4 不打boss.py|-------------一局开始------------
22:43:25|const.py|intoStageProcess 进入stage步骤开始
22:43:29|util.py|click 691 368
22:43:29|util.py|findPicLoop 循环找图开始 ./public/bmp/start chapter.jpg
22:43:31|util.py|findPicLoop 循环找图结束 ./public/bmp/start chapter.jpg
22:43:31|util.py|click 642 350
22:43:32|const.py|船坞已满判断 开始
22:43:33|util.py|click 767 220
22:43:33|util.py|click 713 131
22:43:34|util.py|click 740 232
22:43:34|util.py|click 714 223
22:43:35|util.py|click 740 406
22:43:35|util.py|findPicLoop 循环找图开始 ./public/bmp/start chapter.jpg
22:43:36|util.py|findPicLoop 循环找图结束 ./public/bmp/start chapter.jpg
22:43:36|util.py|click 716 411
22:43:37|const.py|红脸判断 开始
22:43:38|util.py|getWords 识字开始
22:43:39|util.py|getWords 识字结束
22:43:39|const.py|intoStageProcess 进入stage步骤结束
22:43:39|10通常12-4 不打boss.py|------------一把开始-----------
22:43:39|util.py|findPicLoop 循环找图开始 ./public/bmp/withdraw.jpg
22:43:39|util.py|findPicLoop 循环找图结束 ./public/bmp/withdraw.jpg
22:43:43|const.py|findShip 找船 开始
22:43:44|const.py|findShip 找船 结束
22:43:44|util.py|click 773 88
22:43:44|const.py|anchorProcess 出击步骤开始
22:43:45|const.py|今日不再提示判断 开始
22:43:46|util.py|findPicLoop 循环找图开始 ./public/bmp/anchor.bmp
22:43:51|util.py|findPicLoop 循环找图结束 ./public/bmp/anchor.bmp
22:43:51|util.py|click 795 429
22:43:52|const.py|自律 开始
22:43:52|const.py|红脸判断 开始
22:43:52|util.py|getWords 识字开始
22:43:54|util.py|getWords 识字结束
22:43:54|const.py|船坞已满判断 开始
22:44:04|util.py|findPicLoop 循环找图开始 ./public/bmp/S.bmp
22:44:46|util.py|findPicLoop 循环找图结束 ./public/bmp/S.bmp
22:44:46|const.py|自律 结束
22:44:47|util.py|click 135 424
22:44:48|util.py|click 684 308
22:44:50|const.py|打捞到sr或ssr判断 开始
22:44:50|util.py|click 684 308
22:44:51|util.py|findPicLoop 循环找图开始 ./public/bmp/exp2.bmp
22:44:51|util.py|findPicLoop 循环找图结束 ./public/bmp/exp2.bmp
22:44:51|util.py|click 733 445
22:44:55|const.py|作战失败判断 开始
22:44:59|const.py|紧急委托判断 开始
22:44:59|const.py|anchorProcess 出击步骤结束
22:44:59|10通常12-4 不打boss.py|------------一把结束-----------
22:44:59|10通常12-4 不打boss.py|------------一把开始-----------
22:44:59|util.py|findPicLoop 循环找图开始 ./public/bmp/withdraw.jpg
22:45:00|util.py|findPicLoop 循环找图结束 ./public/bmp/withdraw.jpg
22:45:04|const.py|findShip 找船 开始
22:45:05|const.py|findShip 找船 结束
22:45:05|util.py|click 583 96
22:45:05|const.py|anchorProcess 出击步骤开始
22:45:06|const.py|今日不再提示判断 开始
22:45:06|util.py|findPicLoop 循环找图开始 ./public/bmp/anchor.bmp
22:45:08|util.py|findPicLoop 循环找图结束 ./public/bmp/anchor.bmp
22:45:09|util.py|click 770 429
22:45:09|const.py|自律 开始
22:45:10|const.py|红脸判断 开始
22:45:10|util.py|getWords 识字开始
22:45:11|util.py|getWords 识字结束
22:45:11|const.py|船坞已满判断 开始
22:45:22|util.py|findPicLoop 循环找图开始 ./public/bmp/S.bmp
22:46:04|util.py|findPicLoop 循环找图结束 ./public/bmp/S.bmp
22:46:04|const.py|自律 结束
22:46:05|util.py|click 135 424
22:46:06|util.py|click 684 308
22:46:08|const.py|打捞到sr或ssr判断 开始
22:46:09|const.py|打捞到sr或者ssr
22:46:09|util.py|click 684 308
22:46:11|util.py|click 684 308
22:46:12|util.py|findPicLoop 循环找图开始 ./public/bmp/exp2.bmp
22:46:12|util.py|findPicLoop 循环找图结束 ./public/bmp/exp2.bmp
22:46:12|util.py|click 733 445
22:46:16|const.py|作战失败判断 开始
22:46:19|const.py|紧急委托判断 开始
22:46:20|const.py|anchorProcess 出击步骤结束
22:46:20|10通常12-4 不打boss.py|------------一把结束-----------
22:46:20|util.py|findPicLoop 循环找图开始 ./public/bmp/withdraw.jpg
22:46:21|util.py|findPicLoop 循环找图结束 ./public/bmp/withdraw.jpg
22:46:21|util.py|click 563 460
22:46:21|util.py|findPicLoop 循环找图开始 ./public/bmp/OK.jpg
22:46:22|util.py|findPicLoop 循环找图结束 ./public/bmp/OK.jpg
22:46:22|util.py|click 534 347
22:46:22|10通常12-4 不打boss.py|-------------一局结束------------
22:46:22|10通常12-4 不打boss.py|-------------一局开始------------
22:46:22|const.py|intoStageProcess 进入stage步骤开始
22:46:26|util.py|click 691 368
22:46:26|util.py|findPicLoop 循环找图开始 ./public/bmp/start chapter.jpg
22:46:27|util.py|findPicLoop 循环找图结束 ./public/bmp/start chapter.jpg
22:46:27|util.py|click 642 350
22:46:29|const.py|船坞已满判断 开始
22:46:30|util.py|click 767 220
22:46:30|util.py|click 713 131
22:46:31|util.py|click 740 232
22:46:31|util.py|click 714 223
22:46:32|util.py|click 740 406
22:46:32|util.py|findPicLoop 循环找图开始 ./public/bmp/start chapter.jpg
22:46:33|util.py|findPicLoop 循环找图结束 ./public/bmp/start chapter.jpg
22:46:33|util.py|click 716 411
22:46:34|const.py|红脸判断 开始
22:46:35|util.py|getWords 识字开始
22:46:36|util.py|getWords 识字结束
22:46:36|const.py|intoStageProcess 进入stage步骤结束
22:46:36|10通常12-4 不打boss.py|------------一把开始-----------
22:46:36|util.py|findPicLoop 循环找图开始 ./public/bmp/withdraw.jpg
22:46:36|util.py|findPicLoop 循环找图结束 ./public/bmp/withdraw.jpg
22:46:40|const.py|findShip 找船 开始
22:46:41|const.py|findShip 找船 结束
22:46:41|util.py|click 540 89
22:46:41|const.py|anchorProcess 出击步骤开始
22:46:42|const.py|今日不再提示判断 开始
22:46:43|util.py|findPicLoop 循环找图开始 ./public/bmp/anchor.bmp
22:46:46|util.py|findPicLoop 循环找图结束 ./public/bmp/anchor.bmp
22:46:47|util.py|click 770 429
22:46:47|const.py|自律 开始
22:46:48|const.py|红脸判断 开始
22:46:48|util.py|getWords 识字开始
22:46:50|util.py|getWords 识字结束
22:46:50|const.py|船坞已满判断 开始
22:47:01|util.py|findPicLoop 循环找图开始 ./public/bmp/S.bmp
22:47:24|util.py|findPicLoop 循环找图结束 ./public/bmp/S.bmp
22:47:24|const.py|自律 结束
22:47:25|util.py|click 135 424
22:47:26|util.py|click 684 308
22:47:28|const.py|打捞到sr或ssr判断 开始
22:47:28|util.py|click 684 308
22:47:29|util.py|findPicLoop 循环找图开始 ./public/bmp/exp2.bmp
22:47:29|util.py|findPicLoop 循环找图结束 ./public/bmp/exp2.bmp
22:47:29|util.py|click 733 445
22:47:33|const.py|作战失败判断 开始
22:47:36|const.py|紧急委托判断 开始
22:47:37|const.py|anchorProcess 出击步骤结束
22:47:37|10通常12-4 不打boss.py|------------一把结束-----------
22:47:37|10通常12-4 不打boss.py|------------一把开始-----------
22:47:37|util.py|findPicLoop 循环找图开始 ./public/bmp/withdraw.jpg
22:47:38|util.py|findPicLoop 循环找图结束 ./public/bmp/withdraw.jpg
22:47:42|const.py|findShip 找船 开始
22:47:43|const.py|findShip 找船 结束
22:47:43|util.py|click 641 99
22:47:43|const.py|anchorProcess 出击步骤开始
22:47:44|const.py|今日不再提示判断 开始
22:47:44|util.py|findPicLoop 循环找图开始 ./public/bmp/anchor.bmp
22:47:45|util.py|findPicLoop 循环找图结束 ./public/bmp/anchor.bmp
22:47:46|util.py|click 770 429
22:47:46|const.py|自律 开始
22:47:47|const.py|红脸判断 开始
22:47:47|util.py|getWords 识字开始
22:47:48|util.py|getWords 识字结束
22:47:48|const.py|船坞已满判断 开始
22:47:59|util.py|findPicLoop 循环找图开始 ./public/bmp/S.bmp
22:48:23|util.py|findPicLoop 循环找图结束 ./public/bmp/S.bmp
22:48:23|const.py|自律 结束
22:48:24|util.py|click 135 424
22:48:25|util.py|click 684 308
22:48:27|const.py|打捞到sr或ssr判断 开始
22:48:28|util.py|click 684 308
22:48:28|util.py|findPicLoop 循环找图开始 ./public/bmp/exp2.bmp
22:48:29|util.py|findPicLoop 循环找图结束 ./public/bmp/exp2.bmp
22:48:29|util.py|click 733 445
22:48:32|const.py|作战失败判断 开始
22:48:36|const.py|紧急委托判断 开始
22:48:36|const.py|anchorProcess 出击步骤结束
22:48:36|10通常12-4 不打boss.py|------------一把结束-----------
22:48:36|util.py|findPicLoop 循环找图开始 ./public/bmp/withdraw.jpg
22:48:37|util.py|findPicLoop 循环找图结束 ./public/bmp/withdraw.jpg
22:48:37|util.py|click 563 460
22:48:37|util.py|findPicLoop 循环找图开始 ./public/bmp/OK.jpg
22:48:38|util.py|findPicLoop 循环找图结束 ./public/bmp/OK.jpg
22:48:38|util.py|click 534 347
22:48:38|10通常12-4 不打boss.py|-------------一局结束------------
22:48:38|10通常12-4 不打boss.py|-------------一局开始------------
22:48:38|const.py|intoStageProcess 进入stage步骤开始
