18:57:48|1每日.py|每日脚本开始
18:57:49|const.py|backMainProcess 返回主页面开始
18:57:50|const.py|backMainProcess 返回主页面结束
18:57:50|util.py|findPicLoop 循环找图开始 ./public/bmp/weigh anchor.jpg
18:57:51|util.py|findPicLoop 循环找图结束 ./public/bmp/weigh anchor.jpg
18:57:51|util.py|click 729 244
18:57:52|util.py|findPicLoop 循环找图开始 ./public/bmp/daily task.jpg
18:57:53|util.py|findPicLoop 循环找图结束 ./public/bmp/daily task.jpg
18:57:53|util.py|click 487 413
18:57:54|util.py|getNumbers 识数字开始
18:57:55|util.py|getNumbers 识数字结束
18:57:55|util.py|click 55 288
18:57:56|util.py|click 353 305
18:57:57|util.py|click 503 134
18:57:58|const.py|anchorProcess 出击步骤开始
18:57:59|const.py|今日不再提示判断 开始
18:58:00|util.py|click 603 109
18:58:00|const.py|今日不再提示
18:58:00|util.py|findPicLoop 循环找图开始 ./public/bmp/anchor.bmp
18:58:01|util.py|findPicLoop 循环找图结束 ./public/bmp/anchor.bmp
18:58:02|util.py|click 770 429
18:58:02|const.py|自律 开始
18:58:03|const.py|船坞已满判断 开始
18:58:13|util.py|findPicLoop 循环找图开始 ./public/bmp/S.bmp
18:59:16|util.py|findPicLoop 循环找图结束 ./public/bmp/S.bmp
18:59:16|const.py|自律 结束
18:59:17|util.py|click 135 424
18:59:18|util.py|click 684 308
18:59:20|const.py|打捞到sr或ssr判断 开始
18:59:21|util.py|click 684 308
18:59:21|util.py|findPicLoop 循环找图开始 ./public/bmp/exp2.bmp
18:59:21|util.py|findPicLoop 循环找图结束 ./public/bmp/exp2.bmp
18:59:21|util.py|click 733 445
18:59:25|const.py|作战失败判断 开始
18:59:28|const.py|紧急委托判断 开始
18:59:29|const.py|anchorProcess 出击步骤结束
18:59:29|util.py|click 503 134
18:59:30|const.py|anchorProcess 出击步骤开始
18:59:31|const.py|今日不再提示判断 开始
18:59:32|util.py|findPicLoop 循环找图开始 ./public/bmp/anchor.bmp
18:59:32|util.py|findPicLoop 循环找图结束 ./public/bmp/anchor.bmp
18:59:33|util.py|click 770 429
18:59:33|const.py|自律 开始
18:59:34|const.py|船坞已满判断 开始
18:59:45|util.py|findPicLoop 循环找图开始 ./public/bmp/S.bmp
19:00:47|util.py|findPicLoop 循环找图结束 ./public/bmp/S.bmp
19:00:47|const.py|自律 结束
19:00:48|util.py|click 135 424
19:00:49|util.py|click 684 308
19:00:51|const.py|打捞到sr或ssr判断 开始
19:00:51|util.py|click 684 308
19:00:52|util.py|findPicLoop 循环找图开始 ./public/bmp/exp2.bmp
19:00:52|util.py|findPicLoop 循环找图结束 ./public/bmp/exp2.bmp
19:00:52|util.py|click 733 445
19:00:56|const.py|作战失败判断 开始
19:00:59|const.py|紧急委托判断 开始
19:01:00|const.py|anchorProcess 出击步骤结束
19:01:00|util.py|click 503 134
19:01:01|const.py|anchorProcess 出击步骤开始
19:01:02|const.py|今日不再提示判断 开始
19:01:03|util.py|findPicLoop 循环找图开始 ./public/bmp/anchor.bmp
19:01:03|util.py|findPicLoop 循环找图结束 ./public/bmp/anchor.bmp
19:01:04|util.py|click 770 429
19:01:04|const.py|自律 开始
19:01:05|const.py|船坞已满判断 开始
19:01:16|util.py|findPicLoop 循环找图开始 ./public/bmp/S.bmp
19:02:18|util.py|findPicLoop 循环找图结束 ./public/bmp/S.bmp
19:02:18|const.py|自律 结束
19:02:19|util.py|click 135 424
19:02:20|util.py|click 684 308
19:02:22|const.py|打捞到sr或ssr判断 开始
19:02:22|util.py|click 684 308
19:02:23|util.py|findPicLoop 循环找图开始 ./public/bmp/exp2.bmp
19:02:23|util.py|findPicLoop 循环找图结束 ./public/bmp/exp2.bmp
19:02:23|util.py|click 733 445
19:02:27|const.py|作战失败判断 开始
19:02:30|const.py|紧急委托判断 开始
19:02:31|const.py|anchorProcess 出击步骤结束
19:02:31|util.py|findPicLoop 循环找图开始 ./public/bmp/back.jpg
19:02:31|util.py|findPicLoop 循环找图结束 ./public/bmp/back.jpg
19:02:32|util.py|click 38 33
19:02:33|util.py|findPicLoop 循环找图开始 ./public/bmp/back.jpg
19:02:34|util.py|findPicLoop 循环找图结束 ./public/bmp/back.jpg
19:02:35|util.py|click 38 33
19:02:35|util.py|findPicLoop 循环找图开始 ./public/bmp/daily task.jpg
19:02:36|util.py|findPicLoop 循环找图结束 ./public/bmp/daily task.jpg
19:02:36|util.py|click 487 413
19:02:39|util.py|getNumbers 识数字开始
19:02:40|util.py|getNumbers 识数字结束
19:02:40|util.py|click 353 305
19:02:41|util.py|click 503 134
19:02:42|const.py|anchorProcess 出击步骤开始
19:02:43|const.py|今日不再提示判断 开始
19:02:44|util.py|findPicLoop 循环找图开始 ./public/bmp/anchor.bmp
19:02:44|util.py|findPicLoop 循环找图结束 ./public/bmp/anchor.bmp
19:02:45|util.py|click 770 429
19:02:45|const.py|自律 开始
19:02:46|const.py|船坞已满判断 开始
19:02:57|util.py|findPicLoop 循环找图开始 ./public/bmp/S.bmp
19:03:22|util.py|findPicLoop 循环找图结束 ./public/bmp/S.bmp
19:03:22|const.py|自律 结束
19:03:23|util.py|click 135 424
19:03:24|util.py|click 684 308
19:03:26|const.py|打捞到sr或ssr判断 开始
19:03:26|util.py|click 684 308
19:03:27|util.py|findPicLoop 循环找图开始 ./public/bmp/exp2.bmp
19:03:27|util.py|findPicLoop 循环找图结束 ./public/bmp/exp2.bmp
19:03:27|util.py|click 733 445
19:03:31|const.py|作战失败判断 开始
19:03:34|const.py|紧急委托判断 开始
19:03:35|const.py|anchorProcess 出击步骤结束
19:03:35|util.py|click 503 134
19:03:36|const.py|anchorProcess 出击步骤开始
19:03:37|const.py|今日不再提示判断 开始
19:03:37|util.py|findPicLoop 循环找图开始 ./public/bmp/anchor.bmp
19:03:38|util.py|findPicLoop 循环找图结束 ./public/bmp/anchor.bmp
19:03:39|util.py|click 770 429
19:03:39|const.py|自律 开始
19:03:40|const.py|船坞已满判断 开始
19:03:51|util.py|findPicLoop 循环找图开始 ./public/bmp/S.bmp
19:04:14|util.py|findPicLoop 循环找图结束 ./public/bmp/S.bmp
19:04:14|const.py|自律 结束
19:04:15|util.py|click 135 424
19:04:17|util.py|click 684 308
19:04:18|const.py|打捞到sr或ssr判断 开始
19:04:19|util.py|click 684 308
19:04:19|util.py|findPicLoop 循环找图开始 ./public/bmp/exp2.bmp
19:04:20|util.py|findPicLoop 循环找图结束 ./public/bmp/exp2.bmp
19:04:20|util.py|click 733 445
19:04:23|const.py|作战失败判断 开始
19:04:27|const.py|紧急委托判断 开始
19:04:27|const.py|anchorProcess 出击步骤结束
19:04:27|util.py|click 503 134
19:04:29|const.py|anchorProcess 出击步骤开始
19:04:29|const.py|今日不再提示判断 开始
19:04:30|util.py|findPicLoop 循环找图开始 ./public/bmp/anchor.bmp
19:04:31|util.py|findPicLoop 循环找图结束 ./public/bmp/anchor.bmp
19:04:31|util.py|click 770 429
19:04:32|const.py|自律 开始
19:04:33|const.py|船坞已满判断 开始
19:04:43|util.py|findPicLoop 循环找图开始 ./public/bmp/S.bmp
19:05:08|util.py|findPicLoop 循环找图结束 ./public/bmp/S.bmp
19:05:08|const.py|自律 结束
19:05:09|util.py|click 135 424
19:05:10|util.py|click 684 308
19:05:12|const.py|打捞到sr或ssr判断 开始
19:05:13|util.py|click 684 308
19:05:13|util.py|findPicLoop 循环找图开始 ./public/bmp/exp2.bmp
19:05:14|util.py|findPicLoop 循环找图结束 ./public/bmp/exp2.bmp
19:05:14|util.py|click 733 445
19:05:17|const.py|作战失败判断 开始
19:05:21|const.py|紧急委托判断 开始
19:05:21|const.py|anchorProcess 出击步骤结束
19:05:21|util.py|findPicLoop 循环找图开始 ./public/bmp/back.jpg
19:05:22|util.py|findPicLoop 循环找图结束 ./public/bmp/back.jpg
19:05:23|util.py|click 38 33
19:05:24|const.py|backMainProcess 返回主页面开始
19:05:25|util.py|click 838 22
19:05:30|2演习.py|演习脚本开始
19:05:31|const.py|backMainProcess 返回主页面开始
19:05:32|const.py|backMainProcess 返回主页面结束
19:05:32|util.py|findPicLoop 循环找图开始 ./public/bmp/weigh anchor.jpg
19:05:33|util.py|findPicLoop 循环找图结束 ./public/bmp/weigh anchor.jpg
19:05:33|util.py|click 729 244
19:05:34|util.py|findPicLoop 循环找图开始 ./public/bmp/exercise.jpg
19:05:34|util.py|findPicLoop 循环找图结束 ./public/bmp/exercise.jpg
19:05:34|util.py|click 700 413
19:05:36|util.py|getNumbers 识数字开始
19:05:37|util.py|getNumbers 识数字结束
19:05:37|util.py|getNumbers 识数字开始
19:05:38|util.py|getNumbers 识数字结束
19:05:38|util.py|getNumbers 识数字开始
19:05:39|util.py|getNumbers 识数字结束
19:05:39|util.py|getNumbers 识数字开始
19:05:40|util.py|getNumbers 识数字结束
19:05:40|util.py|getNumbers 识数字开始
19:05:42|util.py|getNumbers 识数字结束
19:05:42|util.py|findPicLoop 循环找图开始 ./public/bmp/new opponent.jpg
19:05:42|util.py|findPicLoop 循环找图结束 ./public/bmp/new opponent.jpg
19:05:42|util.py|click 765 244
19:05:48|util.py|getNumbers 识数字开始
19:05:50|util.py|getNumbers 识数字结束
19:05:50|util.py|getNumbers 识数字开始
19:05:51|util.py|getNumbers 识数字结束
19:05:51|util.py|getNumbers 识数字开始
19:05:52|util.py|getNumbers 识数字结束
19:05:52|util.py|getNumbers 识数字开始
19:05:53|util.py|getNumbers 识数字结束
19:05:53|util.py|click 654 173
19:05:53|util.py|findPicLoop 循环找图开始 ./public/bmp/start excise.jpg
19:05:54|util.py|findPicLoop 循环找图结束 ./public/bmp/start excise.jpg
19:05:54|util.py|click 433 384
19:05:55|const.py|anchorProcess 出击步骤开始
19:05:56|const.py|今日不再提示判断 开始
19:05:56|util.py|findPicLoop 循环找图开始 ./public/bmp/anchor.bmp
19:05:57|util.py|findPicLoop 循环找图结束 ./public/bmp/anchor.bmp
19:05:58|util.py|click 770 429
19:05:58|const.py|自律 开始
19:05:59|const.py|船坞已满判断 开始
19:06:10|util.py|findPicLoop 循环找图开始 ./public/bmp/S.bmp
19:06:15|util.py|findPicLoop 循环找图结束 ./public/bmp/S.bmp
19:06:15|const.py|自律 结束
19:06:16|util.py|click 135 424
19:06:17|util.py|click 684 308
19:06:19|const.py|打捞到sr或ssr判断 开始
19:06:20|util.py|click 684 308
19:06:20|util.py|findPicLoop 循环找图开始 ./public/bmp/exp2.bmp
19:06:20|util.py|findPicLoop 循环找图结束 ./public/bmp/exp2.bmp
19:06:20|util.py|click 733 445
19:06:24|const.py|作战失败判断 开始
19:06:27|const.py|紧急委托判断 开始
19:06:28|const.py|anchorProcess 出击步骤结束
19:06:29|util.py|getNumbers 识数字开始
19:06:30|util.py|getNumbers 识数字结束
19:06:30|util.py|getNumbers 识数字开始
19:06:31|util.py|getNumbers 识数字结束
19:06:31|util.py|getNumbers 识数字开始
19:06:32|util.py|getNumbers 识数字结束
19:06:32|util.py|getNumbers 识数字开始
19:06:33|util.py|getNumbers 识数字结束
19:06:33|util.py|getNumbers 识数字开始
19:06:34|util.py|getNumbers 识数字结束
19:06:34|util.py|findPicLoop 循环找图开始 ./public/bmp/new opponent.jpg
19:06:35|util.py|findPicLoop 循环找图结束 ./public/bmp/new opponent.jpg
19:06:35|util.py|click 765 244
19:06:41|util.py|getNumbers 识数字开始
19:06:42|util.py|getNumbers 识数字结束
19:06:42|util.py|getNumbers 识数字开始
19:06:43|util.py|getNumbers 识数字结束
19:06:43|util.py|getNumbers 识数字开始
19:06:44|util.py|getNumbers 识数字结束
19:06:44|util.py|getNumbers 识数字开始
19:06:45|util.py|getNumbers 识数字结束
19:06:45|util.py|findPicLoop 循环找图开始 ./public/bmp/new opponent.jpg
19:06:46|util.py|findPicLoop 循环找图结束 ./public/bmp/new opponent.jpg
19:06:46|util.py|click 765 244
19:06:52|util.py|getNumbers 识数字开始
19:06:53|util.py|getNumbers 识数字结束
19:06:53|util.py|getNumbers 识数字开始
19:06:54|util.py|getNumbers 识数字结束
19:06:54|util.py|getNumbers 识数字开始
19:06:55|util.py|getNumbers 识数字结束
19:06:55|util.py|getNumbers 识数字开始
19:06:56|util.py|getNumbers 识数字结束
19:06:56|util.py|click 487 175
19:06:57|util.py|findPicLoop 循环找图开始 ./public/bmp/start excise.jpg
19:06:58|util.py|findPicLoop 循环找图结束 ./public/bmp/start excise.jpg
19:06:58|util.py|click 433 384
19:06:59|const.py|anchorProcess 出击步骤开始
19:07:00|const.py|今日不再提示判断 开始
19:07:00|util.py|findPicLoop 循环找图开始 ./public/bmp/anchor.bmp
19:07:01|util.py|findPicLoop 循环找图结束 ./public/bmp/anchor.bmp
19:07:02|util.py|click 770 429
19:07:02|const.py|自律 开始
19:07:03|const.py|船坞已满判断 开始
19:07:14|util.py|findPicLoop 循环找图开始 ./public/bmp/S.bmp
19:07:49|util.py|findPicLoop 循环找图结束 ./public/bmp/S.bmp
19:07:49|const.py|自律 结束
19:07:50|util.py|click 135 424
19:07:51|util.py|click 684 308
19:07:53|const.py|打捞到sr或ssr判断 开始
19:07:54|util.py|click 684 308
19:07:54|util.py|findPicLoop 循环找图开始 ./public/bmp/exp2.bmp
19:07:55|util.py|findPicLoop 循环找图结束 ./public/bmp/exp2.bmp
19:07:55|util.py|click 733 445
19:07:58|const.py|作战失败判断 开始
19:08:02|const.py|紧急委托判断 开始
19:08:02|const.py|anchorProcess 出击步骤结束
19:08:03|util.py|getNumbers 识数字开始
19:08:04|util.py|getNumbers 识数字结束
19:08:04|util.py|getNumbers 识数字开始
19:08:05|util.py|getNumbers 识数字结束
19:08:05|util.py|getNumbers 识数字开始
19:08:06|util.py|getNumbers 识数字结束
19:08:06|util.py|getNumbers 识数字开始
19:08:08|util.py|getNumbers 识数字结束
19:08:08|util.py|getNumbers 识数字开始
19:08:09|util.py|getNumbers 识数字结束
19:08:09|util.py|click 654 173
19:08:09|util.py|findPicLoop 循环找图开始 ./public/bmp/start excise.jpg
19:08:10|util.py|findPicLoop 循环找图结束 ./public/bmp/start excise.jpg
19:08:10|util.py|click 433 384
19:08:11|const.py|anchorProcess 出击步骤开始
19:08:12|const.py|今日不再提示判断 开始
19:08:12|util.py|findPicLoop 循环找图开始 ./public/bmp/anchor.bmp
19:08:13|util.py|findPicLoop 循环找图结束 ./public/bmp/anchor.bmp
19:08:14|util.py|click 770 429
19:08:14|const.py|自律 开始
19:08:15|const.py|船坞已满判断 开始
19:08:26|util.py|findPicLoop 循环找图开始 ./public/bmp/S.bmp
19:08:43|util.py|findPicLoop 循环找图结束 ./public/bmp/S.bmp
19:08:43|const.py|自律 结束
19:08:44|util.py|click 135 424
19:08:45|util.py|click 684 308
19:08:47|const.py|打捞到sr或ssr判断 开始
19:08:47|util.py|click 684 308
19:08:48|util.py|findPicLoop 循环找图开始 ./public/bmp/exp2.bmp
19:08:48|util.py|findPicLoop 循环找图结束 ./public/bmp/exp2.bmp
19:08:48|util.py|click 733 445
19:08:52|const.py|作战失败判断 开始
19:08:55|const.py|紧急委托判断 开始
19:08:56|const.py|anchorProcess 出击步骤结束
19:08:57|util.py|getNumbers 识数字开始
19:08:58|util.py|getNumbers 识数字结束
19:08:58|util.py|getNumbers 识数字开始
19:08:59|util.py|getNumbers 识数字结束
19:08:59|util.py|getNumbers 识数字开始
19:09:00|util.py|getNumbers 识数字结束
19:09:00|util.py|getNumbers 识数字开始
19:09:01|util.py|getNumbers 识数字结束
19:09:01|util.py|getNumbers 识数字开始
19:09:02|util.py|getNumbers 识数字结束
19:09:02|util.py|click 157 170
19:09:02|util.py|findPicLoop 循环找图开始 ./public/bmp/start excise.jpg
19:09:04|util.py|findPicLoop 循环找图结束 ./public/bmp/start excise.jpg
19:09:04|util.py|click 433 384
19:09:04|const.py|anchorProcess 出击步骤开始
19:09:05|const.py|今日不再提示判断 开始
19:09:06|util.py|findPicLoop 循环找图开始 ./public/bmp/anchor.bmp
19:09:07|util.py|findPicLoop 循环找图结束 ./public/bmp/anchor.bmp
19:09:07|util.py|click 770 429
19:09:08|const.py|自律 开始
19:09:08|const.py|船坞已满判断 开始
19:09:19|util.py|findPicLoop 循环找图开始 ./public/bmp/S.bmp
19:09:35|util.py|findPicLoop 循环找图结束 ./public/bmp/S.bmp
19:09:35|const.py|自律 结束
19:09:36|util.py|click 135 424
19:09:37|util.py|click 684 308
19:09:39|const.py|打捞到sr或ssr判断 开始
19:09:40|util.py|click 684 308
19:09:40|util.py|findPicLoop 循环找图开始 ./public/bmp/exp2.bmp
19:09:40|util.py|findPicLoop 循环找图结束 ./public/bmp/exp2.bmp
19:09:40|util.py|click 733 445
19:09:44|const.py|作战失败判断 开始
19:09:47|const.py|紧急委托判断 开始
19:09:48|const.py|anchorProcess 出击步骤结束
19:09:49|util.py|getNumbers 识数字开始
19:09:50|util.py|getNumbers 识数字结束
19:09:50|util.py|getNumbers 识数字开始
19:09:51|util.py|getNumbers 识数字结束
19:09:51|util.py|getNumbers 识数字开始
19:09:52|util.py|getNumbers 识数字结束
19:09:52|util.py|getNumbers 识数字开始
19:09:53|util.py|getNumbers 识数字结束
19:09:53|util.py|getNumbers 识数字开始
19:09:54|util.py|getNumbers 识数字结束
19:09:54|util.py|click 157 170
19:09:55|util.py|findPicLoop 循环找图开始 ./public/bmp/start excise.jpg
19:09:56|util.py|findPicLoop 循环找图结束 ./public/bmp/start excise.jpg
19:09:56|util.py|click 433 384
19:09:57|const.py|anchorProcess 出击步骤开始
19:09:58|const.py|今日不再提示判断 开始
19:09:58|util.py|findPicLoop 循环找图开始 ./public/bmp/anchor.bmp
19:09:59|util.py|findPicLoop 循环找图结束 ./public/bmp/anchor.bmp
19:10:00|util.py|click 770 429
19:10:00|const.py|自律 开始
19:10:01|const.py|船坞已满判断 开始
19:10:11|util.py|findPicLoop 循环找图开始 ./public/bmp/S.bmp
19:10:13|util.py|findPicLoop 循环找图结束 ./public/bmp/S.bmp
19:10:13|const.py|自律 结束
19:10:14|util.py|click 135 424
19:10:15|util.py|click 684 308
19:10:17|const.py|打捞到sr或ssr判断 开始
19:10:17|util.py|click 684 308
19:10:18|util.py|findPicLoop 循环找图开始 ./public/bmp/exp2.bmp
19:10:18|util.py|findPicLoop 循环找图结束 ./public/bmp/exp2.bmp
19:10:18|util.py|click 733 445
19:10:22|const.py|作战失败判断 开始
19:10:25|const.py|紧急委托判断 开始
19:10:26|const.py|anchorProcess 出击步骤结束
19:10:27|util.py|getNumbers 识数字开始
19:10:28|util.py|getNumbers 识数字结束
19:10:28|util.py|getNumbers 识数字开始
19:10:29|util.py|getNumbers 识数字结束
19:10:29|util.py|getNumbers 识数字开始
19:10:30|util.py|getNumbers 识数字结束
19:10:30|util.py|getNumbers 识数字开始
19:10:31|util.py|getNumbers 识数字结束
19:10:31|util.py|getNumbers 识数字开始
19:10:32|util.py|getNumbers 识数字结束
19:10:32|util.py|click 322 173
19:10:33|util.py|findPicLoop 循环找图开始 ./public/bmp/start excise.jpg
19:10:34|util.py|findPicLoop 循环找图结束 ./public/bmp/start excise.jpg
19:10:34|util.py|click 433 384
19:10:34|const.py|anchorProcess 出击步骤开始
19:10:35|const.py|今日不再提示判断 开始
19:10:36|util.py|findPicLoop 循环找图开始 ./public/bmp/anchor.bmp
19:10:36|util.py|findPicLoop 循环找图结束 ./public/bmp/anchor.bmp
19:10:37|util.py|click 770 429
19:10:38|const.py|自律 开始
19:10:38|const.py|船坞已满判断 开始
19:10:49|util.py|findPicLoop 循环找图开始 ./public/bmp/S.bmp
19:11:06|util.py|findPicLoop 循环找图结束 ./public/bmp/S.bmp
19:11:06|const.py|自律 结束
19:11:07|util.py|click 135 424
19:11:08|util.py|click 684 308
19:11:10|const.py|打捞到sr或ssr判断 开始
19:11:11|util.py|click 684 308
19:11:11|util.py|findPicLoop 循环找图开始 ./public/bmp/exp2.bmp
19:11:12|util.py|findPicLoop 循环找图结束 ./public/bmp/exp2.bmp
19:11:12|util.py|click 733 445
19:11:15|const.py|作战失败判断 开始
19:11:18|const.py|紧急委托判断 开始
19:11:19|const.py|anchorProcess 出击步骤结束
19:11:20|util.py|getNumbers 识数字开始
19:11:21|util.py|getNumbers 识数字结束
19:11:21|util.py|getNumbers 识数字开始
19:11:22|util.py|getNumbers 识数字结束
19:11:22|util.py|getNumbers 识数字开始
19:11:23|util.py|getNumbers 识数字结束
19:11:23|util.py|getNumbers 识数字开始
19:11:24|util.py|getNumbers 识数字结束
19:11:24|util.py|getNumbers 识数字开始
19:11:25|util.py|getNumbers 识数字结束
19:11:25|util.py|click 157 170
19:11:26|util.py|findPicLoop 循环找图开始 ./public/bmp/start excise.jpg
19:11:27|util.py|findPicLoop 循环找图结束 ./public/bmp/start excise.jpg
19:11:27|util.py|click 433 384
19:11:27|const.py|anchorProcess 出击步骤开始
19:11:28|const.py|今日不再提示判断 开始
19:11:29|util.py|findPicLoop 循环找图开始 ./public/bmp/anchor.bmp
19:11:29|util.py|findPicLoop 循环找图结束 ./public/bmp/anchor.bmp
19:11:30|util.py|click 770 429
19:11:31|const.py|自律 开始
19:11:31|const.py|船坞已满判断 开始
19:11:42|util.py|findPicLoop 循环找图开始 ./public/bmp/S.bmp
19:11:59|util.py|findPicLoop 循环找图结束 ./public/bmp/S.bmp
19:11:59|const.py|自律 结束
19:12:00|util.py|click 135 424
19:12:01|util.py|click 684 308
19:12:03|const.py|打捞到sr或ssr判断 开始
19:12:04|util.py|click 684 308
19:12:04|util.py|findPicLoop 循环找图开始 ./public/bmp/exp2.bmp
19:12:04|util.py|findPicLoop 循环找图结束 ./public/bmp/exp2.bmp
19:12:04|util.py|click 733 445
19:12:08|const.py|作战失败判断 开始
19:12:11|const.py|紧急委托判断 开始
19:12:12|const.py|anchorProcess 出击步骤结束
19:12:13|util.py|getNumbers 识数字开始
19:12:14|util.py|getNumbers 识数字结束
19:12:14|util.py|getNumbers 识数字开始
19:12:15|util.py|getNumbers 识数字结束
19:12:15|util.py|getNumbers 识数字开始
19:12:16|util.py|getNumbers 识数字结束
19:12:16|util.py|getNumbers 识数字开始
19:12:17|util.py|getNumbers 识数字结束
19:12:17|util.py|getNumbers 识数字开始
19:12:18|util.py|getNumbers 识数字结束
19:12:18|util.py|findPicLoop 循环找图开始 ./public/bmp/new opponent.jpg
19:12:19|util.py|findPicLoop 循环找图结束 ./public/bmp/new opponent.jpg
19:12:19|util.py|click 765 244
19:12:25|util.py|getNumbers 识数字开始
19:12:26|util.py|getNumbers 识数字结束
19:12:26|util.py|getNumbers 识数字开始
19:12:27|util.py|getNumbers 识数字结束
19:12:27|util.py|getNumbers 识数字开始
19:12:28|util.py|getNumbers 识数字结束
19:12:28|util.py|getNumbers 识数字开始
19:12:29|util.py|getNumbers 识数字结束
19:12:29|util.py|findPicLoop 循环找图开始 ./public/bmp/new opponent.jpg
19:12:30|util.py|findPicLoop 循环找图结束 ./public/bmp/new opponent.jpg
19:12:30|util.py|click 765 244
19:12:36|util.py|getNumbers 识数字开始
19:12:37|util.py|getNumbers 识数字结束
19:12:37|util.py|getNumbers 识数字开始
19:12:38|util.py|getNumbers 识数字结束
19:12:38|util.py|getNumbers 识数字开始
19:12:39|util.py|getNumbers 识数字结束
19:12:39|util.py|getNumbers 识数字开始
19:12:40|util.py|getNumbers 识数字结束
19:12:40|util.py|click 487 175
19:12:41|util.py|findPicLoop 循环找图开始 ./public/bmp/start excise.jpg
19:12:42|util.py|findPicLoop 循环找图结束 ./public/bmp/start excise.jpg
19:12:42|util.py|click 433 384
19:12:42|const.py|anchorProcess 出击步骤开始
19:12:43|const.py|今日不再提示判断 开始
19:12:44|util.py|findPicLoop 循环找图开始 ./public/bmp/anchor.bmp
19:12:44|util.py|findPicLoop 循环找图结束 ./public/bmp/anchor.bmp
19:12:45|util.py|click 770 429
19:12:46|const.py|自律 开始
19:12:46|const.py|船坞已满判断 开始
19:12:57|util.py|findPicLoop 循环找图开始 ./public/bmp/S.bmp
19:13:24|util.py|findPicLoop 循环找图结束 ./public/bmp/S.bmp
19:13:24|const.py|自律 结束
19:13:25|util.py|click 135 424
19:13:26|util.py|click 684 308
19:13:28|const.py|打捞到sr或ssr判断 开始
19:13:29|util.py|click 684 308
19:13:29|util.py|findPicLoop 循环找图开始 ./public/bmp/exp2.bmp
19:13:29|util.py|findPicLoop 循环找图结束 ./public/bmp/exp2.bmp
19:13:29|util.py|click 733 445
19:13:33|const.py|作战失败判断 开始
19:13:36|const.py|紧急委托判断 开始
19:13:37|const.py|anchorProcess 出击步骤结束
19:13:38|util.py|getNumbers 识数字开始
19:13:39|util.py|getNumbers 识数字结束
19:13:39|util.py|getNumbers 识数字开始
19:13:40|util.py|getNumbers 识数字结束
19:13:40|util.py|getNumbers 识数字开始
19:13:41|util.py|getNumbers 识数字结束
19:13:41|util.py|getNumbers 识数字开始
19:13:42|util.py|getNumbers 识数字结束
19:13:42|util.py|getNumbers 识数字开始
19:13:43|util.py|getNumbers 识数字结束
19:13:43|util.py|click 322 173
19:13:44|util.py|findPicLoop 循环找图开始 ./public/bmp/start excise.jpg
19:13:44|util.py|findPicLoop 循环找图结束 ./public/bmp/start excise.jpg
19:13:44|util.py|click 433 384
19:13:45|const.py|anchorProcess 出击步骤开始
19:13:46|const.py|今日不再提示判断 开始
19:13:47|util.py|findPicLoop 循环找图开始 ./public/bmp/anchor.bmp
19:13:47|util.py|findPicLoop 循环找图结束 ./public/bmp/anchor.bmp
19:13:48|util.py|click 770 429
19:13:48|const.py|自律 开始
19:13:49|const.py|船坞已满判断 开始
19:14:00|util.py|findPicLoop 循环找图开始 ./public/bmp/S.bmp
19:14:09|util.py|findPicLoop 循环找图结束 ./public/bmp/S.bmp
19:14:09|const.py|自律 结束
19:14:10|util.py|click 135 424
19:14:12|util.py|click 684 308
19:14:13|const.py|打捞到sr或ssr判断 开始
19:14:14|util.py|click 684 308
19:14:14|util.py|findPicLoop 循环找图开始 ./public/bmp/exp2.bmp
19:14:15|util.py|findPicLoop 循环找图结束 ./public/bmp/exp2.bmp
19:14:15|util.py|click 733 445
19:14:18|const.py|作战失败判断 开始
19:14:22|const.py|紧急委托判断 开始
19:14:22|const.py|anchorProcess 出击步骤结束
19:14:23|util.py|getNumbers 识数字开始
19:14:24|util.py|getNumbers 识数字结束
19:14:24|util.py|getNumbers 识数字开始
19:14:26|util.py|getNumbers 识数字结束
19:14:26|util.py|getNumbers 识数字开始
19:14:27|util.py|getNumbers 识数字结束
19:14:27|util.py|getNumbers 识数字开始
19:14:28|util.py|getNumbers 识数字结束
19:14:28|util.py|getNumbers 识数字开始
19:14:29|util.py|getNumbers 识数字结束
19:14:29|util.py|click 487 175
19:14:29|util.py|findPicLoop 循环找图开始 ./public/bmp/start excise.jpg
19:14:30|util.py|findPicLoop 循环找图结束 ./public/bmp/start excise.jpg
19:14:30|util.py|click 433 384
19:14:31|const.py|anchorProcess 出击步骤开始
19:14:32|const.py|今日不再提示判断 开始
19:14:32|util.py|findPicLoop 循环找图开始 ./public/bmp/anchor.bmp
19:14:33|util.py|findPicLoop 循环找图结束 ./public/bmp/anchor.bmp
19:14:34|util.py|click 770 429
19:14:34|const.py|自律 开始
19:14:35|const.py|船坞已满判断 开始
19:14:46|util.py|findPicLoop 循环找图开始 ./public/bmp/S.bmp
19:15:04|util.py|findPicLoop 循环找图结束 ./public/bmp/S.bmp
19:15:04|const.py|自律 结束
19:15:05|util.py|click 135 424
19:15:07|util.py|click 684 308
19:15:08|const.py|打捞到sr或ssr判断 开始
19:15:09|util.py|click 684 308
19:15:09|util.py|findPicLoop 循环找图开始 ./public/bmp/exp2.bmp
19:15:10|util.py|findPicLoop 循环找图结束 ./public/bmp/exp2.bmp
19:15:10|util.py|click 733 445
19:15:13|const.py|作战失败判断 开始
19:15:17|const.py|紧急委托判断 开始
19:15:17|const.py|anchorProcess 出击步骤结束
19:15:18|util.py|getNumbers 识数字开始
19:15:20|util.py|getNumbers 识数字结束
19:15:20|const.py|backMainProcess 返回主页面开始
19:15:21|util.py|click 830 23
19:15:25|3困难11-1.py|困难11-1脚本开始
19:15:25|const.py|chapterProcess 进入出击章节步骤开始
19:15:25|const.py|backMainProcess 返回主页面开始
19:15:27|const.py|backMainProcess 返回主页面结束
19:15:27|util.py|findPicLoop 循环找图开始 ./public/bmp/weigh anchor.jpg
19:15:28|util.py|findPicLoop 循环找图结束 ./public/bmp/weigh anchor.jpg
19:15:28|util.py|click 729 244
19:15:28|const.py|判断是否为图里面 开始
19:15:31|util.py|findPicLoop 循环找图开始 ./public/bmp/main battleline.jpg
19:15:31|util.py|findPicLoop 循环找图结束 ./public/bmp/main battleline.jpg
19:15:31|util.py|click 231 225
19:15:32|util.py|findPicLoop 循环找图开始 ./public/bmp/exercise.jpg
19:15:32|util.py|findPicLoop 循环找图结束 ./public/bmp/exercise.jpg
19:15:33|util.py|getNumbers 识数字开始
19:15:34|util.py|getNumbers 识数字结束
19:15:34|const.py|chapterProcess 进入出击章节步骤结束
19:15:34|const.py|intoStageProcess 进入stage步骤开始
19:15:38|util.py|click 269 182
19:15:38|util.py|findPicLoop 循环找图开始 ./public/bmp/start chapter.jpg
19:15:39|util.py|findPicLoop 循环找图结束 ./public/bmp/start chapter.jpg
19:15:39|util.py|click 642 350
19:15:40|const.py|船坞已满判断 开始
19:15:41|util.py|findPicLoop 循环找图开始 ./public/bmp/start chapter.jpg
19:15:42|util.py|findPicLoop 循环找图结束 ./public/bmp/start chapter.jpg
19:15:42|util.py|click 716 411
19:15:42|const.py|intoStageProcess 进入stage步骤结束
19:15:42|const.py|goBossProcess 走boss格子 开始
19:15:42|util.py|findPicLoop 循环找图开始 ./public/bmp/boss.jpg
19:15:47|util.py|findPicLoop 循环找图结束 ./public/bmp/boss.jpg
19:15:47|util.py|click 432 235
19:15:47|const.py|anchorProcess 出击步骤开始
19:15:48|const.py|今日不再提示判断 开始
19:15:49|util.py|findPicLoop 循环找图开始 ./public/bmp/anchor.bmp
19:15:52|util.py|findPicLoop 循环找图结束 ./public/bmp/anchor.bmp
19:15:53|util.py|click 770 429
19:15:54|const.py|自律 开始
19:15:54|const.py|船坞已满判断 开始
19:16:05|util.py|findPicLoop 循环找图开始 ./public/bmp/S.bmp
19:17:43|util.py|findPicLoop 循环找图结束 ./public/bmp/S.bmp
19:17:43|const.py|自律 结束
19:17:44|util.py|click 135 424
19:17:45|util.py|click 684 308
19:17:47|const.py|打捞到sr或ssr判断 开始
19:17:48|util.py|click 684 308
19:17:48|util.py|findPicLoop 循环找图开始 ./public/bmp/exp2.bmp
19:17:49|util.py|findPicLoop 循环找图结束 ./public/bmp/exp2.bmp
19:17:49|util.py|click 733 445
19:17:52|const.py|作战失败判断 开始
19:17:55|const.py|紧急委托判断 开始
19:17:56|const.py|anchorProcess 出击步骤结束
19:17:56|const.py|goBossProcess boss解决
19:17:56|const.py|intoStageProcess 进入stage步骤开始
19:18:00|util.py|click 269 182
19:18:00|util.py|findPicLoop 循环找图开始 ./public/bmp/start chapter.jpg
19:18:02|util.py|findPicLoop 循环找图结束 ./public/bmp/start chapter.jpg
19:18:02|util.py|click 642 350
19:18:03|const.py|船坞已满判断 开始
19:18:04|util.py|findPicLoop 循环找图开始 ./public/bmp/start chapter.jpg
19:18:04|util.py|findPicLoop 循环找图结束 ./public/bmp/start chapter.jpg
19:18:04|util.py|click 716 411
19:18:05|const.py|intoStageProcess 进入stage步骤结束
19:18:05|const.py|goBossProcess 走boss格子 开始
19:18:05|util.py|findPicLoop 循环找图开始 ./public/bmp/boss.jpg
19:18:09|util.py|findPicLoop 循环找图结束 ./public/bmp/boss.jpg
19:18:09|util.py|click 432 235
19:18:10|const.py|anchorProcess 出击步骤开始
19:18:10|const.py|今日不再提示判断 开始
19:18:11|util.py|findPicLoop 循环找图开始 ./public/bmp/anchor.bmp
19:18:17|util.py|findPicLoop 循环找图结束 ./public/bmp/anchor.bmp
19:18:17|util.py|click 770 429
19:18:18|const.py|自律 开始
19:18:19|const.py|船坞已满判断 开始
19:18:29|util.py|findPicLoop 循环找图开始 ./public/bmp/S.bmp
19:20:19|util.py|findPicLoop 循环找图结束 ./public/bmp/S.bmp
19:20:19|const.py|自律 结束
19:20:21|util.py|click 135 424
19:20:22|util.py|click 684 308
19:20:24|const.py|打捞到sr或ssr判断 开始
19:20:24|util.py|click 684 308
19:20:25|util.py|findPicLoop 循环找图开始 ./public/bmp/exp2.bmp
19:20:25|util.py|findPicLoop 循环找图结束 ./public/bmp/exp2.bmp
19:20:25|util.py|click 733 445
19:20:29|const.py|作战失败判断 开始
19:20:32|const.py|紧急委托判断 开始
19:20:33|const.py|anchorProcess 出击步骤结束
19:20:33|const.py|goBossProcess boss解决
19:20:33|const.py|intoStageProcess 进入stage步骤开始
19:20:37|util.py|click 269 182
19:20:37|util.py|findPicLoop 循环找图开始 ./public/bmp/start chapter.jpg
19:20:38|util.py|findPicLoop 循环找图结束 ./public/bmp/start chapter.jpg
19:20:38|util.py|click 642 350
19:20:40|const.py|船坞已满判断 开始
19:20:41|util.py|findPicLoop 循环找图开始 ./public/bmp/start chapter.jpg
19:20:41|util.py|findPicLoop 循环找图结束 ./public/bmp/start chapter.jpg
19:20:41|util.py|click 716 411
19:20:41|const.py|intoStageProcess 进入stage步骤结束
19:20:41|const.py|goBossProcess 走boss格子 开始
19:20:41|util.py|findPicLoop 循环找图开始 ./public/bmp/boss.jpg
19:20:46|util.py|findPicLoop 循环找图结束 ./public/bmp/boss.jpg
19:20:46|util.py|click 432 235
19:20:47|const.py|anchorProcess 出击步骤开始
19:20:47|const.py|今日不再提示判断 开始
19:20:48|util.py|findPicLoop 循环找图开始 ./public/bmp/anchor.bmp
19:20:50|util.py|findPicLoop 循环找图结束 ./public/bmp/anchor.bmp
19:20:51|util.py|click 770 429
19:20:51|const.py|自律 开始
19:20:52|const.py|船坞已满判断 开始
19:21:03|util.py|findPicLoop 循环找图开始 ./public/bmp/S.bmp
19:23:03|util.py|findPicLoop 循环找图结束 ./public/bmp/S.bmp
19:23:03|const.py|自律 结束
19:23:04|util.py|click 135 424
19:23:05|util.py|click 684 308
19:23:07|const.py|打捞到sr或ssr判断 开始
19:23:08|const.py|打捞到sr或者ssr
19:23:08|util.py|click 684 308
19:23:10|util.py|click 684 308
19:23:11|util.py|findPicLoop 循环找图开始 ./public/bmp/exp2.bmp
19:23:11|util.py|findPicLoop 循环找图结束 ./public/bmp/exp2.bmp
19:23:11|util.py|click 733 445
19:23:15|const.py|作战失败判断 开始
19:23:18|const.py|紧急委托判断 开始
19:23:19|const.py|anchorProcess 出击步骤结束
19:23:19|const.py|goBossProcess boss解决
19:23:19|const.py|backMainProcess 返回主页面开始
19:23:20|util.py|click 830 23
19:23:27|12 3次飞龙.py|3次飞龙 开始
19:23:27|const.py|backMainProcess 返回主页面开始
19:23:28|const.py|backMainProcess 返回主页面结束
19:23:28|util.py|findPicLoop 循环找图开始 ./public/bmp/weigh anchor.jpg
19:23:29|util.py|findPicLoop 循环找图结束 ./public/bmp/weigh anchor.jpg
19:23:29|util.py|click 729 244
19:23:29|util.py|findPicLoop 循环找图开始 ./public/beacon/operation.jpg
19:23:30|util.py|findPicLoop 循环找图结束 ./public/beacon/operation.jpg
19:23:30|util.py|click 510 302
19:23:31|util.py|findPicLoop 循环找图开始 ./public/beacon/ash.jpg
19:23:35|util.py|findPicLoop 循环找图结束 ./public/beacon/ash.jpg
19:23:37|util.py|click 679 445
19:23:37|util.py|findPicLoop 循环找图开始 ./public/beacon/beacon list.jpg
19:23:38|util.py|findPicLoop 循环找图结束 ./public/beacon/beacon list.jpg
19:23:38|util.py|click 82 457
19:23:39|12 3次飞龙.py|------------一把开始-----------
19:23:39|util.py|findPicLoop 循环找图开始 ./public/beacon/batile start.jpg
19:23:40|util.py|findPicLoop 循环找图结束 ./public/beacon/batile start.jpg
19:23:40|util.py|click 783 449
19:23:40|util.py|findPicLoop 循环找图开始 ./public/beacon/weigh anchor.jpg
19:23:42|util.py|findPicLoop 循环找图结束 ./public/beacon/weigh anchor.jpg
19:23:42|util.py|click 771 431
19:23:42|util.py|findPicLoop 循环找图开始 ./public/bmp/get_items.bmp
19:25:35|util.py|findPicLoop 循环找图结束 ./public/bmp/get_items.bmp
19:25:35|util.py|click 435 157
19:25:35|util.py|findPicLoop 循环找图开始 ./public/beacon/ok.jpg
19:25:36|util.py|findPicLoop 循环找图结束 ./public/beacon/ok.jpg
19:25:36|util.py|click 733 446
19:25:36|12 3次飞龙.py|------------一把结束-----------
19:25:36|12 3次飞龙.py|------------一把开始-----------
19:25:36|util.py|findPicLoop 循环找图开始 ./public/beacon/batile start.jpg
19:25:38|util.py|findPicLoop 循环找图结束 ./public/beacon/batile start.jpg
19:25:38|util.py|click 783 449
19:25:38|util.py|findPicLoop 循环找图开始 ./public/beacon/weigh anchor.jpg
19:25:40|util.py|findPicLoop 循环找图结束 ./public/beacon/weigh anchor.jpg
19:25:40|util.py|click 771 431
19:25:40|util.py|findPicLoop 循环找图开始 ./public/bmp/get_items.bmp
19:27:33|util.py|findPicLoop 循环找图结束 ./public/bmp/get_items.bmp
19:27:33|util.py|click 435 157
19:27:34|util.py|findPicLoop 循环找图开始 ./public/beacon/ok.jpg
19:27:34|util.py|findPicLoop 循环找图结束 ./public/beacon/ok.jpg
19:27:34|util.py|click 733 446
19:27:34|12 3次飞龙.py|------------一把结束-----------
19:27:34|12 3次飞龙.py|------------一把开始-----------
19:27:34|util.py|findPicLoop 循环找图开始 ./public/beacon/batile start.jpg
19:27:36|util.py|findPicLoop 循环找图结束 ./public/beacon/batile start.jpg
19:27:36|util.py|click 783 449
19:27:36|util.py|findPicLoop 循环找图开始 ./public/beacon/weigh anchor.jpg
19:27:38|util.py|findPicLoop 循环找图结束 ./public/beacon/weigh anchor.jpg
19:27:38|util.py|click 771 431
19:27:38|util.py|findPicLoop 循环找图开始 ./public/bmp/get_items.bmp
19:29:31|util.py|findPicLoop 循环找图结束 ./public/bmp/get_items.bmp
19:29:31|util.py|click 435 157
19:29:31|util.py|findPicLoop 循环找图开始 ./public/beacon/ok.jpg
19:29:32|util.py|findPicLoop 循环找图结束 ./public/beacon/ok.jpg
19:29:32|util.py|click 733 446
19:29:32|12 3次飞龙.py|------------一把结束-----------
19:29:32|const.py|backMainProcess 返回主页面开始
19:29:33|const.py|backMainProcess 返回主页面结束 失败
20:06:02|const.py|anchorProcess 出击步骤开始
20:06:03|const.py|今日不再提示判断 开始
20:06:04|util.py|findPicLoop 循环找图开始 ./public/bmp/anchor.bmp
20:06:23|util.py|findPicLoop 循环找图结束 ./public/bmp/anchor.bmp
20:06:24|util.py|click 770 429
20:06:24|const.py|自律 开始
20:06:25|const.py|船坞已满判断 开始
20:06:35|util.py|findPicLoop 循环找图开始 ./public/bmp/S.bmp
20:07:15|util.py|findPicLoop 循环找图结束 ./public/bmp/S.bmp
20:07:15|const.py|自律 结束
20:07:16|util.py|click 135 424
20:07:17|util.py|click 684 308
20:07:19|const.py|打捞到sr或ssr判断 开始
20:07:20|util.py|click 684 308
20:07:20|util.py|findPicLoop 循环找图开始 ./public/bmp/exp2.bmp
20:07:21|util.py|findPicLoop 循环找图结束 ./public/bmp/exp2.bmp
20:07:21|util.py|click 733 445
20:07:24|const.py|作战失败判断 开始
20:07:28|const.py|紧急委托判断 开始
20:07:29|const.py|anchorProcess 出击步骤结束
20:07:34|const.py|anchorProcess 出击步骤开始
20:07:35|const.py|今日不再提示判断 开始
20:07:35|util.py|findPicLoop 循环找图开始 ./public/bmp/anchor.bmp
20:07:36|util.py|findPicLoop 循环找图结束 ./public/bmp/anchor.bmp
20:07:37|util.py|click 770 429
20:07:37|const.py|自律 开始
20:07:38|const.py|船坞已满判断 开始
20:07:49|util.py|findPicLoop 循环找图开始 ./public/bmp/S.bmp
20:08:25|util.py|findPicLoop 循环找图结束 ./public/bmp/S.bmp
20:08:25|const.py|自律 结束
20:08:27|util.py|click 135 424
20:08:28|util.py|click 684 308
20:08:30|const.py|打捞到sr或ssr判断 开始
20:08:30|util.py|click 684 308
20:08:30|util.py|findPicLoop 循环找图开始 ./public/bmp/exp2.bmp
20:08:31|util.py|findPicLoop 循环找图结束 ./public/bmp/exp2.bmp
20:08:31|util.py|click 733 445
20:08:35|const.py|作战失败判断 开始
20:08:39|const.py|紧急委托判断 开始
20:08:39|const.py|anchorProcess 出击步骤结束
20:08:44|const.py|anchorProcess 出击步骤开始
20:08:45|const.py|今日不再提示判断 开始
20:08:46|util.py|findPicLoop 循环找图开始 ./public/bmp/anchor.bmp
20:08:57|util.py|findPicLoop 循环找图结束 ./public/bmp/anchor.bmp
20:08:58|util.py|click 770 429
20:08:58|const.py|自律 开始
20:08:59|const.py|船坞已满判断 开始
20:09:10|util.py|findPicLoop 循环找图开始 ./public/bmp/S.bmp
20:09:53|util.py|findPicLoop 循环找图结束 ./public/bmp/S.bmp
20:09:53|const.py|自律 结束
20:09:54|util.py|click 135 424
20:09:56|util.py|click 684 308
20:09:58|const.py|打捞到sr或ssr判断 开始
20:09:58|util.py|click 684 308
20:09:58|util.py|findPicLoop 循环找图开始 ./public/bmp/exp2.bmp
20:10:00|util.py|findPicLoop 循环找图结束 ./public/bmp/exp2.bmp
20:10:00|util.py|click 733 445
20:10:03|const.py|作战失败判断 开始
20:10:07|const.py|紧急委托判断 开始
20:10:07|const.py|anchorProcess 出击步骤结束
20:10:12|const.py|anchorProcess 出击步骤开始
20:10:13|const.py|今日不再提示判断 开始
20:10:14|util.py|findPicLoop 循环找图开始 ./public/bmp/anchor.bmp
20:10:14|util.py|findPicLoop 循环找图结束 ./public/bmp/anchor.bmp
20:10:15|util.py|click 770 429
20:10:15|const.py|自律 开始
20:10:16|const.py|船坞已满判断 开始
20:10:27|util.py|findPicLoop 循环找图开始 ./public/bmp/S.bmp
20:11:08|util.py|findPicLoop 循环找图结束 ./public/bmp/S.bmp
20:11:08|const.py|自律 结束
20:11:09|util.py|click 135 424
20:11:10|util.py|click 684 308
20:11:12|const.py|打捞到sr或ssr判断 开始
20:11:13|util.py|click 684 308
20:11:13|util.py|findPicLoop 循环找图开始 ./public/bmp/exp2.bmp
20:11:13|util.py|findPicLoop 循环找图结束 ./public/bmp/exp2.bmp
20:11:13|util.py|click 733 445
20:11:17|const.py|作战失败判断 开始
20:11:20|const.py|紧急委托判断 开始
20:11:21|const.py|anchorProcess 出击步骤结束
20:11:26|const.py|anchorProcess 出击步骤开始
20:11:27|const.py|今日不再提示判断 开始
20:11:28|util.py|findPicLoop 循环找图开始 ./public/bmp/anchor.bmp
20:11:28|util.py|findPicLoop 循环找图结束 ./public/bmp/anchor.bmp
20:11:29|util.py|click 770 429
20:11:29|const.py|自律 开始
20:11:30|const.py|船坞已满判断 开始
20:11:41|util.py|findPicLoop 循环找图开始 ./public/bmp/S.bmp
20:12:45|util.py|findPicLoop 循环找图结束 ./public/bmp/S.bmp
20:12:45|const.py|自律 结束
20:12:46|util.py|click 135 424
20:12:47|util.py|click 684 308
20:12:49|const.py|打捞到sr或ssr判断 开始
20:12:49|util.py|click 684 308
20:12:50|util.py|findPicLoop 循环找图开始 ./public/bmp/exp2.bmp
20:12:50|util.py|findPicLoop 循环找图结束 ./public/bmp/exp2.bmp
20:12:50|util.py|click 733 445
20:12:54|const.py|作战失败判断 开始
20:12:57|const.py|紧急委托判断 开始
20:12:58|const.py|紧急委托
20:12:58|util.py|click 534 347
20:12:58|const.py|anchorProcess 出击步骤结束
20:13:03|const.py|anchorProcess 出击步骤开始
20:13:04|const.py|今日不再提示判断 开始
20:13:05|util.py|findPicLoop 循环找图开始 ./public/bmp/anchor.bmp
20:13:05|util.py|findPicLoop 循环找图结束 ./public/bmp/anchor.bmp
20:13:06|util.py|click 770 429
20:13:06|const.py|自律 开始
20:13:07|const.py|船坞已满判断 开始
20:13:18|util.py|findPicLoop 循环找图开始 ./public/bmp/S.bmp
20:14:26|util.py|findPicLoop 循环找图结束 ./public/bmp/S.bmp
20:14:26|const.py|自律 结束
20:14:28|util.py|click 135 424
20:14:29|util.py|click 684 308
20:14:31|const.py|打捞到sr或ssr判断 开始
20:14:31|util.py|click 684 308
20:14:32|util.py|findPicLoop 循环找图开始 ./public/bmp/exp2.bmp
20:14:33|util.py|findPicLoop 循环找图结束 ./public/bmp/exp2.bmp
20:14:33|util.py|click 733 445
20:14:36|const.py|作战失败判断 开始
20:14:40|const.py|紧急委托判断 开始
20:14:40|const.py|anchorProcess 出击步骤结束
20:14:45|const.py|anchorProcess 出击步骤开始
20:14:46|const.py|今日不再提示判断 开始
20:14:47|util.py|findPicLoop 循环找图开始 ./public/bmp/anchor.bmp
20:14:47|util.py|findPicLoop 循环找图结束 ./public/bmp/anchor.bmp
20:14:48|util.py|click 770 429
20:14:48|const.py|自律 开始
20:14:49|const.py|船坞已满判断 开始
20:15:00|util.py|findPicLoop 循环找图开始 ./public/bmp/S.bmp
20:16:13|util.py|findPicLoop 循环找图结束 ./public/bmp/S.bmp
20:16:13|const.py|自律 结束
20:16:14|util.py|click 135 424
20:16:16|util.py|click 684 308
20:16:18|const.py|打捞到sr或ssr判断 开始
20:16:18|util.py|click 684 308
20:16:18|util.py|findPicLoop 循环找图开始 ./public/bmp/exp2.bmp
20:16:19|util.py|findPicLoop 循环找图结束 ./public/bmp/exp2.bmp
20:16:19|util.py|click 733 445
20:16:23|const.py|作战失败判断 开始
20:16:26|const.py|紧急委托判断 开始
20:16:27|const.py|anchorProcess 出击步骤结束
20:16:32|const.py|anchorProcess 出击步骤开始
20:16:33|const.py|今日不再提示判断 开始
20:16:34|util.py|findPicLoop 循环找图开始 ./public/bmp/anchor.bmp
20:16:40|util.py|findPicLoop 循环找图结束 ./public/bmp/anchor.bmp
20:16:41|util.py|click 770 429
20:16:41|const.py|自律 开始
20:16:42|const.py|船坞已满判断 开始
20:16:52|util.py|findPicLoop 循环找图开始 ./public/bmp/S.bmp
20:19:54|util.py|findPicLoop 循环找图结束 ./public/bmp/S.bmp
20:19:54|const.py|自律 结束
20:19:55|util.py|click 135 424
20:19:57|util.py|click 684 308
20:19:59|const.py|打捞到sr或ssr判断 开始
20:19:59|util.py|click 684 308
20:19:59|util.py|findPicLoop 循环找图开始 ./public/bmp/exp2.bmp
20:20:00|util.py|findPicLoop 循环找图结束 ./public/bmp/exp2.bmp
20:20:00|util.py|click 733 445
20:20:03|const.py|作战失败判断 开始
20:20:04|const.py|作战失败
20:20:04|util.py|click 424 415
20:20:07|const.py|紧急委托判断 开始
20:20:08|const.py|anchorProcess 出击步骤结束
20:20:13|const.py|anchorProcess 出击步骤开始
20:20:14|const.py|今日不再提示判断 开始
20:20:14|util.py|findPicLoop 循环找图开始 ./public/bmp/anchor.bmp
20:20:19|util.py|findPicLoop 循环找图结束 ./public/bmp/anchor.bmp
20:20:20|util.py|click 770 429
20:20:20|const.py|自律 开始
20:20:21|const.py|船坞已满判断 开始
20:20:32|util.py|findPicLoop 循环找图开始 ./public/bmp/S.bmp
20:21:52|util.py|findPicLoop 循环找图结束 ./public/bmp/S.bmp
20:21:52|const.py|自律 结束
20:21:53|util.py|click 135 424
20:21:54|util.py|click 684 308
20:21:56|const.py|打捞到sr或ssr判断 开始
20:21:57|util.py|click 684 308
20:21:57|util.py|findPicLoop 循环找图开始 ./public/bmp/exp2.bmp
20:21:58|util.py|findPicLoop 循环找图结束 ./public/bmp/exp2.bmp
20:21:58|util.py|click 733 445
20:22:01|const.py|作战失败判断 开始
20:22:05|const.py|紧急委托判断 开始
20:22:05|const.py|anchorProcess 出击步骤结束
20:22:10|const.py|anchorProcess 出击步骤开始
20:22:11|const.py|今日不再提示判断 开始
20:22:12|util.py|findPicLoop 循环找图开始 ./public/bmp/anchor.bmp
20:22:59|util.py|======adb subprocess error======
20:22:59|util.py|CompletedProcess(args='.\\bin\\adb_server.exe shell screencap /storage/emulated/0/data/screen/image.png', returncode=3221225786, stdout='', stderr='')
