11:40:19|1每日.py|每日脚本开始
11:40:21|const.py|backMainProcess 返回主页面开始
11:40:23|const.py|backMainProcess 返回主页面结束
11:40:23|util.py|findPicLoop 循环找图开始 ./public/bmp/weigh anchor.jpg
11:40:23|util.py|findPicLoop 循环找图结束 ./public/bmp/weigh anchor.jpg
11:40:23|util.py|click 729 244
11:40:25|util.py|findPicLoop 循环找图开始 ./public/bmp/daily task.jpg
11:40:26|util.py|findPicLoop 循环找图结束 ./public/bmp/daily task.jpg
11:40:26|util.py|click 487 413
11:40:27|util.py|getNumbers 识数字开始
11:40:28|util.py|getNumbers 识数字结束
11:40:28|util.py|click 353 305
11:40:30|util.py|click 503 134
11:40:31|const.py|anchorProcess 出击步骤开始
11:40:32|const.py|今日不再提示判断 开始
11:40:33|util.py|findPicLoop 循环找图开始 ./public/bmp/anchor.bmp
11:40:34|util.py|findPicLoop 循环找图结束 ./public/bmp/anchor.bmp
11:40:35|util.py|click 770 429
11:40:35|const.py|自律 开始
11:40:36|const.py|船坞已满判断 开始
11:40:48|util.py|findPicLoop 循环找图开始 ./public/bmp/S.bmp
11:41:18|util.py|findPicLoop 循环找图结束 ./public/bmp/S.bmp
11:41:18|const.py|自律 结束
11:41:19|util.py|click 181 426
11:41:20|util.py|click 684 308
11:41:22|const.py|打捞到sr或ssr判断 开始
11:41:24|util.py|click 684 308
11:41:24|util.py|findPicLoop 循环找图开始 ./public/bmp/exp2.bmp
11:41:25|util.py|findPicLoop 循环找图结束 ./public/bmp/exp2.bmp
11:41:25|util.py|click 733 445
11:41:28|const.py|作战失败判断 开始
11:41:32|const.py|紧急委托判断 开始
11:41:33|const.py|anchorProcess 出击步骤结束
11:41:33|util.py|click 503 134
11:41:34|const.py|anchorProcess 出击步骤开始
11:41:35|const.py|今日不再提示判断 开始
11:41:36|util.py|findPicLoop 循环找图开始 ./public/bmp/anchor.bmp
11:41:37|util.py|findPicLoop 循环找图结束 ./public/bmp/anchor.bmp
11:41:38|util.py|click 770 429
11:41:38|const.py|自律 开始
11:41:39|const.py|船坞已满判断 开始
11:41:50|util.py|findPicLoop 循环找图开始 ./public/bmp/S.bmp
11:42:19|util.py|findPicLoop 循环找图结束 ./public/bmp/S.bmp
11:42:19|const.py|自律 结束
11:42:20|util.py|click 181 426
11:42:21|util.py|click 684 308
11:42:24|const.py|打捞到sr或ssr判断 开始
11:42:25|util.py|click 684 308
11:42:25|util.py|findPicLoop 循环找图开始 ./public/bmp/exp2.bmp
11:42:26|util.py|findPicLoop 循环找图结束 ./public/bmp/exp2.bmp
11:42:26|util.py|click 733 445
11:42:29|const.py|作战失败判断 开始
11:42:33|const.py|紧急委托判断 开始
11:42:34|const.py|anchorProcess 出击步骤结束
11:42:34|util.py|click 503 134
11:42:35|const.py|anchorProcess 出击步骤开始
11:42:36|const.py|今日不再提示判断 开始
11:42:37|util.py|findPicLoop 循环找图开始 ./public/bmp/anchor.bmp
11:42:38|util.py|findPicLoop 循环找图结束 ./public/bmp/anchor.bmp
11:42:39|util.py|click 770 429
11:42:39|const.py|自律 开始
11:42:40|const.py|船坞已满判断 开始
11:42:52|util.py|findPicLoop 循环找图开始 ./public/bmp/S.bmp
11:43:20|util.py|findPicLoop 循环找图结束 ./public/bmp/S.bmp
11:43:20|const.py|自律 结束
11:43:21|util.py|click 181 426
11:43:23|util.py|click 684 308
11:43:25|const.py|打捞到sr或ssr判断 开始
11:43:26|util.py|click 684 308
11:43:27|util.py|findPicLoop 循环找图开始 ./public/bmp/exp2.bmp
11:43:27|util.py|findPicLoop 循环找图结束 ./public/bmp/exp2.bmp
11:43:27|util.py|click 733 445
11:43:31|const.py|作战失败判断 开始
11:43:35|const.py|紧急委托判断 开始
11:43:36|const.py|anchorProcess 出击步骤结束
11:43:36|util.py|findPicLoop 循环找图开始 ./public/bmp/back.jpg
11:43:36|util.py|findPicLoop 循环找图结束 ./public/bmp/back.jpg
11:43:37|util.py|click 38 33
11:43:38|util.py|findPicLoop 循环找图开始 ./public/bmp/back.jpg
11:43:40|util.py|findPicLoop 循环找图结束 ./public/bmp/back.jpg
11:43:40|util.py|click 38 33
11:43:41|util.py|findPicLoop 循环找图开始 ./public/bmp/daily task.jpg
11:43:43|util.py|findPicLoop 循环找图结束 ./public/bmp/daily task.jpg
11:43:43|util.py|click 487 413
11:43:45|util.py|getNumbers 识数字开始
11:43:47|util.py|getNumbers 识数字结束
11:43:47|util.py|click 547 295
11:43:48|util.py|click 353 305
11:43:50|util.py|click 503 134
11:43:51|const.py|anchorProcess 出击步骤开始
11:43:52|const.py|今日不再提示判断 开始
11:43:53|util.py|findPicLoop 循环找图开始 ./public/bmp/anchor.bmp
11:43:54|util.py|findPicLoop 循环找图结束 ./public/bmp/anchor.bmp
11:43:55|util.py|click 770 429
11:43:55|const.py|自律 开始
11:43:56|const.py|船坞已满判断 开始
11:44:08|util.py|findPicLoop 循环找图开始 ./public/bmp/S.bmp
11:44:41|util.py|findPicLoop 循环找图结束 ./public/bmp/S.bmp
11:44:41|const.py|自律 结束
11:44:42|util.py|click 181 426
11:44:43|util.py|click 684 308
11:44:45|const.py|打捞到sr或ssr判断 开始
11:44:46|util.py|click 684 308
11:44:47|util.py|findPicLoop 循环找图开始 ./public/bmp/exp2.bmp
11:44:48|util.py|findPicLoop 循环找图结束 ./public/bmp/exp2.bmp
11:44:48|util.py|click 733 445
11:44:51|const.py|作战失败判断 开始
11:44:55|const.py|紧急委托判断 开始
11:44:56|const.py|anchorProcess 出击步骤结束
11:44:56|util.py|click 503 134
11:44:57|const.py|anchorProcess 出击步骤开始
11:44:58|const.py|今日不再提示判断 开始
11:44:59|util.py|findPicLoop 循环找图开始 ./public/bmp/anchor.bmp
11:45:00|util.py|findPicLoop 循环找图结束 ./public/bmp/anchor.bmp
11:45:01|util.py|click 770 429
11:45:01|const.py|自律 开始
11:45:02|const.py|船坞已满判断 开始
11:45:14|util.py|findPicLoop 循环找图开始 ./public/bmp/S.bmp
11:45:46|util.py|findPicLoop 循环找图结束 ./public/bmp/S.bmp
11:45:46|const.py|自律 结束
11:45:47|util.py|click 181 426
11:45:48|util.py|click 684 308
11:45:50|const.py|打捞到sr或ssr判断 开始
11:45:51|util.py|click 684 308
11:45:52|util.py|findPicLoop 循环找图开始 ./public/bmp/exp2.bmp
11:45:53|util.py|findPicLoop 循环找图结束 ./public/bmp/exp2.bmp
11:45:53|util.py|click 733 445
11:45:56|const.py|作战失败判断 开始
11:46:00|const.py|紧急委托判断 开始
11:46:01|const.py|anchorProcess 出击步骤结束
11:46:01|util.py|click 503 134
11:46:02|const.py|anchorProcess 出击步骤开始
11:46:03|const.py|今日不再提示判断 开始
11:46:04|util.py|findPicLoop 循环找图开始 ./public/bmp/anchor.bmp
11:46:05|util.py|findPicLoop 循环找图结束 ./public/bmp/anchor.bmp
11:46:05|util.py|click 770 429
11:46:06|const.py|自律 开始
11:46:07|const.py|船坞已满判断 开始
11:46:18|util.py|findPicLoop 循环找图开始 ./public/bmp/S.bmp
11:46:50|util.py|findPicLoop 循环找图结束 ./public/bmp/S.bmp
11:46:50|const.py|自律 结束
11:46:51|util.py|click 181 426
11:46:53|util.py|click 684 308
11:46:55|const.py|打捞到sr或ssr判断 开始
11:46:56|util.py|click 684 308
11:46:56|util.py|findPicLoop 循环找图开始 ./public/bmp/exp2.bmp
11:46:57|util.py|findPicLoop 循环找图结束 ./public/bmp/exp2.bmp
11:46:57|util.py|click 733 445
11:47:00|const.py|作战失败判断 开始
11:47:04|const.py|紧急委托判断 开始
11:47:05|const.py|anchorProcess 出击步骤结束
11:47:05|util.py|findPicLoop 循环找图开始 ./public/bmp/back.jpg
11:47:06|util.py|findPicLoop 循环找图结束 ./public/bmp/back.jpg
11:47:07|util.py|click 38 33
11:47:08|const.py|backMainProcess 返回主页面开始
11:47:10|util.py|click 838 25
11:47:15|2演习.py|演习脚本开始
11:47:16|const.py|backMainProcess 返回主页面开始
11:47:18|const.py|backMainProcess 返回主页面结束
11:47:18|util.py|findPicLoop 循环找图开始 ./public/bmp/weigh anchor.jpg
11:47:19|util.py|findPicLoop 循环找图结束 ./public/bmp/weigh anchor.jpg
11:47:19|util.py|click 729 244
11:47:20|util.py|findPicLoop 循环找图开始 ./public/bmp/exercise.jpg
11:47:21|util.py|findPicLoop 循环找图结束 ./public/bmp/exercise.jpg
11:47:21|util.py|click 700 413
11:47:23|util.py|getNumbers 识数字开始
11:47:24|util.py|getNumbers 识数字结束
11:47:24|util.py|getNumbers 识数字开始
11:47:25|util.py|getNumbers 识数字结束
11:47:25|util.py|getNumbers 识数字开始
11:47:26|util.py|getNumbers 识数字结束
11:47:26|util.py|getNumbers 识数字开始
11:47:28|util.py|getNumbers 识数字结束
11:47:28|util.py|getNumbers 识数字开始
11:47:29|util.py|getNumbers 识数字结束
11:47:29|util.py|click 654 173
11:47:30|util.py|findPicLoop 循环找图开始 ./public/bmp/start excise.jpg
11:47:30|util.py|findPicLoop 循环找图结束 ./public/bmp/start excise.jpg
11:47:30|util.py|click 433 384
11:47:32|const.py|anchorProcess 出击步骤开始
11:47:32|const.py|今日不再提示判断 开始
11:47:33|util.py|findPicLoop 循环找图开始 ./public/bmp/anchor.bmp
11:47:34|util.py|findPicLoop 循环找图结束 ./public/bmp/anchor.bmp
11:47:35|util.py|click 770 429
11:47:36|const.py|自律 开始
11:47:36|const.py|船坞已满判断 开始
11:47:48|util.py|findPicLoop 循环找图开始 ./public/bmp/S.bmp
11:48:06|util.py|findPicLoop 循环找图结束 ./public/bmp/S.bmp
11:48:06|const.py|自律 结束
11:48:08|util.py|click 181 426
11:48:09|util.py|click 684 308
11:48:11|const.py|打捞到sr或ssr判断 开始
11:48:12|util.py|click 684 308
11:48:12|util.py|findPicLoop 循环找图开始 ./public/bmp/exp2.bmp
11:48:13|util.py|findPicLoop 循环找图结束 ./public/bmp/exp2.bmp
11:48:13|util.py|click 733 445
11:48:16|const.py|作战失败判断 开始
11:48:20|const.py|紧急委托判断 开始
11:48:21|const.py|anchorProcess 出击步骤结束
11:48:22|util.py|getNumbers 识数字开始
11:48:23|util.py|getNumbers 识数字结束
11:48:23|util.py|getNumbers 识数字开始
11:48:25|util.py|getNumbers 识数字结束
11:48:25|util.py|getNumbers 识数字开始
11:48:26|util.py|getNumbers 识数字结束
11:48:26|util.py|getNumbers 识数字开始
11:48:27|util.py|getNumbers 识数字结束
11:48:27|util.py|getNumbers 识数字开始
11:48:28|util.py|getNumbers 识数字结束
11:48:28|util.py|click 322 173
11:48:29|util.py|findPicLoop 循环找图开始 ./public/bmp/start excise.jpg
11:48:30|util.py|findPicLoop 循环找图结束 ./public/bmp/start excise.jpg
11:48:30|util.py|click 433 384
11:48:30|const.py|anchorProcess 出击步骤开始
11:48:31|const.py|今日不再提示判断 开始
11:48:32|util.py|findPicLoop 循环找图开始 ./public/bmp/anchor.bmp
11:48:33|util.py|findPicLoop 循环找图结束 ./public/bmp/anchor.bmp
11:48:34|util.py|click 770 429
11:48:34|const.py|自律 开始
11:48:35|const.py|船坞已满判断 开始
11:48:46|util.py|findPicLoop 循环找图开始 ./public/bmp/S.bmp
11:49:04|util.py|findPicLoop 循环找图结束 ./public/bmp/S.bmp
11:49:04|const.py|自律 结束
11:49:05|util.py|click 181 426
11:49:06|util.py|click 684 308
11:49:09|const.py|打捞到sr或ssr判断 开始
11:49:10|util.py|click 684 308
11:49:10|util.py|findPicLoop 循环找图开始 ./public/bmp/exp2.bmp
11:49:11|util.py|findPicLoop 循环找图结束 ./public/bmp/exp2.bmp
11:49:11|util.py|click 733 445
11:49:14|const.py|作战失败判断 开始
11:49:18|const.py|紧急委托判断 开始
11:49:19|const.py|anchorProcess 出击步骤结束
11:49:20|util.py|getNumbers 识数字开始
11:49:21|util.py|getNumbers 识数字结束
11:49:21|util.py|getNumbers 识数字开始
11:49:23|util.py|getNumbers 识数字结束
11:49:23|util.py|getNumbers 识数字开始
11:49:24|util.py|getNumbers 识数字结束
11:49:24|util.py|getNumbers 识数字开始
11:49:25|util.py|getNumbers 识数字结束
11:49:25|util.py|getNumbers 识数字开始
11:49:26|util.py|getNumbers 识数字结束
11:49:26|util.py|click 654 173
11:49:27|util.py|findPicLoop 循环找图开始 ./public/bmp/start excise.jpg
11:49:28|util.py|findPicLoop 循环找图结束 ./public/bmp/start excise.jpg
11:49:28|util.py|click 433 384
11:49:29|const.py|anchorProcess 出击步骤开始
11:49:30|const.py|今日不再提示判断 开始
11:49:31|util.py|findPicLoop 循环找图开始 ./public/bmp/anchor.bmp
11:49:32|util.py|findPicLoop 循环找图结束 ./public/bmp/anchor.bmp
11:49:32|util.py|click 770 429
11:49:33|const.py|自律 开始
11:49:34|const.py|船坞已满判断 开始
11:49:45|util.py|findPicLoop 循环找图开始 ./public/bmp/S.bmp
11:49:54|util.py|findPicLoop 循环找图结束 ./public/bmp/S.bmp
11:49:54|const.py|自律 结束
11:49:55|util.py|click 181 426
11:49:57|util.py|click 684 308
11:49:59|const.py|打捞到sr或ssr判断 开始
11:50:00|util.py|click 684 308
11:50:00|util.py|findPicLoop 循环找图开始 ./public/bmp/exp2.bmp
11:50:01|util.py|findPicLoop 循环找图结束 ./public/bmp/exp2.bmp
11:50:01|util.py|click 733 445
11:50:04|const.py|作战失败判断 开始
11:50:08|const.py|紧急委托判断 开始
11:50:09|const.py|anchorProcess 出击步骤结束
11:50:10|util.py|getNumbers 识数字开始
11:50:11|util.py|getNumbers 识数字结束
11:50:11|util.py|getNumbers 识数字开始
11:50:13|util.py|getNumbers 识数字结束
11:50:13|util.py|getNumbers 识数字开始
11:50:14|util.py|getNumbers 识数字结束
11:50:14|util.py|getNumbers 识数字开始
11:50:15|util.py|getNumbers 识数字结束
11:50:15|util.py|getNumbers 识数字开始
11:50:16|util.py|getNumbers 识数字结束
11:50:16|util.py|click 654 173
11:50:17|util.py|findPicLoop 循环找图开始 ./public/bmp/start excise.jpg
11:50:18|util.py|findPicLoop 循环找图结束 ./public/bmp/start excise.jpg
11:50:18|util.py|click 433 384
11:50:19|const.py|anchorProcess 出击步骤开始
11:50:20|const.py|今日不再提示判断 开始
11:50:21|util.py|findPicLoop 循环找图开始 ./public/bmp/anchor.bmp
11:50:22|util.py|findPicLoop 循环找图结束 ./public/bmp/anchor.bmp
11:50:23|util.py|click 770 429
11:50:23|const.py|自律 开始
11:50:24|const.py|船坞已满判断 开始
11:50:35|util.py|findPicLoop 循环找图开始 ./public/bmp/S.bmp
11:50:54|util.py|findPicLoop 循环找图结束 ./public/bmp/S.bmp
11:50:54|const.py|自律 结束
11:50:55|util.py|click 181 426
11:50:57|util.py|click 684 308
11:50:59|const.py|打捞到sr或ssr判断 开始
11:51:00|util.py|click 684 308
11:51:00|util.py|findPicLoop 循环找图开始 ./public/bmp/exp2.bmp
11:51:01|util.py|findPicLoop 循环找图结束 ./public/bmp/exp2.bmp
11:51:01|util.py|click 733 445
11:51:04|const.py|作战失败判断 开始
11:51:08|const.py|紧急委托判断 开始
11:51:09|const.py|anchorProcess 出击步骤结束
11:51:10|util.py|getNumbers 识数字开始
11:51:11|util.py|getNumbers 识数字结束
11:51:11|util.py|getNumbers 识数字开始
11:51:12|util.py|getNumbers 识数字结束
11:51:12|util.py|getNumbers 识数字开始
11:51:14|util.py|getNumbers 识数字结束
11:51:14|util.py|getNumbers 识数字开始
11:51:15|util.py|getNumbers 识数字结束
11:51:15|util.py|getNumbers 识数字开始
11:51:16|util.py|getNumbers 识数字结束
11:51:16|util.py|click 654 173
11:51:17|util.py|findPicLoop 循环找图开始 ./public/bmp/start excise.jpg
11:51:18|util.py|findPicLoop 循环找图结束 ./public/bmp/start excise.jpg
11:51:18|util.py|click 433 384
11:51:19|const.py|anchorProcess 出击步骤开始
11:51:19|const.py|今日不再提示判断 开始
11:51:20|util.py|findPicLoop 循环找图开始 ./public/bmp/anchor.bmp
11:51:21|util.py|findPicLoop 循环找图结束 ./public/bmp/anchor.bmp
11:51:22|util.py|click 770 429
11:51:23|const.py|自律 开始
11:51:23|const.py|船坞已满判断 开始
11:51:35|util.py|findPicLoop 循环找图开始 ./public/bmp/S.bmp
11:51:58|util.py|findPicLoop 循环找图结束 ./public/bmp/S.bmp
11:51:58|const.py|自律 结束
11:51:59|util.py|click 181 426
11:52:00|util.py|click 684 308
11:52:02|const.py|打捞到sr或ssr判断 开始
11:52:03|util.py|click 684 308
11:52:04|util.py|findPicLoop 循环找图开始 ./public/bmp/exp2.bmp
11:52:05|util.py|findPicLoop 循环找图结束 ./public/bmp/exp2.bmp
11:52:05|util.py|click 733 445
11:52:08|const.py|作战失败判断 开始
11:52:12|const.py|紧急委托判断 开始
11:52:13|const.py|anchorProcess 出击步骤结束
11:52:14|util.py|getNumbers 识数字开始
11:52:15|util.py|getNumbers 识数字结束
11:52:15|const.py|backMainProcess 返回主页面开始
11:52:17|util.py|click 830 26
11:52:22|3困难7-2.py|困难7-2脚本开始
11:52:22|const.py|chapterProcess 进入出击章节步骤开始
11:52:22|const.py|backMainProcess 返回主页面开始
11:52:24|const.py|backMainProcess 返回主页面结束
11:52:24|util.py|findPicLoop 循环找图开始 ./public/bmp/weigh anchor.jpg
11:52:25|util.py|findPicLoop 循环找图结束 ./public/bmp/weigh anchor.jpg
11:52:25|util.py|click 729 244
11:52:25|const.py|判断是否为图里面 开始
11:52:28|util.py|findPicLoop 循环找图开始 ./public/bmp/main battleline.jpg
11:52:29|util.py|findPicLoop 循环找图结束 ./public/bmp/main battleline.jpg
11:52:29|util.py|click 231 225
11:52:29|util.py|findPicLoop 循环找图开始 ./public/bmp/exercise.jpg
11:52:30|util.py|findPicLoop 循环找图结束 ./public/bmp/exercise.jpg
11:52:30|util.py|getWords 识字开始
11:52:31|util.py|getWords 识字结束
11:52:32|const.py|chapterProcess 进入出击章节步骤结束
11:52:32|const.py|intoStageProcess 进入stage步骤开始
11:52:34|util.py|click 376 150
11:52:35|util.py|findPicLoop 循环找图开始 ./public/bmp/start chapter.jpg
11:52:36|util.py|findPicLoop 循环找图结束 ./public/bmp/start chapter.jpg
11:52:36|util.py|click 642 350
11:52:37|const.py|船坞已满判断 开始
11:52:39|util.py|findPicLoop 循环找图开始 ./public/bmp/start chapter.jpg
11:52:39|util.py|findPicLoop 循环找图结束 ./public/bmp/start chapter.jpg
11:52:39|util.py|click 716 411
11:52:40|const.py|intoStageProcess 进入stage步骤结束
11:52:40|const.py|goBossProcess 走boss格子 开始
11:52:40|util.py|findPicLoop 循环找图开始 ./public/bmp/boss.jpg
11:52:45|util.py|findPicLoop 循环找图结束 ./public/bmp/boss.jpg
11:52:45|util.py|click 431 236
11:52:45|const.py|anchorProcess 出击步骤开始
11:52:46|const.py|今日不再提示判断 开始
11:52:47|util.py|findPicLoop 循环找图开始 ./public/bmp/anchor.bmp
11:52:50|util.py|findPicLoop 循环找图结束 ./public/bmp/anchor.bmp
11:52:51|util.py|click 770 429
11:52:52|const.py|自律 开始
11:52:53|const.py|船坞已满判断 开始
11:53:04|util.py|findPicLoop 循环找图开始 ./public/bmp/S.bmp
11:53:57|util.py|findPicLoop 循环找图结束 ./public/bmp/S.bmp
11:53:57|const.py|自律 结束
11:53:58|util.py|click 181 426
11:54:00|util.py|click 684 308
11:54:02|const.py|打捞到sr或ssr判断 开始
11:54:03|util.py|click 684 308
11:54:03|util.py|findPicLoop 循环找图开始 ./public/bmp/exp2.bmp
11:54:04|util.py|findPicLoop 循环找图结束 ./public/bmp/exp2.bmp
11:54:04|util.py|click 733 445
11:54:08|const.py|作战失败判断 开始
11:54:11|const.py|紧急委托判断 开始
11:54:12|const.py|anchorProcess 出击步骤结束
11:54:12|const.py|goBossProcess boss解决
11:54:12|const.py|intoStageProcess 进入stage步骤开始
11:54:14|util.py|click 376 150
11:54:15|util.py|findPicLoop 循环找图开始 ./public/bmp/start chapter.jpg
11:54:17|util.py|findPicLoop 循环找图结束 ./public/bmp/start chapter.jpg
11:54:17|util.py|click 642 350
11:54:18|const.py|船坞已满判断 开始
11:54:19|util.py|findPicLoop 循环找图开始 ./public/bmp/start chapter.jpg
11:54:20|util.py|findPicLoop 循环找图结束 ./public/bmp/start chapter.jpg
11:54:20|util.py|click 716 411
11:54:21|const.py|intoStageProcess 进入stage步骤结束
11:54:21|const.py|goBossProcess 走boss格子 开始
11:54:21|util.py|findPicLoop 循环找图开始 ./public/bmp/boss.jpg
11:54:26|util.py|findPicLoop 循环找图结束 ./public/bmp/boss.jpg
11:54:26|util.py|click 431 236
11:54:26|const.py|anchorProcess 出击步骤开始
11:54:27|const.py|今日不再提示判断 开始
11:54:28|util.py|findPicLoop 循环找图开始 ./public/bmp/anchor.bmp
11:54:30|util.py|findPicLoop 循环找图结束 ./public/bmp/anchor.bmp
11:54:31|util.py|click 770 429
11:54:32|const.py|自律 开始
11:54:32|const.py|船坞已满判断 开始
11:54:44|util.py|findPicLoop 循环找图开始 ./public/bmp/S.bmp
11:55:41|util.py|findPicLoop 循环找图结束 ./public/bmp/S.bmp
11:55:41|const.py|自律 结束
11:55:42|util.py|click 181 426
11:55:44|util.py|click 684 308
11:55:46|const.py|打捞到sr或ssr判断 开始
11:55:47|util.py|click 684 308
11:55:47|util.py|findPicLoop 循环找图开始 ./public/bmp/exp2.bmp
11:55:48|util.py|findPicLoop 循环找图结束 ./public/bmp/exp2.bmp
11:55:48|util.py|click 733 445
11:55:52|const.py|作战失败判断 开始
11:55:56|const.py|紧急委托判断 开始
11:55:56|const.py|anchorProcess 出击步骤结束
11:55:56|const.py|goBossProcess boss解决
11:55:56|const.py|intoStageProcess 进入stage步骤开始
11:55:58|util.py|click 376 150
11:55:59|util.py|findPicLoop 循环找图开始 ./public/bmp/start chapter.jpg
11:56:01|util.py|findPicLoop 循环找图结束 ./public/bmp/start chapter.jpg
11:56:01|util.py|click 642 350
11:56:02|const.py|船坞已满判断 开始
11:56:03|util.py|findPicLoop 循环找图开始 ./public/bmp/start chapter.jpg
11:56:04|util.py|findPicLoop 循环找图结束 ./public/bmp/start chapter.jpg
11:56:04|util.py|click 716 411
11:56:04|const.py|intoStageProcess 进入stage步骤结束
11:56:04|const.py|goBossProcess 走boss格子 开始
11:56:04|util.py|findPicLoop 循环找图开始 ./public/bmp/boss.jpg
11:56:09|util.py|findPicLoop 循环找图结束 ./public/bmp/boss.jpg
11:56:09|util.py|click 431 236
11:56:10|const.py|anchorProcess 出击步骤开始
11:56:11|const.py|今日不再提示判断 开始
11:56:12|util.py|findPicLoop 循环找图开始 ./public/bmp/anchor.bmp
11:56:15|util.py|findPicLoop 循环找图结束 ./public/bmp/anchor.bmp
11:56:16|util.py|click 770 429
11:56:16|const.py|自律 开始
11:56:17|const.py|船坞已满判断 开始
11:56:29|util.py|findPicLoop 循环找图开始 ./public/bmp/S.bmp
11:57:17|util.py|findPicLoop 循环找图结束 ./public/bmp/S.bmp
11:57:17|const.py|自律 结束
11:57:18|util.py|click 181 426
11:57:19|util.py|click 684 308
11:57:22|const.py|打捞到sr或ssr判断 开始
11:57:23|util.py|click 684 308
11:57:23|util.py|findPicLoop 循环找图开始 ./public/bmp/exp2.bmp
11:57:24|util.py|findPicLoop 循环找图结束 ./public/bmp/exp2.bmp
11:57:24|util.py|click 733 445
11:57:27|const.py|作战失败判断 开始
11:57:31|const.py|紧急委托判断 开始
11:57:32|const.py|anchorProcess 出击步骤结束
11:57:32|const.py|goBossProcess boss解决
11:57:32|const.py|backMainProcess 返回主页面开始
11:57:34|util.py|click 830 26
