19:04:30|1每日.py|每日脚本开始
19:04:31|const.py|backMainProcess 返回主页面开始
19:04:32|const.py|backMainProcess 返回主页面结束
19:04:32|util.py|findPicLoop 循环找图开始 ./public/bmp/weigh anchor.jpg
19:04:33|util.py|findPicLoop 循环找图结束 ./public/bmp/weigh anchor.jpg
19:04:33|util.py|click 729 244
19:04:34|util.py|findPicLoop 循环找图开始 ./public/bmp/daily task.jpg
19:04:34|util.py|findPicLoop 循环找图结束 ./public/bmp/daily task.jpg
19:04:34|util.py|click 487 413
19:04:36|util.py|getNumbers 识数字开始
19:04:37|util.py|getNumbers 识数字结束
19:04:37|util.py|click 353 305
19:04:38|util.py|click 503 134
19:04:39|const.py|anchorProcess 出击步骤开始
19:04:40|const.py|今日不再提示判断 开始
19:04:40|util.py|click 603 109
19:04:41|const.py|今日不再提示
19:04:41|util.py|findPicLoop 循环找图开始 ./public/bmp/anchor.bmp
19:04:41|util.py|findPicLoop 循环找图结束 ./public/bmp/anchor.bmp
19:04:42|util.py|click 770 429
19:04:42|const.py|自律 开始
19:04:43|const.py|船坞已满判断 开始
19:04:54|util.py|findPicLoop 循环找图开始 ./public/bmp/S.bmp
19:05:18|util.py|findPicLoop 循环找图结束 ./public/bmp/S.bmp
19:05:18|const.py|自律 结束
19:05:19|util.py|click 135 424
19:05:20|util.py|click 684 308
19:05:22|const.py|打捞到sr或ssr判断 开始
19:05:23|util.py|click 684 308
19:05:23|util.py|findPicLoop 循环找图开始 ./public/bmp/exp2.bmp
19:05:24|util.py|findPicLoop 循环找图结束 ./public/bmp/exp2.bmp
19:05:24|util.py|click 733 445
19:05:27|const.py|作战失败判断 开始
19:05:31|const.py|紧急委托判断 开始
19:05:31|const.py|anchorProcess 出击步骤结束
19:05:31|util.py|click 503 134
19:05:32|const.py|anchorProcess 出击步骤开始
19:05:33|const.py|今日不再提示判断 开始
19:05:34|util.py|findPicLoop 循环找图开始 ./public/bmp/anchor.bmp
19:05:34|util.py|findPicLoop 循环找图结束 ./public/bmp/anchor.bmp
19:05:35|util.py|click 770 429
19:05:36|const.py|自律 开始
19:05:36|const.py|船坞已满判断 开始
19:05:47|util.py|findPicLoop 循环找图开始 ./public/bmp/S.bmp
19:06:10|util.py|findPicLoop 循环找图结束 ./public/bmp/S.bmp
19:06:10|const.py|自律 结束
19:06:11|util.py|click 135 424
19:06:12|util.py|click 684 308
19:06:14|const.py|打捞到sr或ssr判断 开始
19:06:15|util.py|click 684 308
19:06:15|util.py|findPicLoop 循环找图开始 ./public/bmp/exp2.bmp
19:06:16|util.py|findPicLoop 循环找图结束 ./public/bmp/exp2.bmp
19:06:16|util.py|click 733 445
19:06:19|const.py|作战失败判断 开始
19:06:23|const.py|紧急委托判断 开始
19:06:23|const.py|anchorProcess 出击步骤结束
19:06:23|util.py|click 503 134
19:06:24|const.py|anchorProcess 出击步骤开始
19:06:25|const.py|今日不再提示判断 开始
19:06:26|util.py|findPicLoop 循环找图开始 ./public/bmp/anchor.bmp
19:06:27|util.py|findPicLoop 循环找图结束 ./public/bmp/anchor.bmp
19:06:27|util.py|click 770 429
19:06:28|const.py|自律 开始
19:06:28|const.py|船坞已满判断 开始
19:06:39|util.py|findPicLoop 循环找图开始 ./public/bmp/S.bmp
19:07:03|util.py|findPicLoop 循环找图结束 ./public/bmp/S.bmp
19:07:03|const.py|自律 结束
19:07:04|util.py|click 135 424
19:07:05|util.py|click 684 308
19:07:07|const.py|打捞到sr或ssr判断 开始
19:07:07|util.py|click 684 308
19:07:08|util.py|findPicLoop 循环找图开始 ./public/bmp/exp2.bmp
19:07:08|util.py|findPicLoop 循环找图结束 ./public/bmp/exp2.bmp
19:07:08|util.py|click 733 445
19:07:12|const.py|作战失败判断 开始
19:07:15|const.py|紧急委托判断 开始
19:07:16|const.py|anchorProcess 出击步骤结束
19:07:16|util.py|findPicLoop 循环找图开始 ./public/bmp/back.jpg
19:07:17|util.py|findPicLoop 循环找图结束 ./public/bmp/back.jpg
19:07:17|util.py|click 38 33
19:07:18|util.py|findPicLoop 循环找图开始 ./public/bmp/back.jpg
19:07:19|util.py|findPicLoop 循环找图结束 ./public/bmp/back.jpg
19:07:20|util.py|click 38 33
19:07:20|util.py|findPicLoop 循环找图开始 ./public/bmp/daily task.jpg
19:07:21|util.py|findPicLoop 循环找图结束 ./public/bmp/daily task.jpg
19:07:21|util.py|click 487 413
19:07:24|util.py|getNumbers 识数字开始
19:07:25|util.py|getNumbers 识数字结束
19:07:25|util.py|click 547 295
19:07:26|util.py|click 353 305
19:07:27|util.py|click 503 134
19:07:28|const.py|anchorProcess 出击步骤开始
19:07:29|const.py|今日不再提示判断 开始
19:07:30|util.py|findPicLoop 循环找图开始 ./public/bmp/anchor.bmp
19:07:30|util.py|findPicLoop 循环找图结束 ./public/bmp/anchor.bmp
19:07:31|util.py|click 770 429
19:07:31|const.py|自律 开始
19:07:32|const.py|船坞已满判断 开始
19:07:43|util.py|findPicLoop 循环找图开始 ./public/bmp/S.bmp
19:08:29|util.py|findPicLoop 循环找图结束 ./public/bmp/S.bmp
19:08:29|const.py|自律 结束
19:08:30|util.py|click 135 424
19:08:31|util.py|click 684 308
19:08:33|const.py|打捞到sr或ssr判断 开始
19:08:34|util.py|click 684 308
19:08:34|util.py|findPicLoop 循环找图开始 ./public/bmp/exp2.bmp
19:08:35|util.py|findPicLoop 循环找图结束 ./public/bmp/exp2.bmp
19:08:35|util.py|click 733 445
19:08:38|const.py|作战失败判断 开始
19:08:42|const.py|紧急委托判断 开始
19:08:42|const.py|anchorProcess 出击步骤结束
19:08:42|util.py|click 503 134
19:08:43|const.py|anchorProcess 出击步骤开始
19:08:44|const.py|今日不再提示判断 开始
19:08:45|util.py|findPicLoop 循环找图开始 ./public/bmp/anchor.bmp
19:08:45|util.py|findPicLoop 循环找图结束 ./public/bmp/anchor.bmp
19:08:46|util.py|click 770 429
19:08:47|const.py|自律 开始
19:08:47|const.py|船坞已满判断 开始
19:08:58|util.py|findPicLoop 循环找图开始 ./public/bmp/S.bmp
19:09:45|util.py|findPicLoop 循环找图结束 ./public/bmp/S.bmp
19:09:45|const.py|自律 结束
19:09:46|util.py|click 135 424
19:09:48|util.py|click 684 308
19:09:49|const.py|打捞到sr或ssr判断 开始
19:09:50|util.py|click 684 308
19:09:50|util.py|findPicLoop 循环找图开始 ./public/bmp/exp2.bmp
19:09:51|util.py|findPicLoop 循环找图结束 ./public/bmp/exp2.bmp
19:09:51|util.py|click 733 445
19:09:54|const.py|作战失败判断 开始
19:09:58|const.py|紧急委托判断 开始
19:09:58|const.py|anchorProcess 出击步骤结束
19:09:58|util.py|click 503 134
19:09:59|const.py|anchorProcess 出击步骤开始
19:10:00|const.py|今日不再提示判断 开始
19:10:01|util.py|findPicLoop 循环找图开始 ./public/bmp/anchor.bmp
19:10:01|util.py|findPicLoop 循环找图结束 ./public/bmp/anchor.bmp
19:10:02|util.py|click 770 429
19:10:03|const.py|自律 开始
19:10:03|const.py|船坞已满判断 开始
19:10:14|util.py|findPicLoop 循环找图开始 ./public/bmp/S.bmp
19:11:01|util.py|findPicLoop 循环找图结束 ./public/bmp/S.bmp
19:11:01|const.py|自律 结束
19:11:02|util.py|click 135 424
19:11:03|util.py|click 684 308
19:11:05|const.py|打捞到sr或ssr判断 开始
19:11:06|util.py|click 684 308
19:11:06|util.py|findPicLoop 循环找图开始 ./public/bmp/exp2.bmp
19:11:07|util.py|findPicLoop 循环找图结束 ./public/bmp/exp2.bmp
19:11:07|util.py|click 733 445
19:11:10|const.py|作战失败判断 开始
19:11:14|const.py|紧急委托判断 开始
19:11:14|const.py|anchorProcess 出击步骤结束
19:11:14|util.py|findPicLoop 循环找图开始 ./public/bmp/back.jpg
19:11:15|util.py|findPicLoop 循环找图结束 ./public/bmp/back.jpg
19:11:16|util.py|click 38 33
19:11:17|const.py|backMainProcess 返回主页面开始
19:11:18|util.py|click 838 25
19:11:23|2演习.py|演习脚本开始
19:11:24|const.py|backMainProcess 返回主页面开始
19:11:25|const.py|backMainProcess 返回主页面结束
19:11:25|util.py|findPicLoop 循环找图开始 ./public/bmp/weigh anchor.jpg
19:11:26|util.py|findPicLoop 循环找图结束 ./public/bmp/weigh anchor.jpg
19:11:26|util.py|click 729 244
19:11:26|util.py|findPicLoop 循环找图开始 ./public/bmp/exercise.jpg
19:11:27|util.py|findPicLoop 循环找图结束 ./public/bmp/exercise.jpg
19:11:27|util.py|click 700 413
19:11:29|util.py|getNumbers 识数字开始
19:11:30|util.py|getNumbers 识数字结束
19:11:30|util.py|getNumbers 识数字开始
19:11:31|util.py|getNumbers 识数字结束
19:11:31|util.py|getNumbers 识数字开始
19:11:32|util.py|getNumbers 识数字结束
19:11:32|util.py|getNumbers 识数字开始
19:11:33|util.py|getNumbers 识数字结束
19:11:33|util.py|getNumbers 识数字开始
19:11:34|util.py|getNumbers 识数字结束
19:11:34|util.py|click 322 173
19:11:35|util.py|findPicLoop 循环找图开始 ./public/bmp/start excise.jpg
19:11:35|util.py|findPicLoop 循环找图结束 ./public/bmp/start excise.jpg
19:11:35|util.py|click 433 384
19:11:36|const.py|anchorProcess 出击步骤开始
19:11:37|const.py|今日不再提示判断 开始
19:11:38|util.py|findPicLoop 循环找图开始 ./public/bmp/anchor.bmp
19:11:38|util.py|findPicLoop 循环找图结束 ./public/bmp/anchor.bmp
19:11:39|util.py|click 770 429
19:11:39|const.py|自律 开始
19:11:40|const.py|船坞已满判断 开始
19:11:51|util.py|findPicLoop 循环找图开始 ./public/bmp/S.bmp
19:11:52|util.py|findPicLoop 循环找图结束 ./public/bmp/S.bmp
19:11:52|const.py|自律 结束
19:11:53|util.py|click 135 424
19:11:55|util.py|click 684 308
19:11:57|const.py|打捞到sr或ssr判断 开始
19:11:57|util.py|click 684 308
19:11:57|util.py|findPicLoop 循环找图开始 ./public/bmp/exp2.bmp
19:11:58|util.py|findPicLoop 循环找图结束 ./public/bmp/exp2.bmp
19:11:58|util.py|click 733 445
19:12:01|const.py|作战失败判断 开始
19:12:05|const.py|紧急委托判断 开始
19:12:05|const.py|anchorProcess 出击步骤结束
19:12:06|util.py|getNumbers 识数字开始
19:12:07|util.py|getNumbers 识数字结束
19:12:07|util.py|getNumbers 识数字开始
19:12:08|util.py|getNumbers 识数字结束
19:12:08|util.py|getNumbers 识数字开始
19:12:09|util.py|getNumbers 识数字结束
19:12:09|util.py|getNumbers 识数字开始
19:12:10|util.py|getNumbers 识数字结束
19:12:10|util.py|getNumbers 识数字开始
19:12:11|util.py|getNumbers 识数字结束
19:12:11|util.py|click 487 175
19:12:12|util.py|findPicLoop 循环找图开始 ./public/bmp/start excise.jpg
19:12:13|util.py|findPicLoop 循环找图结束 ./public/bmp/start excise.jpg
19:12:13|util.py|click 433 384
19:12:14|const.py|anchorProcess 出击步骤开始
19:12:14|const.py|今日不再提示判断 开始
19:12:15|util.py|findPicLoop 循环找图开始 ./public/bmp/anchor.bmp
19:12:16|util.py|findPicLoop 循环找图结束 ./public/bmp/anchor.bmp
19:12:17|util.py|click 770 429
19:12:17|const.py|自律 开始
19:12:18|const.py|船坞已满判断 开始
19:12:28|util.py|findPicLoop 循环找图开始 ./public/bmp/S.bmp
19:12:34|util.py|findPicLoop 循环找图结束 ./public/bmp/S.bmp
19:12:34|const.py|自律 结束
19:12:35|util.py|click 135 424
19:12:36|util.py|click 684 308
19:12:38|const.py|打捞到sr或ssr判断 开始
19:12:38|util.py|click 684 308
19:12:39|util.py|findPicLoop 循环找图开始 ./public/bmp/exp2.bmp
19:12:39|util.py|findPicLoop 循环找图结束 ./public/bmp/exp2.bmp
19:12:39|util.py|click 733 445
19:12:43|const.py|作战失败判断 开始
19:12:46|const.py|紧急委托判断 开始
19:12:47|const.py|anchorProcess 出击步骤结束
19:12:48|util.py|getNumbers 识数字开始
19:12:49|util.py|getNumbers 识数字结束
19:12:49|util.py|getNumbers 识数字开始
19:12:50|util.py|getNumbers 识数字结束
19:12:50|util.py|getNumbers 识数字开始
19:12:51|util.py|getNumbers 识数字结束
19:12:51|util.py|getNumbers 识数字开始
19:12:52|util.py|getNumbers 识数字结束
19:12:52|util.py|getNumbers 识数字开始
19:12:53|util.py|getNumbers 识数字结束
19:12:53|util.py|click 322 173
19:12:54|util.py|findPicLoop 循环找图开始 ./public/bmp/start excise.jpg
19:12:54|util.py|findPicLoop 循环找图结束 ./public/bmp/start excise.jpg
19:12:54|util.py|click 433 384
19:12:55|const.py|anchorProcess 出击步骤开始
19:12:56|const.py|今日不再提示判断 开始
19:12:57|util.py|findPicLoop 循环找图开始 ./public/bmp/anchor.bmp
19:12:57|util.py|findPicLoop 循环找图结束 ./public/bmp/anchor.bmp
19:12:58|util.py|click 770 429
19:12:58|const.py|自律 开始
19:12:59|const.py|船坞已满判断 开始
19:13:10|util.py|findPicLoop 循环找图开始 ./public/bmp/S.bmp
19:13:26|util.py|findPicLoop 循环找图结束 ./public/bmp/S.bmp
19:13:26|const.py|自律 结束
19:13:27|util.py|click 135 424
19:13:28|util.py|click 684 308
19:13:30|const.py|打捞到sr或ssr判断 开始
19:13:31|util.py|click 684 308
19:13:31|util.py|findPicLoop 循环找图开始 ./public/bmp/exp2.bmp
19:13:32|util.py|findPicLoop 循环找图结束 ./public/bmp/exp2.bmp
19:13:32|util.py|click 733 445
19:13:35|const.py|作战失败判断 开始
19:13:39|const.py|紧急委托判断 开始
19:13:39|const.py|anchorProcess 出击步骤结束
19:13:40|util.py|getNumbers 识数字开始
19:13:41|util.py|getNumbers 识数字结束
19:13:41|util.py|getNumbers 识数字开始
19:13:42|util.py|getNumbers 识数字结束
19:13:42|util.py|getNumbers 识数字开始
19:13:43|util.py|getNumbers 识数字结束
19:13:43|util.py|getNumbers 识数字开始
19:13:44|util.py|getNumbers 识数字结束
19:13:44|util.py|getNumbers 识数字开始
19:13:45|util.py|getNumbers 识数字结束
19:13:45|util.py|click 157 170
19:13:46|util.py|findPicLoop 循环找图开始 ./public/bmp/start excise.jpg
19:13:46|util.py|findPicLoop 循环找图结束 ./public/bmp/start excise.jpg
19:13:46|util.py|click 433 384
19:13:47|const.py|anchorProcess 出击步骤开始
19:13:48|const.py|今日不再提示判断 开始
19:13:49|util.py|findPicLoop 循环找图开始 ./public/bmp/anchor.bmp
19:13:49|util.py|findPicLoop 循环找图结束 ./public/bmp/anchor.bmp
19:13:50|util.py|click 770 429
19:13:51|const.py|自律 开始
19:13:51|const.py|船坞已满判断 开始
19:14:02|util.py|findPicLoop 循环找图开始 ./public/bmp/S.bmp
19:14:04|util.py|findPicLoop 循环找图结束 ./public/bmp/S.bmp
19:14:04|const.py|自律 结束
19:14:06|util.py|click 135 424
19:14:07|util.py|click 684 308
19:14:09|const.py|打捞到sr或ssr判断 开始
19:14:09|util.py|click 684 308
19:14:10|util.py|findPicLoop 循环找图开始 ./public/bmp/exp2.bmp
19:14:10|util.py|findPicLoop 循环找图结束 ./public/bmp/exp2.bmp
19:14:10|util.py|click 733 445
19:14:13|const.py|作战失败判断 开始
19:14:17|const.py|紧急委托判断 开始
19:14:18|const.py|anchorProcess 出击步骤结束
19:14:19|util.py|getNumbers 识数字开始
19:14:20|util.py|getNumbers 识数字结束
19:14:20|util.py|getNumbers 识数字开始
19:14:21|util.py|getNumbers 识数字结束
19:14:21|util.py|getNumbers 识数字开始
19:14:22|util.py|getNumbers 识数字结束
19:14:22|util.py|getNumbers 识数字开始
19:14:23|util.py|getNumbers 识数字结束
19:14:23|util.py|getNumbers 识数字开始
19:14:24|util.py|getNumbers 识数字结束
19:14:24|util.py|click 157 170
19:14:25|util.py|findPicLoop 循环找图开始 ./public/bmp/start excise.jpg
19:14:25|util.py|findPicLoop 循环找图结束 ./public/bmp/start excise.jpg
19:14:25|util.py|click 433 384
19:14:26|const.py|anchorProcess 出击步骤开始
19:14:27|const.py|今日不再提示判断 开始
19:14:27|util.py|findPicLoop 循环找图开始 ./public/bmp/anchor.bmp
19:14:28|util.py|findPicLoop 循环找图结束 ./public/bmp/anchor.bmp
19:14:29|util.py|click 770 429
19:14:29|const.py|自律 开始
19:14:30|const.py|船坞已满判断 开始
19:14:41|util.py|findPicLoop 循环找图开始 ./public/bmp/S.bmp
19:14:47|util.py|findPicLoop 循环找图结束 ./public/bmp/S.bmp
19:14:47|const.py|自律 结束
19:14:48|util.py|click 135 424
19:14:49|util.py|click 684 308
19:14:51|const.py|打捞到sr或ssr判断 开始
19:14:52|util.py|click 684 308
19:14:52|util.py|findPicLoop 循环找图开始 ./public/bmp/exp2.bmp
19:14:53|util.py|findPicLoop 循环找图结束 ./public/bmp/exp2.bmp
19:14:53|util.py|click 733 445
19:14:56|const.py|作战失败判断 开始
19:15:00|const.py|紧急委托判断 开始
19:15:00|const.py|anchorProcess 出击步骤结束
19:15:01|util.py|getNumbers 识数字开始
19:15:02|util.py|getNumbers 识数字结束
19:15:02|util.py|getNumbers 识数字开始
19:15:03|util.py|getNumbers 识数字结束
19:15:03|util.py|getNumbers 识数字开始
19:15:04|util.py|getNumbers 识数字结束
19:15:04|util.py|getNumbers 识数字开始
19:15:05|util.py|getNumbers 识数字结束
19:15:05|util.py|getNumbers 识数字开始
19:15:06|util.py|getNumbers 识数字结束
19:15:06|util.py|click 157 170
19:15:07|util.py|findPicLoop 循环找图开始 ./public/bmp/start excise.jpg
19:15:08|util.py|findPicLoop 循环找图结束 ./public/bmp/start excise.jpg
19:15:08|util.py|click 433 384
19:15:09|const.py|anchorProcess 出击步骤开始
19:15:09|const.py|今日不再提示判断 开始
19:15:10|util.py|findPicLoop 循环找图开始 ./public/bmp/anchor.bmp
19:15:11|util.py|findPicLoop 循环找图结束 ./public/bmp/anchor.bmp
19:15:11|util.py|click 770 429
19:15:12|const.py|自律 开始
19:15:13|const.py|船坞已满判断 开始
19:15:23|util.py|findPicLoop 循环找图开始 ./public/bmp/S.bmp
19:15:25|util.py|findPicLoop 循环找图结束 ./public/bmp/S.bmp
19:15:25|const.py|自律 结束
19:15:26|util.py|click 135 424
19:15:27|util.py|click 684 308
19:15:29|const.py|打捞到sr或ssr判断 开始
19:15:30|util.py|click 684 308
19:15:30|util.py|findPicLoop 循环找图开始 ./public/bmp/exp2.bmp
19:15:31|util.py|findPicLoop 循环找图结束 ./public/bmp/exp2.bmp
19:15:31|util.py|click 733 445
19:15:34|const.py|作战失败判断 开始
19:15:38|const.py|紧急委托判断 开始
19:15:38|const.py|anchorProcess 出击步骤结束
19:15:39|util.py|getNumbers 识数字开始
19:15:40|util.py|getNumbers 识数字结束
19:15:40|util.py|getNumbers 识数字开始
19:15:41|util.py|getNumbers 识数字结束
19:15:41|util.py|getNumbers 识数字开始
19:15:42|util.py|getNumbers 识数字结束
19:15:42|util.py|getNumbers 识数字开始
19:15:43|util.py|getNumbers 识数字结束
19:15:43|util.py|getNumbers 识数字开始
19:15:44|util.py|getNumbers 识数字结束
19:15:44|util.py|click 654 173
19:15:45|util.py|findPicLoop 循环找图开始 ./public/bmp/start excise.jpg
19:15:45|util.py|findPicLoop 循环找图结束 ./public/bmp/start excise.jpg
19:15:45|util.py|click 433 384
19:15:46|const.py|anchorProcess 出击步骤开始
19:15:47|const.py|今日不再提示判断 开始
19:15:48|util.py|findPicLoop 循环找图开始 ./public/bmp/anchor.bmp
19:15:48|util.py|findPicLoop 循环找图结束 ./public/bmp/anchor.bmp
19:15:49|util.py|click 770 429
19:15:50|const.py|自律 开始
19:15:50|const.py|船坞已满判断 开始
19:16:01|util.py|findPicLoop 循环找图开始 ./public/bmp/S.bmp
19:21:01|const.py|anchorProcess 出击步骤开始
19:21:02|const.py|今日不再提示判断 开始
19:21:03|util.py|findPicLoop 循环找图开始 ./public/bmp/anchor.bmp
19:21:03|util.py|findPicLoop 循环找图结束 ./public/bmp/anchor.bmp
19:21:04|util.py|click 770 429
19:21:04|const.py|自律 开始
19:21:05|const.py|船坞已满判断 开始
19:21:16|util.py|findPicLoop 循环找图开始 ./public/bmp/S.bmp
19:21:50|util.py|findPicLoop 循环找图结束 ./public/bmp/S.bmp
19:21:50|const.py|自律 结束
19:21:51|util.py|click 135 424
19:21:53|util.py|click 684 308
19:21:55|const.py|打捞到sr或ssr判断 开始
19:21:55|util.py|click 684 308
19:21:55|util.py|findPicLoop 循环找图开始 ./public/bmp/exp2.bmp
19:21:56|util.py|findPicLoop 循环找图结束 ./public/bmp/exp2.bmp
19:21:56|util.py|click 733 445
19:21:59|const.py|作战失败判断 开始
19:22:03|const.py|紧急委托判断 开始
19:22:04|const.py|anchorProcess 出击步骤结束
19:22:09|const.py|anchorProcess 出击步骤开始
19:22:10|const.py|今日不再提示判断 开始
19:22:10|util.py|findPicLoop 循环找图开始 ./public/bmp/anchor.bmp
19:22:12|util.py|findPicLoop 循环找图结束 ./public/bmp/anchor.bmp
19:22:13|util.py|click 770 429
19:22:13|const.py|自律 开始
19:22:14|const.py|船坞已满判断 开始
19:22:25|util.py|findPicLoop 循环找图开始 ./public/bmp/S.bmp
19:22:53|util.py|findPicLoop 循环找图结束 ./public/bmp/S.bmp
19:22:53|const.py|自律 结束
19:22:54|util.py|click 135 424
19:22:55|util.py|click 684 308
19:22:57|const.py|打捞到sr或ssr判断 开始
19:22:58|util.py|click 684 308
19:22:58|util.py|findPicLoop 循环找图开始 ./public/bmp/exp2.bmp
19:22:59|util.py|findPicLoop 循环找图结束 ./public/bmp/exp2.bmp
19:22:59|util.py|click 733 445
19:23:02|const.py|作战失败判断 开始
19:23:06|const.py|紧急委托判断 开始
19:23:06|const.py|anchorProcess 出击步骤结束
19:23:11|const.py|anchorProcess 出击步骤开始
19:23:12|const.py|今日不再提示判断 开始
19:23:13|util.py|findPicLoop 循环找图开始 ./public/bmp/anchor.bmp
19:23:13|util.py|findPicLoop 循环找图结束 ./public/bmp/anchor.bmp
19:23:14|util.py|click 770 429
19:23:14|const.py|自律 开始
19:23:15|const.py|船坞已满判断 开始
19:23:26|util.py|findPicLoop 循环找图开始 ./public/bmp/S.bmp
19:24:15|util.py|findPicLoop 循环找图结束 ./public/bmp/S.bmp
19:24:15|const.py|自律 结束
19:24:16|util.py|click 135 424
19:24:17|util.py|click 684 308
19:24:19|const.py|打捞到sr或ssr判断 开始
19:24:20|util.py|click 684 308
19:24:20|util.py|findPicLoop 循环找图开始 ./public/bmp/exp2.bmp
19:24:21|util.py|findPicLoop 循环找图结束 ./public/bmp/exp2.bmp
19:24:21|util.py|click 733 445
19:24:24|const.py|作战失败判断 开始
19:24:28|const.py|紧急委托判断 开始
19:24:29|const.py|anchorProcess 出击步骤结束
19:24:34|const.py|anchorProcess 出击步骤开始
19:24:34|const.py|今日不再提示判断 开始
19:24:35|util.py|findPicLoop 循环找图开始 ./public/bmp/anchor.bmp
19:24:39|util.py|findPicLoop 循环找图结束 ./public/bmp/anchor.bmp
19:24:40|util.py|click 770 429
19:24:40|const.py|自律 开始
19:24:41|const.py|船坞已满判断 开始
19:24:52|util.py|findPicLoop 循环找图开始 ./public/bmp/S.bmp
19:25:23|util.py|findPicLoop 循环找图结束 ./public/bmp/S.bmp
19:25:23|const.py|自律 结束
19:25:24|util.py|click 135 424
19:25:25|util.py|click 684 308
19:25:27|const.py|打捞到sr或ssr判断 开始
19:25:28|util.py|click 684 308
19:25:28|util.py|findPicLoop 循环找图开始 ./public/bmp/exp2.bmp
19:25:29|util.py|findPicLoop 循环找图结束 ./public/bmp/exp2.bmp
19:25:29|util.py|click 733 445
19:25:32|const.py|作战失败判断 开始
19:25:36|const.py|紧急委托判断 开始
19:25:36|const.py|anchorProcess 出击步骤结束
19:25:41|const.py|anchorProcess 出击步骤开始
19:25:42|const.py|今日不再提示判断 开始
19:25:43|util.py|findPicLoop 循环找图开始 ./public/bmp/anchor.bmp
19:25:43|util.py|findPicLoop 循环找图结束 ./public/bmp/anchor.bmp
19:25:44|util.py|click 770 429
19:25:45|const.py|自律 开始
19:25:45|const.py|船坞已满判断 开始
19:25:56|util.py|findPicLoop 循环找图开始 ./public/bmp/S.bmp
19:26:40|util.py|findPicLoop 循环找图结束 ./public/bmp/S.bmp
19:26:40|const.py|自律 结束
19:26:42|util.py|click 135 424
19:26:43|util.py|click 684 308
19:26:45|const.py|打捞到sr或ssr判断 开始
19:26:45|util.py|click 684 308
19:26:46|util.py|findPicLoop 循环找图开始 ./public/bmp/exp2.bmp
19:26:46|util.py|findPicLoop 循环找图结束 ./public/bmp/exp2.bmp
19:26:46|util.py|click 733 445
19:26:50|const.py|作战失败判断 开始
19:26:53|const.py|紧急委托判断 开始
19:26:54|const.py|anchorProcess 出击步骤结束
19:26:59|const.py|anchorProcess 出击步骤开始
19:27:00|const.py|今日不再提示判断 开始
19:27:00|util.py|findPicLoop 循环找图开始 ./public/bmp/anchor.bmp
19:27:01|util.py|findPicLoop 循环找图结束 ./public/bmp/anchor.bmp
19:27:02|util.py|click 770 429
19:27:02|const.py|自律 开始
19:27:03|const.py|船坞已满判断 开始
19:27:14|util.py|findPicLoop 循环找图开始 ./public/bmp/S.bmp
19:28:30|util.py|findPicLoop 循环找图结束 ./public/bmp/S.bmp
19:28:30|const.py|自律 结束
19:28:31|util.py|click 135 424
19:28:33|util.py|click 684 308
19:28:35|const.py|打捞到sr或ssr判断 开始
19:28:35|util.py|click 684 308
19:28:35|util.py|findPicLoop 循环找图开始 ./public/bmp/exp2.bmp
19:28:36|util.py|findPicLoop 循环找图结束 ./public/bmp/exp2.bmp
19:28:36|util.py|click 733 445
19:28:39|const.py|作战失败判断 开始
19:28:43|const.py|紧急委托判断 开始
19:28:43|const.py|紧急委托
19:28:43|util.py|click 433 347
19:28:44|const.py|anchorProcess 出击步骤结束
19:28:49|const.py|anchorProcess 出击步骤开始
19:28:50|const.py|今日不再提示判断 开始
19:28:50|util.py|findPicLoop 循环找图开始 ./public/bmp/anchor.bmp
19:28:53|util.py|findPicLoop 循环找图结束 ./public/bmp/anchor.bmp
19:28:53|util.py|click 770 429
19:28:54|const.py|自律 开始
19:28:54|const.py|船坞已满判断 开始
19:29:05|util.py|findPicLoop 循环找图开始 ./public/bmp/S.bmp
19:30:51|util.py|findPicLoop 循环找图结束 ./public/bmp/S.bmp
19:30:51|const.py|自律 结束
19:30:52|util.py|click 135 424
19:30:53|util.py|click 684 308
19:30:55|const.py|打捞到sr或ssr判断 开始
19:30:56|util.py|click 684 308
19:30:56|util.py|findPicLoop 循环找图开始 ./public/bmp/exp2.bmp
19:30:57|util.py|findPicLoop 循环找图结束 ./public/bmp/exp2.bmp
19:30:57|util.py|click 733 445
19:31:00|const.py|作战失败判断 开始
19:31:03|const.py|紧急委托判断 开始
19:31:04|const.py|anchorProcess 出击步骤结束
19:31:09|const.py|anchorProcess 出击步骤开始
19:31:10|const.py|今日不再提示判断 开始
19:31:10|util.py|findPicLoop 循环找图开始 ./public/bmp/anchor.bmp
19:31:18|util.py|findPicLoop 循环找图结束 ./public/bmp/anchor.bmp
19:31:18|util.py|click 770 429
19:31:19|const.py|自律 开始
19:31:20|const.py|船坞已满判断 开始
19:31:30|util.py|findPicLoop 循环找图开始 ./public/bmp/S.bmp
19:32:19|util.py|findPicLoop 循环找图结束 ./public/bmp/S.bmp
19:32:19|const.py|自律 结束
19:32:20|util.py|click 135 424
19:32:22|util.py|click 684 308
19:32:23|const.py|打捞到sr或ssr判断 开始
19:32:24|util.py|click 684 308
19:32:24|util.py|findPicLoop 循环找图开始 ./public/bmp/exp2.bmp
19:32:25|util.py|findPicLoop 循环找图结束 ./public/bmp/exp2.bmp
19:32:25|util.py|click 733 445
19:32:28|const.py|作战失败判断 开始
19:32:32|const.py|紧急委托判断 开始
19:32:33|const.py|anchorProcess 出击步骤结束
19:32:38|const.py|anchorProcess 出击步骤开始
19:32:38|const.py|今日不再提示判断 开始
19:32:39|util.py|findPicLoop 循环找图开始 ./public/bmp/anchor.bmp
19:32:40|util.py|findPicLoop 循环找图结束 ./public/bmp/anchor.bmp
19:32:40|util.py|click 770 429
19:32:41|const.py|自律 开始
19:32:42|const.py|船坞已满判断 开始
19:32:52|util.py|findPicLoop 循环找图开始 ./public/bmp/S.bmp
19:33:36|util.py|findPicLoop 循环找图结束 ./public/bmp/S.bmp
19:33:36|const.py|自律 结束
19:33:37|util.py|click 135 424
19:33:38|util.py|click 684 308
19:33:40|const.py|打捞到sr或ssr判断 开始
19:33:40|util.py|click 684 308
19:33:41|util.py|findPicLoop 循环找图开始 ./public/bmp/exp2.bmp
19:33:41|util.py|findPicLoop 循环找图结束 ./public/bmp/exp2.bmp
19:33:41|util.py|click 733 445
19:33:45|const.py|作战失败判断 开始
19:33:48|const.py|紧急委托判断 开始
19:33:49|const.py|anchorProcess 出击步骤结束
19:33:54|const.py|anchorProcess 出击步骤开始
19:33:55|const.py|今日不再提示判断 开始
19:33:55|util.py|findPicLoop 循环找图开始 ./public/bmp/anchor.bmp
19:33:56|util.py|findPicLoop 循环找图结束 ./public/bmp/anchor.bmp
19:33:57|util.py|click 770 429
19:33:57|const.py|自律 开始
19:33:58|const.py|船坞已满判断 开始
19:34:09|util.py|findPicLoop 循环找图开始 ./public/bmp/S.bmp
19:34:52|util.py|findPicLoop 循环找图结束 ./public/bmp/S.bmp
19:34:52|const.py|自律 结束
19:34:53|util.py|click 135 424
19:34:55|util.py|click 684 308
19:34:57|const.py|打捞到sr或ssr判断 开始
19:34:57|util.py|click 684 308
19:34:57|util.py|findPicLoop 循环找图开始 ./public/bmp/exp2.bmp
19:34:58|util.py|findPicLoop 循环找图结束 ./public/bmp/exp2.bmp
19:34:58|util.py|click 733 445
19:35:01|const.py|作战失败判断 开始
19:35:05|const.py|紧急委托判断 开始
19:35:06|const.py|anchorProcess 出击步骤结束
19:35:11|const.py|anchorProcess 出击步骤开始
19:35:11|const.py|今日不再提示判断 开始
19:35:12|util.py|findPicLoop 循环找图开始 ./public/bmp/anchor.bmp
19:35:13|util.py|findPicLoop 循环找图结束 ./public/bmp/anchor.bmp
19:35:14|util.py|click 770 429
19:35:14|const.py|自律 开始
19:35:15|const.py|船坞已满判断 开始
19:35:25|util.py|findPicLoop 循环找图开始 ./public/bmp/S.bmp
19:36:39|util.py|findPicLoop 循环找图结束 ./public/bmp/S.bmp
19:36:39|const.py|自律 结束
19:36:41|util.py|click 135 424
19:36:42|util.py|click 684 308
19:36:44|const.py|打捞到sr或ssr判断 开始
19:36:44|util.py|click 684 308
19:36:45|util.py|findPicLoop 循环找图开始 ./public/bmp/exp2.bmp
19:36:45|util.py|findPicLoop 循环找图结束 ./public/bmp/exp2.bmp
19:36:45|util.py|click 733 445
19:36:48|const.py|作战失败判断 开始
19:36:52|const.py|紧急委托判断 开始
19:36:53|const.py|anchorProcess 出击步骤结束
19:36:58|const.py|anchorProcess 出击步骤开始
19:36:59|const.py|今日不再提示判断 开始
19:36:59|util.py|findPicLoop 循环找图开始 ./public/bmp/anchor.bmp
19:37:00|util.py|findPicLoop 循环找图结束 ./public/bmp/anchor.bmp
19:37:01|util.py|click 770 429
19:37:01|const.py|自律 开始
19:37:02|const.py|船坞已满判断 开始
19:37:13|util.py|findPicLoop 循环找图开始 ./public/bmp/S.bmp
19:38:03|util.py|findPicLoop 循环找图结束 ./public/bmp/S.bmp
19:38:03|const.py|自律 结束
19:38:04|util.py|click 135 424
19:38:05|util.py|click 684 308
19:38:07|const.py|打捞到sr或ssr判断 开始
19:38:07|util.py|click 684 308
19:38:08|util.py|findPicLoop 循环找图开始 ./public/bmp/exp2.bmp
19:38:08|util.py|findPicLoop 循环找图结束 ./public/bmp/exp2.bmp
19:38:08|util.py|click 733 445
19:38:12|const.py|作战失败判断 开始
19:38:15|const.py|紧急委托判断 开始
19:38:16|const.py|anchorProcess 出击步骤结束
19:38:21|const.py|anchorProcess 出击步骤开始
19:38:22|const.py|今日不再提示判断 开始
19:38:22|util.py|findPicLoop 循环找图开始 ./public/bmp/anchor.bmp
19:38:23|util.py|findPicLoop 循环找图结束 ./public/bmp/anchor.bmp
19:38:24|util.py|click 770 429
19:38:24|const.py|自律 开始
19:38:25|const.py|船坞已满判断 开始
19:38:36|util.py|findPicLoop 循环找图开始 ./public/bmp/S.bmp
19:39:29|util.py|findPicLoop 循环找图结束 ./public/bmp/S.bmp
19:39:29|const.py|自律 结束
19:39:30|util.py|click 135 424
19:39:31|util.py|click 684 308
19:39:33|const.py|打捞到sr或ssr判断 开始
19:39:34|util.py|click 684 308
19:39:34|util.py|findPicLoop 循环找图开始 ./public/bmp/exp2.bmp
19:39:35|util.py|findPicLoop 循环找图结束 ./public/bmp/exp2.bmp
19:39:35|util.py|click 733 445
19:39:38|const.py|作战失败判断 开始
19:39:42|const.py|紧急委托判断 开始
19:39:42|const.py|anchorProcess 出击步骤结束
19:39:47|const.py|anchorProcess 出击步骤开始
19:39:48|const.py|今日不再提示判断 开始
19:39:49|util.py|findPicLoop 循环找图开始 ./public/bmp/anchor.bmp
19:39:50|util.py|findPicLoop 循环找图结束 ./public/bmp/anchor.bmp
19:39:50|util.py|click 770 429
19:39:51|const.py|自律 开始
19:39:51|const.py|船坞已满判断 开始
19:40:02|util.py|findPicLoop 循环找图开始 ./public/bmp/S.bmp
19:40:47|util.py|findPicLoop 循环找图结束 ./public/bmp/S.bmp
19:40:47|const.py|自律 结束
19:40:48|util.py|click 135 424
19:40:49|util.py|click 684 308
19:40:51|const.py|打捞到sr或ssr判断 开始
19:40:51|util.py|click 684 308
19:40:52|util.py|findPicLoop 循环找图开始 ./public/bmp/exp2.bmp
19:40:52|util.py|findPicLoop 循环找图结束 ./public/bmp/exp2.bmp
19:40:52|util.py|click 733 445
19:40:56|const.py|作战失败判断 开始
19:40:59|const.py|紧急委托判断 开始
19:41:00|const.py|anchorProcess 出击步骤结束
19:41:05|const.py|anchorProcess 出击步骤开始
19:41:06|const.py|今日不再提示判断 开始
19:41:06|util.py|findPicLoop 循环找图开始 ./public/bmp/anchor.bmp
19:41:12|util.py|findPicLoop 循环找图结束 ./public/bmp/anchor.bmp
19:41:12|util.py|click 770 429
19:41:13|const.py|自律 开始
19:41:13|const.py|船坞已满判断 开始
19:41:24|util.py|findPicLoop 循环找图开始 ./public/bmp/S.bmp
19:43:11|util.py|findPicLoop 循环找图结束 ./public/bmp/S.bmp
19:43:11|const.py|自律 结束
19:43:12|util.py|click 135 424
19:43:13|util.py|click 684 308
19:43:15|const.py|打捞到sr或ssr判断 开始
19:43:16|util.py|click 684 308
19:43:16|util.py|findPicLoop 循环找图开始 ./public/bmp/exp2.bmp
19:43:17|util.py|findPicLoop 循环找图结束 ./public/bmp/exp2.bmp
19:43:17|util.py|click 733 445
19:43:20|const.py|作战失败判断 开始
19:43:24|const.py|紧急委托判断 开始
19:43:24|const.py|紧急委托
19:43:24|util.py|click 433 347
19:43:25|const.py|anchorProcess 出击步骤结束
19:43:30|const.py|anchorProcess 出击步骤开始
19:43:30|const.py|今日不再提示判断 开始
19:43:31|util.py|findPicLoop 循环找图开始 ./public/bmp/anchor.bmp
19:43:32|util.py|findPicLoop 循环找图结束 ./public/bmp/anchor.bmp
19:43:33|util.py|click 772 429
19:43:33|const.py|自律 开始
19:43:34|const.py|船坞已满判断 开始
19:43:45|util.py|findPicLoop 循环找图开始 ./public/bmp/S.bmp
19:44:29|util.py|findPicLoop 循环找图结束 ./public/bmp/S.bmp
19:44:29|const.py|自律 结束
19:44:31|util.py|click 135 424
19:44:32|util.py|click 684 308
19:44:34|const.py|打捞到sr或ssr判断 开始
19:44:34|util.py|click 684 308
19:44:35|util.py|findPicLoop 循环找图开始 ./public/bmp/exp2.bmp
19:44:35|util.py|findPicLoop 循环找图结束 ./public/bmp/exp2.bmp
19:44:35|util.py|click 733 445
19:44:38|const.py|作战失败判断 开始
19:44:42|const.py|紧急委托判断 开始
19:44:43|const.py|anchorProcess 出击步骤结束
19:44:48|const.py|anchorProcess 出击步骤开始
19:44:48|const.py|今日不再提示判断 开始
19:44:49|util.py|findPicLoop 循环找图开始 ./public/bmp/anchor.bmp
19:44:50|util.py|findPicLoop 循环找图结束 ./public/bmp/anchor.bmp
19:44:51|util.py|click 770 429
19:44:51|const.py|自律 开始
19:44:52|const.py|船坞已满判断 开始
19:45:02|util.py|findPicLoop 循环找图开始 ./public/bmp/S.bmp
19:46:09|util.py|findPicLoop 循环找图结束 ./public/bmp/S.bmp
19:46:09|const.py|自律 结束
19:46:11|util.py|click 135 424
19:46:12|util.py|click 684 308
19:46:14|const.py|打捞到sr或ssr判断 开始
19:46:14|util.py|click 684 308
19:46:15|util.py|findPicLoop 循环找图开始 ./public/bmp/exp2.bmp
19:46:15|util.py|findPicLoop 循环找图结束 ./public/bmp/exp2.bmp
19:46:15|util.py|click 733 445
19:46:18|const.py|作战失败判断 开始
19:46:22|const.py|紧急委托判断 开始
19:46:23|const.py|anchorProcess 出击步骤结束
19:46:28|const.py|anchorProcess 出击步骤开始
19:46:28|const.py|今日不再提示判断 开始
19:46:29|util.py|findPicLoop 循环找图开始 ./public/bmp/anchor.bmp
19:46:30|util.py|findPicLoop 循环找图结束 ./public/bmp/anchor.bmp
19:46:30|util.py|click 770 429
19:46:31|const.py|自律 开始
19:46:32|const.py|船坞已满判断 开始
19:46:42|util.py|findPicLoop 循环找图开始 ./public/bmp/S.bmp
19:47:28|util.py|findPicLoop 循环找图结束 ./public/bmp/S.bmp
19:47:28|const.py|自律 结束
19:47:29|util.py|click 135 424
19:47:30|util.py|click 684 308
19:47:32|const.py|打捞到sr或ssr判断 开始
19:47:33|util.py|click 684 308
19:47:33|util.py|findPicLoop 循环找图开始 ./public/bmp/exp2.bmp
19:47:33|util.py|findPicLoop 循环找图结束 ./public/bmp/exp2.bmp
19:47:33|util.py|click 733 445
19:47:37|const.py|作战失败判断 开始
19:47:41|const.py|紧急委托判断 开始
19:47:41|const.py|anchorProcess 出击步骤结束
19:47:46|const.py|anchorProcess 出击步骤开始
19:47:47|const.py|今日不再提示判断 开始
19:47:48|util.py|findPicLoop 循环找图开始 ./public/bmp/anchor.bmp
19:47:48|util.py|findPicLoop 循环找图结束 ./public/bmp/anchor.bmp
19:47:49|util.py|click 770 429
19:47:49|const.py|自律 开始
19:47:50|const.py|船坞已满判断 开始
19:48:01|util.py|findPicLoop 循环找图开始 ./public/bmp/S.bmp
19:48:29|util.py|findPicLoop 循环找图结束 ./public/bmp/S.bmp
19:48:29|const.py|自律 结束
19:48:30|util.py|click 135 424
19:48:31|util.py|click 684 308
19:48:33|const.py|打捞到sr或ssr判断 开始
19:48:34|util.py|click 684 308
19:48:34|util.py|findPicLoop 循环找图开始 ./public/bmp/exp2.bmp
19:48:35|util.py|findPicLoop 循环找图结束 ./public/bmp/exp2.bmp
19:48:35|util.py|click 733 445
19:48:38|const.py|作战失败判断 开始
19:48:42|const.py|紧急委托判断 开始
19:48:42|const.py|anchorProcess 出击步骤结束
19:48:47|const.py|anchorProcess 出击步骤开始
19:48:48|const.py|今日不再提示判断 开始
19:48:49|util.py|findPicLoop 循环找图开始 ./public/bmp/anchor.bmp
19:48:49|util.py|findPicLoop 循环找图结束 ./public/bmp/anchor.bmp
19:48:50|util.py|click 770 429
19:48:51|const.py|自律 开始
19:48:51|const.py|船坞已满判断 开始
19:49:02|util.py|findPicLoop 循环找图开始 ./public/bmp/S.bmp
19:49:46|util.py|findPicLoop 循环找图结束 ./public/bmp/S.bmp
19:49:46|const.py|自律 结束
19:49:47|util.py|click 135 424
19:49:49|util.py|click 684 308
19:49:50|const.py|打捞到sr或ssr判断 开始
19:49:51|util.py|click 684 308
19:49:51|util.py|findPicLoop 循环找图开始 ./public/bmp/exp2.bmp
19:49:52|util.py|findPicLoop 循环找图结束 ./public/bmp/exp2.bmp
19:49:52|util.py|click 733 445
19:49:55|const.py|作战失败判断 开始
19:49:59|const.py|紧急委托判断 开始
19:50:00|const.py|anchorProcess 出击步骤结束
19:50:05|const.py|anchorProcess 出击步骤开始
19:50:05|const.py|今日不再提示判断 开始
19:50:06|util.py|findPicLoop 循环找图开始 ./public/bmp/anchor.bmp
19:50:07|util.py|findPicLoop 循环找图结束 ./public/bmp/anchor.bmp
19:50:07|util.py|click 770 429
19:50:08|const.py|自律 开始
19:50:09|const.py|船坞已满判断 开始
19:50:19|util.py|findPicLoop 循环找图开始 ./public/bmp/S.bmp
19:51:11|util.py|findPicLoop 循环找图结束 ./public/bmp/S.bmp
19:51:11|const.py|自律 结束
19:51:13|util.py|click 135 424
19:51:14|util.py|click 684 308
19:51:16|const.py|打捞到sr或ssr判断 开始
19:51:16|util.py|click 684 308
19:51:17|util.py|findPicLoop 循环找图开始 ./public/bmp/exp2.bmp
19:51:17|util.py|findPicLoop 循环找图结束 ./public/bmp/exp2.bmp
19:51:17|util.py|click 733 445
19:51:20|const.py|作战失败判断 开始
19:51:24|const.py|紧急委托判断 开始
19:51:25|const.py|anchorProcess 出击步骤结束
19:51:30|const.py|anchorProcess 出击步骤开始
19:51:31|const.py|今日不再提示判断 开始
19:51:31|util.py|findPicLoop 循环找图开始 ./public/bmp/anchor.bmp
19:51:32|util.py|findPicLoop 循环找图结束 ./public/bmp/anchor.bmp
19:51:33|util.py|click 770 429
19:51:33|const.py|自律 开始
19:51:34|const.py|船坞已满判断 开始
19:51:45|util.py|findPicLoop 循环找图开始 ./public/bmp/S.bmp
19:53:04|util.py|findPicLoop 循环找图结束 ./public/bmp/S.bmp
19:53:04|const.py|自律 结束
19:53:05|util.py|click 135 424
19:53:06|util.py|click 684 308
19:53:08|const.py|打捞到sr或ssr判断 开始
19:53:09|const.py|打捞到sr或者ssr
19:53:09|util.py|click 684 308
19:53:11|util.py|click 684 308
19:53:12|util.py|findPicLoop 循环找图开始 ./public/bmp/exp2.bmp
19:53:12|util.py|findPicLoop 循环找图结束 ./public/bmp/exp2.bmp
19:53:12|util.py|click 733 445
19:53:16|const.py|作战失败判断 开始
19:53:19|const.py|紧急委托判断 开始
19:53:20|const.py|anchorProcess 出击步骤结束
19:53:33|const.py|anchorProcess 出击步骤开始
19:53:34|const.py|今日不再提示判断 开始
19:53:35|util.py|findPicLoop 循环找图开始 ./public/bmp/anchor.bmp
19:53:55|util.py|findPicLoop 循环找图结束 ./public/bmp/anchor.bmp
19:53:56|util.py|click 770 429
19:53:57|const.py|自律 开始
19:53:57|const.py|船坞已满判断 开始
19:54:08|util.py|findPicLoop 循环找图开始 ./public/bmp/S.bmp
19:54:52|util.py|findPicLoop 循环找图结束 ./public/bmp/S.bmp
19:54:52|const.py|自律 结束
19:54:53|util.py|click 135 424
19:54:54|util.py|click 684 308
19:54:56|const.py|打捞到sr或ssr判断 开始
19:54:57|util.py|click 684 308
19:54:57|util.py|findPicLoop 循环找图开始 ./public/bmp/exp2.bmp
19:54:58|util.py|findPicLoop 循环找图结束 ./public/bmp/exp2.bmp
19:54:58|util.py|click 733 445
19:55:02|const.py|作战失败判断 开始
19:55:05|const.py|紧急委托判断 开始
19:55:06|const.py|anchorProcess 出击步骤结束
19:55:11|const.py|anchorProcess 出击步骤开始
19:55:12|const.py|今日不再提示判断 开始
19:55:12|util.py|findPicLoop 循环找图开始 ./public/bmp/anchor.bmp
19:55:13|util.py|findPicLoop 循环找图结束 ./public/bmp/anchor.bmp
19:55:14|util.py|click 770 429
19:55:14|const.py|自律 开始
19:55:15|const.py|船坞已满判断 开始
19:55:26|util.py|findPicLoop 循环找图开始 ./public/bmp/S.bmp
19:55:42|util.py|findPicLoop 循环找图结束 ./public/bmp/S.bmp
19:55:42|const.py|自律 结束
19:55:43|util.py|click 135 424
19:55:45|util.py|click 684 308
19:55:47|const.py|打捞到sr或ssr判断 开始
19:55:47|util.py|click 684 308
19:55:48|util.py|findPicLoop 循环找图开始 ./public/bmp/exp2.bmp
19:55:49|util.py|findPicLoop 循环找图结束 ./public/bmp/exp2.bmp
19:55:49|util.py|click 733 445
19:55:52|const.py|作战失败判断 开始
19:55:56|const.py|紧急委托判断 开始
19:55:56|const.py|anchorProcess 出击步骤结束
19:56:01|const.py|anchorProcess 出击步骤开始
19:56:02|const.py|今日不再提示判断 开始
19:56:03|util.py|findPicLoop 循环找图开始 ./public/bmp/anchor.bmp
19:56:03|util.py|findPicLoop 循环找图结束 ./public/bmp/anchor.bmp
19:56:04|util.py|click 770 429
19:56:04|const.py|自律 开始
19:56:05|const.py|船坞已满判断 开始
19:56:16|util.py|findPicLoop 循环找图开始 ./public/bmp/S.bmp
19:57:02|util.py|findPicLoop 循环找图结束 ./public/bmp/S.bmp
19:57:02|const.py|自律 结束
19:57:03|util.py|click 135 424
19:57:04|util.py|click 684 308
19:57:06|const.py|打捞到sr或ssr判断 开始
19:57:07|util.py|click 684 308
19:57:07|util.py|findPicLoop 循环找图开始 ./public/bmp/exp2.bmp
19:57:08|util.py|findPicLoop 循环找图结束 ./public/bmp/exp2.bmp
19:57:08|util.py|click 733 445
19:57:11|const.py|作战失败判断 开始
19:57:15|const.py|紧急委托判断 开始
19:57:16|const.py|anchorProcess 出击步骤结束
19:57:21|const.py|anchorProcess 出击步骤开始
19:57:21|const.py|今日不再提示判断 开始
19:57:22|util.py|findPicLoop 循环找图开始 ./public/bmp/anchor.bmp
19:57:23|util.py|findPicLoop 循环找图结束 ./public/bmp/anchor.bmp
19:57:24|util.py|click 770 429
19:57:24|const.py|自律 开始
19:57:25|const.py|船坞已满判断 开始
19:57:35|util.py|findPicLoop 循环找图开始 ./public/bmp/S.bmp
19:57:58|util.py|findPicLoop 循环找图结束 ./public/bmp/S.bmp
19:57:58|const.py|自律 结束
19:57:59|util.py|click 135 424
19:58:00|util.py|click 684 308
19:58:02|const.py|打捞到sr或ssr判断 开始
19:58:02|util.py|click 684 308
19:58:03|util.py|findPicLoop 循环找图开始 ./public/bmp/exp2.bmp
19:58:04|util.py|findPicLoop 循环找图结束 ./public/bmp/exp2.bmp
19:58:04|util.py|click 733 445
19:58:07|const.py|作战失败判断 开始
19:58:11|const.py|紧急委托判断 开始
19:58:11|const.py|anchorProcess 出击步骤结束
19:58:16|const.py|anchorProcess 出击步骤开始
19:58:17|const.py|今日不再提示判断 开始
19:58:18|util.py|findPicLoop 循环找图开始 ./public/bmp/anchor.bmp
19:58:18|util.py|findPicLoop 循环找图结束 ./public/bmp/anchor.bmp
19:58:19|util.py|click 770 429
19:58:20|const.py|自律 开始
19:58:20|const.py|船坞已满判断 开始
19:58:31|util.py|findPicLoop 循环找图开始 ./public/bmp/S.bmp
19:59:04|util.py|findPicLoop 循环找图结束 ./public/bmp/S.bmp
19:59:04|const.py|自律 结束
19:59:05|util.py|click 135 424
19:59:06|util.py|click 684 308
19:59:08|const.py|打捞到sr或ssr判断 开始
19:59:09|util.py|click 684 308
19:59:09|util.py|findPicLoop 循环找图开始 ./public/bmp/exp2.bmp
19:59:10|util.py|findPicLoop 循环找图结束 ./public/bmp/exp2.bmp
19:59:10|util.py|click 733 445
19:59:13|const.py|作战失败判断 开始
19:59:14|const.py|作战失败
19:59:14|util.py|click 424 415
19:59:17|const.py|紧急委托判断 开始
19:59:17|const.py|紧急委托
19:59:17|util.py|click 433 347
19:59:18|const.py|anchorProcess 出击步骤结束
19:59:23|const.py|anchorProcess 出击步骤开始
19:59:24|const.py|今日不再提示判断 开始
19:59:24|util.py|findPicLoop 循环找图开始 ./public/bmp/anchor.bmp
19:59:25|util.py|findPicLoop 循环找图结束 ./public/bmp/anchor.bmp
19:59:26|util.py|click 770 429
19:59:26|const.py|自律 开始
19:59:27|const.py|船坞已满判断 开始
19:59:37|util.py|findPicLoop 循环找图开始 ./public/bmp/S.bmp
19:59:55|util.py|findPicLoop 循环找图结束 ./public/bmp/S.bmp
19:59:55|const.py|自律 结束
19:59:56|util.py|click 135 424
19:59:57|util.py|click 684 308
19:59:59|const.py|打捞到sr或ssr判断 开始
20:00:00|util.py|click 684 308
20:00:00|util.py|findPicLoop 循环找图开始 ./public/bmp/exp2.bmp
20:00:01|util.py|findPicLoop 循环找图结束 ./public/bmp/exp2.bmp
20:00:01|util.py|click 733 445
20:00:05|const.py|作战失败判断 开始
20:00:08|const.py|紧急委托判断 开始
20:00:09|const.py|anchorProcess 出击步骤结束
20:00:14|const.py|anchorProcess 出击步骤开始
20:00:15|const.py|今日不再提示判断 开始
20:00:15|util.py|findPicLoop 循环找图开始 ./public/bmp/anchor.bmp
20:00:16|util.py|findPicLoop 循环找图结束 ./public/bmp/anchor.bmp
20:00:17|util.py|click 770 429
20:00:17|const.py|自律 开始
20:00:18|const.py|船坞已满判断 开始
20:00:29|util.py|findPicLoop 循环找图开始 ./public/bmp/S.bmp
20:01:10|util.py|findPicLoop 循环找图结束 ./public/bmp/S.bmp
20:01:10|const.py|自律 结束
20:01:11|util.py|click 135 424
20:01:12|util.py|click 684 308
20:01:14|const.py|打捞到sr或ssr判断 开始
20:01:15|util.py|click 684 308
20:01:15|util.py|findPicLoop 循环找图开始 ./public/bmp/exp2.bmp
20:01:16|util.py|findPicLoop 循环找图结束 ./public/bmp/exp2.bmp
20:01:16|util.py|click 733 445
20:01:19|const.py|作战失败判断 开始
20:01:23|const.py|紧急委托判断 开始
20:01:23|const.py|anchorProcess 出击步骤结束
20:01:28|const.py|anchorProcess 出击步骤开始
20:01:29|const.py|今日不再提示判断 开始
20:01:30|util.py|findPicLoop 循环找图开始 ./public/bmp/anchor.bmp
20:01:45|util.py|findPicLoop 循环找图结束 ./public/bmp/anchor.bmp
20:01:45|util.py|click 770 429
20:01:46|const.py|自律 开始
20:01:46|const.py|船坞已满判断 开始
20:01:57|util.py|findPicLoop 循环找图开始 ./public/bmp/S.bmp
20:02:22|util.py|findPicLoop 循环找图结束 ./public/bmp/S.bmp
20:02:22|const.py|自律 结束
20:02:23|util.py|click 135 424
20:02:24|util.py|click 684 308
20:02:26|const.py|打捞到sr或ssr判断 开始
20:02:26|util.py|click 684 308
20:02:27|util.py|findPicLoop 循环找图开始 ./public/bmp/exp2.bmp
20:02:28|util.py|findPicLoop 循环找图结束 ./public/bmp/exp2.bmp
20:02:28|util.py|click 733 445
20:02:31|const.py|作战失败判断 开始
20:02:35|const.py|紧急委托判断 开始
20:02:35|const.py|anchorProcess 出击步骤结束
20:02:40|const.py|anchorProcess 出击步骤开始
20:02:41|const.py|今日不再提示判断 开始
20:02:42|util.py|findPicLoop 循环找图开始 ./public/bmp/anchor.bmp
20:02:42|util.py|findPicLoop 循环找图结束 ./public/bmp/anchor.bmp
20:02:43|util.py|click 770 429
20:02:44|const.py|自律 开始
20:02:44|const.py|船坞已满判断 开始
20:02:55|util.py|findPicLoop 循环找图开始 ./public/bmp/S.bmp
20:03:08|util.py|findPicLoop 循环找图结束 ./public/bmp/S.bmp
20:03:08|const.py|自律 结束
20:03:09|util.py|click 135 424
20:03:10|util.py|click 684 308
20:03:12|const.py|打捞到sr或ssr判断 开始
20:03:12|util.py|click 684 308
20:03:13|util.py|findPicLoop 循环找图开始 ./public/bmp/exp2.bmp
20:03:14|util.py|findPicLoop 循环找图结束 ./public/bmp/exp2.bmp
20:03:14|util.py|click 733 445
20:03:17|const.py|作战失败判断 开始
20:03:21|const.py|紧急委托判断 开始
20:03:21|const.py|anchorProcess 出击步骤结束
20:03:26|const.py|anchorProcess 出击步骤开始
20:03:27|const.py|今日不再提示判断 开始
20:03:28|util.py|findPicLoop 循环找图开始 ./public/bmp/anchor.bmp
20:03:28|util.py|findPicLoop 循环找图结束 ./public/bmp/anchor.bmp
20:03:29|util.py|click 770 429
20:03:30|const.py|自律 开始
20:03:30|const.py|船坞已满判断 开始
20:03:41|util.py|findPicLoop 循环找图开始 ./public/bmp/S.bmp
20:04:02|util.py|findPicLoop 循环找图结束 ./public/bmp/S.bmp
20:04:02|const.py|自律 结束
20:04:03|util.py|click 135 424
20:04:04|util.py|click 684 308
20:04:06|const.py|打捞到sr或ssr判断 开始
20:04:07|util.py|click 684 308
20:04:07|util.py|findPicLoop 循环找图开始 ./public/bmp/exp2.bmp
20:04:08|util.py|findPicLoop 循环找图结束 ./public/bmp/exp2.bmp
20:04:08|util.py|click 733 445
20:04:11|const.py|作战失败判断 开始
20:04:15|const.py|紧急委托判断 开始
20:04:16|const.py|anchorProcess 出击步骤结束
20:04:21|const.py|anchorProcess 出击步骤开始
20:04:22|const.py|今日不再提示判断 开始
20:04:22|util.py|findPicLoop 循环找图开始 ./public/bmp/anchor.bmp
20:04:23|util.py|findPicLoop 循环找图结束 ./public/bmp/anchor.bmp
20:04:24|util.py|click 770 429
20:04:24|const.py|自律 开始
20:04:25|const.py|船坞已满判断 开始
20:04:36|util.py|findPicLoop 循环找图开始 ./public/bmp/S.bmp
20:05:12|util.py|findPicLoop 循环找图结束 ./public/bmp/S.bmp
20:05:12|const.py|自律 结束
20:05:13|util.py|click 135 424
20:05:14|util.py|click 684 308
20:05:16|const.py|打捞到sr或ssr判断 开始
20:05:17|util.py|click 684 308
20:05:17|util.py|findPicLoop 循环找图开始 ./public/bmp/exp2.bmp
20:05:18|util.py|findPicLoop 循环找图结束 ./public/bmp/exp2.bmp
20:05:18|util.py|click 733 445
20:05:21|const.py|作战失败判断 开始
20:05:25|const.py|紧急委托判断 开始
20:05:26|const.py|anchorProcess 出击步骤结束
20:05:31|const.py|anchorProcess 出击步骤开始
20:05:32|const.py|今日不再提示判断 开始
20:05:32|util.py|findPicLoop 循环找图开始 ./public/bmp/anchor.bmp
20:05:33|util.py|findPicLoop 循环找图结束 ./public/bmp/anchor.bmp
20:05:34|util.py|click 770 429
20:05:34|const.py|自律 开始
20:05:35|const.py|船坞已满判断 开始
20:05:45|util.py|findPicLoop 循环找图开始 ./public/bmp/S.bmp
20:06:10|util.py|findPicLoop 循环找图结束 ./public/bmp/S.bmp
20:06:10|const.py|自律 结束
20:06:11|util.py|click 135 424
20:06:12|util.py|click 684 308
20:06:14|const.py|打捞到sr或ssr判断 开始
20:06:14|util.py|click 684 308
20:06:15|util.py|findPicLoop 循环找图开始 ./public/bmp/exp2.bmp
20:06:16|util.py|findPicLoop 循环找图结束 ./public/bmp/exp2.bmp
20:06:16|util.py|click 733 445
20:06:19|const.py|作战失败判断 开始
20:06:23|const.py|紧急委托判断 开始
20:06:23|const.py|anchorProcess 出击步骤结束
20:06:28|const.py|anchorProcess 出击步骤开始
20:06:29|const.py|今日不再提示判断 开始
20:06:30|util.py|findPicLoop 循环找图开始 ./public/bmp/anchor.bmp
20:06:30|util.py|findPicLoop 循环找图结束 ./public/bmp/anchor.bmp
20:06:31|util.py|click 770 429
20:06:32|const.py|自律 开始
20:06:32|const.py|船坞已满判断 开始
20:06:43|util.py|findPicLoop 循环找图开始 ./public/bmp/S.bmp
20:07:06|util.py|findPicLoop 循环找图结束 ./public/bmp/S.bmp
20:07:06|const.py|自律 结束
20:07:07|util.py|click 135 424
20:07:08|util.py|click 684 308
20:07:10|const.py|打捞到sr或ssr判断 开始
20:07:10|util.py|click 684 308
20:07:11|util.py|findPicLoop 循环找图开始 ./public/bmp/exp2.bmp
20:07:12|util.py|findPicLoop 循环找图结束 ./public/bmp/exp2.bmp
20:07:12|util.py|click 733 445
20:07:15|const.py|作战失败判断 开始
20:07:19|const.py|紧急委托判断 开始
20:07:19|const.py|anchorProcess 出击步骤结束
20:07:24|const.py|anchorProcess 出击步骤开始
20:07:25|const.py|今日不再提示判断 开始
20:07:26|util.py|findPicLoop 循环找图开始 ./public/bmp/anchor.bmp
20:07:36|util.py|findPicLoop 循环找图结束 ./public/bmp/anchor.bmp
20:07:37|util.py|click 770 429
20:07:37|const.py|自律 开始
20:07:38|const.py|船坞已满判断 开始
20:07:49|util.py|findPicLoop 循环找图开始 ./public/bmp/S.bmp
20:07:58|util.py|findPicLoop 循环找图结束 ./public/bmp/S.bmp
20:07:58|const.py|自律 结束
20:07:59|util.py|click 135 424
20:08:00|util.py|click 684 308
20:08:02|const.py|打捞到sr或ssr判断 开始
20:08:03|util.py|click 684 308
20:08:03|util.py|findPicLoop 循环找图开始 ./public/bmp/exp2.bmp
20:08:04|util.py|findPicLoop 循环找图结束 ./public/bmp/exp2.bmp
20:08:04|util.py|click 733 445
20:08:07|const.py|作战失败判断 开始
20:08:11|const.py|紧急委托判断 开始
20:08:12|const.py|anchorProcess 出击步骤结束
20:08:17|const.py|anchorProcess 出击步骤开始
20:08:17|const.py|今日不再提示判断 开始
20:08:18|util.py|findPicLoop 循环找图开始 ./public/bmp/anchor.bmp
20:08:19|util.py|findPicLoop 循环找图结束 ./public/bmp/anchor.bmp
20:08:19|util.py|click 770 429
20:08:20|const.py|自律 开始
20:08:21|const.py|船坞已满判断 开始
20:08:31|util.py|findPicLoop 循环找图开始 ./public/bmp/S.bmp
20:08:40|util.py|findPicLoop 循环找图结束 ./public/bmp/S.bmp
20:08:40|const.py|自律 结束
20:08:41|util.py|click 135 424
20:08:42|util.py|click 684 308
20:08:44|const.py|打捞到sr或ssr判断 开始
20:08:45|util.py|click 684 308
20:08:45|util.py|findPicLoop 循环找图开始 ./public/bmp/exp2.bmp
20:08:46|util.py|findPicLoop 循环找图结束 ./public/bmp/exp2.bmp
20:08:46|util.py|click 733 445
20:08:50|const.py|作战失败判断 开始
20:08:53|const.py|紧急委托判断 开始
20:08:54|const.py|anchorProcess 出击步骤结束
20:08:59|const.py|anchorProcess 出击步骤开始
20:09:00|const.py|今日不再提示判断 开始
20:09:01|util.py|findPicLoop 循环找图开始 ./public/bmp/anchor.bmp
20:09:01|util.py|findPicLoop 循环找图结束 ./public/bmp/anchor.bmp
20:09:02|util.py|click 770 429
20:09:02|const.py|自律 开始
20:09:03|const.py|船坞已满判断 开始
20:09:14|util.py|findPicLoop 循环找图开始 ./public/bmp/S.bmp
20:09:25|util.py|findPicLoop 循环找图结束 ./public/bmp/S.bmp
20:09:25|const.py|自律 结束
20:09:27|util.py|click 135 424
20:09:28|util.py|click 684 308
20:09:30|const.py|打捞到sr或ssr判断 开始
20:09:30|util.py|click 684 308
20:09:31|util.py|findPicLoop 循环找图开始 ./public/bmp/exp2.bmp
20:09:32|util.py|findPicLoop 循环找图结束 ./public/bmp/exp2.bmp
20:09:32|util.py|click 733 445
20:09:35|const.py|作战失败判断 开始
20:09:39|const.py|紧急委托判断 开始
20:09:39|const.py|anchorProcess 出击步骤结束
20:09:44|const.py|anchorProcess 出击步骤开始
20:09:45|const.py|今日不再提示判断 开始
20:09:46|util.py|findPicLoop 循环找图开始 ./public/bmp/anchor.bmp
20:09:46|util.py|findPicLoop 循环找图结束 ./public/bmp/anchor.bmp
20:09:47|util.py|click 770 429
20:09:47|const.py|自律 开始
20:09:48|const.py|船坞已满判断 开始
20:09:59|util.py|findPicLoop 循环找图开始 ./public/bmp/S.bmp
20:10:10|util.py|findPicLoop 循环找图结束 ./public/bmp/S.bmp
20:10:10|const.py|自律 结束
20:10:11|util.py|click 135 424
20:10:12|util.py|click 684 308
20:10:14|const.py|打捞到sr或ssr判断 开始
20:10:15|util.py|click 684 308
20:10:15|util.py|findPicLoop 循环找图开始 ./public/bmp/exp2.bmp
20:10:16|util.py|findPicLoop 循环找图结束 ./public/bmp/exp2.bmp
20:10:16|util.py|click 733 445
20:10:19|const.py|作战失败判断 开始
20:10:23|const.py|紧急委托判断 开始
20:10:24|const.py|anchorProcess 出击步骤结束
20:10:29|const.py|anchorProcess 出击步骤开始
20:10:29|const.py|今日不再提示判断 开始
20:10:30|util.py|findPicLoop 循环找图开始 ./public/bmp/anchor.bmp
20:10:47|util.py|findPicLoop 循环找图结束 ./public/bmp/anchor.bmp
20:10:48|util.py|click 770 429
20:10:48|const.py|自律 开始
20:10:49|const.py|船坞已满判断 开始
20:11:00|util.py|findPicLoop 循环找图开始 ./public/bmp/S.bmp
20:11:24|util.py|findPicLoop 循环找图结束 ./public/bmp/S.bmp
20:11:24|const.py|自律 结束
20:11:25|util.py|click 135 424
20:11:27|util.py|click 684 308
20:11:29|const.py|打捞到sr或ssr判断 开始
20:11:29|util.py|click 684 308
20:11:29|util.py|findPicLoop 循环找图开始 ./public/bmp/exp2.bmp
20:11:30|util.py|findPicLoop 循环找图结束 ./public/bmp/exp2.bmp
20:11:30|util.py|click 733 445
20:11:34|const.py|作战失败判断 开始
20:11:37|const.py|紧急委托判断 开始
20:11:38|const.py|anchorProcess 出击步骤结束
20:11:43|const.py|anchorProcess 出击步骤开始
20:11:44|const.py|今日不再提示判断 开始
20:11:45|util.py|findPicLoop 循环找图开始 ./public/bmp/anchor.bmp
20:11:45|util.py|findPicLoop 循环找图结束 ./public/bmp/anchor.bmp
20:11:46|util.py|click 770 429
20:11:46|const.py|自律 开始
20:11:47|const.py|船坞已满判断 开始
20:11:58|util.py|findPicLoop 循环找图开始 ./public/bmp/S.bmp
20:12:24|util.py|findPicLoop 循环找图结束 ./public/bmp/S.bmp
20:12:24|const.py|自律 结束
20:12:26|util.py|click 135 424
20:12:27|util.py|click 684 308
20:12:29|const.py|打捞到sr或ssr判断 开始
20:12:29|util.py|click 684 308
20:12:30|util.py|findPicLoop 循环找图开始 ./public/bmp/exp2.bmp
20:12:31|util.py|findPicLoop 循环找图结束 ./public/bmp/exp2.bmp
20:12:31|util.py|click 733 445
20:12:34|const.py|作战失败判断 开始
20:12:38|const.py|紧急委托判断 开始
20:12:38|const.py|anchorProcess 出击步骤结束
20:12:43|const.py|anchorProcess 出击步骤开始
20:12:44|const.py|今日不再提示判断 开始
20:12:45|util.py|findPicLoop 循环找图开始 ./public/bmp/anchor.bmp
20:12:45|util.py|findPicLoop 循环找图结束 ./public/bmp/anchor.bmp
20:12:46|util.py|click 770 429
20:12:46|const.py|自律 开始
20:12:47|const.py|船坞已满判断 开始
20:12:58|util.py|findPicLoop 循环找图开始 ./public/bmp/S.bmp
20:13:21|util.py|findPicLoop 循环找图结束 ./public/bmp/S.bmp
20:13:21|const.py|自律 结束
20:13:22|util.py|click 135 424
20:13:23|util.py|click 684 308
20:13:25|const.py|打捞到sr或ssr判断 开始
20:13:26|util.py|click 684 308
20:13:26|util.py|findPicLoop 循环找图开始 ./public/bmp/exp2.bmp
20:13:27|util.py|findPicLoop 循环找图结束 ./public/bmp/exp2.bmp
20:13:27|util.py|click 733 445
20:13:31|const.py|作战失败判断 开始
20:13:34|const.py|紧急委托判断 开始
20:13:35|const.py|anchorProcess 出击步骤结束
20:13:40|const.py|anchorProcess 出击步骤开始
20:13:41|const.py|今日不再提示判断 开始
20:13:41|util.py|findPicLoop 循环找图开始 ./public/bmp/anchor.bmp
20:13:42|util.py|findPicLoop 循环找图结束 ./public/bmp/anchor.bmp
20:13:43|util.py|click 770 429
20:13:43|const.py|自律 开始
20:13:44|const.py|船坞已满判断 开始
20:13:55|util.py|findPicLoop 循环找图开始 ./public/bmp/S.bmp
20:14:29|util.py|findPicLoop 循环找图结束 ./public/bmp/S.bmp
20:14:29|const.py|自律 结束
20:14:30|util.py|click 135 424
20:14:31|util.py|click 684 308
20:14:33|const.py|打捞到sr或ssr判断 开始
20:14:34|util.py|click 684 308
20:14:34|util.py|findPicLoop 循环找图开始 ./public/bmp/exp2.bmp
20:14:35|util.py|findPicLoop 循环找图结束 ./public/bmp/exp2.bmp
20:14:35|util.py|click 733 445
20:14:38|const.py|作战失败判断 开始
20:14:42|const.py|紧急委托判断 开始
20:14:43|const.py|anchorProcess 出击步骤结束
20:14:48|const.py|anchorProcess 出击步骤开始
20:14:49|const.py|今日不再提示判断 开始
20:14:49|util.py|findPicLoop 循环找图开始 ./public/bmp/anchor.bmp
20:14:50|util.py|findPicLoop 循环找图结束 ./public/bmp/anchor.bmp
20:14:51|util.py|click 770 429
20:14:51|const.py|自律 开始
20:14:52|const.py|船坞已满判断 开始
20:15:03|util.py|findPicLoop 循环找图开始 ./public/bmp/S.bmp
20:15:15|util.py|findPicLoop 循环找图结束 ./public/bmp/S.bmp
20:15:15|const.py|自律 结束
20:15:16|util.py|click 135 424
20:15:17|util.py|click 684 308
20:15:19|const.py|打捞到sr或ssr判断 开始
20:15:20|util.py|click 684 308
20:15:20|util.py|findPicLoop 循环找图开始 ./public/bmp/exp2.bmp
20:15:21|util.py|findPicLoop 循环找图结束 ./public/bmp/exp2.bmp
20:15:21|util.py|click 733 445
20:15:25|const.py|作战失败判断 开始
20:15:28|const.py|紧急委托判断 开始
20:15:29|const.py|anchorProcess 出击步骤结束
20:15:34|const.py|anchorProcess 出击步骤开始
20:15:35|const.py|今日不再提示判断 开始
20:15:35|util.py|findPicLoop 循环找图开始 ./public/bmp/anchor.bmp
20:15:36|util.py|findPicLoop 循环找图结束 ./public/bmp/anchor.bmp
20:15:37|util.py|click 770 429
20:15:37|const.py|自律 开始
20:15:38|const.py|船坞已满判断 开始
20:15:49|util.py|findPicLoop 循环找图开始 ./public/bmp/S.bmp
20:16:10|util.py|findPicLoop 循环找图结束 ./public/bmp/S.bmp
20:16:10|const.py|自律 结束
20:16:11|util.py|click 135 424
20:16:12|util.py|click 684 308
20:16:14|const.py|打捞到sr或ssr判断 开始
20:16:15|util.py|click 684 308
20:16:15|util.py|findPicLoop 循环找图开始 ./public/bmp/exp2.bmp
20:16:16|util.py|findPicLoop 循环找图结束 ./public/bmp/exp2.bmp
20:16:16|util.py|click 733 445
20:16:19|const.py|作战失败判断 开始
20:16:23|const.py|紧急委托判断 开始
20:16:24|const.py|anchorProcess 出击步骤结束
20:16:29|const.py|anchorProcess 出击步骤开始
20:16:30|const.py|今日不再提示判断 开始
20:16:30|util.py|findPicLoop 循环找图开始 ./public/bmp/anchor.bmp
20:18:15|util.py|======adb subprocess error======
20:18:15|util.py|CompletedProcess(args='.\\bin\\adb_server.exe shell screencap /storage/emulated/0/data/screen/image.png', returncode=3221225786, stdout='', stderr='')
