11:38:32|1每日.py|每日脚本开始
11:38:33|const.py|backMainProcess 返回主页面开始
11:38:35|const.py|backMainProcess 返回主页面结束
11:38:35|util.py|findPicLoop 循环找图开始 ./public/bmp/weigh anchor.jpg
11:38:36|util.py|findPicLoop 循环找图结束 ./public/bmp/weigh anchor.jpg
11:38:36|util.py|click 729 244
11:38:37|util.py|findPicLoop 循环找图开始 ./public/bmp/daily task.jpg
11:38:38|util.py|findPicLoop 循环找图结束 ./public/bmp/daily task.jpg
11:38:38|util.py|click 487 413
11:38:39|util.py|getNumbers 识数字开始
11:38:41|util.py|getNumbers 识数字结束
11:38:41|util.py|click 353 305
11:38:42|util.py|click 503 134
11:38:43|const.py|anchorProcess 出击步骤开始
11:38:44|const.py|今日不再提示判断 开始
11:38:45|util.py|click 603 109
11:38:46|const.py|今日不再提示
11:38:46|util.py|findPicLoop 循环找图开始 ./public/bmp/anchor.bmp
11:38:47|util.py|findPicLoop 循环找图结束 ./public/bmp/anchor.bmp
11:38:47|util.py|click 770 429
11:38:48|const.py|自律 开始
11:38:49|const.py|船坞已满判断 开始
11:39:00|util.py|findPicLoop 循环找图开始 ./public/bmp/S.bmp
11:40:26|util.py|findPicLoop 循环找图结束 ./public/bmp/S.bmp
11:40:26|const.py|自律 结束
11:40:27|util.py|click 135 424
11:40:28|util.py|click 684 308
11:40:30|const.py|打捞到sr或ssr判断 开始
11:40:31|util.py|click 684 308
11:40:32|util.py|findPicLoop 循环找图开始 ./public/bmp/exp2.bmp
11:40:33|util.py|findPicLoop 循环找图结束 ./public/bmp/exp2.bmp
11:40:33|util.py|click 733 445
11:40:36|const.py|作战失败判断 开始
11:40:40|const.py|紧急委托判断 开始
11:40:41|const.py|anchorProcess 出击步骤结束
11:40:41|util.py|click 503 134
11:40:42|const.py|anchorProcess 出击步骤开始
11:40:43|const.py|今日不再提示判断 开始
11:40:44|util.py|findPicLoop 循环找图开始 ./public/bmp/anchor.bmp
11:40:45|util.py|findPicLoop 循环找图结束 ./public/bmp/anchor.bmp
11:40:46|util.py|click 770 429
11:40:46|const.py|自律 开始
11:40:47|const.py|船坞已满判断 开始
11:40:59|util.py|findPicLoop 循环找图开始 ./public/bmp/S.bmp
11:41:46|util.py|findPicLoop 循环找图结束 ./public/bmp/S.bmp
11:41:46|const.py|自律 结束
11:41:47|util.py|click 135 424
11:41:49|util.py|click 684 308
11:41:51|const.py|打捞到sr或ssr判断 开始
11:41:51|util.py|click 684 308
11:41:52|util.py|findPicLoop 循环找图开始 ./public/bmp/exp2.bmp
11:41:52|util.py|findPicLoop 循环找图结束 ./public/bmp/exp2.bmp
11:41:52|util.py|click 733 445
11:41:56|const.py|作战失败判断 开始
11:42:00|const.py|紧急委托判断 开始
11:42:01|const.py|anchorProcess 出击步骤结束
11:42:01|util.py|click 503 134
11:42:02|const.py|anchorProcess 出击步骤开始
11:42:03|const.py|今日不再提示判断 开始
11:42:03|util.py|findPicLoop 循环找图开始 ./public/bmp/anchor.bmp
11:42:04|util.py|findPicLoop 循环找图结束 ./public/bmp/anchor.bmp
11:42:05|util.py|click 770 429
11:42:06|const.py|自律 开始
11:42:07|const.py|船坞已满判断 开始
11:42:18|util.py|findPicLoop 循环找图开始 ./public/bmp/S.bmp
11:43:06|util.py|findPicLoop 循环找图结束 ./public/bmp/S.bmp
11:43:06|const.py|自律 结束
11:43:07|util.py|click 135 424
11:43:08|util.py|click 684 308
11:43:10|const.py|打捞到sr或ssr判断 开始
11:43:11|util.py|click 684 308
11:43:12|util.py|findPicLoop 循环找图开始 ./public/bmp/exp2.bmp
11:43:13|util.py|findPicLoop 循环找图结束 ./public/bmp/exp2.bmp
11:43:13|util.py|click 733 445
11:43:16|const.py|作战失败判断 开始
11:43:20|const.py|紧急委托判断 开始
11:43:21|const.py|anchorProcess 出击步骤结束
11:43:21|util.py|findPicLoop 循环找图开始 ./public/bmp/back.jpg
11:43:22|util.py|findPicLoop 循环找图结束 ./public/bmp/back.jpg
11:43:23|util.py|click 38 33
11:43:23|util.py|findPicLoop 循环找图开始 ./public/bmp/back.jpg
11:43:25|util.py|findPicLoop 循环找图结束 ./public/bmp/back.jpg
11:43:26|util.py|click 38 33
11:43:26|util.py|findPicLoop 循环找图开始 ./public/bmp/daily task.jpg
11:43:28|util.py|findPicLoop 循环找图结束 ./public/bmp/daily task.jpg
11:43:28|util.py|click 487 413
11:43:31|util.py|getNumbers 识数字开始
11:43:32|util.py|getNumbers 识数字结束
11:43:32|util.py|click 547 295
11:43:34|util.py|click 353 305
11:43:35|util.py|click 503 134
11:43:36|const.py|anchorProcess 出击步骤开始
11:43:37|const.py|今日不再提示判断 开始
11:43:38|util.py|findPicLoop 循环找图开始 ./public/bmp/anchor.bmp
11:43:39|util.py|findPicLoop 循环找图结束 ./public/bmp/anchor.bmp
11:43:40|util.py|click 770 429
11:43:40|const.py|自律 开始
11:43:41|const.py|船坞已满判断 开始
11:43:52|util.py|findPicLoop 循环找图开始 ./public/bmp/S.bmp
11:44:24|util.py|findPicLoop 循环找图结束 ./public/bmp/S.bmp
11:44:24|const.py|自律 结束
11:44:25|util.py|click 135 424
11:44:27|util.py|click 684 308
11:44:29|const.py|打捞到sr或ssr判断 开始
11:44:30|util.py|click 684 308
11:44:30|util.py|findPicLoop 循环找图开始 ./public/bmp/exp2.bmp
11:44:31|util.py|findPicLoop 循环找图结束 ./public/bmp/exp2.bmp
11:44:31|util.py|click 733 445
11:44:34|const.py|作战失败判断 开始
11:44:38|const.py|紧急委托判断 开始
11:44:39|const.py|anchorProcess 出击步骤结束
11:44:39|util.py|click 503 134
11:44:40|const.py|anchorProcess 出击步骤开始
11:44:41|const.py|今日不再提示判断 开始
11:44:42|util.py|findPicLoop 循环找图开始 ./public/bmp/anchor.bmp
11:44:43|util.py|findPicLoop 循环找图结束 ./public/bmp/anchor.bmp
11:44:44|util.py|click 770 429
11:44:44|const.py|自律 开始
11:44:45|const.py|船坞已满判断 开始
11:44:56|util.py|findPicLoop 循环找图开始 ./public/bmp/S.bmp
11:45:27|util.py|findPicLoop 循环找图结束 ./public/bmp/S.bmp
11:45:27|const.py|自律 结束
11:45:28|util.py|click 135 424
11:45:29|util.py|click 684 308
11:45:32|const.py|打捞到sr或ssr判断 开始
11:45:32|util.py|click 684 308
11:45:33|util.py|findPicLoop 循环找图开始 ./public/bmp/exp2.bmp
11:45:34|util.py|findPicLoop 循环找图结束 ./public/bmp/exp2.bmp
11:45:34|util.py|click 733 445
11:45:37|const.py|作战失败判断 开始
11:45:41|const.py|紧急委托判断 开始
11:45:42|const.py|anchorProcess 出击步骤结束
11:45:42|util.py|click 503 134
11:45:43|const.py|anchorProcess 出击步骤开始
11:45:44|const.py|今日不再提示判断 开始
11:45:45|util.py|findPicLoop 循环找图开始 ./public/bmp/anchor.bmp
11:45:46|util.py|findPicLoop 循环找图结束 ./public/bmp/anchor.bmp
11:45:47|util.py|click 770 429
11:45:47|const.py|自律 开始
11:45:48|const.py|船坞已满判断 开始
11:46:00|util.py|findPicLoop 循环找图开始 ./public/bmp/S.bmp
11:46:41|util.py|findPicLoop 循环找图结束 ./public/bmp/S.bmp
11:46:41|const.py|自律 结束
11:46:42|util.py|click 135 424
11:46:43|util.py|click 684 308
11:46:45|const.py|打捞到sr或ssr判断 开始
11:46:46|util.py|click 684 308
11:46:47|util.py|findPicLoop 循环找图开始 ./public/bmp/exp2.bmp
11:46:47|util.py|findPicLoop 循环找图结束 ./public/bmp/exp2.bmp
11:46:47|util.py|click 733 445
11:46:51|const.py|作战失败判断 开始
11:46:55|const.py|紧急委托判断 开始
11:46:55|const.py|anchorProcess 出击步骤结束
11:46:55|util.py|findPicLoop 循环找图开始 ./public/bmp/back.jpg
11:46:56|util.py|findPicLoop 循环找图结束 ./public/bmp/back.jpg
11:46:57|util.py|click 38 33
11:46:59|const.py|backMainProcess 返回主页面开始
11:47:00|util.py|click 838 25
11:47:05|2演习.py|演习脚本开始
11:47:06|const.py|backMainProcess 返回主页面开始
11:47:08|const.py|backMainProcess 返回主页面结束
11:47:08|util.py|findPicLoop 循环找图开始 ./public/bmp/weigh anchor.jpg
11:47:09|util.py|findPicLoop 循环找图结束 ./public/bmp/weigh anchor.jpg
11:47:09|util.py|click 729 244
11:47:10|util.py|findPicLoop 循环找图开始 ./public/bmp/exercise.jpg
11:47:11|util.py|findPicLoop 循环找图结束 ./public/bmp/exercise.jpg
11:47:11|util.py|click 700 413
11:47:13|util.py|getNumbers 识数字开始
11:47:14|util.py|getNumbers 识数字结束
11:47:14|util.py|getNumbers 识数字开始
11:47:16|util.py|getNumbers 识数字结束
11:47:16|util.py|getNumbers 识数字开始
11:47:17|util.py|getNumbers 识数字结束
11:47:17|util.py|getNumbers 识数字开始
11:47:18|util.py|getNumbers 识数字结束
11:47:18|util.py|getNumbers 识数字开始
11:47:19|util.py|getNumbers 识数字结束
11:47:19|util.py|click 322 173
11:47:20|util.py|findPicLoop 循环找图开始 ./public/bmp/start excise.jpg
11:47:21|util.py|findPicLoop 循环找图结束 ./public/bmp/start excise.jpg
11:47:21|util.py|click 433 384
11:47:22|const.py|anchorProcess 出击步骤开始
11:47:23|const.py|今日不再提示判断 开始
11:47:24|util.py|findPicLoop 循环找图开始 ./public/bmp/anchor.bmp
11:47:25|util.py|findPicLoop 循环找图结束 ./public/bmp/anchor.bmp
11:47:26|util.py|click 770 429
11:47:26|const.py|自律 开始
11:47:27|const.py|船坞已满判断 开始
11:47:38|util.py|findPicLoop 循环找图开始 ./public/bmp/S.bmp
11:47:46|util.py|findPicLoop 循环找图结束 ./public/bmp/S.bmp
11:47:46|const.py|自律 结束
11:47:47|util.py|click 135 424
11:47:48|util.py|click 684 308
11:47:50|const.py|打捞到sr或ssr判断 开始
11:47:51|util.py|click 684 308
11:47:51|util.py|findPicLoop 循环找图开始 ./public/bmp/exp2.bmp
11:47:52|util.py|findPicLoop 循环找图结束 ./public/bmp/exp2.bmp
11:47:52|util.py|click 733 445
11:47:56|const.py|作战失败判断 开始
11:48:00|const.py|紧急委托判断 开始
11:48:00|const.py|anchorProcess 出击步骤结束
11:48:01|util.py|getNumbers 识数字开始
11:48:03|util.py|getNumbers 识数字结束
11:48:03|util.py|getNumbers 识数字开始
11:48:04|util.py|getNumbers 识数字结束
11:48:04|util.py|getNumbers 识数字开始
11:48:06|util.py|getNumbers 识数字结束
11:48:06|util.py|getNumbers 识数字开始
11:48:07|util.py|getNumbers 识数字结束
11:48:07|util.py|getNumbers 识数字开始
11:48:08|util.py|getNumbers 识数字结束
11:48:08|util.py|click 322 173
11:48:09|util.py|findPicLoop 循环找图开始 ./public/bmp/start excise.jpg
11:48:10|util.py|findPicLoop 循环找图结束 ./public/bmp/start excise.jpg
11:48:10|util.py|click 433 384
11:48:11|const.py|anchorProcess 出击步骤开始
11:48:12|const.py|今日不再提示判断 开始
11:48:13|util.py|findPicLoop 循环找图开始 ./public/bmp/anchor.bmp
11:48:14|util.py|findPicLoop 循环找图结束 ./public/bmp/anchor.bmp
11:48:15|util.py|click 770 429
11:48:15|const.py|自律 开始
11:48:16|const.py|船坞已满判断 开始
11:48:27|util.py|findPicLoop 循环找图开始 ./public/bmp/S.bmp
11:48:40|util.py|findPicLoop 循环找图结束 ./public/bmp/S.bmp
11:48:40|const.py|自律 结束
11:48:41|util.py|click 135 424
11:48:42|util.py|click 684 308
11:48:44|const.py|打捞到sr或ssr判断 开始
11:48:45|util.py|click 684 308
11:48:46|util.py|findPicLoop 循环找图开始 ./public/bmp/exp2.bmp
11:48:46|util.py|findPicLoop 循环找图结束 ./public/bmp/exp2.bmp
11:48:46|util.py|click 733 445
11:48:50|const.py|作战失败判断 开始
11:48:54|const.py|紧急委托判断 开始
11:48:55|const.py|anchorProcess 出击步骤结束
11:48:56|util.py|getNumbers 识数字开始
11:48:57|util.py|getNumbers 识数字结束
11:48:57|util.py|getNumbers 识数字开始
11:48:58|util.py|getNumbers 识数字结束
11:48:58|util.py|getNumbers 识数字开始
11:48:59|util.py|getNumbers 识数字结束
11:48:59|util.py|getNumbers 识数字开始
11:49:00|util.py|getNumbers 识数字结束
11:49:00|util.py|getNumbers 识数字开始
11:49:02|util.py|getNumbers 识数字结束
11:49:02|util.py|click 654 173
11:49:03|util.py|findPicLoop 循环找图开始 ./public/bmp/start excise.jpg
11:49:03|util.py|findPicLoop 循环找图结束 ./public/bmp/start excise.jpg
11:49:03|util.py|click 433 384
11:49:04|const.py|anchorProcess 出击步骤开始
11:49:05|const.py|今日不再提示判断 开始
11:49:06|util.py|findPicLoop 循环找图开始 ./public/bmp/anchor.bmp
11:49:07|util.py|findPicLoop 循环找图结束 ./public/bmp/anchor.bmp
11:49:08|util.py|click 770 429
11:49:08|const.py|自律 开始
11:49:09|const.py|船坞已满判断 开始
11:49:21|util.py|findPicLoop 循环找图开始 ./public/bmp/S.bmp
11:49:22|util.py|findPicLoop 循环找图结束 ./public/bmp/S.bmp
11:49:22|const.py|自律 结束
11:49:24|util.py|click 135 424
11:49:25|util.py|click 684 308
11:49:27|const.py|打捞到sr或ssr判断 开始
11:49:28|util.py|click 684 308
11:49:28|util.py|findPicLoop 循环找图开始 ./public/bmp/exp2.bmp
11:49:29|util.py|findPicLoop 循环找图结束 ./public/bmp/exp2.bmp
11:49:29|util.py|click 733 445
11:49:33|const.py|作战失败判断 开始
11:49:36|const.py|紧急委托判断 开始
11:49:37|const.py|anchorProcess 出击步骤结束
11:49:38|util.py|getNumbers 识数字开始
11:49:39|util.py|getNumbers 识数字结束
11:49:39|util.py|getNumbers 识数字开始
11:49:41|util.py|getNumbers 识数字结束
11:49:41|util.py|getNumbers 识数字开始
11:49:42|util.py|getNumbers 识数字结束
11:49:42|util.py|getNumbers 识数字开始
11:49:43|util.py|getNumbers 识数字结束
11:49:43|util.py|getNumbers 识数字开始
11:49:44|util.py|getNumbers 识数字结束
11:49:44|util.py|click 654 173
11:49:45|util.py|findPicLoop 循环找图开始 ./public/bmp/start excise.jpg
11:49:46|util.py|findPicLoop 循环找图结束 ./public/bmp/start excise.jpg
11:49:46|util.py|click 433 384
11:49:47|const.py|anchorProcess 出击步骤开始
11:49:48|const.py|今日不再提示判断 开始
11:49:49|util.py|findPicLoop 循环找图开始 ./public/bmp/anchor.bmp
11:49:50|util.py|findPicLoop 循环找图结束 ./public/bmp/anchor.bmp
11:49:50|util.py|click 770 429
11:49:51|const.py|自律 开始
11:49:52|const.py|船坞已满判断 开始
11:50:04|util.py|findPicLoop 循环找图开始 ./public/bmp/S.bmp
11:52:01|3困难7-2.py|困难7-2脚本开始
11:52:01|const.py|chapterProcess 进入出击章节步骤开始
11:52:01|const.py|backMainProcess 返回主页面开始
11:52:03|const.py|backMainProcess 返回主页面结束
11:52:03|util.py|findPicLoop 循环找图开始 ./public/bmp/weigh anchor.jpg
11:52:04|util.py|findPicLoop 循环找图结束 ./public/bmp/weigh anchor.jpg
11:52:04|util.py|click 729 244
11:52:05|const.py|判断是否为图里面 开始
11:52:07|util.py|findPicLoop 循环找图开始 ./public/bmp/main battleline.jpg
11:52:08|util.py|findPicLoop 循环找图结束 ./public/bmp/main battleline.jpg
11:52:08|util.py|click 231 225
11:52:09|util.py|findPicLoop 循环找图开始 ./public/bmp/exercise.jpg
11:52:10|util.py|findPicLoop 循环找图结束 ./public/bmp/exercise.jpg
11:52:10|util.py|getWords 识字开始
11:52:11|util.py|getWords 识字结束
11:52:12|util.py|click 58 451
11:52:12|const.py|chapterProcess 进入出击章节步骤结束
11:52:12|const.py|intoStageProcess 进入stage步骤开始
11:52:14|util.py|click 376 150
11:52:15|util.py|findPicLoop 循环找图开始 ./public/bmp/start chapter.jpg
11:52:16|util.py|findPicLoop 循环找图结束 ./public/bmp/start chapter.jpg
11:52:16|util.py|click 642 350
11:52:17|const.py|船坞已满判断 开始
11:52:19|util.py|findPicLoop 循环找图开始 ./public/bmp/start chapter.jpg
11:52:19|util.py|findPicLoop 循环找图结束 ./public/bmp/start chapter.jpg
11:52:19|util.py|click 716 411
11:52:20|const.py|intoStageProcess 进入stage步骤结束
11:52:20|const.py|goBossProcess 走boss格子 开始
11:52:20|util.py|findPicLoop 循环找图开始 ./public/bmp/boss.jpg
11:52:26|util.py|findPicLoop 循环找图结束 ./public/bmp/boss.jpg
11:52:26|util.py|click 431 236
11:52:26|const.py|anchorProcess 出击步骤开始
11:52:27|const.py|今日不再提示判断 开始
11:52:28|util.py|findPicLoop 循环找图开始 ./public/bmp/anchor.bmp
11:52:31|util.py|findPicLoop 循环找图结束 ./public/bmp/anchor.bmp
11:52:32|util.py|click 770 429
11:52:32|const.py|自律 开始
11:52:33|const.py|船坞已满判断 开始
11:52:45|util.py|findPicLoop 循环找图开始 ./public/bmp/S.bmp
11:53:53|util.py|findPicLoop 循环找图结束 ./public/bmp/S.bmp
11:53:53|const.py|自律 结束
11:53:54|util.py|click 135 424
11:53:55|util.py|click 684 308
11:53:57|const.py|打捞到sr或ssr判断 开始
11:53:58|util.py|click 684 308
11:53:58|util.py|findPicLoop 循环找图开始 ./public/bmp/exp2.bmp
11:53:59|util.py|findPicLoop 循环找图结束 ./public/bmp/exp2.bmp
11:53:59|util.py|click 733 445
11:54:03|const.py|作战失败判断 开始
11:54:06|const.py|紧急委托判断 开始
11:54:07|const.py|紧急委托
11:54:07|util.py|click 433 360
11:54:07|const.py|anchorProcess 出击步骤结束
11:54:07|const.py|goBossProcess boss解决
11:54:07|const.py|intoStageProcess 进入stage步骤开始
11:54:09|util.py|click 376 150
11:54:10|util.py|findPicLoop 循环找图开始 ./public/bmp/start chapter.jpg
11:54:11|util.py|findPicLoop 循环找图结束 ./public/bmp/start chapter.jpg
11:54:11|util.py|click 642 350
11:54:12|const.py|船坞已满判断 开始
11:54:14|util.py|findPicLoop 循环找图开始 ./public/bmp/start chapter.jpg
11:54:14|util.py|findPicLoop 循环找图结束 ./public/bmp/start chapter.jpg
11:54:14|util.py|click 716 411
11:54:15|const.py|intoStageProcess 进入stage步骤结束
11:54:15|const.py|goBossProcess 走boss格子 开始
11:54:15|util.py|findPicLoop 循环找图开始 ./public/bmp/boss.jpg
11:54:20|util.py|findPicLoop 循环找图结束 ./public/bmp/boss.jpg
11:54:20|util.py|click 431 236
11:54:20|const.py|anchorProcess 出击步骤开始
11:54:21|const.py|今日不再提示判断 开始
11:54:22|util.py|findPicLoop 循环找图开始 ./public/bmp/anchor.bmp
11:54:25|util.py|findPicLoop 循环找图结束 ./public/bmp/anchor.bmp
11:54:26|util.py|click 770 429
11:54:26|const.py|自律 开始
11:54:27|const.py|船坞已满判断 开始
11:54:38|util.py|findPicLoop 循环找图开始 ./public/bmp/S.bmp
11:55:48|util.py|findPicLoop 循环找图结束 ./public/bmp/S.bmp
11:55:48|const.py|自律 结束
11:55:49|util.py|click 135 424
11:55:51|util.py|click 684 308
11:55:53|const.py|打捞到sr或ssr判断 开始
11:55:54|util.py|click 684 308
11:55:54|util.py|findPicLoop 循环找图开始 ./public/bmp/exp2.bmp
11:55:55|util.py|findPicLoop 循环找图结束 ./public/bmp/exp2.bmp
11:55:55|util.py|click 733 445
11:55:58|const.py|作战失败判断 开始
11:56:02|const.py|紧急委托判断 开始
11:56:03|const.py|anchorProcess 出击步骤结束
11:56:03|const.py|goBossProcess boss解决
11:56:03|const.py|intoStageProcess 进入stage步骤开始
11:56:05|util.py|click 376 150
11:56:05|util.py|findPicLoop 循环找图开始 ./public/bmp/start chapter.jpg
11:56:07|util.py|findPicLoop 循环找图结束 ./public/bmp/start chapter.jpg
11:56:07|util.py|click 642 350
11:56:08|const.py|船坞已满判断 开始
11:56:09|util.py|findPicLoop 循环找图开始 ./public/bmp/start chapter.jpg
11:56:10|util.py|findPicLoop 循环找图结束 ./public/bmp/start chapter.jpg
11:56:10|util.py|click 716 411
11:56:10|const.py|intoStageProcess 进入stage步骤结束
11:56:10|const.py|goBossProcess 走boss格子 开始
11:56:10|util.py|findPicLoop 循环找图开始 ./public/bmp/boss.jpg
11:56:15|util.py|findPicLoop 循环找图结束 ./public/bmp/boss.jpg
11:56:15|util.py|click 431 236
11:56:16|const.py|anchorProcess 出击步骤开始
11:56:17|const.py|今日不再提示判断 开始
11:56:17|util.py|findPicLoop 循环找图开始 ./public/bmp/anchor.bmp
11:56:21|util.py|findPicLoop 循环找图结束 ./public/bmp/anchor.bmp
11:56:22|util.py|click 770 429
11:56:22|const.py|自律 开始
11:56:23|const.py|船坞已满判断 开始
11:56:34|util.py|findPicLoop 循环找图开始 ./public/bmp/S.bmp
11:57:44|util.py|findPicLoop 循环找图结束 ./public/bmp/S.bmp
11:57:44|const.py|自律 结束
11:57:45|util.py|click 135 424
11:57:46|util.py|click 684 308
11:57:48|const.py|打捞到sr或ssr判断 开始
11:57:49|util.py|click 684 308
11:57:50|util.py|findPicLoop 循环找图开始 ./public/bmp/exp2.bmp
11:57:50|util.py|findPicLoop 循环找图结束 ./public/bmp/exp2.bmp
11:57:50|util.py|click 733 445
11:57:54|const.py|作战失败判断 开始
11:57:58|const.py|紧急委托判断 开始
11:57:59|const.py|anchorProcess 出击步骤结束
11:57:59|const.py|goBossProcess boss解决
11:57:59|const.py|backMainProcess 返回主页面开始
11:58:00|util.py|click 830 26
21:42:36|4通常7-2 不打boss.py|通常7-2 不打boss 开始
21:42:36|const.py|chapterProcess 进入出击章节步骤开始
21:42:36|const.py|backMainProcess 返回主页面开始
21:42:37|const.py|backMainProcess 返回主页面结束
21:42:37|util.py|findPicLoop 循环找图开始 ./public/bmp/weigh anchor.jpg
21:42:38|util.py|findPicLoop 循环找图结束 ./public/bmp/weigh anchor.jpg
21:42:38|util.py|click 729 244
21:42:38|const.py|判断是否为图里面 开始
21:42:41|util.py|findPicLoop 循环找图开始 ./public/bmp/main battleline.jpg
21:42:41|util.py|findPicLoop 循环找图结束 ./public/bmp/main battleline.jpg
21:42:41|util.py|click 231 225
21:42:42|util.py|findPicLoop 循环找图开始 ./public/bmp/exercise.jpg
21:42:42|util.py|findPicLoop 循环找图结束 ./public/bmp/exercise.jpg
21:42:42|util.py|getWords 识字开始
21:42:43|util.py|getWords 识字结束
21:42:43|util.py|click 33 251
21:42:44|util.py|click 33 251
21:42:45|util.py|click 33 251
21:42:46|util.py|click 33 251
21:42:47|util.py|click 33 251
21:42:48|const.py|chapterProcess 进入出击章节步骤结束
21:42:48|4通常7-2 不打boss.py|-------------一局开始------------
21:42:48|const.py|intoStageProcess 进入stage步骤开始
21:42:50|util.py|click 361 146
21:42:50|util.py|findPicLoop 循环找图开始 ./public/bmp/start chapter.jpg
21:42:52|util.py|findPicLoop 循环找图结束 ./public/bmp/start chapter.jpg
21:42:52|util.py|click 642 350
21:42:53|const.py|船坞已满判断 开始
21:42:54|util.py|click 767 220
21:42:54|util.py|click 713 131
21:42:55|util.py|click 740 232
21:42:55|util.py|click 714 223
21:42:56|util.py|click 740 406
21:42:56|util.py|findPicLoop 循环找图开始 ./public/bmp/start chapter.jpg
21:42:57|util.py|findPicLoop 循环找图结束 ./public/bmp/start chapter.jpg
21:42:57|util.py|click 716 411
21:42:58|const.py|红脸判断 开始
21:42:59|util.py|getWords 识字开始
21:42:59|util.py|getWords 识字结束
21:42:59|const.py|intoStageProcess 进入stage步骤结束
21:42:59|4通常7-2 不打boss.py|------------一把开始-----------
21:42:59|util.py|findPicLoop 循环找图开始 ./public/bmp/withdraw.jpg
21:43:00|util.py|findPicLoop 循环找图结束 ./public/bmp/withdraw.jpg
21:43:04|const.py|findShip 找船 开始
21:43:05|const.py|findShip 找船 结束
21:43:05|util.py|click 509 129
21:43:05|const.py|anchorProcess 出击步骤开始
21:43:06|const.py|今日不再提示判断 开始
21:43:07|util.py|findPicLoop 循环找图开始 ./public/bmp/anchor.bmp
21:43:08|util.py|findPicLoop 循环找图结束 ./public/bmp/anchor.bmp
21:43:09|util.py|click 770 429
21:43:09|const.py|自律 开始
21:43:10|const.py|红脸判断 开始
21:43:10|util.py|getWords 识字开始
21:43:11|util.py|getWords 识字结束
21:43:11|const.py|船坞已满判断 开始
21:43:22|util.py|findPicLoop 循环找图开始 ./public/bmp/S.bmp
21:44:15|util.py|findPicLoop 循环找图结束 ./public/bmp/S.bmp
21:44:15|const.py|自律 结束
21:44:16|util.py|click 135 424
21:44:17|util.py|click 684 308
21:44:19|const.py|打捞到sr或ssr判断 开始
21:44:19|util.py|click 684 308
21:44:20|util.py|findPicLoop 循环找图开始 ./public/bmp/exp2.bmp
21:44:20|util.py|findPicLoop 循环找图结束 ./public/bmp/exp2.bmp
21:44:20|util.py|click 733 445
21:44:24|const.py|作战失败判断 开始
21:44:27|const.py|紧急委托判断 开始
21:44:28|const.py|anchorProcess 出击步骤结束
21:44:28|4通常7-2 不打boss.py|------------一把结束-----------
21:44:28|4通常7-2 不打boss.py|------------一把开始-----------
21:44:28|util.py|findPicLoop 循环找图开始 ./public/bmp/withdraw.jpg
21:44:28|util.py|findPicLoop 循环找图结束 ./public/bmp/withdraw.jpg
21:44:32|4通常7-2 不打boss.py|findQuestion 找问号 开始
21:44:34|4通常7-2 不打boss.py|findQuestion 找问号 结束
21:44:34|4通常7-2 不打boss.py|处理问号 开始
21:44:34|util.py|click 429 198
21:44:36|util.py|click 354 462
21:44:37|4通常7-2 不打boss.py|处理问号 结束
21:44:37|4通常7-2 不打boss.py|findQuestion 找问号 开始
21:44:39|4通常7-2 不打boss.py|findQuestion 找问号 结束
21:44:39|const.py|findShip 找船 开始
21:44:39|const.py|findShip 找船 结束
21:44:39|util.py|click 589 129
21:44:40|const.py|anchorProcess 出击步骤开始
21:44:40|const.py|今日不再提示判断 开始
21:44:41|util.py|findPicLoop 循环找图开始 ./public/bmp/anchor.bmp
21:44:42|util.py|findPicLoop 循环找图结束 ./public/bmp/anchor.bmp
21:44:43|util.py|click 770 429
21:44:43|const.py|自律 开始
21:44:44|const.py|红脸判断 开始
21:44:44|util.py|getWords 识字开始
21:44:45|util.py|getWords 识字结束
21:44:45|const.py|船坞已满判断 开始
21:44:56|util.py|findPicLoop 循环找图开始 ./public/bmp/S.bmp
21:46:12|util.py|findPicLoop 循环找图结束 ./public/bmp/S.bmp
21:46:12|const.py|自律 结束
21:46:13|util.py|click 135 424
21:46:14|util.py|click 684 308
21:46:16|const.py|打捞到sr或ssr判断 开始
21:46:17|util.py|click 684 308
21:46:17|util.py|findPicLoop 循环找图开始 ./public/bmp/exp2.bmp
21:46:17|util.py|findPicLoop 循环找图结束 ./public/bmp/exp2.bmp
21:46:17|util.py|click 733 445
21:46:21|const.py|作战失败判断 开始
21:46:24|const.py|紧急委托判断 开始
21:46:25|const.py|anchorProcess 出击步骤结束
21:46:25|4通常7-2 不打boss.py|------------一把结束-----------
21:46:25|4通常7-2 不打boss.py|------------一把开始-----------
21:46:25|util.py|findPicLoop 循环找图开始 ./public/bmp/withdraw.jpg
21:46:26|util.py|findPicLoop 循环找图结束 ./public/bmp/withdraw.jpg
21:46:30|4通常7-2 不打boss.py|findQuestion 找问号 开始
21:46:31|4通常7-2 不打boss.py|findQuestion 找问号 结束
21:46:31|const.py|findShip 找船 开始
21:46:32|const.py|findShip 找船 结束
21:46:32|util.py|click 517 242
21:46:32|const.py|anchorProcess 出击步骤开始
21:46:33|const.py|今日不再提示判断 开始
21:46:33|util.py|findPicLoop 循环找图开始 ./public/bmp/anchor.bmp
21:46:35|util.py|findPicLoop 循环找图结束 ./public/bmp/anchor.bmp
21:46:36|util.py|click 770 429
21:46:36|const.py|自律 开始
21:46:37|const.py|红脸判断 开始
21:46:37|util.py|getWords 识字开始
21:46:38|util.py|getWords 识字结束
21:46:38|const.py|船坞已满判断 开始
21:46:49|util.py|findPicLoop 循环找图开始 ./public/bmp/S.bmp
21:47:41|util.py|findPicLoop 循环找图结束 ./public/bmp/S.bmp
21:47:41|const.py|自律 结束
21:47:42|util.py|click 135 424
21:47:43|util.py|click 684 308
21:47:45|const.py|打捞到sr或ssr判断 开始
21:47:46|util.py|click 684 308
21:47:46|util.py|findPicLoop 循环找图开始 ./public/bmp/exp2.bmp
21:47:47|util.py|findPicLoop 循环找图结束 ./public/bmp/exp2.bmp
21:47:47|util.py|click 733 445
21:47:50|const.py|作战失败判断 开始
21:47:50|const.py|作战失败
21:47:50|util.py|click 424 415
21:47:54|const.py|紧急委托判断 开始
21:47:54|const.py|紧急委托
21:47:54|util.py|click 433 347
21:47:55|const.py|anchorProcess 出击步骤结束
21:47:55|4通常7-2 不打boss.py|------------一把结束-----------
21:47:55|4通常7-2 不打boss.py|------------一把开始-----------
21:47:55|util.py|findPicLoop 循环找图开始 ./public/bmp/withdraw.jpg
21:47:55|util.py|findPicLoop 循环找图结束 ./public/bmp/withdraw.jpg
21:47:59|4通常7-2 不打boss.py|findQuestion 找问号 开始
21:48:00|4通常7-2 不打boss.py|findQuestion 找问号 结束
21:48:00|4通常7-2 不打boss.py|处理问号 开始
21:48:00|util.py|click 431 103
21:48:03|util.py|click 354 462
21:48:04|4通常7-2 不打boss.py|处理问号 结束
21:48:04|4通常7-2 不打boss.py|findQuestion 找问号 开始
21:48:06|4通常7-2 不打boss.py|findQuestion 找问号 结束
21:48:06|const.py|findShip 找船 开始
21:48:06|const.py|findShip 找船 结束
21:48:06|util.py|click 514 184
21:48:07|const.py|anchorProcess 出击步骤开始
21:48:07|const.py|今日不再提示判断 开始
21:48:08|util.py|findPicLoop 循环找图开始 ./public/bmp/anchor.bmp
21:48:09|util.py|findPicLoop 循环找图结束 ./public/bmp/anchor.bmp
21:51:02|4通常7-2 不打boss.py|通常7-2 不打boss 开始
21:51:02|const.py|chapterProcess 进入出击章节步骤开始
21:51:02|const.py|backMainProcess 返回主页面开始
21:51:03|const.py|backMainProcess 返回主页面结束
21:51:03|util.py|findPicLoop 循环找图开始 ./public/bmp/weigh anchor.jpg
21:51:04|util.py|findPicLoop 循环找图结束 ./public/bmp/weigh anchor.jpg
21:51:04|util.py|click 729 244
21:51:04|const.py|判断是否为图里面 开始
21:51:07|util.py|findPicLoop 循环找图开始 ./public/bmp/main battleline.jpg
21:51:07|util.py|findPicLoop 循环找图结束 ./public/bmp/main battleline.jpg
21:51:07|util.py|click 231 225
21:51:08|util.py|findPicLoop 循环找图开始 ./public/bmp/exercise.jpg
21:51:08|util.py|findPicLoop 循环找图结束 ./public/bmp/exercise.jpg
21:51:08|util.py|getWords 识字开始
21:51:09|util.py|getWords 识字结束
21:51:10|const.py|chapterProcess 进入出击章节步骤结束
21:51:10|4通常7-2 不打boss.py|-------------一局开始------------
21:51:10|const.py|intoStageProcess 进入stage步骤开始
21:51:12|util.py|click 361 146
21:51:12|util.py|findPicLoop 循环找图开始 ./public/bmp/start chapter.jpg
21:51:14|util.py|findPicLoop 循环找图结束 ./public/bmp/start chapter.jpg
21:51:14|util.py|click 642 350
21:51:15|const.py|船坞已满判断 开始
21:51:16|util.py|click 767 220
21:51:16|util.py|click 713 131
21:51:17|util.py|click 740 232
21:51:17|util.py|click 714 223
21:51:18|util.py|click 740 406
21:51:18|util.py|findPicLoop 循环找图开始 ./public/bmp/start chapter.jpg
21:51:19|util.py|findPicLoop 循环找图结束 ./public/bmp/start chapter.jpg
21:51:19|util.py|click 716 411
21:51:20|const.py|红脸判断 开始
21:51:21|util.py|getWords 识字开始
21:51:21|util.py|getWords 识字结束
21:51:21|const.py|intoStageProcess 进入stage步骤结束
21:51:21|4通常7-2 不打boss.py|------------一把开始-----------
21:51:21|util.py|findPicLoop 循环找图开始 ./public/bmp/withdraw.jpg
21:51:22|util.py|findPicLoop 循环找图结束 ./public/bmp/withdraw.jpg
21:51:26|const.py|findShip 找船 开始
21:51:27|const.py|findShip 找船 结束
21:51:27|util.py|click 352 131
21:51:27|const.py|anchorProcess 出击步骤开始
21:51:28|const.py|今日不再提示判断 开始
21:51:29|util.py|findPicLoop 循环找图开始 ./public/bmp/anchor.bmp
21:51:31|util.py|findPicLoop 循环找图结束 ./public/bmp/anchor.bmp
21:51:32|util.py|click 770 429
21:51:32|const.py|自律 开始
21:51:33|const.py|红脸判断 开始
21:51:33|util.py|getWords 识字开始
21:51:34|util.py|getWords 识字结束
21:51:34|const.py|船坞已满判断 开始
21:51:45|util.py|findPicLoop 循环找图开始 ./public/bmp/S.bmp
21:52:20|util.py|findPicLoop 循环找图结束 ./public/bmp/S.bmp
21:52:20|const.py|自律 结束
21:52:21|util.py|click 135 424
21:52:22|util.py|click 684 308
21:52:24|const.py|打捞到sr或ssr判断 开始
21:52:25|util.py|click 684 308
21:52:25|util.py|findPicLoop 循环找图开始 ./public/bmp/exp2.bmp
21:52:26|util.py|findPicLoop 循环找图结束 ./public/bmp/exp2.bmp
21:52:26|util.py|click 733 445
21:52:29|const.py|作战失败判断 开始
21:52:33|const.py|紧急委托判断 开始
21:52:33|const.py|anchorProcess 出击步骤结束
21:52:33|4通常7-2 不打boss.py|------------一把结束-----------
21:52:33|4通常7-2 不打boss.py|------------一把开始-----------
21:52:33|util.py|findPicLoop 循环找图开始 ./public/bmp/withdraw.jpg
21:52:34|util.py|findPicLoop 循环找图结束 ./public/bmp/withdraw.jpg
21:52:38|4通常7-2 不打boss.py|findQuestion 找问号 开始
21:52:39|4通常7-2 不打boss.py|findQuestion 找问号 结束
21:52:39|const.py|findShip 找船 开始
21:52:40|const.py|findShip 找船 结束
21:52:40|util.py|click 512 241
21:52:40|const.py|anchorProcess 出击步骤开始
21:52:41|const.py|今日不再提示判断 开始
21:52:42|util.py|findPicLoop 循环找图开始 ./public/bmp/anchor.bmp
21:52:43|util.py|findPicLoop 循环找图结束 ./public/bmp/anchor.bmp
21:52:44|util.py|click 770 429
21:52:45|const.py|自律 开始
21:52:45|const.py|红脸判断 开始
21:52:45|util.py|getWords 识字开始
21:52:46|util.py|getWords 识字结束
21:52:46|const.py|船坞已满判断 开始
21:52:57|util.py|findPicLoop 循环找图开始 ./public/bmp/S.bmp
21:53:45|util.py|findPicLoop 循环找图结束 ./public/bmp/S.bmp
21:53:45|const.py|自律 结束
21:53:47|util.py|click 135 424
21:53:48|util.py|click 684 308
21:53:50|const.py|打捞到sr或ssr判断 开始
21:53:50|util.py|click 684 308
21:53:50|util.py|findPicLoop 循环找图开始 ./public/bmp/exp2.bmp
21:53:51|util.py|findPicLoop 循环找图结束 ./public/bmp/exp2.bmp
21:53:51|util.py|click 733 445
21:53:54|const.py|作战失败判断 开始
21:53:58|const.py|紧急委托判断 开始
21:53:59|const.py|anchorProcess 出击步骤结束
21:53:59|4通常7-2 不打boss.py|------------一把结束-----------
21:53:59|util.py|findPicLoop 循环找图开始 ./public/bmp/withdraw.jpg
21:53:59|util.py|findPicLoop 循环找图结束 ./public/bmp/withdraw.jpg
21:53:59|util.py|click 563 460
21:54:00|util.py|findPicLoop 循环找图开始 ./public/bmp/OK.jpg
21:54:00|util.py|findPicLoop 循环找图结束 ./public/bmp/OK.jpg
21:54:00|util.py|click 534 347
21:54:00|4通常7-2 不打boss.py|-------------一局结束------------
21:54:00|4通常7-2 不打boss.py|-------------一局开始------------
21:54:00|const.py|intoStageProcess 进入stage步骤开始
21:54:02|util.py|click 361 146
21:54:03|util.py|findPicLoop 循环找图开始 ./public/bmp/start chapter.jpg
21:54:04|util.py|findPicLoop 循环找图结束 ./public/bmp/start chapter.jpg
21:54:04|util.py|click 642 350
21:54:05|const.py|船坞已满判断 开始
21:54:06|util.py|click 767 220
21:54:07|util.py|click 713 131
21:54:07|util.py|click 740 232
21:54:08|util.py|click 714 223
21:54:08|util.py|click 740 406
21:54:09|util.py|findPicLoop 循环找图开始 ./public/bmp/start chapter.jpg
21:54:10|util.py|findPicLoop 循环找图结束 ./public/bmp/start chapter.jpg
21:54:10|util.py|click 716 411
21:54:10|const.py|红脸判断 开始
21:54:11|util.py|getWords 识字开始
21:54:12|util.py|getWords 识字结束
21:54:12|const.py|intoStageProcess 进入stage步骤结束
21:54:12|4通常7-2 不打boss.py|------------一把开始-----------
21:54:12|util.py|findPicLoop 循环找图开始 ./public/bmp/withdraw.jpg
21:54:12|util.py|findPicLoop 循环找图结束 ./public/bmp/withdraw.jpg
21:54:16|const.py|findShip 找船 开始
21:54:17|const.py|findShip 找船 结束
21:54:17|util.py|click 425 377
21:54:18|const.py|anchorProcess 出击步骤开始
21:54:18|const.py|今日不再提示判断 开始
21:54:19|util.py|findPicLoop 循环找图开始 ./public/bmp/anchor.bmp
21:54:23|util.py|findPicLoop 循环找图结束 ./public/bmp/anchor.bmp
21:54:24|util.py|click 770 429
21:54:24|const.py|自律 开始
21:54:25|const.py|红脸判断 开始
21:54:25|util.py|getWords 识字开始
21:54:26|util.py|getWords 识字结束
21:54:26|const.py|船坞已满判断 开始
21:54:37|util.py|findPicLoop 循环找图开始 ./public/bmp/S.bmp
21:55:31|util.py|findPicLoop 循环找图结束 ./public/bmp/S.bmp
21:55:31|const.py|自律 结束
21:55:32|util.py|click 135 424
21:55:33|util.py|click 684 308
21:55:35|const.py|打捞到sr或ssr判断 开始
21:55:36|util.py|click 684 308
21:55:36|util.py|findPicLoop 循环找图开始 ./public/bmp/exp2.bmp
21:55:37|util.py|findPicLoop 循环找图结束 ./public/bmp/exp2.bmp
21:55:37|util.py|click 733 445
21:55:40|const.py|作战失败判断 开始
21:55:44|const.py|紧急委托判断 开始
21:55:44|const.py|anchorProcess 出击步骤结束
21:55:44|4通常7-2 不打boss.py|------------一把结束-----------
21:55:44|4通常7-2 不打boss.py|------------一把开始-----------
21:55:44|util.py|findPicLoop 循环找图开始 ./public/bmp/withdraw.jpg
21:55:45|util.py|findPicLoop 循环找图结束 ./public/bmp/withdraw.jpg
21:55:49|4通常7-2 不打boss.py|findQuestion 找问号 开始
21:55:50|4通常7-2 不打boss.py|findQuestion 找问号 结束
21:55:50|4通常7-2 不打boss.py|处理问号 开始
21:55:50|util.py|click 430 283
21:55:56|util.py|click 354 462
21:55:58|4通常7-2 不打boss.py|处理问号 结束
21:55:58|4通常7-2 不打boss.py|findQuestion 找问号 开始
21:55:59|4通常7-2 不打boss.py|findQuestion 找问号 结束
21:55:59|const.py|findShip 找船 开始
21:56:00|const.py|findShip 找船 结束
21:56:00|util.py|click 516 240
21:56:00|const.py|anchorProcess 出击步骤开始
21:56:01|const.py|今日不再提示判断 开始
21:56:01|util.py|findPicLoop 循环找图开始 ./public/bmp/anchor.bmp
21:56:02|util.py|findPicLoop 循环找图结束 ./public/bmp/anchor.bmp
21:56:03|util.py|click 770 429
21:56:03|const.py|自律 开始
21:56:04|const.py|红脸判断 开始
21:56:04|util.py|getWords 识字开始
21:56:05|util.py|getWords 识字结束
21:56:05|const.py|船坞已满判断 开始
21:56:16|util.py|findPicLoop 循环找图开始 ./public/bmp/S.bmp
21:57:04|util.py|findPicLoop 循环找图结束 ./public/bmp/S.bmp
21:57:04|const.py|自律 结束
21:57:05|util.py|click 135 424
21:57:06|util.py|click 684 308
21:57:08|const.py|打捞到sr或ssr判断 开始
21:57:08|util.py|click 684 308
21:57:09|util.py|findPicLoop 循环找图开始 ./public/bmp/exp2.bmp
21:57:09|util.py|findPicLoop 循环找图结束 ./public/bmp/exp2.bmp
21:57:09|util.py|click 733 445
21:57:13|const.py|作战失败判断 开始
21:57:16|const.py|紧急委托判断 开始
21:57:17|const.py|anchorProcess 出击步骤结束
21:57:17|4通常7-2 不打boss.py|------------一把结束-----------
21:57:17|util.py|findPicLoop 循环找图开始 ./public/bmp/withdraw.jpg
21:57:18|util.py|findPicLoop 循环找图结束 ./public/bmp/withdraw.jpg
21:57:18|util.py|click 563 460
21:57:18|util.py|findPicLoop 循环找图开始 ./public/bmp/OK.jpg
21:57:18|util.py|findPicLoop 循环找图结束 ./public/bmp/OK.jpg
21:57:18|util.py|click 534 347
21:57:19|4通常7-2 不打boss.py|-------------一局结束------------
21:57:19|4通常7-2 不打boss.py|-------------一局开始------------
21:57:19|const.py|intoStageProcess 进入stage步骤开始
21:57:21|util.py|click 361 146
21:57:21|util.py|findPicLoop 循环找图开始 ./public/bmp/start chapter.jpg
21:57:22|util.py|findPicLoop 循环找图结束 ./public/bmp/start chapter.jpg
21:57:22|util.py|click 642 350
21:57:23|const.py|船坞已满判断 开始
21:57:24|util.py|click 767 220
21:57:25|util.py|click 713 131
21:57:25|util.py|click 740 232
21:57:26|util.py|click 714 223
21:57:27|util.py|click 740 406
21:57:27|util.py|findPicLoop 循环找图开始 ./public/bmp/start chapter.jpg
21:57:28|util.py|findPicLoop 循环找图结束 ./public/bmp/start chapter.jpg
21:57:28|util.py|click 716 411
21:57:28|const.py|红脸判断 开始
21:57:29|util.py|getWords 识字开始
21:57:30|util.py|getWords 识字结束
21:57:30|const.py|intoStageProcess 进入stage步骤结束
21:57:30|4通常7-2 不打boss.py|------------一把开始-----------
21:57:30|util.py|findPicLoop 循环找图开始 ./public/bmp/withdraw.jpg
21:57:31|util.py|findPicLoop 循环找图结束 ./public/bmp/withdraw.jpg
21:57:35|const.py|findShip 找船 开始
21:57:36|const.py|findShip 找船 结束
21:57:36|util.py|click 690 241
21:57:36|const.py|anchorProcess 出击步骤开始
21:57:37|const.py|今日不再提示判断 开始
21:57:38|util.py|findPicLoop 循环找图开始 ./public/bmp/anchor.bmp
21:58:03|util.py|======adb subprocess error======
21:58:03|util.py|CompletedProcess(args='.\\bin\\adb_server.exe shell screencap /storage/emulated/0/data/screen/image.png', returncode=3221225786, stdout='', stderr='')
21:59:21|4通常7-2 不打boss.py|通常7-2 不打boss 开始
21:59:21|const.py|chapterProcess 进入出击章节步骤开始
21:59:21|const.py|backMainProcess 返回主页面开始
21:59:23|const.py|backMainProcess 返回主页面结束
21:59:23|util.py|findPicLoop 循环找图开始 ./public/bmp/weigh anchor.jpg
21:59:23|util.py|findPicLoop 循环找图结束 ./public/bmp/weigh anchor.jpg
21:59:23|util.py|click 729 244
21:59:24|const.py|判断是否为图里面 开始
21:59:26|util.py|findPicLoop 循环找图开始 ./public/bmp/main battleline.jpg
21:59:27|util.py|findPicLoop 循环找图结束 ./public/bmp/main battleline.jpg
21:59:27|util.py|click 231 225
21:59:27|util.py|findPicLoop 循环找图开始 ./public/bmp/exercise.jpg
21:59:28|util.py|findPicLoop 循环找图结束 ./public/bmp/exercise.jpg
21:59:28|util.py|getWords 识字开始
21:59:29|util.py|getWords 识字结束
21:59:29|const.py|chapterProcess 进入出击章节步骤结束
21:59:29|4通常7-2 不打boss.py|-------------一局开始------------
21:59:29|const.py|intoStageProcess 进入stage步骤开始
21:59:31|util.py|click 361 146
21:59:32|util.py|findPicLoop 循环找图开始 ./public/bmp/start chapter.jpg
21:59:33|util.py|findPicLoop 循环找图结束 ./public/bmp/start chapter.jpg
21:59:33|util.py|click 642 350
21:59:34|const.py|船坞已满判断 开始
21:59:35|util.py|click 767 220
21:59:36|util.py|click 713 131
21:59:36|util.py|click 740 232
21:59:37|util.py|click 714 223
21:59:37|util.py|click 740 406
21:59:38|util.py|findPicLoop 循环找图开始 ./public/bmp/start chapter.jpg
21:59:39|util.py|findPicLoop 循环找图结束 ./public/bmp/start chapter.jpg
21:59:39|util.py|click 716 411
21:59:39|const.py|红脸判断 开始
21:59:40|util.py|getWords 识字开始
21:59:41|util.py|getWords 识字结束
21:59:41|const.py|intoStageProcess 进入stage步骤结束
21:59:41|4通常7-2 不打boss.py|------------一把开始-----------
21:59:41|util.py|findPicLoop 循环找图开始 ./public/bmp/withdraw.jpg
21:59:41|util.py|findPicLoop 循环找图结束 ./public/bmp/withdraw.jpg
21:59:45|const.py|findShip 找船 开始
21:59:46|const.py|findShip 找船 结束
21:59:46|util.py|click 243 306
21:59:47|const.py|anchorProcess 出击步骤开始
21:59:47|const.py|今日不再提示判断 开始
21:59:48|util.py|findPicLoop 循环找图开始 ./public/bmp/anchor.bmp
21:59:53|util.py|findPicLoop 循环找图结束 ./public/bmp/anchor.bmp
21:59:54|util.py|click 770 429
21:59:54|const.py|自律 开始
21:59:55|const.py|红脸判断 开始
21:59:55|util.py|getWords 识字开始
21:59:56|util.py|getWords 识字结束
21:59:56|const.py|船坞已满判断 开始
22:00:06|util.py|findPicLoop 循环找图开始 ./public/bmp/S.bmp
22:00:54|util.py|findPicLoop 循环找图结束 ./public/bmp/S.bmp
22:00:54|const.py|自律 结束
22:00:55|util.py|click 135 424
22:00:56|util.py|click 684 308
22:00:58|const.py|打捞到sr或ssr判断 开始
22:00:59|util.py|click 684 308
22:00:59|util.py|findPicLoop 循环找图开始 ./public/bmp/exp2.bmp
22:01:00|util.py|findPicLoop 循环找图结束 ./public/bmp/exp2.bmp
22:01:00|util.py|click 733 445
22:01:03|const.py|作战失败判断 开始
22:01:07|const.py|紧急委托判断 开始
22:01:07|const.py|anchorProcess 出击步骤结束
22:01:07|4通常7-2 不打boss.py|------------一把结束-----------
22:01:07|4通常7-2 不打boss.py|------------一把开始-----------
22:01:07|util.py|findPicLoop 循环找图开始 ./public/bmp/withdraw.jpg
22:01:08|util.py|findPicLoop 循环找图结束 ./public/bmp/withdraw.jpg
22:01:12|4通常7-2 不打boss.py|findQuestion 找问号 开始
22:01:13|4通常7-2 不打boss.py|findQuestion 找问号 结束
22:01:13|const.py|findShip 找船 开始
22:01:14|const.py|findShip 找船 结束
22:01:14|util.py|click 169 241
22:01:14|const.py|anchorProcess 出击步骤开始
22:01:15|const.py|今日不再提示判断 开始
22:01:15|util.py|findPicLoop 循环找图开始 ./public/bmp/anchor.bmp
22:01:16|util.py|findPicLoop 循环找图结束 ./public/bmp/anchor.bmp
22:01:17|util.py|click 777 429
22:01:17|const.py|自律 开始
22:01:18|const.py|红脸判断 开始
22:01:18|util.py|getWords 识字开始
22:01:19|util.py|getWords 识字结束
22:01:19|const.py|船坞已满判断 开始
22:01:30|util.py|findPicLoop 循环找图开始 ./public/bmp/S.bmp
22:02:15|util.py|findPicLoop 循环找图结束 ./public/bmp/S.bmp
22:02:15|const.py|自律 结束
22:02:16|util.py|click 135 424
22:02:17|util.py|click 684 308
22:02:19|const.py|打捞到sr或ssr判断 开始
22:02:20|util.py|click 684 308
22:02:20|util.py|findPicLoop 循环找图开始 ./public/bmp/exp2.bmp
22:02:20|util.py|findPicLoop 循环找图结束 ./public/bmp/exp2.bmp
22:02:20|util.py|click 733 445
22:02:24|const.py|作战失败判断 开始
22:02:27|const.py|紧急委托判断 开始
22:02:28|const.py|anchorProcess 出击步骤结束
22:02:28|4通常7-2 不打boss.py|------------一把结束-----------
22:02:28|util.py|findPicLoop 循环找图开始 ./public/bmp/withdraw.jpg
22:02:29|util.py|findPicLoop 循环找图结束 ./public/bmp/withdraw.jpg
22:02:29|util.py|click 563 460
22:02:29|util.py|findPicLoop 循环找图开始 ./public/bmp/OK.jpg
22:02:29|util.py|findPicLoop 循环找图结束 ./public/bmp/OK.jpg
22:02:29|util.py|click 534 347
22:02:30|4通常7-2 不打boss.py|-------------一局结束------------
22:02:30|4通常7-2 不打boss.py|-------------一局开始------------
22:02:30|const.py|intoStageProcess 进入stage步骤开始
22:02:32|util.py|click 361 146
22:02:32|util.py|findPicLoop 循环找图开始 ./public/bmp/start chapter.jpg
22:02:33|util.py|findPicLoop 循环找图结束 ./public/bmp/start chapter.jpg
22:02:33|util.py|click 642 350
22:02:34|const.py|船坞已满判断 开始
22:02:35|util.py|click 767 220
22:02:36|util.py|click 713 131
22:02:36|util.py|click 740 232
22:02:37|util.py|click 714 223
22:02:37|util.py|click 740 406
22:02:38|util.py|findPicLoop 循环找图开始 ./public/bmp/start chapter.jpg
22:02:39|util.py|findPicLoop 循环找图结束 ./public/bmp/start chapter.jpg
22:02:39|util.py|click 716 411
22:02:39|const.py|红脸判断 开始
22:02:40|util.py|getWords 识字开始
22:02:41|util.py|getWords 识字结束
22:02:41|const.py|intoStageProcess 进入stage步骤结束
22:02:41|4通常7-2 不打boss.py|------------一把开始-----------
22:02:41|util.py|findPicLoop 循环找图开始 ./public/bmp/withdraw.jpg
22:02:42|util.py|findPicLoop 循环找图结束 ./public/bmp/withdraw.jpg
22:02:46|const.py|findShip 找船 开始
22:02:46|const.py|findShip 找船 结束
22:02:46|util.py|click 335 374
22:02:47|const.py|anchorProcess 出击步骤开始
22:02:48|const.py|今日不再提示判断 开始
22:02:48|util.py|findPicLoop 循环找图开始 ./public/bmp/anchor.bmp
22:02:52|util.py|findPicLoop 循环找图结束 ./public/bmp/anchor.bmp
22:02:53|util.py|click 794 429
22:02:54|const.py|自律 开始
22:02:54|const.py|红脸判断 开始
22:02:54|util.py|getWords 识字开始
22:02:55|util.py|getWords 识字结束
22:02:55|const.py|船坞已满判断 开始
22:03:06|util.py|findPicLoop 循环找图开始 ./public/bmp/S.bmp
22:03:54|util.py|findPicLoop 循环找图结束 ./public/bmp/S.bmp
22:03:54|const.py|自律 结束
22:03:56|util.py|click 135 424
22:03:57|util.py|click 684 308
22:03:59|const.py|打捞到sr或ssr判断 开始
22:03:59|util.py|click 684 308
22:04:00|util.py|findPicLoop 循环找图开始 ./public/bmp/exp2.bmp
22:04:00|util.py|findPicLoop 循环找图结束 ./public/bmp/exp2.bmp
22:04:00|util.py|click 733 445
22:04:03|const.py|作战失败判断 开始
22:04:07|const.py|紧急委托判断 开始
22:04:08|const.py|anchorProcess 出击步骤结束
22:04:08|4通常7-2 不打boss.py|------------一把结束-----------
22:04:08|4通常7-2 不打boss.py|------------一把开始-----------
22:04:08|util.py|findPicLoop 循环找图开始 ./public/bmp/withdraw.jpg
22:04:08|util.py|findPicLoop 循环找图结束 ./public/bmp/withdraw.jpg
22:04:12|4通常7-2 不打boss.py|findQuestion 找问号 开始
22:04:13|4通常7-2 不打boss.py|findQuestion 找问号 结束
22:04:13|4通常7-2 不打boss.py|处理问号 开始
22:04:13|util.py|click 776 265
22:04:20|util.py|click 354 462
22:04:21|4通常7-2 不打boss.py|处理问号 结束
22:04:21|4通常7-2 不打boss.py|findQuestion 找问号 开始
22:04:22|4通常7-2 不打boss.py|findQuestion 找问号 结束
22:04:22|const.py|findShip 找船 开始
22:04:23|const.py|findShip 找船 结束
22:04:23|util.py|click 690 242
22:04:23|const.py|anchorProcess 出击步骤开始
22:04:24|const.py|今日不再提示判断 开始
22:04:25|util.py|findPicLoop 循环找图开始 ./public/bmp/anchor.bmp
22:04:25|util.py|findPicLoop 循环找图结束 ./public/bmp/anchor.bmp
22:04:26|util.py|click 770 429
22:04:27|const.py|自律 开始
22:04:27|const.py|红脸判断 开始
22:04:27|util.py|getWords 识字开始
22:04:28|util.py|getWords 识字结束
22:04:28|const.py|船坞已满判断 开始
22:04:39|util.py|findPicLoop 循环找图开始 ./public/bmp/S.bmp
22:05:27|util.py|findPicLoop 循环找图结束 ./public/bmp/S.bmp
22:05:27|const.py|自律 结束
22:05:28|util.py|click 135 424
22:05:29|util.py|click 684 308
22:05:31|const.py|打捞到sr或ssr判断 开始
22:05:32|util.py|click 684 308
22:05:32|util.py|findPicLoop 循环找图开始 ./public/bmp/exp2.bmp
22:05:32|util.py|findPicLoop 循环找图结束 ./public/bmp/exp2.bmp
22:05:32|util.py|click 733 445
22:05:36|const.py|作战失败判断 开始
22:05:39|const.py|紧急委托判断 开始
22:05:40|const.py|anchorProcess 出击步骤结束
22:05:40|4通常7-2 不打boss.py|------------一把结束-----------
22:05:40|util.py|findPicLoop 循环找图开始 ./public/bmp/withdraw.jpg
22:05:41|util.py|findPicLoop 循环找图结束 ./public/bmp/withdraw.jpg
22:05:41|util.py|click 563 460
22:05:41|util.py|findPicLoop 循环找图开始 ./public/bmp/OK.jpg
22:05:41|util.py|findPicLoop 循环找图结束 ./public/bmp/OK.jpg
22:05:41|util.py|click 534 347
22:05:42|4通常7-2 不打boss.py|-------------一局结束------------
22:05:42|4通常7-2 不打boss.py|-------------一局开始------------
22:05:42|const.py|intoStageProcess 进入stage步骤开始
22:05:44|util.py|click 361 146
22:05:44|util.py|findPicLoop 循环找图开始 ./public/bmp/start chapter.jpg
22:05:45|util.py|findPicLoop 循环找图结束 ./public/bmp/start chapter.jpg
22:05:45|util.py|click 642 350
22:05:46|const.py|船坞已满判断 开始
22:05:47|util.py|click 767 220
22:05:48|util.py|click 713 131
22:05:48|util.py|click 740 232
22:05:49|util.py|click 714 223
22:05:50|util.py|click 740 406
22:05:50|util.py|findPicLoop 循环找图开始 ./public/bmp/start chapter.jpg
22:05:51|util.py|findPicLoop 循环找图结束 ./public/bmp/start chapter.jpg
22:05:51|util.py|click 716 411
22:05:51|const.py|红脸判断 开始
22:05:52|util.py|getWords 识字开始
22:05:53|util.py|getWords 识字结束
22:05:53|const.py|intoStageProcess 进入stage步骤结束
22:05:53|4通常7-2 不打boss.py|------------一把开始-----------
22:05:53|util.py|findPicLoop 循环找图开始 ./public/bmp/withdraw.jpg
22:05:54|util.py|findPicLoop 循环找图结束 ./public/bmp/withdraw.jpg
22:05:58|const.py|findShip 找船 开始
22:05:59|const.py|findShip 找船 结束
22:05:59|util.py|click 168 242
22:05:59|const.py|anchorProcess 出击步骤开始
22:06:00|const.py|今日不再提示判断 开始
22:06:00|util.py|findPicLoop 循环找图开始 ./public/bmp/anchor.bmp
22:06:05|util.py|findPicLoop 循环找图结束 ./public/bmp/anchor.bmp
22:06:06|util.py|click 770 429
22:06:06|const.py|自律 开始
22:06:07|const.py|红脸判断 开始
22:06:07|util.py|getWords 识字开始
22:06:08|util.py|getWords 识字结束
22:06:08|const.py|船坞已满判断 开始
22:06:19|util.py|findPicLoop 循环找图开始 ./public/bmp/S.bmp
22:07:06|util.py|findPicLoop 循环找图结束 ./public/bmp/S.bmp
22:07:06|const.py|自律 结束
22:07:07|util.py|click 135 424
22:07:08|util.py|click 684 308
22:07:10|const.py|打捞到sr或ssr判断 开始
22:07:11|util.py|click 684 308
22:07:11|util.py|findPicLoop 循环找图开始 ./public/bmp/exp2.bmp
22:07:12|util.py|findPicLoop 循环找图结束 ./public/bmp/exp2.bmp
22:07:12|util.py|click 733 445
22:07:15|const.py|作战失败判断 开始
22:07:19|const.py|紧急委托判断 开始
22:07:19|const.py|anchorProcess 出击步骤结束
22:07:19|4通常7-2 不打boss.py|------------一把结束-----------
22:07:19|4通常7-2 不打boss.py|------------一把开始-----------
22:07:19|util.py|findPicLoop 循环找图开始 ./public/bmp/withdraw.jpg
22:07:20|util.py|findPicLoop 循环找图结束 ./public/bmp/withdraw.jpg
22:07:24|4通常7-2 不打boss.py|findQuestion 找问号 开始
22:07:25|4通常7-2 不打boss.py|findQuestion 找问号 结束
22:07:25|4通常7-2 不打boss.py|处理问号 开始
22:07:25|util.py|click 430 281
22:07:28|util.py|click 354 462
22:07:30|4通常7-2 不打boss.py|处理问号 结束
22:07:30|4通常7-2 不打boss.py|findQuestion 找问号 开始
22:07:31|4通常7-2 不打boss.py|findQuestion 找问号 结束
22:07:31|const.py|findShip 找船 开始
22:07:32|const.py|findShip 找船 结束
22:07:32|util.py|click 512 241
22:07:32|const.py|anchorProcess 出击步骤开始
22:07:33|const.py|今日不再提示判断 开始
22:07:33|util.py|findPicLoop 循环找图开始 ./public/bmp/anchor.bmp
22:07:34|util.py|findPicLoop 循环找图结束 ./public/bmp/anchor.bmp
22:07:35|util.py|click 777 429
22:07:35|const.py|自律 开始
22:07:36|const.py|红脸判断 开始
22:07:36|util.py|getWords 识字开始
22:07:37|util.py|getWords 识字结束
22:07:37|const.py|船坞已满判断 开始
22:07:48|util.py|findPicLoop 循环找图开始 ./public/bmp/S.bmp
22:08:36|util.py|findPicLoop 循环找图结束 ./public/bmp/S.bmp
22:08:36|const.py|自律 结束
22:08:37|util.py|click 135 424
22:08:38|util.py|click 684 308
22:08:40|const.py|打捞到sr或ssr判断 开始
22:08:41|util.py|click 684 308
22:08:41|util.py|findPicLoop 循环找图开始 ./public/bmp/exp2.bmp
22:08:42|util.py|findPicLoop 循环找图结束 ./public/bmp/exp2.bmp
22:08:42|util.py|click 733 445
22:08:45|const.py|作战失败判断 开始
22:08:49|const.py|紧急委托判断 开始
22:08:49|const.py|anchorProcess 出击步骤结束
22:08:49|4通常7-2 不打boss.py|------------一把结束-----------
22:08:49|util.py|findPicLoop 循环找图开始 ./public/bmp/withdraw.jpg
22:08:50|util.py|findPicLoop 循环找图结束 ./public/bmp/withdraw.jpg
22:08:50|util.py|click 563 460
22:08:50|util.py|findPicLoop 循环找图开始 ./public/bmp/OK.jpg
22:08:51|util.py|findPicLoop 循环找图结束 ./public/bmp/OK.jpg
22:08:51|util.py|click 534 347
22:08:51|4通常7-2 不打boss.py|-------------一局结束------------
22:08:51|4通常7-2 不打boss.py|-------------一局开始------------
22:08:51|const.py|intoStageProcess 进入stage步骤开始
22:08:53|util.py|click 361 146
22:08:53|util.py|findPicLoop 循环找图开始 ./public/bmp/start chapter.jpg
22:08:54|util.py|findPicLoop 循环找图结束 ./public/bmp/start chapter.jpg
22:08:54|util.py|click 642 350
22:08:56|const.py|船坞已满判断 开始
22:08:57|util.py|click 767 220
22:08:57|util.py|click 713 131
22:08:58|util.py|click 740 232
22:08:58|util.py|click 714 223
22:08:59|util.py|click 740 406
22:08:59|util.py|findPicLoop 循环找图开始 ./public/bmp/start chapter.jpg
22:09:00|util.py|findPicLoop 循环找图结束 ./public/bmp/start chapter.jpg
22:09:00|util.py|click 716 411
22:09:00|const.py|红脸判断 开始
22:09:01|util.py|getWords 识字开始
22:09:02|util.py|getWords 识字结束
22:09:02|const.py|intoStageProcess 进入stage步骤结束
22:09:02|4通常7-2 不打boss.py|------------一把开始-----------
22:09:02|util.py|findPicLoop 循环找图开始 ./public/bmp/withdraw.jpg
22:09:03|util.py|findPicLoop 循环找图结束 ./public/bmp/withdraw.jpg
22:09:07|const.py|findShip 找船 开始
22:09:08|const.py|findShip 找船 结束
22:09:08|util.py|click 168 242
22:09:08|const.py|anchorProcess 出击步骤开始
22:09:09|const.py|今日不再提示判断 开始
22:09:09|util.py|findPicLoop 循环找图开始 ./public/bmp/anchor.bmp
22:09:10|util.py|findPicLoop 循环找图结束 ./public/bmp/anchor.bmp
22:09:11|util.py|click 795 429
22:09:11|const.py|自律 开始
22:09:12|const.py|红脸判断 开始
22:09:12|util.py|getWords 识字开始
22:09:13|util.py|getWords 识字结束
22:09:13|const.py|船坞已满判断 开始
22:09:24|util.py|findPicLoop 循环找图开始 ./public/bmp/S.bmp
22:10:11|util.py|findPicLoop 循环找图结束 ./public/bmp/S.bmp
22:10:11|const.py|自律 结束
22:10:13|util.py|click 135 424
22:10:14|util.py|click 684 308
22:10:16|const.py|打捞到sr或ssr判断 开始
22:10:16|util.py|click 684 308
22:10:16|util.py|findPicLoop 循环找图开始 ./public/bmp/exp2.bmp
22:10:17|util.py|findPicLoop 循环找图结束 ./public/bmp/exp2.bmp
22:10:17|util.py|click 733 445
22:10:20|const.py|作战失败判断 开始
22:10:24|const.py|紧急委托判断 开始
22:10:25|const.py|anchorProcess 出击步骤结束
22:10:25|4通常7-2 不打boss.py|------------一把结束-----------
22:10:25|4通常7-2 不打boss.py|------------一把开始-----------
22:10:25|util.py|findPicLoop 循环找图开始 ./public/bmp/withdraw.jpg
22:10:25|util.py|findPicLoop 循环找图结束 ./public/bmp/withdraw.jpg
22:10:29|4通常7-2 不打boss.py|findQuestion 找问号 开始
22:10:30|4通常7-2 不打boss.py|findQuestion 找问号 结束
22:10:30|4通常7-2 不打boss.py|处理问号 开始
22:10:30|util.py|click 776 264
22:10:36|util.py|click 354 462
22:10:37|4通常7-2 不打boss.py|处理问号 结束
22:10:37|4通常7-2 不打boss.py|findQuestion 找问号 开始
22:10:38|4通常7-2 不打boss.py|findQuestion 找问号 结束
22:10:38|const.py|findShip 找船 开始
22:10:39|const.py|findShip 找船 结束
22:10:39|util.py|click 623 378
22:10:40|const.py|anchorProcess 出击步骤开始
22:10:40|const.py|今日不再提示判断 开始
22:10:41|util.py|findPicLoop 循环找图开始 ./public/bmp/anchor.bmp
22:10:43|util.py|findPicLoop 循环找图结束 ./public/bmp/anchor.bmp
22:10:44|util.py|click 770 429
22:10:44|const.py|自律 开始
22:10:45|const.py|红脸判断 开始
22:10:45|util.py|getWords 识字开始
22:10:46|util.py|getWords 识字结束
22:10:46|const.py|船坞已满判断 开始
22:10:57|util.py|findPicLoop 循环找图开始 ./public/bmp/S.bmp
22:11:44|util.py|findPicLoop 循环找图结束 ./public/bmp/S.bmp
22:11:44|const.py|自律 结束
22:11:45|util.py|click 135 424
22:11:47|util.py|click 684 308
22:11:48|const.py|打捞到sr或ssr判断 开始
22:11:49|util.py|click 684 308
22:11:49|util.py|findPicLoop 循环找图开始 ./public/bmp/exp2.bmp
22:11:50|util.py|findPicLoop 循环找图结束 ./public/bmp/exp2.bmp
22:11:50|util.py|click 733 445
22:11:53|const.py|作战失败判断 开始
22:11:57|const.py|紧急委托判断 开始
22:11:57|const.py|紧急委托
22:11:57|util.py|click 433 347
22:11:58|const.py|anchorProcess 出击步骤结束
22:11:58|4通常7-2 不打boss.py|------------一把结束-----------
22:11:58|util.py|findPicLoop 循环找图开始 ./public/bmp/withdraw.jpg
22:11:58|util.py|findPicLoop 循环找图结束 ./public/bmp/withdraw.jpg
22:11:58|util.py|click 563 460
22:11:59|util.py|findPicLoop 循环找图开始 ./public/bmp/OK.jpg
22:11:59|util.py|findPicLoop 循环找图结束 ./public/bmp/OK.jpg
22:11:59|util.py|click 534 347
22:11:59|4通常7-2 不打boss.py|-------------一局结束------------
22:11:59|4通常7-2 不打boss.py|-------------一局开始------------
22:11:59|const.py|intoStageProcess 进入stage步骤开始
22:12:01|util.py|click 361 146
22:12:02|util.py|findPicLoop 循环找图开始 ./public/bmp/start chapter.jpg
22:12:03|util.py|findPicLoop 循环找图结束 ./public/bmp/start chapter.jpg
22:12:03|util.py|click 642 350
22:12:04|const.py|船坞已满判断 开始
22:12:05|util.py|click 767 220
22:12:06|util.py|click 713 131
22:12:06|util.py|click 740 232
22:12:07|util.py|click 714 223
22:12:07|util.py|click 740 406
22:12:08|util.py|findPicLoop 循环找图开始 ./public/bmp/start chapter.jpg
22:12:09|util.py|findPicLoop 循环找图结束 ./public/bmp/start chapter.jpg
22:12:09|util.py|click 716 411
22:12:09|const.py|红脸判断 开始
22:12:10|util.py|getWords 识字开始
22:12:11|util.py|getWords 识字结束
22:12:11|const.py|intoStageProcess 进入stage步骤结束
22:12:11|4通常7-2 不打boss.py|------------一把开始-----------
22:12:11|util.py|findPicLoop 循环找图开始 ./public/bmp/withdraw.jpg
22:12:11|util.py|findPicLoop 循环找图结束 ./public/bmp/withdraw.jpg
22:12:15|const.py|findShip 找船 开始
22:12:16|const.py|findShip 找船 结束
22:12:16|util.py|click 336 377
22:12:17|const.py|anchorProcess 出击步骤开始
22:12:17|const.py|今日不再提示判断 开始
22:12:18|util.py|findPicLoop 循环找图开始 ./public/bmp/anchor.bmp
22:12:19|util.py|findPicLoop 循环找图结束 ./public/bmp/anchor.bmp
22:12:19|util.py|click 776 429
22:12:20|const.py|自律 开始
22:12:21|const.py|红脸判断 开始
22:12:21|util.py|getWords 识字开始
22:12:23|util.py|getWords 识字结束
22:12:23|const.py|船坞已满判断 开始
22:12:33|util.py|findPicLoop 循环找图开始 ./public/bmp/S.bmp
22:13:21|util.py|findPicLoop 循环找图结束 ./public/bmp/S.bmp
22:13:21|const.py|自律 结束
22:13:22|util.py|click 135 424
22:13:23|util.py|click 684 308
22:13:25|const.py|打捞到sr或ssr判断 开始
22:13:26|util.py|click 684 308
22:13:26|util.py|findPicLoop 循环找图开始 ./public/bmp/exp2.bmp
22:13:26|util.py|findPicLoop 循环找图结束 ./public/bmp/exp2.bmp
22:13:26|util.py|click 733 445
22:13:30|const.py|作战失败判断 开始
22:13:33|const.py|紧急委托判断 开始
22:13:34|const.py|anchorProcess 出击步骤结束
22:13:34|4通常7-2 不打boss.py|------------一把结束-----------
22:13:34|4通常7-2 不打boss.py|------------一把开始-----------
22:13:34|util.py|findPicLoop 循环找图开始 ./public/bmp/withdraw.jpg
22:13:35|util.py|findPicLoop 循环找图结束 ./public/bmp/withdraw.jpg
22:13:39|4通常7-2 不打boss.py|findQuestion 找问号 开始
22:13:40|4通常7-2 不打boss.py|findQuestion 找问号 结束
22:13:40|4通常7-2 不打boss.py|处理问号 开始
22:13:40|util.py|click 429 206
22:13:43|util.py|click 354 462
22:13:44|4通常7-2 不打boss.py|处理问号 结束
22:13:44|4通常7-2 不打boss.py|findQuestion 找问号 开始
22:13:45|4通常7-2 不打boss.py|findQuestion 找问号 结束
22:13:45|const.py|findShip 找船 开始
22:13:46|const.py|findShip 找船 结束
22:13:46|util.py|click 516 238
22:13:47|const.py|anchorProcess 出击步骤开始
22:13:47|const.py|今日不再提示判断 开始
22:13:48|util.py|findPicLoop 循环找图开始 ./public/bmp/anchor.bmp
22:13:49|util.py|findPicLoop 循环找图结束 ./public/bmp/anchor.bmp
22:13:50|util.py|click 770 429
22:13:50|const.py|自律 开始
22:13:51|const.py|红脸判断 开始
22:13:51|util.py|getWords 识字开始
22:13:52|util.py|getWords 识字结束
22:13:52|const.py|船坞已满判断 开始
22:14:03|util.py|findPicLoop 循环找图开始 ./public/bmp/S.bmp
22:14:48|util.py|findPicLoop 循环找图结束 ./public/bmp/S.bmp
22:14:48|const.py|自律 结束
22:14:49|util.py|click 135 424
22:14:50|util.py|click 684 308
22:14:52|const.py|打捞到sr或ssr判断 开始
22:14:53|util.py|click 684 308
22:14:53|util.py|findPicLoop 循环找图开始 ./public/bmp/exp2.bmp
22:14:53|util.py|findPicLoop 循环找图结束 ./public/bmp/exp2.bmp
22:14:53|util.py|click 733 445
22:14:57|const.py|作战失败判断 开始
22:15:00|const.py|紧急委托判断 开始
22:15:01|const.py|anchorProcess 出击步骤结束
22:15:01|4通常7-2 不打boss.py|------------一把结束-----------
22:15:01|util.py|findPicLoop 循环找图开始 ./public/bmp/withdraw.jpg
22:15:02|util.py|findPicLoop 循环找图结束 ./public/bmp/withdraw.jpg
22:15:02|util.py|click 563 460
22:15:02|util.py|findPicLoop 循环找图开始 ./public/bmp/OK.jpg
22:15:02|util.py|findPicLoop 循环找图结束 ./public/bmp/OK.jpg
22:15:02|util.py|click 534 347
22:15:03|4通常7-2 不打boss.py|-------------一局结束------------
22:15:03|4通常7-2 不打boss.py|-------------一局开始------------
22:15:03|const.py|intoStageProcess 进入stage步骤开始
22:15:05|util.py|click 361 146
22:15:05|util.py|findPicLoop 循环找图开始 ./public/bmp/start chapter.jpg
22:15:06|util.py|findPicLoop 循环找图结束 ./public/bmp/start chapter.jpg
22:15:06|util.py|click 642 350
22:15:07|const.py|船坞已满判断 开始
22:15:08|util.py|click 767 220
22:15:09|util.py|click 713 131
22:15:10|util.py|click 740 232
22:15:10|util.py|click 714 223
22:15:11|util.py|click 740 406
22:15:11|util.py|findPicLoop 循环找图开始 ./public/bmp/start chapter.jpg
22:15:12|util.py|findPicLoop 循环找图结束 ./public/bmp/start chapter.jpg
22:15:12|util.py|click 716 411
22:15:12|const.py|红脸判断 开始
22:15:13|util.py|getWords 识字开始
22:15:14|util.py|getWords 识字结束
22:15:14|const.py|intoStageProcess 进入stage步骤结束
22:15:14|4通常7-2 不打boss.py|------------一把开始-----------
22:15:14|util.py|findPicLoop 循环找图开始 ./public/bmp/withdraw.jpg
22:15:15|util.py|findPicLoop 循环找图结束 ./public/bmp/withdraw.jpg
22:15:19|const.py|findShip 找船 开始
22:15:20|const.py|findShip 找船 结束
22:15:20|util.py|click 330 377
22:15:20|const.py|anchorProcess 出击步骤开始
22:15:21|const.py|今日不再提示判断 开始
22:15:21|util.py|findPicLoop 循环找图开始 ./public/bmp/anchor.bmp
22:15:22|util.py|findPicLoop 循环找图结束 ./public/bmp/anchor.bmp
22:15:23|util.py|click 795 429
22:15:23|const.py|自律 开始
22:15:24|const.py|红脸判断 开始
22:15:24|util.py|getWords 识字开始
22:15:25|util.py|getWords 识字结束
22:15:25|const.py|船坞已满判断 开始
22:15:36|util.py|findPicLoop 循环找图开始 ./public/bmp/S.bmp
22:16:26|util.py|findPicLoop 循环找图结束 ./public/bmp/S.bmp
22:16:26|const.py|自律 结束
22:16:27|util.py|click 135 424
22:16:28|util.py|click 684 308
22:16:30|const.py|打捞到sr或ssr判断 开始
22:16:31|util.py|click 684 308
22:16:31|util.py|findPicLoop 循环找图开始 ./public/bmp/exp2.bmp
22:16:32|util.py|findPicLoop 循环找图结束 ./public/bmp/exp2.bmp
22:16:32|util.py|click 733 445
22:16:35|const.py|作战失败判断 开始
22:16:39|const.py|紧急委托判断 开始
22:16:39|const.py|anchorProcess 出击步骤结束
22:16:39|4通常7-2 不打boss.py|------------一把结束-----------
22:16:39|4通常7-2 不打boss.py|------------一把开始-----------
22:16:39|util.py|findPicLoop 循环找图开始 ./public/bmp/withdraw.jpg
22:16:40|util.py|findPicLoop 循环找图结束 ./public/bmp/withdraw.jpg
22:16:44|4通常7-2 不打boss.py|findQuestion 找问号 开始
22:16:45|4通常7-2 不打boss.py|findQuestion 找问号 结束
22:16:45|4通常7-2 不打boss.py|处理问号 开始
22:16:45|util.py|click 776 263
22:16:51|util.py|click 354 462
22:16:52|4通常7-2 不打boss.py|处理问号 结束
22:16:52|4通常7-2 不打boss.py|findQuestion 找问号 开始
22:16:53|4通常7-2 不打boss.py|findQuestion 找问号 结束
22:16:53|const.py|findShip 找船 开始
22:16:54|const.py|findShip 找船 结束
22:16:54|util.py|click 690 240
22:16:55|const.py|anchorProcess 出击步骤开始
22:16:55|const.py|今日不再提示判断 开始
22:16:56|util.py|findPicLoop 循环找图开始 ./public/bmp/anchor.bmp
22:16:57|util.py|findPicLoop 循环找图结束 ./public/bmp/anchor.bmp
22:16:57|util.py|click 770 429
22:16:58|const.py|自律 开始
22:16:59|const.py|红脸判断 开始
22:16:59|util.py|getWords 识字开始
22:17:00|util.py|getWords 识字结束
22:17:00|const.py|船坞已满判断 开始
22:17:10|util.py|findPicLoop 循环找图开始 ./public/bmp/S.bmp
22:17:58|util.py|findPicLoop 循环找图结束 ./public/bmp/S.bmp
22:17:58|const.py|自律 结束
22:17:59|util.py|click 135 424
22:18:00|util.py|click 684 308
22:18:02|const.py|打捞到sr或ssr判断 开始
22:18:03|util.py|click 684 308
22:18:03|util.py|findPicLoop 循环找图开始 ./public/bmp/exp2.bmp
22:18:04|util.py|findPicLoop 循环找图结束 ./public/bmp/exp2.bmp
22:18:04|util.py|click 733 445
22:18:07|const.py|作战失败判断 开始
22:18:11|const.py|紧急委托判断 开始
22:18:11|const.py|anchorProcess 出击步骤结束
22:18:11|4通常7-2 不打boss.py|------------一把结束-----------
22:18:11|util.py|findPicLoop 循环找图开始 ./public/bmp/withdraw.jpg
22:18:12|util.py|findPicLoop 循环找图结束 ./public/bmp/withdraw.jpg
22:18:12|util.py|click 563 460
22:18:12|util.py|findPicLoop 循环找图开始 ./public/bmp/OK.jpg
22:18:13|util.py|findPicLoop 循环找图结束 ./public/bmp/OK.jpg
22:18:13|util.py|click 534 347
22:18:13|4通常7-2 不打boss.py|-------------一局结束------------
22:18:13|4通常7-2 不打boss.py|-------------一局开始------------
22:18:13|const.py|intoStageProcess 进入stage步骤开始
22:18:15|util.py|click 361 146
22:18:15|util.py|findPicLoop 循环找图开始 ./public/bmp/start chapter.jpg
22:18:16|util.py|findPicLoop 循环找图结束 ./public/bmp/start chapter.jpg
22:18:16|util.py|click 642 350
22:18:18|const.py|船坞已满判断 开始
22:18:19|util.py|click 767 220
22:18:19|util.py|click 713 131
22:18:20|util.py|click 740 232
22:18:20|util.py|click 714 223
22:18:21|util.py|click 740 406
22:18:21|util.py|findPicLoop 循环找图开始 ./public/bmp/start chapter.jpg
22:18:22|util.py|findPicLoop 循环找图结束 ./public/bmp/start chapter.jpg
22:18:22|util.py|click 716 411
22:18:23|const.py|红脸判断 开始
22:18:24|util.py|getWords 识字开始
22:18:24|util.py|getWords 识字结束
22:18:24|const.py|intoStageProcess 进入stage步骤结束
22:18:24|4通常7-2 不打boss.py|------------一把开始-----------
22:18:24|util.py|findPicLoop 循环找图开始 ./public/bmp/withdraw.jpg
22:18:25|util.py|findPicLoop 循环找图结束 ./public/bmp/withdraw.jpg
22:18:29|const.py|findShip 找船 开始
22:18:30|const.py|findShip 找船 结束
22:18:30|util.py|click 516 242
22:18:30|const.py|anchorProcess 出击步骤开始
22:18:31|const.py|今日不再提示判断 开始
22:18:31|util.py|findPicLoop 循环找图开始 ./public/bmp/anchor.bmp
22:18:34|util.py|findPicLoop 循环找图结束 ./public/bmp/anchor.bmp
22:18:35|util.py|click 770 429
22:18:35|const.py|自律 开始
22:18:36|const.py|红脸判断 开始
22:18:36|util.py|getWords 识字开始
22:18:37|util.py|getWords 识字结束
22:18:37|const.py|船坞已满判断 开始
22:18:48|util.py|findPicLoop 循环找图开始 ./public/bmp/S.bmp
22:19:33|util.py|findPicLoop 循环找图结束 ./public/bmp/S.bmp
22:19:33|const.py|自律 结束
22:19:34|util.py|click 135 424
22:19:35|util.py|click 684 308
22:19:37|const.py|打捞到sr或ssr判断 开始
22:19:38|util.py|click 684 308
22:19:38|util.py|findPicLoop 循环找图开始 ./public/bmp/exp2.bmp
22:19:39|util.py|findPicLoop 循环找图结束 ./public/bmp/exp2.bmp
22:19:39|util.py|click 733 445
22:19:42|const.py|作战失败判断 开始
22:19:45|const.py|紧急委托判断 开始
22:19:46|const.py|anchorProcess 出击步骤结束
22:19:46|4通常7-2 不打boss.py|------------一把结束-----------
22:19:46|4通常7-2 不打boss.py|------------一把开始-----------
22:19:46|util.py|findPicLoop 循环找图开始 ./public/bmp/withdraw.jpg
22:19:47|util.py|findPicLoop 循环找图结束 ./public/bmp/withdraw.jpg
22:19:51|4通常7-2 不打boss.py|findQuestion 找问号 开始
22:19:52|4通常7-2 不打boss.py|findQuestion 找问号 结束
22:19:52|4通常7-2 不打boss.py|处理问号 开始
22:19:52|util.py|click 429 207
22:19:54|util.py|click 354 462
22:19:56|4通常7-2 不打boss.py|处理问号 结束
22:19:56|4通常7-2 不打boss.py|findQuestion 找问号 开始
22:19:57|4通常7-2 不打boss.py|findQuestion 找问号 结束
22:19:57|const.py|findShip 找船 开始
22:19:58|const.py|findShip 找船 结束
22:19:58|util.py|click 607 306
22:19:58|const.py|anchorProcess 出击步骤开始
22:19:59|const.py|今日不再提示判断 开始
22:19:59|util.py|findPicLoop 循环找图开始 ./public/bmp/anchor.bmp
22:20:01|util.py|findPicLoop 循环找图结束 ./public/bmp/anchor.bmp
22:20:02|util.py|click 770 429
22:20:02|const.py|自律 开始
22:20:03|const.py|红脸判断 开始
22:20:03|util.py|getWords 识字开始
22:20:04|util.py|getWords 识字结束
22:20:04|const.py|船坞已满判断 开始
22:20:15|util.py|findPicLoop 循环找图开始 ./public/bmp/S.bmp
22:21:01|util.py|findPicLoop 循环找图结束 ./public/bmp/S.bmp
22:21:01|const.py|自律 结束
22:21:02|util.py|click 135 424
22:21:03|util.py|click 684 308
22:21:05|const.py|打捞到sr或ssr判断 开始
22:21:05|util.py|click 684 308
22:21:06|util.py|findPicLoop 循环找图开始 ./public/bmp/exp2.bmp
22:21:06|util.py|findPicLoop 循环找图结束 ./public/bmp/exp2.bmp
22:21:06|util.py|click 733 445
22:21:10|const.py|作战失败判断 开始
22:21:13|const.py|紧急委托判断 开始
22:21:14|const.py|anchorProcess 出击步骤结束
22:21:14|4通常7-2 不打boss.py|------------一把结束-----------
22:21:14|util.py|findPicLoop 循环找图开始 ./public/bmp/withdraw.jpg
22:21:15|util.py|findPicLoop 循环找图结束 ./public/bmp/withdraw.jpg
22:21:15|util.py|click 563 460
22:21:15|util.py|findPicLoop 循环找图开始 ./public/bmp/OK.jpg
22:21:15|util.py|findPicLoop 循环找图结束 ./public/bmp/OK.jpg
22:21:15|util.py|click 534 347
22:21:16|4通常7-2 不打boss.py|-------------一局结束------------
22:21:16|4通常7-2 不打boss.py|-------------一局开始------------
22:21:16|const.py|intoStageProcess 进入stage步骤开始
22:21:18|util.py|click 361 146
22:21:18|util.py|findPicLoop 循环找图开始 ./public/bmp/start chapter.jpg
22:21:19|util.py|findPicLoop 循环找图结束 ./public/bmp/start chapter.jpg
22:21:19|util.py|click 642 350
22:21:20|const.py|船坞已满判断 开始
22:21:21|util.py|click 767 220
22:21:22|util.py|click 713 131
22:21:22|util.py|click 740 232
22:21:23|util.py|click 714 223
22:21:23|util.py|click 740 406
22:21:24|util.py|findPicLoop 循环找图开始 ./public/bmp/start chapter.jpg
22:21:25|util.py|findPicLoop 循环找图结束 ./public/bmp/start chapter.jpg
22:21:25|util.py|click 716 411
22:21:25|const.py|红脸判断 开始
22:21:26|util.py|getWords 识字开始
22:21:27|util.py|getWords 识字结束
22:21:27|const.py|intoStageProcess 进入stage步骤结束
22:21:27|4通常7-2 不打boss.py|------------一把开始-----------
22:21:27|util.py|findPicLoop 循环找图开始 ./public/bmp/withdraw.jpg
22:21:28|util.py|findPicLoop 循环找图结束 ./public/bmp/withdraw.jpg
22:21:32|const.py|findShip 找船 开始
22:21:32|const.py|findShip 找船 结束
22:21:32|util.py|click 243 306
22:21:33|const.py|anchorProcess 出击步骤开始
22:21:34|const.py|今日不再提示判断 开始
22:21:34|util.py|findPicLoop 循环找图开始 ./public/bmp/anchor.bmp
22:21:38|util.py|findPicLoop 循环找图结束 ./public/bmp/anchor.bmp
22:21:39|util.py|click 794 429
22:21:40|const.py|自律 开始
22:21:40|const.py|红脸判断 开始
22:21:40|util.py|getWords 识字开始
22:21:41|util.py|getWords 识字结束
22:21:41|const.py|船坞已满判断 开始
22:21:52|util.py|findPicLoop 循环找图开始 ./public/bmp/S.bmp
22:22:42|util.py|findPicLoop 循环找图结束 ./public/bmp/S.bmp
22:22:42|const.py|自律 结束
22:22:43|util.py|click 135 424
22:22:44|util.py|click 684 308
22:22:46|const.py|打捞到sr或ssr判断 开始
22:22:47|util.py|click 684 308
22:22:47|util.py|findPicLoop 循环找图开始 ./public/bmp/exp2.bmp
22:22:47|util.py|findPicLoop 循环找图结束 ./public/bmp/exp2.bmp
22:22:47|util.py|click 733 445
22:22:51|const.py|作战失败判断 开始
22:22:54|const.py|紧急委托判断 开始
22:22:55|const.py|anchorProcess 出击步骤结束
22:22:55|4通常7-2 不打boss.py|------------一把结束-----------
22:22:55|4通常7-2 不打boss.py|------------一把开始-----------
22:22:55|util.py|findPicLoop 循环找图开始 ./public/bmp/withdraw.jpg
22:22:56|util.py|findPicLoop 循环找图结束 ./public/bmp/withdraw.jpg
22:23:00|4通常7-2 不打boss.py|findQuestion 找问号 开始
22:23:01|4通常7-2 不打boss.py|findQuestion 找问号 结束
22:23:01|4通常7-2 不打boss.py|处理问号 开始
22:23:01|util.py|click 429 207
22:23:04|util.py|click 354 462
22:23:05|4通常7-2 不打boss.py|处理问号 结束
22:23:05|4通常7-2 不打boss.py|findQuestion 找问号 开始
22:23:06|4通常7-2 不打boss.py|findQuestion 找问号 结束
22:23:06|const.py|findShip 找船 开始
22:23:07|const.py|findShip 找船 结束
22:23:07|util.py|click 516 242
22:23:08|const.py|anchorProcess 出击步骤开始
22:23:08|const.py|今日不再提示判断 开始
22:23:09|util.py|findPicLoop 循环找图开始 ./public/bmp/anchor.bmp
22:23:10|util.py|findPicLoop 循环找图结束 ./public/bmp/anchor.bmp
22:23:10|util.py|click 776 429
22:23:11|const.py|自律 开始
22:23:12|const.py|红脸判断 开始
22:23:12|util.py|getWords 识字开始
22:23:13|util.py|getWords 识字结束
22:23:13|const.py|船坞已满判断 开始
22:23:24|util.py|findPicLoop 循环找图开始 ./public/bmp/S.bmp
22:24:11|util.py|findPicLoop 循环找图结束 ./public/bmp/S.bmp
22:24:11|const.py|自律 结束
22:24:12|util.py|click 135 424
22:24:13|util.py|click 684 308
22:24:15|const.py|打捞到sr或ssr判断 开始
22:24:16|util.py|click 684 308
22:24:16|util.py|findPicLoop 循环找图开始 ./public/bmp/exp2.bmp
22:24:17|util.py|findPicLoop 循环找图结束 ./public/bmp/exp2.bmp
22:24:17|util.py|click 733 445
22:24:20|const.py|作战失败判断 开始
22:24:24|const.py|紧急委托判断 开始
22:24:24|const.py|anchorProcess 出击步骤结束
22:24:24|4通常7-2 不打boss.py|------------一把结束-----------
22:24:24|util.py|findPicLoop 循环找图开始 ./public/bmp/withdraw.jpg
22:24:25|util.py|findPicLoop 循环找图结束 ./public/bmp/withdraw.jpg
22:24:25|util.py|click 563 460
22:24:25|util.py|findPicLoop 循环找图开始 ./public/bmp/OK.jpg
22:24:26|util.py|findPicLoop 循环找图结束 ./public/bmp/OK.jpg
22:24:26|util.py|click 534 347
22:24:26|4通常7-2 不打boss.py|-------------一局结束------------
22:24:26|4通常7-2 不打boss.py|-------------一局开始------------
22:24:26|const.py|intoStageProcess 进入stage步骤开始
22:24:28|util.py|click 361 146
22:24:29|util.py|findPicLoop 循环找图开始 ./public/bmp/start chapter.jpg
22:24:30|util.py|findPicLoop 循环找图结束 ./public/bmp/start chapter.jpg
22:24:30|util.py|click 642 350
22:24:31|const.py|船坞已满判断 开始
22:24:32|util.py|click 767 220
22:24:32|util.py|click 713 131
22:24:33|util.py|click 740 232
22:24:33|util.py|click 714 223
22:24:34|util.py|click 740 406
22:24:34|util.py|findPicLoop 循环找图开始 ./public/bmp/start chapter.jpg
22:24:35|util.py|findPicLoop 循环找图结束 ./public/bmp/start chapter.jpg
22:24:35|util.py|click 716 411
22:24:36|const.py|红脸判断 开始
22:24:37|util.py|getWords 识字开始
22:24:37|util.py|getWords 识字结束
22:24:37|const.py|intoStageProcess 进入stage步骤结束
22:24:37|4通常7-2 不打boss.py|------------一把开始-----------
22:24:37|util.py|findPicLoop 循环找图开始 ./public/bmp/withdraw.jpg
22:24:38|util.py|findPicLoop 循环找图结束 ./public/bmp/withdraw.jpg
22:24:42|const.py|findShip 找船 开始
22:24:43|const.py|findShip 找船 结束
22:24:43|util.py|click 516 242
22:24:43|const.py|anchorProcess 出击步骤开始
22:24:44|const.py|今日不再提示判断 开始
22:24:45|util.py|findPicLoop 循环找图开始 ./public/bmp/anchor.bmp
22:24:47|util.py|findPicLoop 循环找图结束 ./public/bmp/anchor.bmp
22:24:48|util.py|click 770 429
22:24:48|const.py|自律 开始
22:24:49|const.py|红脸判断 开始
22:24:49|util.py|getWords 识字开始
22:24:50|util.py|getWords 识字结束
22:24:50|const.py|船坞已满判断 开始
22:25:01|util.py|findPicLoop 循环找图开始 ./public/bmp/S.bmp
22:26:03|util.py|findPicLoop 循环找图结束 ./public/bmp/S.bmp
22:26:03|const.py|自律 结束
22:26:04|util.py|click 135 424
22:26:05|util.py|click 684 308
22:26:07|const.py|打捞到sr或ssr判断 开始
22:26:08|util.py|click 684 308
22:26:08|util.py|findPicLoop 循环找图开始 ./public/bmp/exp2.bmp
22:26:09|util.py|findPicLoop 循环找图结束 ./public/bmp/exp2.bmp
22:26:09|util.py|click 733 445
22:26:12|const.py|作战失败判断 开始
22:26:16|const.py|紧急委托判断 开始
22:26:16|const.py|anchorProcess 出击步骤结束
22:26:16|4通常7-2 不打boss.py|------------一把结束-----------
22:26:16|4通常7-2 不打boss.py|------------一把开始-----------
22:26:16|util.py|findPicLoop 循环找图开始 ./public/bmp/withdraw.jpg
22:26:17|util.py|findPicLoop 循环找图结束 ./public/bmp/withdraw.jpg
22:26:21|4通常7-2 不打boss.py|findQuestion 找问号 开始
22:26:22|4通常7-2 不打boss.py|findQuestion 找问号 结束
22:26:22|const.py|findShip 找船 开始
22:26:23|const.py|findShip 找船 结束
22:26:23|util.py|click 591 131
22:26:23|const.py|anchorProcess 出击步骤开始
22:26:24|const.py|今日不再提示判断 开始
22:26:25|util.py|findPicLoop 循环找图开始 ./public/bmp/anchor.bmp
22:26:26|util.py|findPicLoop 循环找图结束 ./public/bmp/anchor.bmp
22:26:27|util.py|click 771 429
22:26:27|const.py|自律 开始
22:26:28|const.py|红脸判断 开始
22:26:28|util.py|getWords 识字开始
22:26:29|util.py|getWords 识字结束
22:26:29|const.py|船坞已满判断 开始
22:26:39|util.py|findPicLoop 循环找图开始 ./public/bmp/S.bmp
22:27:27|util.py|findPicLoop 循环找图结束 ./public/bmp/S.bmp
22:27:27|const.py|自律 结束
22:27:28|util.py|click 135 424
22:27:30|util.py|click 684 308
22:27:32|const.py|打捞到sr或ssr判断 开始
22:27:32|util.py|click 684 308
22:27:32|util.py|findPicLoop 循环找图开始 ./public/bmp/exp2.bmp
22:27:33|util.py|findPicLoop 循环找图结束 ./public/bmp/exp2.bmp
22:27:33|util.py|click 733 445
22:27:36|const.py|作战失败判断 开始
22:27:40|const.py|紧急委托判断 开始
22:27:41|const.py|anchorProcess 出击步骤结束
22:27:41|4通常7-2 不打boss.py|------------一把结束-----------
22:27:41|util.py|findPicLoop 循环找图开始 ./public/bmp/withdraw.jpg
22:27:41|util.py|findPicLoop 循环找图结束 ./public/bmp/withdraw.jpg
22:27:41|util.py|click 563 460
22:27:42|util.py|findPicLoop 循环找图开始 ./public/bmp/OK.jpg
22:27:42|util.py|findPicLoop 循环找图结束 ./public/bmp/OK.jpg
22:27:42|util.py|click 534 347
22:27:42|4通常7-2 不打boss.py|-------------一局结束------------
22:27:42|4通常7-2 不打boss.py|-------------一局开始------------
22:27:42|const.py|intoStageProcess 进入stage步骤开始
22:27:44|util.py|click 361 146
22:27:45|util.py|findPicLoop 循环找图开始 ./public/bmp/start chapter.jpg
22:27:46|util.py|findPicLoop 循环找图结束 ./public/bmp/start chapter.jpg
22:27:46|util.py|click 642 350
22:27:47|const.py|船坞已满判断 开始
22:27:48|util.py|click 767 220
22:27:49|util.py|click 713 131
22:27:49|util.py|click 740 232
22:27:50|util.py|click 714 223
22:27:50|util.py|click 740 406
22:27:50|util.py|findPicLoop 循环找图开始 ./public/bmp/start chapter.jpg
22:27:52|util.py|findPicLoop 循环找图结束 ./public/bmp/start chapter.jpg
22:27:52|util.py|click 716 411
22:27:52|const.py|红脸判断 开始
22:27:53|util.py|getWords 识字开始
22:27:54|util.py|getWords 识字结束
22:27:54|const.py|intoStageProcess 进入stage步骤结束
22:27:54|4通常7-2 不打boss.py|------------一把开始-----------
22:27:54|util.py|findPicLoop 循环找图开始 ./public/bmp/withdraw.jpg
22:27:54|util.py|findPicLoop 循环找图结束 ./public/bmp/withdraw.jpg
