19:43:22|1每日.py|每日脚本开始
19:43:23|const.py|backMainProcess 返回主页面开始
19:43:24|const.py|backMainProcess 返回主页面结束
19:43:24|util.py|findPicLoop 循环找图开始 ./public/bmp/weigh anchor.jpg
19:43:25|util.py|findPicLoop 循环找图结束 ./public/bmp/weigh anchor.jpg
19:43:25|util.py|click 729 244
19:43:26|util.py|findPicLoop 循环找图开始 ./public/bmp/daily task.jpg
19:43:27|util.py|findPicLoop 循环找图结束 ./public/bmp/daily task.jpg
19:43:27|util.py|click 487 413
19:43:28|util.py|getNumbers 识数字开始
19:43:29|util.py|getNumbers 识数字结束
19:43:29|util.py|click 185 295
19:43:30|util.py|click 353 305
19:43:32|util.py|click 503 134
19:43:33|const.py|anchorProcess 出击步骤开始
19:43:33|const.py|今日不再提示判断 开始
19:43:34|util.py|click 603 109
19:43:34|const.py|今日不再提示
19:43:34|util.py|findPicLoop 循环找图开始 ./public/bmp/anchor.bmp
19:43:35|util.py|findPicLoop 循环找图结束 ./public/bmp/anchor.bmp
19:43:36|util.py|click 770 429
19:43:36|const.py|自律 开始
19:43:37|const.py|船坞已满判断 开始
19:43:48|util.py|findPicLoop 循环找图开始 ./public/bmp/S.bmp
19:45:07|util.py|findPicLoop 循环找图结束 ./public/bmp/S.bmp
19:45:07|const.py|自律 结束
19:45:08|util.py|click 135 424
19:45:09|util.py|click 684 308
19:45:11|const.py|打捞到sr或ssr判断 开始
19:45:11|util.py|click 684 308
19:45:12|util.py|findPicLoop 循环找图开始 ./public/bmp/exp2.bmp
19:45:12|util.py|findPicLoop 循环找图结束 ./public/bmp/exp2.bmp
19:45:12|util.py|click 733 445
19:45:16|const.py|作战失败判断 开始
19:45:19|const.py|紧急委托判断 开始
19:45:20|const.py|anchorProcess 出击步骤结束
19:45:20|util.py|click 503 134
19:45:21|const.py|anchorProcess 出击步骤开始
19:45:22|const.py|今日不再提示判断 开始
19:45:23|util.py|findPicLoop 循环找图开始 ./public/bmp/anchor.bmp
19:45:23|util.py|findPicLoop 循环找图结束 ./public/bmp/anchor.bmp
19:45:24|util.py|click 770 429
19:45:24|const.py|自律 开始
19:45:25|const.py|船坞已满判断 开始
19:45:36|util.py|findPicLoop 循环找图开始 ./public/bmp/S.bmp
19:46:54|util.py|findPicLoop 循环找图结束 ./public/bmp/S.bmp
19:46:54|const.py|自律 结束
19:46:55|util.py|click 135 424
19:46:56|util.py|click 684 308
19:46:58|const.py|打捞到sr或ssr判断 开始
19:46:59|util.py|click 684 308
19:46:59|util.py|findPicLoop 循环找图开始 ./public/bmp/exp2.bmp
19:47:00|util.py|findPicLoop 循环找图结束 ./public/bmp/exp2.bmp
19:47:00|util.py|click 733 445
19:47:03|const.py|作战失败判断 开始
19:47:07|const.py|紧急委托判断 开始
19:47:08|const.py|anchorProcess 出击步骤结束
19:47:08|util.py|click 503 134
19:47:09|const.py|anchorProcess 出击步骤开始
19:47:09|const.py|今日不再提示判断 开始
19:47:10|util.py|findPicLoop 循环找图开始 ./public/bmp/anchor.bmp
19:47:11|util.py|findPicLoop 循环找图结束 ./public/bmp/anchor.bmp
19:47:12|util.py|click 770 429
19:47:12|const.py|自律 开始
19:47:13|const.py|船坞已满判断 开始
19:47:23|util.py|findPicLoop 循环找图开始 ./public/bmp/S.bmp
19:48:42|util.py|findPicLoop 循环找图结束 ./public/bmp/S.bmp
19:48:42|const.py|自律 结束
19:48:43|util.py|click 135 424
19:48:44|util.py|click 684 308
19:48:46|const.py|打捞到sr或ssr判断 开始
19:48:46|util.py|click 684 308
19:48:47|util.py|findPicLoop 循环找图开始 ./public/bmp/exp2.bmp
19:48:47|util.py|findPicLoop 循环找图结束 ./public/bmp/exp2.bmp
19:48:47|util.py|click 733 445
19:48:51|const.py|作战失败判断 开始
19:48:54|const.py|紧急委托判断 开始
19:48:55|const.py|anchorProcess 出击步骤结束
19:48:55|util.py|findPicLoop 循环找图开始 ./public/bmp/back.jpg
19:48:56|util.py|findPicLoop 循环找图结束 ./public/bmp/back.jpg
19:48:56|util.py|click 38 33
19:48:57|util.py|findPicLoop 循环找图开始 ./public/bmp/back.jpg
19:48:58|util.py|findPicLoop 循环找图结束 ./public/bmp/back.jpg
19:48:59|util.py|click 38 33
19:48:59|util.py|findPicLoop 循环找图开始 ./public/bmp/daily task.jpg
19:49:00|util.py|findPicLoop 循环找图结束 ./public/bmp/daily task.jpg
19:49:00|util.py|click 487 413
19:49:03|util.py|getNumbers 识数字开始
19:49:04|util.py|getNumbers 识数字结束
19:49:04|util.py|click 353 305
19:49:05|util.py|click 503 134
19:49:06|const.py|anchorProcess 出击步骤开始
19:49:07|const.py|今日不再提示判断 开始
19:49:08|util.py|findPicLoop 循环找图开始 ./public/bmp/anchor.bmp
19:49:08|util.py|findPicLoop 循环找图结束 ./public/bmp/anchor.bmp
19:49:09|util.py|click 770 429
19:49:09|const.py|自律 开始
19:49:10|const.py|船坞已满判断 开始
19:49:21|util.py|findPicLoop 循环找图开始 ./public/bmp/S.bmp
19:49:45|util.py|findPicLoop 循环找图结束 ./public/bmp/S.bmp
19:49:45|const.py|自律 结束
19:49:47|util.py|click 135 424
19:49:48|util.py|click 684 308
19:49:50|const.py|打捞到sr或ssr判断 开始
19:49:50|util.py|click 684 308
19:49:51|util.py|findPicLoop 循环找图开始 ./public/bmp/exp2.bmp
19:49:51|util.py|findPicLoop 循环找图结束 ./public/bmp/exp2.bmp
19:49:51|util.py|click 733 445
19:49:54|const.py|作战失败判断 开始
19:49:58|const.py|紧急委托判断 开始
19:49:59|const.py|anchorProcess 出击步骤结束
19:49:59|util.py|click 503 134
19:50:00|const.py|anchorProcess 出击步骤开始
19:50:01|const.py|今日不再提示判断 开始
19:50:01|util.py|findPicLoop 循环找图开始 ./public/bmp/anchor.bmp
19:50:02|util.py|findPicLoop 循环找图结束 ./public/bmp/anchor.bmp
19:50:03|util.py|click 770 429
19:50:03|const.py|自律 开始
19:50:04|const.py|船坞已满判断 开始
19:50:15|util.py|findPicLoop 循环找图开始 ./public/bmp/S.bmp
19:50:34|util.py|findPicLoop 循环找图结束 ./public/bmp/S.bmp
19:50:34|const.py|自律 结束
19:50:35|util.py|click 135 424
19:50:36|util.py|click 684 308
19:50:38|const.py|打捞到sr或ssr判断 开始
19:50:39|util.py|click 684 308
19:50:39|util.py|findPicLoop 循环找图开始 ./public/bmp/exp2.bmp
19:50:40|util.py|findPicLoop 循环找图结束 ./public/bmp/exp2.bmp
19:50:40|util.py|click 733 445
19:50:43|const.py|作战失败判断 开始
19:50:47|const.py|紧急委托判断 开始
19:50:47|const.py|anchorProcess 出击步骤结束
19:50:47|util.py|click 503 134
19:50:48|const.py|anchorProcess 出击步骤开始
19:50:49|const.py|今日不再提示判断 开始
19:50:50|util.py|findPicLoop 循环找图开始 ./public/bmp/anchor.bmp
19:50:51|util.py|findPicLoop 循环找图结束 ./public/bmp/anchor.bmp
19:50:51|util.py|click 770 429
19:50:52|const.py|自律 开始
19:50:53|const.py|船坞已满判断 开始
19:51:03|util.py|findPicLoop 循环找图开始 ./public/bmp/S.bmp
19:51:27|util.py|findPicLoop 循环找图结束 ./public/bmp/S.bmp
19:51:27|const.py|自律 结束
19:51:29|util.py|click 135 424
19:51:30|util.py|click 684 308
19:51:32|const.py|打捞到sr或ssr判断 开始
19:51:32|util.py|click 684 308
19:51:32|util.py|findPicLoop 循环找图开始 ./public/bmp/exp2.bmp
19:51:33|util.py|findPicLoop 循环找图结束 ./public/bmp/exp2.bmp
19:51:33|util.py|click 733 445
19:51:36|const.py|作战失败判断 开始
19:51:40|const.py|紧急委托判断 开始
19:51:41|const.py|anchorProcess 出击步骤结束
19:51:41|util.py|findPicLoop 循环找图开始 ./public/bmp/back.jpg
19:51:41|util.py|findPicLoop 循环找图结束 ./public/bmp/back.jpg
19:51:42|util.py|click 38 33
19:51:43|const.py|backMainProcess 返回主页面开始
19:51:45|util.py|click 838 25
19:51:49|2演习.py|演习脚本开始
19:51:50|const.py|backMainProcess 返回主页面开始
19:51:52|const.py|backMainProcess 返回主页面结束
19:51:52|util.py|findPicLoop 循环找图开始 ./public/bmp/weigh anchor.jpg
19:51:52|util.py|findPicLoop 循环找图结束 ./public/bmp/weigh anchor.jpg
19:51:52|util.py|click 729 244
19:51:53|util.py|findPicLoop 循环找图开始 ./public/bmp/exercise.jpg
19:51:54|util.py|findPicLoop 循环找图结束 ./public/bmp/exercise.jpg
19:51:54|util.py|click 700 413
19:51:56|util.py|getNumbers 识数字开始
19:51:57|util.py|getNumbers 识数字结束
19:51:57|util.py|getNumbers 识数字开始
19:51:58|util.py|getNumbers 识数字结束
19:51:58|util.py|getNumbers 识数字开始
19:51:59|util.py|getNumbers 识数字结束
19:51:59|util.py|getNumbers 识数字开始
19:52:00|util.py|getNumbers 识数字结束
19:52:00|util.py|getNumbers 识数字开始
19:52:01|util.py|getNumbers 识数字结束
19:52:01|util.py|click 157 170
19:52:02|util.py|findPicLoop 循环找图开始 ./public/bmp/start excise.jpg
19:52:02|util.py|findPicLoop 循环找图结束 ./public/bmp/start excise.jpg
19:52:02|util.py|click 433 384
19:52:03|const.py|anchorProcess 出击步骤开始
19:52:04|const.py|今日不再提示判断 开始
19:52:04|util.py|findPicLoop 循环找图开始 ./public/bmp/anchor.bmp
19:52:05|util.py|findPicLoop 循环找图结束 ./public/bmp/anchor.bmp
19:52:06|util.py|click 770 429
19:52:06|const.py|自律 开始
19:52:07|const.py|船坞已满判断 开始
19:52:18|util.py|findPicLoop 循环找图开始 ./public/bmp/S.bmp
19:52:56|util.py|findPicLoop 循环找图结束 ./public/bmp/S.bmp
19:52:56|const.py|自律 结束
19:52:57|util.py|click 135 424
19:52:59|util.py|click 684 308
19:53:00|const.py|打捞到sr或ssr判断 开始
19:53:01|util.py|click 684 308
19:53:01|util.py|findPicLoop 循环找图开始 ./public/bmp/exp2.bmp
19:53:02|util.py|findPicLoop 循环找图结束 ./public/bmp/exp2.bmp
19:53:02|util.py|click 733 445
19:53:05|const.py|作战失败判断 开始
19:53:09|const.py|紧急委托判断 开始
19:53:09|const.py|anchorProcess 出击步骤结束
19:53:10|util.py|getNumbers 识数字开始
19:53:11|util.py|getNumbers 识数字结束
19:53:11|util.py|getNumbers 识数字开始
19:53:13|util.py|getNumbers 识数字结束
19:53:13|util.py|getNumbers 识数字开始
19:53:14|util.py|getNumbers 识数字结束
19:53:14|util.py|getNumbers 识数字开始
19:53:15|util.py|getNumbers 识数字结束
19:53:15|util.py|getNumbers 识数字开始
19:53:16|util.py|getNumbers 识数字结束
19:53:16|util.py|click 654 173
19:53:16|util.py|findPicLoop 循环找图开始 ./public/bmp/start excise.jpg
19:53:17|util.py|findPicLoop 循环找图结束 ./public/bmp/start excise.jpg
19:53:17|util.py|click 433 384
19:53:18|const.py|anchorProcess 出击步骤开始
19:53:19|const.py|今日不再提示判断 开始
19:53:19|util.py|findPicLoop 循环找图开始 ./public/bmp/anchor.bmp
19:53:20|util.py|findPicLoop 循环找图结束 ./public/bmp/anchor.bmp
19:53:21|util.py|click 770 429
19:53:21|const.py|自律 开始
19:53:22|const.py|船坞已满判断 开始
19:53:33|util.py|findPicLoop 循环找图开始 ./public/bmp/S.bmp
19:53:41|util.py|findPicLoop 循环找图结束 ./public/bmp/S.bmp
19:53:41|const.py|自律 结束
19:53:43|util.py|click 135 424
19:53:44|util.py|click 684 308
19:53:46|const.py|打捞到sr或ssr判断 开始
19:53:46|util.py|click 684 308
19:53:47|util.py|findPicLoop 循环找图开始 ./public/bmp/exp2.bmp
19:53:47|util.py|findPicLoop 循环找图结束 ./public/bmp/exp2.bmp
19:53:47|util.py|click 733 445
19:53:50|const.py|作战失败判断 开始
19:53:54|const.py|紧急委托判断 开始
19:53:55|const.py|anchorProcess 出击步骤结束
19:53:56|util.py|getNumbers 识数字开始
19:53:57|util.py|getNumbers 识数字结束
19:53:57|util.py|getNumbers 识数字开始
19:53:58|util.py|getNumbers 识数字结束
19:53:58|util.py|getNumbers 识数字开始
19:53:59|util.py|getNumbers 识数字结束
19:53:59|util.py|getNumbers 识数字开始
19:54:00|util.py|getNumbers 识数字结束
19:54:00|util.py|getNumbers 识数字开始
19:54:01|util.py|getNumbers 识数字结束
19:54:01|util.py|click 487 175
19:54:02|util.py|findPicLoop 循环找图开始 ./public/bmp/start excise.jpg
19:54:02|util.py|findPicLoop 循环找图结束 ./public/bmp/start excise.jpg
19:54:02|util.py|click 433 384
19:54:03|const.py|anchorProcess 出击步骤开始
19:54:04|const.py|今日不再提示判断 开始
19:54:05|util.py|findPicLoop 循环找图开始 ./public/bmp/anchor.bmp
19:54:05|util.py|findPicLoop 循环找图结束 ./public/bmp/anchor.bmp
19:54:06|util.py|click 770 429
19:54:06|const.py|自律 开始
19:54:07|const.py|船坞已满判断 开始
19:54:18|util.py|findPicLoop 循环找图开始 ./public/bmp/S.bmp
19:54:39|util.py|findPicLoop 循环找图结束 ./public/bmp/S.bmp
19:54:39|const.py|自律 结束
19:54:40|util.py|click 135 424
19:54:41|util.py|click 684 308
19:54:43|const.py|打捞到sr或ssr判断 开始
19:54:44|util.py|click 684 308
19:54:44|util.py|findPicLoop 循环找图开始 ./public/bmp/exp2.bmp
19:54:45|util.py|findPicLoop 循环找图结束 ./public/bmp/exp2.bmp
19:54:45|util.py|click 733 445
19:54:48|const.py|作战失败判断 开始
19:54:51|const.py|紧急委托判断 开始
19:54:52|const.py|anchorProcess 出击步骤结束
19:54:53|util.py|getNumbers 识数字开始
19:54:54|util.py|getNumbers 识数字结束
19:54:54|util.py|getNumbers 识数字开始
19:54:55|util.py|getNumbers 识数字结束
19:54:55|util.py|getNumbers 识数字开始
19:54:56|util.py|getNumbers 识数字结束
19:54:56|util.py|getNumbers 识数字开始
19:54:57|util.py|getNumbers 识数字结束
19:54:57|util.py|getNumbers 识数字开始
19:54:58|util.py|getNumbers 识数字结束
19:54:58|util.py|click 322 173
19:54:59|util.py|findPicLoop 循环找图开始 ./public/bmp/start excise.jpg
19:55:00|util.py|findPicLoop 循环找图结束 ./public/bmp/start excise.jpg
19:55:00|util.py|click 433 384
19:55:00|const.py|anchorProcess 出击步骤开始
19:55:01|const.py|今日不再提示判断 开始
19:55:02|util.py|findPicLoop 循环找图开始 ./public/bmp/anchor.bmp
19:55:03|util.py|findPicLoop 循环找图结束 ./public/bmp/anchor.bmp
19:55:03|util.py|click 770 429
19:55:04|const.py|自律 开始
19:55:05|const.py|船坞已满判断 开始
19:55:15|util.py|findPicLoop 循环找图开始 ./public/bmp/S.bmp
19:55:16|util.py|findPicLoop 循环找图结束 ./public/bmp/S.bmp
19:55:16|const.py|自律 结束
19:55:17|util.py|click 135 424
19:55:18|util.py|click 684 308
19:55:20|const.py|打捞到sr或ssr判断 开始
19:55:21|util.py|click 684 308
19:55:21|util.py|findPicLoop 循环找图开始 ./public/bmp/exp2.bmp
19:55:22|util.py|findPicLoop 循环找图结束 ./public/bmp/exp2.bmp
19:55:22|util.py|click 733 445
19:55:25|const.py|作战失败判断 开始
19:55:29|const.py|紧急委托判断 开始
19:55:29|const.py|anchorProcess 出击步骤结束
19:55:30|util.py|getNumbers 识数字开始
19:55:31|util.py|getNumbers 识数字结束
19:55:31|util.py|getNumbers 识数字开始
19:55:32|util.py|getNumbers 识数字结束
19:55:32|util.py|getNumbers 识数字开始
19:55:33|util.py|getNumbers 识数字结束
19:55:33|util.py|getNumbers 识数字开始
19:55:34|util.py|getNumbers 识数字结束
19:55:34|util.py|getNumbers 识数字开始
19:55:35|util.py|getNumbers 识数字结束
19:55:35|util.py|click 654 173
19:55:36|util.py|findPicLoop 循环找图开始 ./public/bmp/start excise.jpg
19:55:37|util.py|findPicLoop 循环找图结束 ./public/bmp/start excise.jpg
19:55:37|util.py|click 433 384
19:55:38|const.py|anchorProcess 出击步骤开始
19:55:38|const.py|今日不再提示判断 开始
19:55:39|util.py|findPicLoop 循环找图开始 ./public/bmp/anchor.bmp
19:55:40|util.py|findPicLoop 循环找图结束 ./public/bmp/anchor.bmp
19:55:41|util.py|click 770 429
19:55:41|const.py|自律 开始
19:55:42|const.py|船坞已满判断 开始
19:55:53|util.py|findPicLoop 循环找图开始 ./public/bmp/S.bmp
19:56:00|util.py|findPicLoop 循环找图结束 ./public/bmp/S.bmp
19:56:00|const.py|自律 结束
19:56:01|util.py|click 135 424
19:56:02|util.py|click 684 308
19:56:04|const.py|打捞到sr或ssr判断 开始
19:56:04|util.py|click 684 308
19:56:05|util.py|findPicLoop 循环找图开始 ./public/bmp/exp2.bmp
19:56:05|util.py|findPicLoop 循环找图结束 ./public/bmp/exp2.bmp
19:56:05|util.py|click 733 445
19:56:09|const.py|作战失败判断 开始
19:56:12|const.py|紧急委托判断 开始
19:56:13|const.py|anchorProcess 出击步骤结束
19:56:14|util.py|getNumbers 识数字开始
19:56:15|util.py|getNumbers 识数字结束
19:56:15|util.py|getNumbers 识数字开始
19:56:16|util.py|getNumbers 识数字结束
19:56:16|util.py|getNumbers 识数字开始
19:56:17|util.py|getNumbers 识数字结束
19:56:17|util.py|getNumbers 识数字开始
19:56:18|util.py|getNumbers 识数字结束
19:56:18|util.py|getNumbers 识数字开始
19:56:19|util.py|getNumbers 识数字结束
19:56:19|util.py|click 157 170
19:56:20|util.py|findPicLoop 循环找图开始 ./public/bmp/start excise.jpg
19:56:21|util.py|findPicLoop 循环找图结束 ./public/bmp/start excise.jpg
19:56:21|util.py|click 433 384
19:56:22|const.py|anchorProcess 出击步骤开始
19:56:22|const.py|今日不再提示判断 开始
19:56:23|util.py|findPicLoop 循环找图开始 ./public/bmp/anchor.bmp
19:56:24|util.py|findPicLoop 循环找图结束 ./public/bmp/anchor.bmp
19:56:25|util.py|click 770 429
19:56:25|const.py|自律 开始
19:56:26|const.py|船坞已满判断 开始
19:56:36|util.py|findPicLoop 循环找图开始 ./public/bmp/S.bmp
19:56:40|util.py|findPicLoop 循环找图结束 ./public/bmp/S.bmp
19:56:40|const.py|自律 结束
19:56:42|util.py|click 135 424
19:56:43|util.py|click 684 308
19:56:45|const.py|打捞到sr或ssr判断 开始
19:56:45|util.py|click 684 308
19:56:46|util.py|findPicLoop 循环找图开始 ./public/bmp/exp2.bmp
19:56:46|util.py|findPicLoop 循环找图结束 ./public/bmp/exp2.bmp
19:56:46|util.py|click 733 445
19:56:50|const.py|作战失败判断 开始
19:56:53|const.py|紧急委托判断 开始
19:56:54|const.py|anchorProcess 出击步骤结束
19:56:55|util.py|getNumbers 识数字开始
19:56:56|util.py|getNumbers 识数字结束
19:56:56|util.py|getNumbers 识数字开始
19:56:57|util.py|getNumbers 识数字结束
19:56:57|util.py|getNumbers 识数字开始
19:56:58|util.py|getNumbers 识数字结束
19:56:58|util.py|getNumbers 识数字开始
19:56:59|util.py|getNumbers 识数字结束
19:56:59|util.py|getNumbers 识数字开始
19:57:00|util.py|getNumbers 识数字结束
19:57:00|util.py|findPicLoop 循环找图开始 ./public/bmp/new opponent.jpg
19:57:00|util.py|findPicLoop 循环找图结束 ./public/bmp/new opponent.jpg
19:57:00|util.py|click 765 244
19:57:07|util.py|getNumbers 识数字开始
19:57:08|util.py|getNumbers 识数字结束
19:57:08|util.py|getNumbers 识数字开始
19:57:09|util.py|getNumbers 识数字结束
19:57:09|util.py|getNumbers 识数字开始
19:57:10|util.py|getNumbers 识数字结束
19:57:10|util.py|getNumbers 识数字开始
19:57:11|util.py|getNumbers 识数字结束
19:57:11|util.py|click 157 170
19:57:12|util.py|findPicLoop 循环找图开始 ./public/bmp/start excise.jpg
19:57:12|util.py|findPicLoop 循环找图结束 ./public/bmp/start excise.jpg
19:57:12|util.py|click 433 384
19:57:13|const.py|anchorProcess 出击步骤开始
19:57:14|const.py|今日不再提示判断 开始
19:57:15|util.py|findPicLoop 循环找图开始 ./public/bmp/anchor.bmp
19:57:15|util.py|findPicLoop 循环找图结束 ./public/bmp/anchor.bmp
19:57:16|util.py|click 770 429
19:57:16|const.py|自律 开始
19:57:17|const.py|船坞已满判断 开始
19:57:28|util.py|findPicLoop 循环找图开始 ./public/bmp/S.bmp
19:58:12|util.py|findPicLoop 循环找图结束 ./public/bmp/S.bmp
19:58:12|const.py|自律 结束
19:58:13|util.py|click 135 424
19:58:14|util.py|click 684 308
19:58:16|const.py|打捞到sr或ssr判断 开始
19:58:17|util.py|click 684 308
19:58:17|util.py|findPicLoop 循环找图开始 ./public/bmp/exp2.bmp
19:58:17|util.py|findPicLoop 循环找图结束 ./public/bmp/exp2.bmp
19:58:17|util.py|click 733 445
19:58:21|const.py|作战失败判断 开始
19:58:24|const.py|紧急委托判断 开始
19:58:25|const.py|anchorProcess 出击步骤结束
19:58:26|util.py|getNumbers 识数字开始
19:58:27|util.py|getNumbers 识数字结束
19:58:27|util.py|getNumbers 识数字开始
19:58:28|util.py|getNumbers 识数字结束
19:58:28|util.py|getNumbers 识数字开始
19:58:29|util.py|getNumbers 识数字结束
19:58:29|util.py|getNumbers 识数字开始
19:58:31|util.py|getNumbers 识数字结束
19:58:31|util.py|getNumbers 识数字开始
19:58:32|util.py|getNumbers 识数字结束
19:58:32|util.py|click 487 175
19:58:32|util.py|findPicLoop 循环找图开始 ./public/bmp/start excise.jpg
19:58:33|util.py|findPicLoop 循环找图结束 ./public/bmp/start excise.jpg
19:58:33|util.py|click 433 384
19:58:34|const.py|anchorProcess 出击步骤开始
19:58:35|const.py|今日不再提示判断 开始
19:58:35|util.py|findPicLoop 循环找图开始 ./public/bmp/anchor.bmp
19:58:36|util.py|findPicLoop 循环找图结束 ./public/bmp/anchor.bmp
19:58:37|util.py|click 770 429
19:58:37|const.py|自律 开始
19:58:38|const.py|船坞已满判断 开始
19:58:49|util.py|findPicLoop 循环找图开始 ./public/bmp/S.bmp
19:59:04|util.py|findPicLoop 循环找图结束 ./public/bmp/S.bmp
19:59:04|const.py|自律 结束
19:59:05|util.py|click 135 424
19:59:06|util.py|click 684 308
19:59:08|const.py|打捞到sr或ssr判断 开始
19:59:08|util.py|click 684 308
19:59:09|util.py|findPicLoop 循环找图开始 ./public/bmp/exp2.bmp
19:59:09|util.py|findPicLoop 循环找图结束 ./public/bmp/exp2.bmp
19:59:09|util.py|click 733 445
19:59:13|const.py|作战失败判断 开始
19:59:16|const.py|紧急委托判断 开始
19:59:17|const.py|anchorProcess 出击步骤结束
19:59:18|util.py|getNumbers 识数字开始
19:59:19|util.py|getNumbers 识数字结束
19:59:19|util.py|getNumbers 识数字开始
19:59:20|util.py|getNumbers 识数字结束
19:59:20|util.py|getNumbers 识数字开始
19:59:21|util.py|getNumbers 识数字结束
19:59:21|util.py|getNumbers 识数字开始
19:59:22|util.py|getNumbers 识数字结束
19:59:22|util.py|getNumbers 识数字开始
19:59:23|util.py|getNumbers 识数字结束
19:59:23|util.py|click 487 175
19:59:24|util.py|findPicLoop 循环找图开始 ./public/bmp/start excise.jpg
19:59:24|util.py|findPicLoop 循环找图结束 ./public/bmp/start excise.jpg
19:59:24|util.py|click 433 384
19:59:25|const.py|anchorProcess 出击步骤开始
19:59:26|const.py|今日不再提示判断 开始
19:59:27|util.py|findPicLoop 循环找图开始 ./public/bmp/anchor.bmp
19:59:27|util.py|findPicLoop 循环找图结束 ./public/bmp/anchor.bmp
19:59:28|util.py|click 770 429
19:59:29|const.py|自律 开始
19:59:29|const.py|船坞已满判断 开始
19:59:40|util.py|findPicLoop 循环找图开始 ./public/bmp/S.bmp
19:59:41|util.py|findPicLoop 循环找图结束 ./public/bmp/S.bmp
19:59:41|const.py|自律 结束
19:59:42|util.py|click 135 424
19:59:44|util.py|click 684 308
19:59:46|const.py|打捞到sr或ssr判断 开始
19:59:46|util.py|click 684 308
19:59:46|util.py|findPicLoop 循环找图开始 ./public/bmp/exp2.bmp
19:59:47|util.py|findPicLoop 循环找图结束 ./public/bmp/exp2.bmp
19:59:47|util.py|click 733 445
19:59:50|const.py|作战失败判断 开始
19:59:54|const.py|紧急委托判断 开始
19:59:55|const.py|anchorProcess 出击步骤结束
19:59:56|util.py|getNumbers 识数字开始
19:59:57|util.py|getNumbers 识数字结束
19:59:57|util.py|getNumbers 识数字开始
19:59:58|util.py|getNumbers 识数字结束
19:59:58|util.py|getNumbers 识数字开始
19:59:59|util.py|getNumbers 识数字结束
19:59:59|util.py|getNumbers 识数字开始
20:00:01|util.py|getNumbers 识数字结束
20:00:01|util.py|getNumbers 识数字开始
20:00:02|util.py|getNumbers 识数字结束
20:00:02|util.py|click 654 173
20:00:03|util.py|findPicLoop 循环找图开始 ./public/bmp/start excise.jpg
20:00:04|util.py|findPicLoop 循环找图结束 ./public/bmp/start excise.jpg
20:00:04|util.py|click 433 384
20:00:04|const.py|anchorProcess 出击步骤开始
20:00:05|const.py|今日不再提示判断 开始
20:00:06|util.py|findPicLoop 循环找图开始 ./public/bmp/anchor.bmp
20:00:07|util.py|findPicLoop 循环找图结束 ./public/bmp/anchor.bmp
20:00:07|util.py|click 770 429
20:00:08|const.py|自律 开始
20:00:08|const.py|船坞已满判断 开始
20:00:19|util.py|findPicLoop 循环找图开始 ./public/bmp/S.bmp
20:00:20|util.py|findPicLoop 循环找图结束 ./public/bmp/S.bmp
20:00:20|const.py|自律 结束
20:00:21|util.py|click 135 424
20:00:22|util.py|click 684 308
20:00:24|const.py|打捞到sr或ssr判断 开始
20:00:25|util.py|click 684 308
20:00:25|util.py|findPicLoop 循环找图开始 ./public/bmp/exp2.bmp
20:00:26|util.py|findPicLoop 循环找图结束 ./public/bmp/exp2.bmp
20:00:26|util.py|click 733 445
20:00:29|const.py|作战失败判断 开始
20:00:32|const.py|紧急委托判断 开始
20:00:33|const.py|anchorProcess 出击步骤结束
20:00:34|util.py|getNumbers 识数字开始
20:00:35|util.py|getNumbers 识数字结束
20:00:35|const.py|backMainProcess 返回主页面开始
20:00:36|util.py|click 830 26
20:00:41|3困难11-1.py|困难11-1脚本开始
20:00:41|const.py|chapterProcess 进入出击章节步骤开始
20:00:41|const.py|backMainProcess 返回主页面开始
20:00:43|const.py|backMainProcess 返回主页面结束
20:00:43|util.py|findPicLoop 循环找图开始 ./public/bmp/weigh anchor.jpg
20:00:43|util.py|findPicLoop 循环找图结束 ./public/bmp/weigh anchor.jpg
20:00:43|util.py|click 729 244
20:00:44|const.py|判断是否为图里面 开始
20:00:46|util.py|findPicLoop 循环找图开始 ./public/bmp/main battleline.jpg
20:00:47|util.py|findPicLoop 循环找图结束 ./public/bmp/main battleline.jpg
20:00:47|util.py|click 231 225
20:00:47|util.py|findPicLoop 循环找图开始 ./public/bmp/exercise.jpg
20:00:48|util.py|findPicLoop 循环找图结束 ./public/bmp/exercise.jpg
20:00:48|util.py|getWords 识字开始
20:00:49|util.py|getWords 识字结束
20:00:49|util.py|click 33 251
20:00:50|util.py|click 58 451
20:00:51|const.py|chapterProcess 进入出击章节步骤结束
20:00:51|const.py|intoStageProcess 进入stage步骤开始
20:00:53|util.py|click 269 182
20:00:53|util.py|findPicLoop 循环找图开始 ./public/bmp/start chapter.jpg
20:00:54|util.py|findPicLoop 循环找图结束 ./public/bmp/start chapter.jpg
20:00:54|util.py|click 642 350
20:00:55|const.py|船坞已满判断 开始
20:00:56|util.py|findPicLoop 循环找图开始 ./public/bmp/start chapter.jpg
20:00:57|util.py|findPicLoop 循环找图结束 ./public/bmp/start chapter.jpg
20:00:57|util.py|click 716 411
20:00:57|const.py|intoStageProcess 进入stage步骤结束
20:00:57|const.py|goBossProcess 走boss格子 开始
20:00:57|util.py|findPicLoop 循环找图开始 ./public/bmp/boss.jpg
20:01:02|util.py|findPicLoop 循环找图结束 ./public/bmp/boss.jpg
20:01:02|util.py|click 432 235
20:01:02|const.py|anchorProcess 出击步骤开始
20:01:03|const.py|今日不再提示判断 开始
20:01:04|util.py|findPicLoop 循环找图开始 ./public/bmp/anchor.bmp
20:01:07|util.py|findPicLoop 循环找图结束 ./public/bmp/anchor.bmp
20:01:08|util.py|click 770 429
20:01:09|const.py|自律 开始
20:01:09|const.py|船坞已满判断 开始
20:01:20|util.py|findPicLoop 循环找图开始 ./public/bmp/S.bmp
20:03:36|util.py|findPicLoop 循环找图结束 ./public/bmp/S.bmp
20:03:36|const.py|自律 结束
20:03:37|util.py|click 135 424
20:03:38|util.py|click 684 308
20:03:40|const.py|打捞到sr或ssr判断 开始
20:03:41|util.py|click 684 308
20:03:41|util.py|findPicLoop 循环找图开始 ./public/bmp/exp2.bmp
20:03:42|util.py|findPicLoop 循环找图结束 ./public/bmp/exp2.bmp
20:03:42|util.py|click 733 445
20:03:45|const.py|作战失败判断 开始
20:03:49|const.py|紧急委托判断 开始
20:03:49|const.py|anchorProcess 出击步骤结束
20:03:49|const.py|goBossProcess boss解决
20:03:49|const.py|intoStageProcess 进入stage步骤开始
20:03:51|util.py|click 269 182
20:03:52|util.py|findPicLoop 循环找图开始 ./public/bmp/start chapter.jpg
20:03:53|util.py|findPicLoop 循环找图结束 ./public/bmp/start chapter.jpg
20:03:53|util.py|click 642 350
20:03:54|const.py|船坞已满判断 开始
20:03:55|util.py|findPicLoop 循环找图开始 ./public/bmp/start chapter.jpg
20:03:56|util.py|findPicLoop 循环找图结束 ./public/bmp/start chapter.jpg
20:03:56|util.py|click 716 411
20:03:56|const.py|intoStageProcess 进入stage步骤结束
20:03:56|const.py|goBossProcess 走boss格子 开始
20:03:56|util.py|findPicLoop 循环找图开始 ./public/bmp/boss.jpg
20:04:01|util.py|findPicLoop 循环找图结束 ./public/bmp/boss.jpg
20:04:01|util.py|click 432 235
20:04:01|const.py|anchorProcess 出击步骤开始
20:04:02|const.py|今日不再提示判断 开始
20:04:02|util.py|findPicLoop 循环找图开始 ./public/bmp/anchor.bmp
20:04:06|util.py|findPicLoop 循环找图结束 ./public/bmp/anchor.bmp
20:04:07|util.py|click 770 429
20:04:07|const.py|自律 开始
20:04:08|const.py|船坞已满判断 开始
20:04:19|util.py|findPicLoop 循环找图开始 ./public/bmp/S.bmp
20:06:07|util.py|findPicLoop 循环找图结束 ./public/bmp/S.bmp
20:06:07|const.py|自律 结束
20:06:09|util.py|click 135 424
20:06:10|util.py|click 684 308
20:06:12|const.py|打捞到sr或ssr判断 开始
20:06:12|util.py|click 684 308
20:06:13|util.py|findPicLoop 循环找图开始 ./public/bmp/exp2.bmp
20:06:13|util.py|findPicLoop 循环找图结束 ./public/bmp/exp2.bmp
20:06:13|util.py|click 733 445
20:06:17|const.py|作战失败判断 开始
20:06:20|const.py|紧急委托判断 开始
20:06:21|const.py|anchorProcess 出击步骤结束
20:06:21|const.py|goBossProcess boss解决
20:06:21|const.py|intoStageProcess 进入stage步骤开始
20:06:23|util.py|click 269 182
20:06:23|util.py|findPicLoop 循环找图开始 ./public/bmp/start chapter.jpg
20:06:24|util.py|findPicLoop 循环找图结束 ./public/bmp/start chapter.jpg
20:06:24|util.py|click 642 350
20:06:25|const.py|船坞已满判断 开始
20:06:26|util.py|findPicLoop 循环找图开始 ./public/bmp/start chapter.jpg
20:06:27|util.py|findPicLoop 循环找图结束 ./public/bmp/start chapter.jpg
20:06:27|util.py|click 716 411
20:06:27|const.py|intoStageProcess 进入stage步骤结束
20:06:27|const.py|goBossProcess 走boss格子 开始
20:06:27|util.py|findPicLoop 循环找图开始 ./public/bmp/boss.jpg
20:06:32|util.py|findPicLoop 循环找图结束 ./public/bmp/boss.jpg
20:06:32|util.py|click 432 235
20:06:32|const.py|anchorProcess 出击步骤开始
20:06:33|const.py|今日不再提示判断 开始
20:06:34|util.py|findPicLoop 循环找图开始 ./public/bmp/anchor.bmp
20:06:37|util.py|findPicLoop 循环找图结束 ./public/bmp/anchor.bmp
20:06:38|util.py|click 770 429
20:06:39|const.py|自律 开始
20:06:39|const.py|船坞已满判断 开始
20:06:50|util.py|findPicLoop 循环找图开始 ./public/bmp/S.bmp
20:09:19|util.py|findPicLoop 循环找图结束 ./public/bmp/S.bmp
20:09:19|const.py|自律 结束
20:09:20|util.py|click 135 424
20:09:21|util.py|click 684 308
20:09:23|const.py|打捞到sr或ssr判断 开始
20:09:23|util.py|click 684 308
20:09:24|util.py|findPicLoop 循环找图开始 ./public/bmp/exp2.bmp
20:09:24|util.py|findPicLoop 循环找图结束 ./public/bmp/exp2.bmp
20:09:24|util.py|click 733 445
20:09:28|const.py|作战失败判断 开始
20:09:28|const.py|作战失败
20:09:28|util.py|click 424 415
20:09:31|const.py|紧急委托判断 开始
20:09:32|const.py|紧急委托
20:09:32|util.py|click 433 347
20:09:32|const.py|anchorProcess 出击步骤结束
20:09:32|const.py|goBossProcess boss解决
20:09:32|const.py|backMainProcess 返回主页面开始
20:09:33|util.py|click 830 26
20:38:20|12 3次飞龙.py|3次飞龙 开始
20:38:20|const.py|backMainProcess 返回主页面开始
20:38:22|const.py|backMainProcess 返回主页面结束
20:38:22|util.py|findPicLoop 循环找图开始 ./public/bmp/weigh anchor.jpg
20:38:22|util.py|findPicLoop 循环找图结束 ./public/bmp/weigh anchor.jpg
20:38:22|util.py|click 729 244
20:38:23|util.py|findPicLoop 循环找图开始 ./public/beacon/bmp/operation.jpg
20:38:25|12 3次飞龙.py|3次飞龙 开始
20:38:25|const.py|backMainProcess 返回主页面开始
20:38:26|util.py|click 830 26
20:38:27|util.py|findPicLoop 循环找图开始 ./public/bmp/weigh anchor.jpg
20:38:28|util.py|findPicLoop 循环找图结束 ./public/bmp/weigh anchor.jpg
20:38:28|util.py|click 729 244
20:38:28|util.py|findPicLoop 循环找图开始 ./public/beacon/bmp/operation.jpg
20:39:14|12 3次飞龙.py|3次飞龙 开始
20:39:14|const.py|backMainProcess 返回主页面开始
20:39:15|util.py|click 830 26
20:39:16|util.py|findPicLoop 循环找图开始 ./public/bmp/weigh anchor.jpg
20:39:16|util.py|findPicLoop 循环找图结束 ./public/bmp/weigh anchor.jpg
20:39:16|util.py|click 729 244
20:39:17|util.py|findPicLoop 循环找图开始 ./public/beacon/operation.jpg
20:39:18|util.py|findPicLoop 循环找图结束 ./public/beacon/operation.jpg
20:39:18|util.py|click 510 302
20:39:18|util.py|findPicLoop 循环找图开始 ./public/beacon/ash.jpg
20:39:21|util.py|findPicLoop 循环找图结束 ./public/beacon/ash.jpg
20:39:21|util.py|click 679 445
20:39:22|util.py|findPicLoop 循环找图开始 ./public/beacon/beacon list.jpg
20:39:23|util.py|findPicLoop 循环找图结束 ./public/beacon/beacon list.jpg
20:39:51|12 3次飞龙.py|3次飞龙 开始
20:39:51|const.py|backMainProcess 返回主页面开始
20:39:52|util.py|click 830 25
20:39:53|util.py|findPicLoop 循环找图开始 ./public/bmp/weigh anchor.jpg
20:39:54|util.py|findPicLoop 循环找图结束 ./public/bmp/weigh anchor.jpg
20:39:54|util.py|click 729 244
20:39:54|util.py|findPicLoop 循环找图开始 ./public/beacon/operation.jpg
20:39:55|util.py|findPicLoop 循环找图结束 ./public/beacon/operation.jpg
20:39:55|util.py|click 510 302
20:39:56|util.py|findPicLoop 循环找图开始 ./public/beacon/ash.jpg
20:39:58|util.py|findPicLoop 循环找图结束 ./public/beacon/ash.jpg
20:39:58|util.py|click 679 445
20:39:59|util.py|findPicLoop 循环找图开始 ./public/beacon/beacon list.jpg
20:40:00|util.py|findPicLoop 循环找图结束 ./public/beacon/beacon list.jpg
20:40:00|util.py|click 82 457
20:46:46|12 3次飞龙.py|3次飞龙 开始
20:46:46|const.py|backMainProcess 返回主页面开始
20:46:48|const.py|backMainProcess 返回主页面结束
20:46:48|util.py|findPicLoop 循环找图开始 ./public/bmp/weigh anchor.jpg
20:46:48|util.py|findPicLoop 循环找图结束 ./public/bmp/weigh anchor.jpg
20:46:48|util.py|click 729 244
20:46:49|util.py|findPicLoop 循环找图开始 ./public/beacon/operation.jpg
20:46:50|util.py|findPicLoop 循环找图结束 ./public/beacon/operation.jpg
20:46:50|util.py|click 510 302
20:46:50|util.py|findPicLoop 循环找图开始 ./public/beacon/ash.jpg
20:46:53|util.py|findPicLoop 循环找图结束 ./public/beacon/ash.jpg
20:46:53|util.py|click 679 445
20:46:53|12 3次飞龙.py|------------一把开始-----------
20:46:53|util.py|findPicLoop 循环找图开始 ./public/beacon/beacon list.jpg
20:46:55|util.py|findPicLoop 循环找图结束 ./public/beacon/beacon list.jpg
20:46:55|util.py|click 82 457
20:46:55|util.py|findPicLoop 循环找图开始 ./public/beacon/batile start.jpg
20:46:56|util.py|findPicLoop 循环找图结束 ./public/beacon/batile start.jpg
20:46:56|util.py|click 783 449
20:46:57|util.py|findPicLoop 循环找图开始 ./public/beacon/weigh anchor.jpg
20:46:58|util.py|findPicLoop 循环找图结束 ./public/beacon/weigh anchor.jpg
20:46:58|util.py|click 771 431
20:46:58|util.py|findPicLoop 循环找图开始 ./public/bmp/get_items.bmp
20:48:52|util.py|findPicLoop 循环找图结束 ./public/bmp/get_items.bmp
20:48:52|util.py|click 435 157
20:48:52|util.py|findPicLoop 循环找图开始 ./public/beacon/ok.jpg
20:48:53|util.py|findPicLoop 循环找图结束 ./public/beacon/ok.jpg
20:48:53|util.py|click 733 446
20:48:53|12 3次飞龙.py|------------一把结束-----------
20:48:53|12 3次飞龙.py|------------一把开始-----------
20:48:53|util.py|findPicLoop 循环找图开始 ./public/beacon/beacon list.jpg
20:49:15|util.py|======adb subprocess error======
20:49:15|util.py|CompletedProcess(args='.\\bin\\adb_server.exe shell screencap /storage/emulated/0/data/screen/image.png', returncode=3221225786, stdout='', stderr='')
20:49:38|12 3次飞龙.py|3次飞龙 开始
20:49:38|const.py|backMainProcess 返回主页面开始
20:49:40|util.py|click 830 25
20:49:41|util.py|findPicLoop 循环找图开始 ./public/bmp/weigh anchor.jpg
20:49:41|util.py|findPicLoop 循环找图结束 ./public/bmp/weigh anchor.jpg
20:49:41|util.py|click 730 244
20:49:42|util.py|findPicLoop 循环找图开始 ./public/beacon/operation.jpg
20:49:43|util.py|findPicLoop 循环找图结束 ./public/beacon/operation.jpg
20:49:43|util.py|click 510 302
20:49:43|util.py|findPicLoop 循环找图开始 ./public/beacon/ash.jpg
20:49:45|util.py|findPicLoop 循环找图结束 ./public/beacon/ash.jpg
20:49:45|util.py|click 679 445
20:49:46|util.py|findPicLoop 循环找图开始 ./public/beacon/beacon list.jpg
20:50:00|util.py|======adb subprocess error======
20:50:00|util.py|CompletedProcess(args='.\\bin\\adb_server.exe shell screencap /storage/emulated/0/data/screen/image.png', returncode=3221225786, stdout='', stderr='')
20:50:25|12 3次飞龙.py|3次飞龙 开始
20:50:25|const.py|backMainProcess 返回主页面开始
20:50:26|const.py|backMainProcess 返回主页面结束
20:50:26|util.py|findPicLoop 循环找图开始 ./public/bmp/weigh anchor.jpg
20:50:27|util.py|findPicLoop 循环找图结束 ./public/bmp/weigh anchor.jpg
20:50:27|util.py|click 729 244
20:50:27|util.py|findPicLoop 循环找图开始 ./public/beacon/operation.jpg
20:50:29|util.py|findPicLoop 循环找图结束 ./public/beacon/operation.jpg
20:50:29|util.py|click 510 302
20:50:29|util.py|findPicLoop 循环找图开始 ./public/beacon/ash.jpg
20:50:31|util.py|findPicLoop 循环找图结束 ./public/beacon/ash.jpg
20:50:33|util.py|click 679 445
20:50:33|util.py|findPicLoop 循环找图开始 ./public/beacon/beacon list.jpg
20:50:35|util.py|findPicLoop 循环找图结束 ./public/beacon/beacon list.jpg
20:50:35|util.py|click 82 457
20:50:35|12 3次飞龙.py|------------一把开始-----------
20:50:35|util.py|findPicLoop 循环找图开始 ./public/beacon/batile start.jpg
20:50:36|util.py|findPicLoop 循环找图结束 ./public/beacon/batile start.jpg
20:50:36|util.py|click 783 449
20:50:37|util.py|findPicLoop 循环找图开始 ./public/beacon/weigh anchor.jpg
20:50:38|util.py|findPicLoop 循环找图结束 ./public/beacon/weigh anchor.jpg
20:50:38|util.py|click 771 431
20:50:38|util.py|findPicLoop 循环找图开始 ./public/bmp/get_items.bmp
20:52:32|util.py|findPicLoop 循环找图结束 ./public/bmp/get_items.bmp
20:52:32|util.py|click 435 157
20:52:32|util.py|findPicLoop 循环找图开始 ./public/beacon/ok.jpg
20:52:33|util.py|findPicLoop 循环找图结束 ./public/beacon/ok.jpg
20:52:33|util.py|click 733 446
20:52:33|12 3次飞龙.py|------------一把结束-----------
20:52:33|12 3次飞龙.py|------------一把开始-----------
20:52:33|util.py|findPicLoop 循环找图开始 ./public/beacon/batile start.jpg
20:52:34|util.py|findPicLoop 循环找图结束 ./public/beacon/batile start.jpg
20:52:34|util.py|click 783 449
20:52:35|util.py|findPicLoop 循环找图开始 ./public/beacon/weigh anchor.jpg
20:52:50|util.py|======adb subprocess error======
20:52:50|util.py|CompletedProcess(args='.\\bin\\adb_server.exe pull /storage/emulated/0/data/screen/image.png .\\tmp', returncode=3221225786, stdout='', stderr='')
21:07:49|10通常12-4 不打boss.py|通常12-4 不打boss 开始
21:07:49|const.py|chapterProcess 进入出击章节步骤开始
21:07:49|const.py|backMainProcess 返回主页面开始
21:07:50|const.py|backMainProcess 返回主页面结束
21:07:50|util.py|findPicLoop 循环找图开始 ./public/bmp/weigh anchor.jpg
21:07:51|util.py|findPicLoop 循环找图结束 ./public/bmp/weigh anchor.jpg
21:07:51|util.py|click 729 244
21:07:51|const.py|判断是否为图里面 开始
21:07:54|util.py|findPicLoop 循环找图开始 ./public/bmp/main battleline.jpg
21:07:55|util.py|findPicLoop 循环找图结束 ./public/bmp/main battleline.jpg
21:07:55|util.py|click 231 225
21:07:55|util.py|findPicLoop 循环找图开始 ./public/bmp/exercise.jpg
21:07:56|util.py|findPicLoop 循环找图结束 ./public/bmp/exercise.jpg
21:07:56|util.py|getWords 识字开始
21:07:57|util.py|getWords 识字结束
21:07:57|util.py|click 826 251
21:07:57|util.py|click 826 251
21:07:58|util.py|click 826 251
21:07:59|util.py|click 826 251
21:08:00|util.py|click 826 251
21:08:01|util.py|click 826 251
21:08:02|util.py|click 826 251
21:08:02|util.py|click 826 251
21:08:03|util.py|click 826 251
21:08:04|util.py|click 826 251
21:08:05|util.py|click 826 251
21:08:06|util.py|click 59 451
21:08:07|const.py|chapterProcess 进入出击章节步骤结束
21:08:07|10通常12-4 不打boss.py|-------------一局开始------------
21:08:07|const.py|intoStageProcess 进入stage步骤开始
21:08:09|util.py|click 691 368
21:08:09|util.py|findPicLoop 循环找图开始 ./public/bmp/start chapter.jpg
21:08:22|util.py|findPicLoop 循环找图结束 ./public/bmp/start chapter.jpg
21:08:22|util.py|click 642 350
21:08:23|const.py|船坞已满判断 开始
21:08:24|util.py|click 767 220
21:08:25|util.py|click 713 131
21:08:25|util.py|click 740 232
21:08:26|util.py|click 714 223
21:08:26|util.py|click 740 406
21:08:27|util.py|findPicLoop 循环找图开始 ./public/bmp/start chapter.jpg
21:08:28|util.py|findPicLoop 循环找图结束 ./public/bmp/start chapter.jpg
21:08:28|util.py|click 716 411
21:08:28|const.py|红脸判断 开始
21:08:29|util.py|getWords 识字开始
21:08:30|util.py|getWords 识字结束
21:08:30|const.py|intoStageProcess 进入stage步骤结束
21:08:30|10通常12-4 不打boss.py|------------一把开始-----------
21:08:30|util.py|findPicLoop 循环找图开始 ./public/bmp/withdraw.jpg
21:08:31|util.py|findPicLoop 循环找图结束 ./public/bmp/withdraw.jpg
21:08:35|const.py|findShip 找船 开始
21:08:35|const.py|findShip 找船 结束
21:08:35|util.py|click 549 295
21:08:36|const.py|anchorProcess 出击步骤开始
21:08:37|const.py|今日不再提示判断 开始
21:08:37|util.py|findPicLoop 循环找图开始 ./public/bmp/anchor.bmp
21:08:39|util.py|findPicLoop 循环找图结束 ./public/bmp/anchor.bmp
21:08:40|util.py|click 770 429
21:08:40|const.py|自律 开始
21:08:41|const.py|红脸判断 开始
21:08:41|util.py|getWords 识字开始
21:08:42|util.py|getWords 识字结束
21:08:42|const.py|船坞已满判断 开始
21:08:53|util.py|findPicLoop 循环找图开始 ./public/bmp/S.bmp
21:09:46|util.py|findPicLoop 循环找图结束 ./public/bmp/S.bmp
21:09:46|const.py|自律 结束
21:09:47|util.py|click 135 424
21:09:48|util.py|click 684 308
21:09:50|const.py|打捞到sr或ssr判断 开始
21:09:51|util.py|click 684 308
21:09:51|util.py|findPicLoop 循环找图开始 ./public/bmp/exp2.bmp
21:09:52|util.py|findPicLoop 循环找图结束 ./public/bmp/exp2.bmp
21:09:52|util.py|click 733 445
21:09:55|const.py|作战失败判断 开始
21:09:59|const.py|紧急委托判断 开始
21:10:00|const.py|紧急委托
21:10:00|util.py|click 433 347
21:10:00|const.py|anchorProcess 出击步骤结束
21:10:00|10通常12-4 不打boss.py|------------一把结束-----------
21:10:00|10通常12-4 不打boss.py|------------一把开始-----------
21:10:00|util.py|findPicLoop 循环找图开始 ./public/bmp/withdraw.jpg
21:10:01|util.py|findPicLoop 循环找图结束 ./public/bmp/withdraw.jpg
21:10:05|const.py|findShip 找船 开始
21:10:05|const.py|findShip 找船 结束
21:10:05|util.py|click 732 295
21:10:06|const.py|anchorProcess 出击步骤开始
21:10:06|const.py|今日不再提示判断 开始
21:10:07|util.py|findPicLoop 循环找图开始 ./public/bmp/anchor.bmp
21:10:08|util.py|findPicLoop 循环找图结束 ./public/bmp/anchor.bmp
21:10:09|util.py|click 770 429
21:10:09|const.py|自律 开始
21:10:10|const.py|红脸判断 开始
21:10:10|util.py|getWords 识字开始
21:10:11|util.py|getWords 识字结束
21:10:11|const.py|船坞已满判断 开始
21:10:21|util.py|findPicLoop 循环找图开始 ./public/bmp/S.bmp
21:10:52|util.py|findPicLoop 循环找图结束 ./public/bmp/S.bmp
21:10:52|const.py|自律 结束
21:10:53|util.py|click 135 424
21:10:54|util.py|click 684 308
21:10:56|const.py|打捞到sr或ssr判断 开始
21:10:57|util.py|click 684 308
21:10:57|util.py|findPicLoop 循环找图开始 ./public/bmp/exp2.bmp
21:10:58|util.py|findPicLoop 循环找图结束 ./public/bmp/exp2.bmp
21:10:58|util.py|click 733 445
21:11:01|const.py|作战失败判断 开始
21:11:05|const.py|紧急委托判断 开始
21:11:06|const.py|anchorProcess 出击步骤结束
21:11:06|10通常12-4 不打boss.py|------------一把结束-----------
21:11:06|util.py|findPicLoop 循环找图开始 ./public/bmp/withdraw.jpg
21:11:06|util.py|findPicLoop 循环找图结束 ./public/bmp/withdraw.jpg
21:11:06|util.py|click 563 460
21:11:07|util.py|findPicLoop 循环找图开始 ./public/bmp/OK.jpg
21:11:07|util.py|findPicLoop 循环找图结束 ./public/bmp/OK.jpg
21:11:07|util.py|click 534 347
21:11:08|10通常12-4 不打boss.py|-------------一局结束------------
21:11:08|10通常12-4 不打boss.py|-------------一局开始------------
21:11:08|const.py|intoStageProcess 进入stage步骤开始
21:11:10|util.py|click 691 368
21:11:10|util.py|findPicLoop 循环找图开始 ./public/bmp/start chapter.jpg
21:12:52|10通常12-4 不打boss.py|通常12-4 不打boss 开始
21:12:52|const.py|chapterProcess 进入出击章节步骤开始
21:12:52|const.py|backMainProcess 返回主页面开始
21:12:53|const.py|backMainProcess 返回主页面结束
21:12:53|util.py|findPicLoop 循环找图开始 ./public/bmp/weigh anchor.jpg
21:12:54|util.py|findPicLoop 循环找图结束 ./public/bmp/weigh anchor.jpg
21:12:54|util.py|click 729 244
21:12:54|const.py|判断是否为图里面 开始
21:12:57|util.py|findPicLoop 循环找图开始 ./public/bmp/main battleline.jpg
21:12:57|util.py|findPicLoop 循环找图结束 ./public/bmp/main battleline.jpg
21:12:57|util.py|click 231 225
21:12:58|util.py|findPicLoop 循环找图开始 ./public/bmp/exercise.jpg
21:12:58|util.py|findPicLoop 循环找图结束 ./public/bmp/exercise.jpg
21:12:58|util.py|getWords 识字开始
21:12:59|util.py|getWords 识字结束
21:12:59|util.py|click 826 251
21:13:00|util.py|click 826 251
21:13:01|util.py|click 826 251
21:13:02|util.py|click 826 251
21:13:03|util.py|click 826 251
21:13:03|util.py|click 826 251
21:13:04|util.py|click 826 251
21:13:05|util.py|click 826 251
21:13:06|util.py|click 826 251
21:13:07|util.py|click 826 251
21:13:07|util.py|======adb subprocess error======
21:13:07|util.py|CompletedProcess(args='.\\bin\\adb_server.exe shell input tap 826 251', returncode=3221225786, stdout='', stderr='')
21:13:23|10通常12-4 不打boss.py|通常12-4 不打boss 开始
21:13:23|const.py|chapterProcess 进入出击章节步骤开始
21:13:23|const.py|backMainProcess 返回主页面开始
21:13:25|util.py|click 830 26
21:13:25|util.py|findPicLoop 循环找图开始 ./public/bmp/weigh anchor.jpg
21:13:26|util.py|findPicLoop 循环找图结束 ./public/bmp/weigh anchor.jpg
21:13:26|util.py|click 729 244
21:13:26|const.py|判断是否为图里面 开始
21:13:29|util.py|findPicLoop 循环找图开始 ./public/bmp/main battleline.jpg
21:13:30|util.py|findPicLoop 循环找图结束 ./public/bmp/main battleline.jpg
21:13:30|util.py|click 231 225
21:13:30|util.py|findPicLoop 循环找图开始 ./public/bmp/exercise.jpg
21:13:31|util.py|findPicLoop 循环找图结束 ./public/bmp/exercise.jpg
21:13:31|util.py|getWords 识字开始
21:13:31|util.py|getWords 识字结束
21:13:31|util.py|click 826 251
21:13:32|util.py|click 826 251
21:13:33|util.py|click 826 251
21:13:34|util.py|click 826 251
21:13:35|util.py|click 826 251
21:13:36|const.py|chapterProcess 进入出击章节步骤结束
21:13:36|10通常12-4 不打boss.py|-------------一局开始------------
21:13:36|const.py|intoStageProcess 进入stage步骤开始
21:13:40|util.py|click 691 368
21:13:41|util.py|findPicLoop 循环找图开始 ./public/bmp/start chapter.jpg
21:13:42|util.py|findPicLoop 循环找图结束 ./public/bmp/start chapter.jpg
21:13:42|util.py|click 642 350
21:13:43|const.py|船坞已满判断 开始
21:13:44|util.py|click 767 220
21:13:44|util.py|click 713 131
21:13:45|util.py|click 740 232
21:13:45|util.py|click 714 223
21:13:46|util.py|click 740 406
21:13:46|util.py|findPicLoop 循环找图开始 ./public/bmp/start chapter.jpg
21:13:47|util.py|findPicLoop 循环找图结束 ./public/bmp/start chapter.jpg
21:13:47|util.py|click 716 411
21:13:48|const.py|红脸判断 开始
21:13:49|util.py|getWords 识字开始
21:13:50|util.py|getWords 识字结束
21:13:50|const.py|intoStageProcess 进入stage步骤结束
21:13:50|10通常12-4 不打boss.py|------------一把开始-----------
21:13:50|util.py|findPicLoop 循环找图开始 ./public/bmp/withdraw.jpg
21:13:50|util.py|findPicLoop 循环找图结束 ./public/bmp/withdraw.jpg
21:13:54|const.py|findShip 找船 开始
21:13:55|const.py|findShip 找船 结束
21:13:55|util.py|click 782 48
21:13:56|const.py|anchorProcess 出击步骤开始
21:13:56|const.py|今日不再提示判断 开始
21:13:57|util.py|findPicLoop 循环找图开始 ./public/bmp/anchor.bmp
21:14:02|util.py|findPicLoop 循环找图结束 ./public/bmp/anchor.bmp
21:14:03|util.py|click 784 429
21:14:04|const.py|自律 开始
21:14:04|const.py|红脸判断 开始
21:14:04|util.py|getWords 识字开始
21:14:05|util.py|getWords 识字结束
21:14:05|const.py|船坞已满判断 开始
21:14:16|util.py|findPicLoop 循环找图开始 ./public/bmp/S.bmp
21:15:04|util.py|findPicLoop 循环找图结束 ./public/bmp/S.bmp
21:15:04|const.py|自律 结束
21:15:06|util.py|click 135 424
21:15:07|util.py|click 684 308
21:15:09|const.py|打捞到sr或ssr判断 开始
21:15:09|util.py|click 684 308
21:15:10|util.py|findPicLoop 循环找图开始 ./public/bmp/exp2.bmp
21:15:10|util.py|findPicLoop 循环找图结束 ./public/bmp/exp2.bmp
21:15:10|util.py|click 733 445
21:15:14|const.py|作战失败判断 开始
21:15:17|const.py|紧急委托判断 开始
21:15:18|const.py|anchorProcess 出击步骤结束
21:15:18|10通常12-4 不打boss.py|------------一把结束-----------
21:15:18|10通常12-4 不打boss.py|------------一把开始-----------
21:15:18|util.py|findPicLoop 循环找图开始 ./public/bmp/withdraw.jpg
21:15:19|util.py|findPicLoop 循环找图结束 ./public/bmp/withdraw.jpg
21:15:23|const.py|findShip 找船 开始
21:15:23|const.py|findShip 找船 结束
21:15:23|util.py|click 522 240
21:15:24|const.py|anchorProcess 出击步骤开始
21:15:25|const.py|今日不再提示判断 开始
21:15:25|util.py|findPicLoop 循环找图开始 ./public/bmp/anchor.bmp
21:15:29|util.py|findPicLoop 循环找图结束 ./public/bmp/anchor.bmp
21:15:30|util.py|click 770 429
21:15:30|const.py|自律 开始
21:15:31|const.py|红脸判断 开始
21:15:31|util.py|getWords 识字开始
21:15:32|util.py|getWords 识字结束
21:15:32|const.py|船坞已满判断 开始
21:15:43|util.py|findPicLoop 循环找图开始 ./public/bmp/S.bmp
21:16:10|util.py|findPicLoop 循环找图结束 ./public/bmp/S.bmp
21:16:10|const.py|自律 结束
21:16:11|util.py|click 135 424
21:16:13|util.py|click 684 308
21:16:15|const.py|打捞到sr或ssr判断 开始
21:16:15|util.py|click 684 308
21:16:16|util.py|findPicLoop 循环找图开始 ./public/bmp/exp2.bmp
21:16:16|util.py|findPicLoop 循环找图结束 ./public/bmp/exp2.bmp
21:16:16|util.py|click 733 445
21:16:19|const.py|作战失败判断 开始
21:16:23|const.py|紧急委托判断 开始
21:16:24|const.py|anchorProcess 出击步骤结束
21:16:24|10通常12-4 不打boss.py|------------一把结束-----------
21:16:24|util.py|findPicLoop 循环找图开始 ./public/bmp/withdraw.jpg
21:16:25|util.py|findPicLoop 循环找图结束 ./public/bmp/withdraw.jpg
21:16:25|util.py|click 563 460
21:16:25|util.py|findPicLoop 循环找图开始 ./public/bmp/OK.jpg
21:16:25|util.py|findPicLoop 循环找图结束 ./public/bmp/OK.jpg
21:16:25|util.py|click 534 347
21:16:26|10通常12-4 不打boss.py|-------------一局结束------------
21:16:26|10通常12-4 不打boss.py|-------------一局开始------------
21:16:26|const.py|intoStageProcess 进入stage步骤开始
21:16:30|util.py|click 691 368
21:16:30|util.py|findPicLoop 循环找图开始 ./public/bmp/start chapter.jpg
21:16:31|util.py|findPicLoop 循环找图结束 ./public/bmp/start chapter.jpg
21:16:31|util.py|click 642 350
21:16:32|const.py|船坞已满判断 开始
21:16:33|util.py|click 767 220
21:16:34|util.py|click 713 131
21:16:34|util.py|click 740 232
21:16:35|util.py|click 714 223
21:16:36|util.py|click 740 406
21:16:36|util.py|findPicLoop 循环找图开始 ./public/bmp/start chapter.jpg
21:16:37|util.py|findPicLoop 循环找图结束 ./public/bmp/start chapter.jpg
21:16:37|util.py|click 716 411
21:16:37|const.py|红脸判断 开始
21:16:38|util.py|getWords 识字开始
21:16:39|util.py|getWords 识字结束
21:16:39|const.py|intoStageProcess 进入stage步骤结束
21:16:39|10通常12-4 不打boss.py|------------一把开始-----------
21:16:39|util.py|findPicLoop 循环找图开始 ./public/bmp/withdraw.jpg
21:16:40|util.py|findPicLoop 循环找图结束 ./public/bmp/withdraw.jpg
21:16:44|const.py|findShip 找船 开始
21:16:45|const.py|findShip 找船 结束
21:16:45|util.py|click 488 146
21:16:45|const.py|anchorProcess 出击步骤开始
21:16:46|const.py|今日不再提示判断 开始
21:16:47|util.py|findPicLoop 循环找图开始 ./public/bmp/anchor.bmp
21:16:49|util.py|findPicLoop 循环找图结束 ./public/bmp/anchor.bmp
21:16:49|util.py|click 770 429
21:16:50|const.py|自律 开始
21:16:51|const.py|红脸判断 开始
21:16:51|util.py|getWords 识字开始
21:16:52|util.py|getWords 识字结束
21:16:52|const.py|船坞已满判断 开始
21:17:02|util.py|findPicLoop 循环找图开始 ./public/bmp/S.bmp
21:17:52|util.py|findPicLoop 循环找图结束 ./public/bmp/S.bmp
21:17:52|const.py|自律 结束
21:17:53|util.py|click 135 424
21:17:54|util.py|click 684 308
21:17:56|const.py|打捞到sr或ssr判断 开始
21:17:57|util.py|click 684 308
21:17:57|util.py|findPicLoop 循环找图开始 ./public/bmp/exp2.bmp
21:17:57|util.py|findPicLoop 循环找图结束 ./public/bmp/exp2.bmp
21:17:57|util.py|click 733 445
21:18:01|const.py|作战失败判断 开始
21:18:04|const.py|紧急委托判断 开始
21:18:05|const.py|anchorProcess 出击步骤结束
21:18:05|10通常12-4 不打boss.py|------------一把结束-----------
21:18:05|10通常12-4 不打boss.py|------------一把开始-----------
21:18:05|util.py|findPicLoop 循环找图开始 ./public/bmp/withdraw.jpg
21:18:06|util.py|findPicLoop 循环找图结束 ./public/bmp/withdraw.jpg
21:18:10|const.py|findShip 找船 开始
21:18:11|const.py|findShip 找船 结束
21:18:11|util.py|click 564 99
21:18:11|const.py|anchorProcess 出击步骤开始
21:18:12|const.py|今日不再提示判断 开始
21:18:12|util.py|findPicLoop 循环找图开始 ./public/bmp/anchor.bmp
21:18:13|util.py|findPicLoop 循环找图结束 ./public/bmp/anchor.bmp
21:18:14|util.py|click 770 429
21:18:14|const.py|自律 开始
21:18:15|const.py|红脸判断 开始
21:18:15|util.py|getWords 识字开始
21:18:16|util.py|getWords 识字结束
21:18:16|const.py|船坞已满判断 开始
21:18:27|util.py|findPicLoop 循环找图开始 ./public/bmp/S.bmp
21:19:11|util.py|findPicLoop 循环找图结束 ./public/bmp/S.bmp
21:19:11|const.py|自律 结束
21:19:12|util.py|click 135 424
21:19:13|util.py|click 684 308
21:19:15|const.py|打捞到sr或ssr判断 开始
21:19:15|util.py|click 684 308
21:19:16|util.py|findPicLoop 循环找图开始 ./public/bmp/exp2.bmp
21:19:16|util.py|findPicLoop 循环找图结束 ./public/bmp/exp2.bmp
21:19:16|util.py|click 733 445
21:19:20|const.py|作战失败判断 开始
21:19:23|const.py|紧急委托判断 开始
21:19:24|const.py|anchorProcess 出击步骤结束
21:19:24|10通常12-4 不打boss.py|------------一把结束-----------
21:19:24|util.py|findPicLoop 循环找图开始 ./public/bmp/withdraw.jpg
21:19:25|util.py|findPicLoop 循环找图结束 ./public/bmp/withdraw.jpg
21:19:25|util.py|click 563 460
21:19:25|util.py|findPicLoop 循环找图开始 ./public/bmp/OK.jpg
21:19:26|util.py|findPicLoop 循环找图结束 ./public/bmp/OK.jpg
21:19:26|util.py|click 534 347
21:19:26|10通常12-4 不打boss.py|-------------一局结束------------
21:19:26|10通常12-4 不打boss.py|-------------一局开始------------
21:19:26|const.py|intoStageProcess 进入stage步骤开始
21:19:30|util.py|click 691 368
21:19:30|util.py|findPicLoop 循环找图开始 ./public/bmp/start chapter.jpg
21:19:31|util.py|findPicLoop 循环找图结束 ./public/bmp/start chapter.jpg
21:19:31|util.py|click 642 350
21:19:33|const.py|船坞已满判断 开始
21:19:34|util.py|click 767 220
21:19:34|util.py|click 713 131
21:19:35|util.py|click 740 232
21:19:35|util.py|click 714 223
21:19:36|util.py|click 740 406
21:19:36|util.py|findPicLoop 循环找图开始 ./public/bmp/start chapter.jpg
21:19:37|util.py|findPicLoop 循环找图结束 ./public/bmp/start chapter.jpg
21:19:37|util.py|click 716 411
21:19:38|const.py|红脸判断 开始
21:19:39|util.py|getWords 识字开始
21:19:39|util.py|getWords 识字结束
21:19:39|const.py|intoStageProcess 进入stage步骤结束
21:19:39|10通常12-4 不打boss.py|------------一把开始-----------
21:19:39|util.py|findPicLoop 循环找图开始 ./public/bmp/withdraw.jpg
21:19:40|util.py|findPicLoop 循环找图结束 ./public/bmp/withdraw.jpg
21:19:44|const.py|findShip 找船 开始
21:19:45|const.py|findShip 找船 结束
21:19:45|util.py|click 258 240
21:19:45|const.py|anchorProcess 出击步骤开始
21:19:46|const.py|今日不再提示判断 开始
21:19:47|util.py|findPicLoop 循环找图开始 ./public/bmp/anchor.bmp
21:19:49|util.py|findPicLoop 循环找图结束 ./public/bmp/anchor.bmp
21:19:50|util.py|click 770 429
21:19:51|const.py|自律 开始
21:19:51|const.py|红脸判断 开始
21:19:51|util.py|getWords 识字开始
21:19:52|util.py|getWords 识字结束
21:19:52|const.py|船坞已满判断 开始
21:20:03|util.py|findPicLoop 循环找图开始 ./public/bmp/S.bmp
21:20:28|util.py|findPicLoop 循环找图结束 ./public/bmp/S.bmp
21:20:28|const.py|自律 结束
21:20:29|util.py|click 135 424
21:20:30|util.py|click 684 308
21:20:32|const.py|打捞到sr或ssr判断 开始
21:20:33|util.py|click 684 308
21:20:33|util.py|findPicLoop 循环找图开始 ./public/bmp/exp2.bmp
21:20:34|util.py|findPicLoop 循环找图结束 ./public/bmp/exp2.bmp
21:20:34|util.py|click 733 445
21:20:37|const.py|作战失败判断 开始
21:20:41|const.py|紧急委托判断 开始
21:20:42|const.py|anchorProcess 出击步骤结束
21:20:42|10通常12-4 不打boss.py|------------一把结束-----------
21:20:42|10通常12-4 不打boss.py|------------一把开始-----------
21:20:42|util.py|findPicLoop 循环找图开始 ./public/bmp/withdraw.jpg
21:20:42|util.py|findPicLoop 循环找图结束 ./public/bmp/withdraw.jpg
21:20:46|const.py|findShip 找船 开始
21:20:47|const.py|findShip 找船 结束
21:20:47|util.py|click 315 260
21:20:48|const.py|anchorProcess 出击步骤开始
21:20:48|const.py|今日不再提示判断 开始
21:20:49|util.py|findPicLoop 循环找图开始 ./public/bmp/anchor.bmp
21:20:50|util.py|findPicLoop 循环找图结束 ./public/bmp/anchor.bmp
21:20:51|util.py|click 770 429
21:20:51|const.py|自律 开始
21:20:52|const.py|红脸判断 开始
21:20:52|util.py|getWords 识字开始
21:20:53|util.py|getWords 识字结束
21:20:53|const.py|船坞已满判断 开始
21:21:04|util.py|findPicLoop 循环找图开始 ./public/bmp/S.bmp
21:21:34|util.py|findPicLoop 循环找图结束 ./public/bmp/S.bmp
21:21:34|const.py|自律 结束
21:21:35|util.py|click 135 424
21:21:37|util.py|click 684 308
21:21:38|const.py|打捞到sr或ssr判断 开始
21:21:39|util.py|click 684 308
21:21:39|util.py|findPicLoop 循环找图开始 ./public/bmp/exp2.bmp
21:21:40|util.py|findPicLoop 循环找图结束 ./public/bmp/exp2.bmp
21:21:40|util.py|click 733 445
21:21:44|const.py|作战失败判断 开始
21:21:47|const.py|紧急委托判断 开始
21:21:48|const.py|anchorProcess 出击步骤结束
21:21:48|10通常12-4 不打boss.py|------------一把结束-----------
21:21:48|util.py|findPicLoop 循环找图开始 ./public/bmp/withdraw.jpg
21:21:49|util.py|findPicLoop 循环找图结束 ./public/bmp/withdraw.jpg
21:21:49|util.py|click 563 460
21:21:49|util.py|findPicLoop 循环找图开始 ./public/bmp/OK.jpg
21:21:50|util.py|findPicLoop 循环找图结束 ./public/bmp/OK.jpg
21:21:50|util.py|click 534 347
21:21:50|10通常12-4 不打boss.py|-------------一局结束------------
21:21:50|10通常12-4 不打boss.py|-------------一局开始------------
21:21:50|const.py|intoStageProcess 进入stage步骤开始
21:21:54|util.py|click 691 368
21:21:54|util.py|findPicLoop 循环找图开始 ./public/bmp/start chapter.jpg
21:21:55|util.py|findPicLoop 循环找图结束 ./public/bmp/start chapter.jpg
21:21:55|util.py|click 642 350
21:21:57|const.py|船坞已满判断 开始
21:21:58|util.py|click 767 220
21:21:58|util.py|click 713 131
21:21:59|util.py|click 740 232
21:21:59|util.py|click 714 223
21:22:00|util.py|click 740 406
21:22:00|util.py|findPicLoop 循环找图开始 ./public/bmp/start chapter.jpg
21:22:01|util.py|findPicLoop 循环找图结束 ./public/bmp/start chapter.jpg
21:22:01|util.py|click 716 411
21:22:02|const.py|红脸判断 开始
21:22:03|util.py|getWords 识字开始
21:22:03|util.py|getWords 识字结束
21:22:03|const.py|intoStageProcess 进入stage步骤结束
21:22:03|10通常12-4 不打boss.py|------------一把开始-----------
21:22:03|util.py|findPicLoop 循环找图开始 ./public/bmp/withdraw.jpg
21:22:04|util.py|findPicLoop 循环找图结束 ./public/bmp/withdraw.jpg
21:22:08|const.py|findShip 找船 开始
21:22:09|const.py|findShip 找船 结束
21:22:09|util.py|click 640 95
21:22:09|const.py|anchorProcess 出击步骤开始
21:22:10|const.py|今日不再提示判断 开始
21:22:11|util.py|findPicLoop 循环找图开始 ./public/bmp/anchor.bmp
21:22:15|util.py|findPicLoop 循环找图结束 ./public/bmp/anchor.bmp
21:22:16|util.py|click 770 429
21:22:16|const.py|自律 开始
21:22:17|const.py|红脸判断 开始
21:22:17|util.py|getWords 识字开始
21:22:18|util.py|getWords 识字结束
21:22:18|const.py|船坞已满判断 开始
21:22:29|util.py|findPicLoop 循环找图开始 ./public/bmp/S.bmp
21:22:56|util.py|findPicLoop 循环找图结束 ./public/bmp/S.bmp
21:22:56|const.py|自律 结束
21:22:57|util.py|click 135 424
21:22:58|util.py|click 684 308
21:23:00|const.py|打捞到sr或ssr判断 开始
21:23:01|util.py|click 684 308
21:23:01|util.py|findPicLoop 循环找图开始 ./public/bmp/exp2.bmp
21:23:02|util.py|findPicLoop 循环找图结束 ./public/bmp/exp2.bmp
21:23:02|util.py|click 733 445
21:23:05|const.py|作战失败判断 开始
21:23:09|const.py|紧急委托判断 开始
21:23:09|const.py|anchorProcess 出击步骤结束
21:23:09|10通常12-4 不打boss.py|------------一把结束-----------
21:23:09|10通常12-4 不打boss.py|------------一把开始-----------
21:23:09|util.py|findPicLoop 循环找图开始 ./public/bmp/withdraw.jpg
21:23:10|util.py|findPicLoop 循环找图结束 ./public/bmp/withdraw.jpg
21:23:14|const.py|findShip 找船 开始
21:23:15|const.py|findShip 找船 结束
21:23:15|util.py|click 402 326
21:23:15|const.py|anchorProcess 出击步骤开始
21:23:16|const.py|今日不再提示判断 开始
21:23:17|util.py|findPicLoop 循环找图开始 ./public/bmp/anchor.bmp
21:23:20|util.py|findPicLoop 循环找图结束 ./public/bmp/anchor.bmp
21:23:21|util.py|click 770 429
21:23:21|const.py|自律 开始
21:23:22|const.py|红脸判断 开始
21:23:22|util.py|getWords 识字开始
21:23:23|util.py|getWords 识字结束
21:23:23|const.py|船坞已满判断 开始
21:23:34|util.py|findPicLoop 循环找图开始 ./public/bmp/S.bmp
21:24:17|util.py|findPicLoop 循环找图结束 ./public/bmp/S.bmp
21:24:17|const.py|自律 结束
21:24:18|util.py|click 135 424
21:24:19|util.py|click 684 308
21:24:21|const.py|打捞到sr或ssr判断 开始
21:24:22|util.py|click 684 308
21:24:22|util.py|findPicLoop 循环找图开始 ./public/bmp/exp2.bmp
21:24:23|util.py|findPicLoop 循环找图结束 ./public/bmp/exp2.bmp
21:24:23|util.py|click 733 445
21:24:26|const.py|作战失败判断 开始
21:24:30|const.py|紧急委托判断 开始
21:24:30|const.py|anchorProcess 出击步骤结束
21:24:30|10通常12-4 不打boss.py|------------一把结束-----------
21:24:30|util.py|findPicLoop 循环找图开始 ./public/bmp/withdraw.jpg
21:24:31|util.py|findPicLoop 循环找图结束 ./public/bmp/withdraw.jpg
21:24:31|util.py|click 563 460
21:24:31|util.py|findPicLoop 循环找图开始 ./public/bmp/OK.jpg
21:24:32|util.py|findPicLoop 循环找图结束 ./public/bmp/OK.jpg
21:24:32|util.py|click 534 347
21:24:32|10通常12-4 不打boss.py|-------------一局结束------------
21:24:32|10通常12-4 不打boss.py|-------------一局开始------------
21:24:32|const.py|intoStageProcess 进入stage步骤开始
21:24:36|util.py|click 691 368
21:24:37|util.py|findPicLoop 循环找图开始 ./public/bmp/start chapter.jpg
21:24:38|util.py|findPicLoop 循环找图结束 ./public/bmp/start chapter.jpg
21:24:38|util.py|click 642 350
21:24:39|const.py|船坞已满判断 开始
21:24:40|util.py|click 767 220
21:24:41|util.py|click 713 131
21:24:41|util.py|click 740 232
21:24:42|util.py|click 714 223
21:24:42|util.py|click 740 406
21:24:42|util.py|findPicLoop 循环找图开始 ./public/bmp/start chapter.jpg
21:24:44|util.py|findPicLoop 循环找图结束 ./public/bmp/start chapter.jpg
21:24:44|util.py|click 716 411
21:24:44|const.py|红脸判断 开始
21:24:45|util.py|getWords 识字开始
21:24:46|util.py|getWords 识字结束
21:24:46|const.py|intoStageProcess 进入stage步骤结束
21:24:46|10通常12-4 不打boss.py|------------一把开始-----------
21:24:46|util.py|findPicLoop 循环找图开始 ./public/bmp/withdraw.jpg
21:24:46|util.py|findPicLoop 循环找图结束 ./public/bmp/withdraw.jpg
21:24:50|const.py|findShip 找船 开始
21:24:51|const.py|findShip 找船 结束
21:24:51|util.py|click 251 305
21:24:52|const.py|anchorProcess 出击步骤开始
21:24:52|const.py|今日不再提示判断 开始
21:24:53|util.py|findPicLoop 循环找图开始 ./public/bmp/anchor.bmp
21:24:54|util.py|findPicLoop 循环找图结束 ./public/bmp/anchor.bmp
21:24:55|util.py|click 770 429
21:24:56|const.py|自律 开始
21:24:56|const.py|红脸判断 开始
21:24:56|util.py|getWords 识字开始
21:24:57|util.py|getWords 识字结束
21:24:57|const.py|船坞已满判断 开始
21:25:08|util.py|findPicLoop 循环找图开始 ./public/bmp/S.bmp
21:25:32|util.py|findPicLoop 循环找图结束 ./public/bmp/S.bmp
21:25:32|const.py|自律 结束
21:25:33|util.py|click 135 424
21:25:34|util.py|click 684 308
21:25:36|const.py|打捞到sr或ssr判断 开始
21:25:36|util.py|click 684 308
21:25:37|util.py|findPicLoop 循环找图开始 ./public/bmp/exp2.bmp
21:25:38|util.py|findPicLoop 循环找图结束 ./public/bmp/exp2.bmp
21:25:38|util.py|click 733 445
21:25:41|const.py|作战失败判断 开始
21:25:45|const.py|紧急委托判断 开始
21:25:46|const.py|anchorProcess 出击步骤结束
21:25:46|10通常12-4 不打boss.py|------------一把结束-----------
21:25:46|10通常12-4 不打boss.py|------------一把开始-----------
21:25:46|util.py|findPicLoop 循环找图开始 ./public/bmp/withdraw.jpg
21:25:46|util.py|findPicLoop 循环找图结束 ./public/bmp/withdraw.jpg
21:25:50|const.py|findShip 找船 开始
21:25:51|const.py|findShip 找船 结束
21:25:51|util.py|click 321 258
21:25:51|const.py|anchorProcess 出击步骤开始
21:25:52|const.py|今日不再提示判断 开始
21:25:53|util.py|findPicLoop 循环找图开始 ./public/bmp/anchor.bmp
21:25:54|util.py|findPicLoop 循环找图结束 ./public/bmp/anchor.bmp
21:25:54|util.py|click 770 429
21:25:55|const.py|自律 开始
21:25:55|const.py|红脸判断 开始
21:25:55|util.py|getWords 识字开始
21:25:57|util.py|getWords 识字结束
21:25:57|const.py|船坞已满判断 开始
21:26:08|util.py|findPicLoop 循环找图开始 ./public/bmp/S.bmp
21:26:36|util.py|findPicLoop 循环找图结束 ./public/bmp/S.bmp
21:26:36|const.py|自律 结束
21:26:38|util.py|click 135 424
21:26:39|util.py|click 684 308
21:26:41|const.py|打捞到sr或ssr判断 开始
21:26:41|util.py|click 684 308
21:26:42|util.py|findPicLoop 循环找图开始 ./public/bmp/exp2.bmp
21:26:43|util.py|findPicLoop 循环找图结束 ./public/bmp/exp2.bmp
21:26:43|util.py|click 733 445
21:26:46|const.py|作战失败判断 开始
21:26:50|const.py|紧急委托判断 开始
21:26:50|const.py|anchorProcess 出击步骤结束
21:26:50|10通常12-4 不打boss.py|------------一把结束-----------
21:26:50|util.py|findPicLoop 循环找图开始 ./public/bmp/withdraw.jpg
21:26:51|util.py|findPicLoop 循环找图结束 ./public/bmp/withdraw.jpg
21:26:51|util.py|click 563 460
21:26:51|util.py|findPicLoop 循环找图开始 ./public/bmp/OK.jpg
21:26:52|util.py|findPicLoop 循环找图结束 ./public/bmp/OK.jpg
21:26:52|util.py|click 534 347
21:26:52|10通常12-4 不打boss.py|-------------一局结束------------
21:26:52|10通常12-4 不打boss.py|-------------一局开始------------
21:26:52|const.py|intoStageProcess 进入stage步骤开始
21:26:56|util.py|click 691 368
21:26:57|util.py|findPicLoop 循环找图开始 ./public/bmp/start chapter.jpg
21:26:58|util.py|findPicLoop 循环找图结束 ./public/bmp/start chapter.jpg
21:26:58|util.py|click 642 350
21:26:59|const.py|船坞已满判断 开始
21:27:00|util.py|click 767 220
21:27:00|util.py|click 713 131
21:27:01|util.py|click 740 232
21:27:01|util.py|click 714 223
21:27:02|util.py|click 740 406
21:27:02|util.py|findPicLoop 循环找图开始 ./public/bmp/start chapter.jpg
21:27:03|util.py|findPicLoop 循环找图结束 ./public/bmp/start chapter.jpg
21:27:03|util.py|click 716 411
21:27:04|const.py|红脸判断 开始
21:27:05|util.py|getWords 识字开始
21:27:06|util.py|getWords 识字结束
21:27:06|const.py|intoStageProcess 进入stage步骤结束
21:27:06|10通常12-4 不打boss.py|------------一把开始-----------
21:27:06|util.py|findPicLoop 循环找图开始 ./public/bmp/withdraw.jpg
21:27:07|util.py|findPicLoop 循环找图结束 ./public/bmp/withdraw.jpg
21:27:11|const.py|findShip 找船 开始
21:27:12|const.py|findShip 找船 结束
21:27:12|util.py|click 796 99
21:27:12|const.py|anchorProcess 出击步骤开始
21:27:13|const.py|今日不再提示判断 开始
21:27:13|util.py|findPicLoop 循环找图开始 ./public/bmp/anchor.bmp
21:27:19|util.py|findPicLoop 循环找图结束 ./public/bmp/anchor.bmp
21:27:20|util.py|click 770 429
21:27:20|const.py|自律 开始
21:27:21|const.py|红脸判断 开始
21:27:21|util.py|getWords 识字开始
21:27:22|util.py|getWords 识字结束
21:27:22|const.py|船坞已满判断 开始
21:27:32|util.py|findPicLoop 循环找图开始 ./public/bmp/S.bmp
21:28:26|util.py|findPicLoop 循环找图结束 ./public/bmp/S.bmp
21:28:26|const.py|自律 结束
21:28:27|util.py|click 135 424
21:28:28|util.py|click 684 308
21:28:30|const.py|打捞到sr或ssr判断 开始
21:28:30|util.py|click 684 308
21:28:31|util.py|findPicLoop 循环找图开始 ./public/bmp/exp2.bmp
21:28:31|util.py|findPicLoop 循环找图结束 ./public/bmp/exp2.bmp
21:28:31|util.py|click 733 445
21:28:35|const.py|作战失败判断 开始
21:28:38|const.py|紧急委托判断 开始
21:28:39|const.py|anchorProcess 出击步骤结束
21:28:39|10通常12-4 不打boss.py|------------一把结束-----------
21:28:39|10通常12-4 不打boss.py|------------一把开始-----------
21:28:39|util.py|findPicLoop 循环找图开始 ./public/bmp/withdraw.jpg
21:28:40|util.py|findPicLoop 循环找图结束 ./public/bmp/withdraw.jpg
21:28:44|const.py|findShip 找船 开始
21:28:44|const.py|findShip 找船 结束
21:28:44|util.py|click 565 93
21:28:45|const.py|anchorProcess 出击步骤开始
21:28:46|const.py|今日不再提示判断 开始
21:28:46|util.py|findPicLoop 循环找图开始 ./public/bmp/anchor.bmp
21:28:48|util.py|findPicLoop 循环找图结束 ./public/bmp/anchor.bmp
21:28:48|util.py|click 770 429
21:28:49|const.py|自律 开始
21:28:50|const.py|红脸判断 开始
21:28:50|util.py|getWords 识字开始
21:28:51|util.py|getWords 识字结束
21:28:51|const.py|船坞已满判断 开始
21:29:01|util.py|findPicLoop 循环找图开始 ./public/bmp/S.bmp
21:29:31|util.py|findPicLoop 循环找图结束 ./public/bmp/S.bmp
21:29:31|const.py|自律 结束
21:29:32|util.py|click 135 424
21:29:34|util.py|click 684 308
21:29:36|const.py|打捞到sr或ssr判断 开始
21:29:36|util.py|click 684 308
21:29:36|util.py|findPicLoop 循环找图开始 ./public/bmp/exp2.bmp
21:29:37|util.py|findPicLoop 循环找图结束 ./public/bmp/exp2.bmp
21:29:37|util.py|click 733 445
21:29:40|const.py|作战失败判断 开始
21:29:44|const.py|紧急委托判断 开始
21:29:45|const.py|anchorProcess 出击步骤结束
21:29:45|10通常12-4 不打boss.py|------------一把结束-----------
21:29:45|util.py|findPicLoop 循环找图开始 ./public/bmp/withdraw.jpg
21:29:45|util.py|findPicLoop 循环找图结束 ./public/bmp/withdraw.jpg
21:29:45|util.py|click 563 460
21:29:46|util.py|findPicLoop 循环找图开始 ./public/bmp/OK.jpg
21:29:46|util.py|findPicLoop 循环找图结束 ./public/bmp/OK.jpg
21:29:46|util.py|click 534 347
21:29:47|10通常12-4 不打boss.py|-------------一局结束------------
21:29:47|10通常12-4 不打boss.py|-------------一局开始------------
21:29:47|const.py|intoStageProcess 进入stage步骤开始
21:29:51|util.py|click 691 368
21:29:51|util.py|findPicLoop 循环找图开始 ./public/bmp/start chapter.jpg
21:29:52|util.py|findPicLoop 循环找图结束 ./public/bmp/start chapter.jpg
21:29:52|util.py|click 642 350
21:29:53|const.py|船坞已满判断 开始
21:29:54|util.py|click 767 220
21:29:55|util.py|click 713 131
21:29:55|util.py|click 740 232
21:29:56|util.py|click 714 223
21:29:56|util.py|click 740 406
21:29:57|util.py|findPicLoop 循环找图开始 ./public/bmp/start chapter.jpg
21:29:58|util.py|findPicLoop 循环找图结束 ./public/bmp/start chapter.jpg
21:29:58|util.py|click 716 411
21:29:58|const.py|红脸判断 开始
21:29:59|util.py|getWords 识字开始
21:30:00|util.py|getWords 识字结束
21:30:00|const.py|intoStageProcess 进入stage步骤结束
21:30:00|10通常12-4 不打boss.py|------------一把开始-----------
21:30:00|util.py|findPicLoop 循环找图开始 ./public/bmp/withdraw.jpg
21:30:01|util.py|findPicLoop 循环找图结束 ./public/bmp/withdraw.jpg
21:30:05|const.py|findShip 找船 开始
21:30:06|const.py|findShip 找船 结束
21:30:06|util.py|click 491 260
21:30:06|const.py|anchorProcess 出击步骤开始
21:30:07|const.py|今日不再提示判断 开始
21:30:07|util.py|findPicLoop 循环找图开始 ./public/bmp/anchor.bmp
21:30:09|util.py|findPicLoop 循环找图结束 ./public/bmp/anchor.bmp
21:30:09|util.py|click 770 429
21:30:10|const.py|自律 开始
21:30:11|const.py|红脸判断 开始
21:30:11|util.py|getWords 识字开始
21:30:12|util.py|getWords 识字结束
21:30:12|const.py|船坞已满判断 开始
21:30:22|util.py|findPicLoop 循环找图开始 ./public/bmp/S.bmp
21:30:59|util.py|findPicLoop 循环找图结束 ./public/bmp/S.bmp
21:30:59|const.py|自律 结束
21:31:00|util.py|click 135 424
21:31:01|util.py|click 684 308
21:31:03|const.py|打捞到sr或ssr判断 开始
21:31:04|util.py|click 684 308
21:31:04|util.py|findPicLoop 循环找图开始 ./public/bmp/exp2.bmp
21:31:05|util.py|findPicLoop 循环找图结束 ./public/bmp/exp2.bmp
21:31:05|util.py|click 733 445
21:31:08|const.py|作战失败判断 开始
21:31:12|const.py|紧急委托判断 开始
21:31:13|const.py|anchorProcess 出击步骤结束
21:31:13|10通常12-4 不打boss.py|------------一把结束-----------
21:31:13|10通常12-4 不打boss.py|------------一把开始-----------
21:31:13|util.py|findPicLoop 循环找图开始 ./public/bmp/withdraw.jpg
21:31:13|util.py|findPicLoop 循环找图结束 ./public/bmp/withdraw.jpg
21:31:17|const.py|findShip 找船 开始
21:31:18|const.py|findShip 找船 结束
21:31:18|util.py|click 564 99
21:31:19|const.py|anchorProcess 出击步骤开始
21:31:19|const.py|今日不再提示判断 开始
21:31:20|util.py|findPicLoop 循环找图开始 ./public/bmp/anchor.bmp
21:31:22|util.py|findPicLoop 循环找图结束 ./public/bmp/anchor.bmp
21:31:23|util.py|click 770 429
21:31:23|const.py|自律 开始
21:31:24|const.py|红脸判断 开始
21:31:24|util.py|getWords 识字开始
21:31:26|util.py|getWords 识字结束
21:31:26|const.py|船坞已满判断 开始
21:31:36|util.py|findPicLoop 循环找图开始 ./public/bmp/S.bmp
21:32:01|util.py|findPicLoop 循环找图结束 ./public/bmp/S.bmp
21:32:01|const.py|自律 结束
21:32:02|util.py|click 135 424
21:32:03|util.py|click 684 308
21:32:05|const.py|打捞到sr或ssr判断 开始
21:32:06|util.py|click 684 308
21:32:06|util.py|findPicLoop 循环找图开始 ./public/bmp/exp2.bmp
21:32:07|util.py|findPicLoop 循环找图结束 ./public/bmp/exp2.bmp
21:32:07|util.py|click 733 445
21:32:10|const.py|作战失败判断 开始
21:32:14|const.py|紧急委托判断 开始
21:32:15|const.py|anchorProcess 出击步骤结束
21:32:15|10通常12-4 不打boss.py|------------一把结束-----------
21:32:15|util.py|findPicLoop 循环找图开始 ./public/bmp/withdraw.jpg
21:32:15|util.py|findPicLoop 循环找图结束 ./public/bmp/withdraw.jpg
21:32:15|util.py|click 563 460
21:32:16|util.py|findPicLoop 循环找图开始 ./public/bmp/OK.jpg
21:32:16|util.py|findPicLoop 循环找图结束 ./public/bmp/OK.jpg
21:32:16|util.py|click 534 347
21:32:17|10通常12-4 不打boss.py|-------------一局结束------------
21:32:17|10通常12-4 不打boss.py|-------------一局开始------------
21:32:17|const.py|intoStageProcess 进入stage步骤开始
21:32:21|util.py|click 691 368
21:32:21|util.py|findPicLoop 循环找图开始 ./public/bmp/start chapter.jpg
21:32:22|util.py|findPicLoop 循环找图结束 ./public/bmp/start chapter.jpg
21:32:22|util.py|click 642 350
21:32:23|const.py|船坞已满判断 开始
21:32:24|util.py|click 767 220
21:32:25|util.py|click 713 131
21:32:25|util.py|click 740 232
21:32:26|util.py|click 714 223
21:32:26|util.py|click 740 406
21:32:27|util.py|findPicLoop 循环找图开始 ./public/bmp/start chapter.jpg
21:32:28|util.py|findPicLoop 循环找图结束 ./public/bmp/start chapter.jpg
21:32:28|util.py|click 716 411
21:32:28|const.py|红脸判断 开始
21:32:29|util.py|getWords 识字开始
21:32:30|util.py|getWords 识字结束
21:32:30|const.py|intoStageProcess 进入stage步骤结束
21:32:30|10通常12-4 不打boss.py|------------一把开始-----------
21:32:30|util.py|findPicLoop 循环找图开始 ./public/bmp/withdraw.jpg
21:32:31|util.py|findPicLoop 循环找图结束 ./public/bmp/withdraw.jpg
21:32:35|const.py|findShip 找船 开始
21:32:36|const.py|findShip 找船 结束
21:32:36|util.py|click 245 328
21:32:36|const.py|anchorProcess 出击步骤开始
21:32:37|const.py|今日不再提示判断 开始
21:32:37|util.py|findPicLoop 循环找图开始 ./public/bmp/anchor.bmp
21:32:39|util.py|findPicLoop 循环找图结束 ./public/bmp/anchor.bmp
21:32:40|util.py|click 770 429
21:32:40|const.py|自律 开始
21:32:41|const.py|红脸判断 开始
21:32:41|util.py|getWords 识字开始
21:32:42|util.py|getWords 识字结束
21:32:42|const.py|船坞已满判断 开始
21:32:52|util.py|findPicLoop 循环找图开始 ./public/bmp/S.bmp
21:33:36|util.py|findPicLoop 循环找图结束 ./public/bmp/S.bmp
21:33:36|const.py|自律 结束
21:33:37|util.py|click 135 424
21:33:38|util.py|click 684 308
21:33:40|const.py|打捞到sr或ssr判断 开始
21:33:41|util.py|click 684 308
21:33:41|util.py|findPicLoop 循环找图开始 ./public/bmp/exp2.bmp
21:33:42|util.py|findPicLoop 循环找图结束 ./public/bmp/exp2.bmp
21:33:42|util.py|click 733 445
21:33:45|const.py|作战失败判断 开始
21:33:49|const.py|紧急委托判断 开始
21:33:49|const.py|anchorProcess 出击步骤结束
21:33:49|10通常12-4 不打boss.py|------------一把结束-----------
21:33:49|10通常12-4 不打boss.py|------------一把开始-----------
21:33:49|util.py|findPicLoop 循环找图开始 ./public/bmp/withdraw.jpg
21:33:50|util.py|findPicLoop 循环找图结束 ./public/bmp/withdraw.jpg
21:33:54|const.py|findShip 找船 开始
21:33:55|const.py|findShip 找船 结束
21:33:55|util.py|click 593 324
21:33:55|const.py|anchorProcess 出击步骤开始
21:33:56|const.py|今日不再提示判断 开始
21:33:57|util.py|findPicLoop 循环找图开始 ./public/bmp/anchor.bmp
21:33:59|util.py|findPicLoop 循环找图结束 ./public/bmp/anchor.bmp
21:33:59|util.py|click 770 429
21:34:00|const.py|自律 开始
21:34:00|const.py|红脸判断 开始
21:34:00|util.py|getWords 识字开始
21:34:01|util.py|getWords 识字结束
21:34:01|const.py|船坞已满判断 开始
21:34:12|util.py|findPicLoop 循环找图开始 ./public/bmp/S.bmp
21:34:40|util.py|findPicLoop 循环找图结束 ./public/bmp/S.bmp
21:34:40|const.py|自律 结束
21:34:41|util.py|click 135 424
21:34:42|util.py|click 684 308
21:34:44|const.py|打捞到sr或ssr判断 开始
21:34:44|util.py|click 684 308
21:34:45|util.py|findPicLoop 循环找图开始 ./public/bmp/exp2.bmp
21:34:45|util.py|findPicLoop 循环找图结束 ./public/bmp/exp2.bmp
21:34:45|util.py|click 733 445
21:34:49|const.py|作战失败判断 开始
21:34:52|const.py|紧急委托判断 开始
21:34:53|const.py|anchorProcess 出击步骤结束
21:34:53|10通常12-4 不打boss.py|------------一把结束-----------
21:34:53|util.py|findPicLoop 循环找图开始 ./public/bmp/withdraw.jpg
21:34:54|util.py|findPicLoop 循环找图结束 ./public/bmp/withdraw.jpg
21:34:54|util.py|click 563 460
21:34:54|util.py|findPicLoop 循环找图开始 ./public/bmp/OK.jpg
21:34:55|util.py|findPicLoop 循环找图结束 ./public/bmp/OK.jpg
21:34:55|util.py|click 534 347
21:34:55|10通常12-4 不打boss.py|-------------一局结束------------
21:34:55|10通常12-4 不打boss.py|-------------一局开始------------
21:34:55|const.py|intoStageProcess 进入stage步骤开始
21:34:59|util.py|click 691 368
21:34:59|util.py|findPicLoop 循环找图开始 ./public/bmp/start chapter.jpg
21:35:00|util.py|findPicLoop 循环找图结束 ./public/bmp/start chapter.jpg
21:35:00|util.py|click 642 350
21:35:02|const.py|船坞已满判断 开始
21:35:03|util.py|click 767 220
21:35:03|util.py|click 713 131
21:35:04|util.py|click 740 232
21:35:04|util.py|click 714 223
21:35:05|util.py|click 740 406
21:35:05|util.py|findPicLoop 循环找图开始 ./public/bmp/start chapter.jpg
21:35:06|util.py|findPicLoop 循环找图结束 ./public/bmp/start chapter.jpg
21:35:06|util.py|click 716 411
21:35:06|const.py|红脸判断 开始
21:35:07|util.py|getWords 识字开始
21:35:08|util.py|getWords 识字结束
21:35:08|const.py|intoStageProcess 进入stage步骤结束
21:35:08|10通常12-4 不打boss.py|------------一把开始-----------
21:35:08|util.py|findPicLoop 循环找图开始 ./public/bmp/withdraw.jpg
21:35:09|util.py|findPicLoop 循环找图结束 ./public/bmp/withdraw.jpg
21:35:13|const.py|findShip 找船 开始
21:35:14|const.py|findShip 找船 结束
21:35:14|util.py|click 796 99
21:35:14|const.py|anchorProcess 出击步骤开始
21:35:15|const.py|今日不再提示判断 开始
21:35:16|util.py|findPicLoop 循环找图开始 ./public/bmp/anchor.bmp
21:35:20|util.py|findPicLoop 循环找图结束 ./public/bmp/anchor.bmp
21:35:21|util.py|click 770 429
21:35:21|const.py|自律 开始
21:35:22|const.py|红脸判断 开始
21:35:22|util.py|getWords 识字开始
21:35:23|util.py|getWords 识字结束
21:35:23|const.py|船坞已满判断 开始
21:35:34|util.py|findPicLoop 循环找图开始 ./public/bmp/S.bmp
21:36:18|util.py|findPicLoop 循环找图结束 ./public/bmp/S.bmp
21:36:18|const.py|自律 结束
21:36:19|util.py|click 135 424
21:36:20|util.py|click 684 308
21:36:22|const.py|打捞到sr或ssr判断 开始
21:36:23|util.py|click 684 308
21:36:23|util.py|findPicLoop 循环找图开始 ./public/bmp/exp2.bmp
21:36:24|util.py|findPicLoop 循环找图结束 ./public/bmp/exp2.bmp
21:36:24|util.py|click 733 445
21:36:27|const.py|作战失败判断 开始
21:36:31|const.py|紧急委托判断 开始
21:36:31|const.py|anchorProcess 出击步骤结束
21:36:31|10通常12-4 不打boss.py|------------一把结束-----------
21:36:31|10通常12-4 不打boss.py|------------一把开始-----------
21:36:31|util.py|findPicLoop 循环找图开始 ./public/bmp/withdraw.jpg
21:36:32|util.py|findPicLoop 循环找图结束 ./public/bmp/withdraw.jpg
21:36:36|const.py|findShip 找船 开始
21:36:37|const.py|findShip 找船 结束
21:36:37|util.py|click 565 93
21:36:37|const.py|anchorProcess 出击步骤开始
21:36:38|const.py|今日不再提示判断 开始
21:36:39|util.py|findPicLoop 循环找图开始 ./public/bmp/anchor.bmp
21:36:40|util.py|findPicLoop 循环找图结束 ./public/bmp/anchor.bmp
21:36:41|util.py|click 772 429
21:36:41|const.py|自律 开始
21:36:42|const.py|红脸判断 开始
21:36:42|util.py|getWords 识字开始
21:36:43|util.py|getWords 识字结束
21:36:43|const.py|船坞已满判断 开始
21:36:53|util.py|findPicLoop 循环找图开始 ./public/bmp/S.bmp
21:39:43|util.py|======adb subprocess error======
21:39:43|util.py|CompletedProcess(args='.\\bin\\adb_server.exe shell screencap /storage/emulated/0/data/screen/image.png', returncode=3221225786, stdout='', stderr='')
21:51:41|10通常12-4 不打boss.py|通常12-4 不打boss 开始
21:51:41|const.py|chapterProcess 进入出击章节步骤开始
21:51:41|const.py|backMainProcess 返回主页面开始
21:51:43|const.py|backMainProcess 返回主页面结束
21:51:43|util.py|findPicLoop 循环找图开始 ./public/bmp/weigh anchor.jpg
21:51:43|util.py|findPicLoop 循环找图结束 ./public/bmp/weigh anchor.jpg
21:51:43|util.py|click 729 244
21:51:44|const.py|判断是否为图里面 开始
21:51:46|util.py|findPicLoop 循环找图开始 ./public/bmp/main battleline.jpg
21:51:47|util.py|findPicLoop 循环找图结束 ./public/bmp/main battleline.jpg
21:51:47|util.py|click 231 225
21:51:47|util.py|findPicLoop 循环找图开始 ./public/bmp/exercise.jpg
21:51:48|util.py|findPicLoop 循环找图结束 ./public/bmp/exercise.jpg
21:51:48|util.py|getWords 识字开始
21:51:49|util.py|getWords 识字结束
21:51:49|const.py|chapterProcess 进入出击章节步骤结束
21:51:49|10通常12-4 不打boss.py|-------------一局开始------------
21:51:49|const.py|intoStageProcess 进入stage步骤开始
21:51:53|util.py|click 691 368
21:51:54|util.py|findPicLoop 循环找图开始 ./public/bmp/start chapter.jpg
21:51:55|util.py|findPicLoop 循环找图结束 ./public/bmp/start chapter.jpg
21:51:55|util.py|click 642 350
21:51:56|const.py|船坞已满判断 开始
21:51:57|util.py|click 767 220
21:51:58|util.py|click 713 131
21:51:58|util.py|click 740 232
21:51:59|util.py|click 714 223
21:51:59|util.py|click 740 406
21:51:59|util.py|findPicLoop 循环找图开始 ./public/bmp/start chapter.jpg
21:52:01|util.py|findPicLoop 循环找图结束 ./public/bmp/start chapter.jpg
21:52:01|util.py|click 716 411
21:52:01|const.py|红脸判断 开始
21:52:02|util.py|getWords 识字开始
21:52:03|util.py|getWords 识字结束
21:52:03|const.py|intoStageProcess 进入stage步骤结束
21:52:03|10通常12-4 不打boss.py|------------一把开始-----------
21:52:03|util.py|findPicLoop 循环找图开始 ./public/bmp/withdraw.jpg
21:52:04|util.py|findPicLoop 循环找图结束 ./public/bmp/withdraw.jpg
21:52:08|const.py|findShip 找船 开始
21:52:08|const.py|findShip 找船 结束
21:52:08|util.py|click 489 151
21:52:09|const.py|anchorProcess 出击步骤开始
21:52:09|const.py|今日不再提示判断 开始
21:52:10|util.py|findPicLoop 循环找图开始 ./public/bmp/anchor.bmp
21:52:13|util.py|findPicLoop 循环找图结束 ./public/bmp/anchor.bmp
21:52:14|util.py|click 770 429
21:52:14|const.py|自律 开始
21:52:15|const.py|红脸判断 开始
21:52:15|util.py|getWords 识字开始
21:52:16|util.py|getWords 识字结束
21:52:16|const.py|船坞已满判断 开始
21:52:27|util.py|findPicLoop 循环找图开始 ./public/bmp/S.bmp
21:53:22|util.py|findPicLoop 循环找图结束 ./public/bmp/S.bmp
21:53:22|const.py|自律 结束
21:53:23|util.py|click 135 424
21:53:24|util.py|click 684 308
21:53:26|const.py|打捞到sr或ssr判断 开始
21:53:27|util.py|click 684 308
21:53:27|util.py|findPicLoop 循环找图开始 ./public/bmp/exp2.bmp
21:53:28|util.py|findPicLoop 循环找图结束 ./public/bmp/exp2.bmp
21:53:28|util.py|click 733 445
21:53:31|const.py|作战失败判断 开始
21:53:35|const.py|紧急委托判断 开始
21:53:35|const.py|anchorProcess 出击步骤结束
21:53:35|10通常12-4 不打boss.py|------------一把结束-----------
21:53:35|10通常12-4 不打boss.py|------------一把开始-----------
21:53:35|util.py|findPicLoop 循环找图开始 ./public/bmp/withdraw.jpg
21:53:36|util.py|findPicLoop 循环找图结束 ./public/bmp/withdraw.jpg
21:53:40|const.py|findShip 找船 开始
21:53:41|const.py|findShip 找船 结束
21:53:41|util.py|click 412 96
21:53:41|const.py|anchorProcess 出击步骤开始
21:53:42|const.py|今日不再提示判断 开始
21:53:43|util.py|findPicLoop 循环找图开始 ./public/bmp/anchor.bmp
21:53:44|util.py|findPicLoop 循环找图结束 ./public/bmp/anchor.bmp
21:53:45|util.py|click 770 429
21:53:45|const.py|自律 开始
21:53:46|const.py|红脸判断 开始
21:53:46|util.py|getWords 识字开始
21:53:47|util.py|getWords 识字结束
21:53:47|const.py|船坞已满判断 开始
21:53:58|util.py|findPicLoop 循环找图开始 ./public/bmp/S.bmp
21:54:26|util.py|findPicLoop 循环找图结束 ./public/bmp/S.bmp
21:54:26|const.py|自律 结束
21:54:27|util.py|click 135 424
21:54:28|util.py|click 684 308
21:54:30|const.py|打捞到sr或ssr判断 开始
21:54:31|util.py|click 684 308
21:54:31|util.py|findPicLoop 循环找图开始 ./public/bmp/exp2.bmp
21:54:32|util.py|findPicLoop 循环找图结束 ./public/bmp/exp2.bmp
21:54:32|util.py|click 733 445
21:54:35|const.py|作战失败判断 开始
21:54:39|const.py|紧急委托判断 开始
21:54:39|const.py|anchorProcess 出击步骤结束
21:54:39|10通常12-4 不打boss.py|------------一把结束-----------
21:54:39|util.py|findPicLoop 循环找图开始 ./public/bmp/withdraw.jpg
21:54:40|util.py|findPicLoop 循环找图结束 ./public/bmp/withdraw.jpg
21:54:40|util.py|click 563 460
21:54:40|util.py|findPicLoop 循环找图开始 ./public/bmp/OK.jpg
21:54:41|util.py|findPicLoop 循环找图结束 ./public/bmp/OK.jpg
21:54:41|util.py|click 534 347
21:54:41|10通常12-4 不打boss.py|-------------一局结束------------
21:54:41|10通常12-4 不打boss.py|-------------一局开始------------
21:54:41|const.py|intoStageProcess 进入stage步骤开始
21:54:45|util.py|click 691 368
21:54:46|util.py|findPicLoop 循环找图开始 ./public/bmp/start chapter.jpg
21:54:47|util.py|findPicLoop 循环找图结束 ./public/bmp/start chapter.jpg
21:54:47|util.py|click 642 350
21:54:48|const.py|船坞已满判断 开始
21:54:49|util.py|click 767 220
21:54:49|util.py|click 713 131
21:54:50|util.py|click 740 232
21:54:51|util.py|click 714 223
21:54:51|util.py|click 740 406
21:54:51|util.py|findPicLoop 循环找图开始 ./public/bmp/start chapter.jpg
21:54:52|util.py|findPicLoop 循环找图结束 ./public/bmp/start chapter.jpg
21:54:52|util.py|click 716 411
21:54:52|const.py|红脸判断 开始
21:54:53|util.py|getWords 识字开始
21:54:54|util.py|getWords 识字结束
21:54:54|const.py|intoStageProcess 进入stage步骤结束
21:54:54|10通常12-4 不打boss.py|------------一把开始-----------
21:54:54|util.py|findPicLoop 循环找图开始 ./public/bmp/withdraw.jpg
21:54:55|util.py|findPicLoop 循环找图结束 ./public/bmp/withdraw.jpg
21:54:59|const.py|findShip 找船 开始
21:55:00|const.py|findShip 找船 结束
21:55:00|util.py|click 586 326
21:55:00|const.py|anchorProcess 出击步骤开始
21:55:01|const.py|今日不再提示判断 开始
21:55:01|util.py|findPicLoop 循环找图开始 ./public/bmp/anchor.bmp
21:55:03|util.py|findPicLoop 循环找图结束 ./public/bmp/anchor.bmp
21:55:04|util.py|click 770 429
21:55:04|const.py|自律 开始
21:55:05|const.py|红脸判断 开始
21:55:05|util.py|getWords 识字开始
21:55:06|util.py|getWords 识字结束
21:55:06|const.py|船坞已满判断 开始
21:55:17|util.py|findPicLoop 循环找图开始 ./public/bmp/S.bmp
21:55:45|util.py|findPicLoop 循环找图结束 ./public/bmp/S.bmp
21:55:45|const.py|自律 结束
21:55:46|util.py|click 135 424
21:55:47|util.py|click 684 308
21:55:49|const.py|打捞到sr或ssr判断 开始
21:55:49|util.py|click 684 308
21:55:50|util.py|findPicLoop 循环找图开始 ./public/bmp/exp2.bmp
21:55:50|util.py|findPicLoop 循环找图结束 ./public/bmp/exp2.bmp
21:55:50|util.py|click 733 445
21:55:54|const.py|作战失败判断 开始
21:55:58|const.py|紧急委托判断 开始
21:55:58|const.py|anchorProcess 出击步骤结束
21:55:58|10通常12-4 不打boss.py|------------一把结束-----------
21:55:58|10通常12-4 不打boss.py|------------一把开始-----------
21:55:58|util.py|findPicLoop 循环找图开始 ./public/bmp/withdraw.jpg
21:55:59|util.py|findPicLoop 循环找图结束 ./public/bmp/withdraw.jpg
21:56:03|const.py|findShip 找船 开始
21:56:04|const.py|findShip 找船 结束
21:56:04|util.py|click 346 240
21:56:04|const.py|anchorProcess 出击步骤开始
21:56:05|const.py|今日不再提示判断 开始
21:56:06|util.py|findPicLoop 循环找图开始 ./public/bmp/anchor.bmp
21:56:08|util.py|findPicLoop 循环找图结束 ./public/bmp/anchor.bmp
21:56:08|util.py|click 770 429
21:56:09|const.py|自律 开始
21:56:09|const.py|红脸判断 开始
21:56:09|util.py|getWords 识字开始
21:56:11|util.py|getWords 识字结束
21:56:11|const.py|船坞已满判断 开始
21:56:22|util.py|findPicLoop 循环找图开始 ./public/bmp/S.bmp
21:56:50|util.py|findPicLoop 循环找图结束 ./public/bmp/S.bmp
21:56:50|const.py|自律 结束
21:56:51|util.py|click 135 424
21:56:53|util.py|click 684 308
21:56:55|const.py|打捞到sr或ssr判断 开始
21:56:55|util.py|click 684 308
21:56:55|util.py|findPicLoop 循环找图开始 ./public/bmp/exp2.bmp
21:56:56|util.py|findPicLoop 循环找图结束 ./public/bmp/exp2.bmp
21:56:56|util.py|click 733 445
21:56:59|const.py|作战失败判断 开始
21:57:03|const.py|紧急委托判断 开始
21:57:04|const.py|anchorProcess 出击步骤结束
21:57:04|10通常12-4 不打boss.py|------------一把结束-----------
21:57:04|util.py|findPicLoop 循环找图开始 ./public/bmp/withdraw.jpg
21:57:04|util.py|findPicLoop 循环找图结束 ./public/bmp/withdraw.jpg
21:57:04|util.py|click 563 460
21:57:05|util.py|findPicLoop 循环找图开始 ./public/bmp/OK.jpg
21:57:05|util.py|findPicLoop 循环找图结束 ./public/bmp/OK.jpg
21:57:05|util.py|click 534 347
21:57:06|10通常12-4 不打boss.py|-------------一局结束------------
21:57:06|10通常12-4 不打boss.py|-------------一局开始------------
21:57:06|const.py|intoStageProcess 进入stage步骤开始
21:57:10|util.py|click 691 368
21:57:10|util.py|findPicLoop 循环找图开始 ./public/bmp/start chapter.jpg
21:57:11|util.py|findPicLoop 循环找图结束 ./public/bmp/start chapter.jpg
21:57:11|util.py|click 642 350
21:57:12|const.py|船坞已满判断 开始
21:57:13|util.py|click 767 220
21:57:14|util.py|click 713 131
21:57:14|util.py|click 740 232
21:57:15|util.py|click 714 223
21:57:15|util.py|click 740 406
21:57:16|util.py|findPicLoop 循环找图开始 ./public/bmp/start chapter.jpg
21:57:17|util.py|findPicLoop 循环找图结束 ./public/bmp/start chapter.jpg
21:57:17|util.py|click 716 411
21:57:17|const.py|红脸判断 开始
21:57:18|util.py|getWords 识字开始
21:57:19|util.py|getWords 识字结束
21:57:19|const.py|intoStageProcess 进入stage步骤结束
21:57:19|10通常12-4 不打boss.py|------------一把开始-----------
21:57:19|util.py|findPicLoop 循环找图开始 ./public/bmp/withdraw.jpg
21:57:20|util.py|findPicLoop 循环找图结束 ./public/bmp/withdraw.jpg
21:57:24|const.py|findShip 找船 开始
21:57:24|const.py|findShip 找船 结束
21:57:24|util.py|click 640 95
21:57:25|const.py|anchorProcess 出击步骤开始
21:57:26|const.py|今日不再提示判断 开始
21:57:26|util.py|findPicLoop 循环找图开始 ./public/bmp/anchor.bmp
21:57:30|util.py|findPicLoop 循环找图结束 ./public/bmp/anchor.bmp
21:57:30|util.py|click 770 429
21:57:31|const.py|自律 开始
21:57:32|const.py|红脸判断 开始
21:57:32|util.py|getWords 识字开始
21:57:33|util.py|getWords 识字结束
21:57:33|const.py|船坞已满判断 开始
21:57:43|util.py|findPicLoop 循环找图开始 ./public/bmp/S.bmp
21:58:06|util.py|findPicLoop 循环找图结束 ./public/bmp/S.bmp
21:58:06|const.py|自律 结束
21:58:07|util.py|click 135 424
21:58:08|util.py|click 684 308
21:58:10|const.py|打捞到sr或ssr判断 开始
21:58:11|util.py|click 684 308
21:58:11|util.py|findPicLoop 循环找图开始 ./public/bmp/exp2.bmp
21:58:12|util.py|findPicLoop 循环找图结束 ./public/bmp/exp2.bmp
21:58:12|util.py|click 733 445
21:58:15|const.py|作战失败判断 开始
21:58:19|const.py|紧急委托判断 开始
21:58:20|const.py|anchorProcess 出击步骤结束
21:58:20|10通常12-4 不打boss.py|------------一把结束-----------
21:58:20|10通常12-4 不打boss.py|------------一把开始-----------
21:58:20|util.py|findPicLoop 循环找图开始 ./public/bmp/withdraw.jpg
21:58:21|util.py|findPicLoop 循环找图结束 ./public/bmp/withdraw.jpg
21:58:25|const.py|findShip 找船 开始
21:58:25|const.py|findShip 找船 结束
21:58:25|util.py|click 583 96
21:58:26|const.py|anchorProcess 出击步骤开始
21:58:27|const.py|今日不再提示判断 开始
21:58:27|util.py|findPicLoop 循环找图开始 ./public/bmp/anchor.bmp
21:58:28|util.py|findPicLoop 循环找图结束 ./public/bmp/anchor.bmp
21:58:29|util.py|click 770 429
21:58:29|const.py|自律 开始
21:58:30|const.py|红脸判断 开始
21:58:30|util.py|getWords 识字开始
21:58:31|util.py|getWords 识字结束
21:58:31|const.py|船坞已满判断 开始
21:58:42|util.py|findPicLoop 循环找图开始 ./public/bmp/S.bmp
21:59:09|util.py|findPicLoop 循环找图结束 ./public/bmp/S.bmp
21:59:09|const.py|自律 结束
21:59:11|util.py|click 135 424
21:59:12|util.py|click 684 308
21:59:14|const.py|打捞到sr或ssr判断 开始
21:59:14|util.py|click 684 308
21:59:15|util.py|findPicLoop 循环找图开始 ./public/bmp/exp2.bmp
21:59:16|util.py|findPicLoop 循环找图结束 ./public/bmp/exp2.bmp
21:59:16|util.py|click 733 445
21:59:19|const.py|作战失败判断 开始
21:59:23|const.py|紧急委托判断 开始
21:59:23|const.py|anchorProcess 出击步骤结束
21:59:23|10通常12-4 不打boss.py|------------一把结束-----------
21:59:23|util.py|findPicLoop 循环找图开始 ./public/bmp/withdraw.jpg
21:59:24|util.py|findPicLoop 循环找图结束 ./public/bmp/withdraw.jpg
21:59:24|util.py|click 563 460
21:59:25|util.py|findPicLoop 循环找图开始 ./public/bmp/OK.jpg
21:59:25|util.py|findPicLoop 循环找图结束 ./public/bmp/OK.jpg
21:59:25|util.py|click 534 347
21:59:25|10通常12-4 不打boss.py|-------------一局结束------------
21:59:25|10通常12-4 不打boss.py|-------------一局开始------------
21:59:25|const.py|intoStageProcess 进入stage步骤开始
21:59:29|util.py|click 691 368
21:59:30|util.py|findPicLoop 循环找图开始 ./public/bmp/start chapter.jpg
21:59:31|util.py|findPicLoop 循环找图结束 ./public/bmp/start chapter.jpg
21:59:31|util.py|click 642 350
21:59:32|const.py|船坞已满判断 开始
21:59:33|util.py|click 767 220
21:59:34|util.py|click 713 131
21:59:34|util.py|click 740 232
21:59:35|util.py|click 714 223
21:59:35|util.py|click 740 406
21:59:35|util.py|findPicLoop 循环找图开始 ./public/bmp/start chapter.jpg
21:59:37|util.py|findPicLoop 循环找图结束 ./public/bmp/start chapter.jpg
21:59:37|util.py|click 716 411
21:59:37|const.py|红脸判断 开始
21:59:38|util.py|getWords 识字开始
21:59:39|util.py|getWords 识字结束
21:59:39|const.py|intoStageProcess 进入stage步骤结束
21:59:39|10通常12-4 不打boss.py|------------一把开始-----------
21:59:39|util.py|findPicLoop 循环找图开始 ./public/bmp/withdraw.jpg
21:59:40|util.py|findPicLoop 循环找图结束 ./public/bmp/withdraw.jpg
21:59:44|const.py|findShip 找船 开始
21:59:44|const.py|findShip 找船 结束
21:59:44|util.py|click 321 258
21:59:45|const.py|anchorProcess 出击步骤开始
21:59:45|const.py|今日不再提示判断 开始
21:59:46|util.py|findPicLoop 循环找图开始 ./public/bmp/anchor.bmp
21:59:48|util.py|findPicLoop 循环找图结束 ./public/bmp/anchor.bmp
21:59:49|util.py|click 770 429
21:59:49|const.py|自律 开始
21:59:50|const.py|红脸判断 开始
21:59:50|util.py|getWords 识字开始
21:59:51|util.py|getWords 识字结束
21:59:51|const.py|船坞已满判断 开始
22:00:02|util.py|findPicLoop 循环找图开始 ./public/bmp/S.bmp
22:00:43|util.py|findPicLoop 循环找图结束 ./public/bmp/S.bmp
22:00:43|const.py|自律 结束
22:00:44|util.py|click 135 424
22:00:45|util.py|click 684 308
22:00:47|const.py|打捞到sr或ssr判断 开始
22:00:48|util.py|click 684 308
22:00:48|util.py|findPicLoop 循环找图开始 ./public/bmp/exp2.bmp
22:00:49|util.py|findPicLoop 循环找图结束 ./public/bmp/exp2.bmp
22:00:49|util.py|click 733 445
22:00:52|const.py|作战失败判断 开始
22:00:56|const.py|紧急委托判断 开始
22:00:57|const.py|anchorProcess 出击步骤结束
22:00:57|10通常12-4 不打boss.py|------------一把结束-----------
22:00:57|10通常12-4 不打boss.py|------------一把开始-----------
22:00:57|util.py|findPicLoop 循环找图开始 ./public/bmp/withdraw.jpg
22:00:57|util.py|findPicLoop 循环找图结束 ./public/bmp/withdraw.jpg
22:01:01|const.py|findShip 找船 开始
22:01:02|const.py|findShip 找船 结束
22:01:02|util.py|click 251 305
22:01:02|const.py|anchorProcess 出击步骤开始
22:01:03|const.py|今日不再提示判断 开始
22:01:04|util.py|findPicLoop 循环找图开始 ./public/bmp/anchor.bmp
22:01:05|util.py|findPicLoop 循环找图结束 ./public/bmp/anchor.bmp
22:01:05|util.py|click 770 429
22:01:06|const.py|自律 开始
22:01:06|const.py|红脸判断 开始
22:01:06|util.py|getWords 识字开始
22:01:08|util.py|getWords 识字结束
22:01:08|const.py|船坞已满判断 开始
22:01:18|util.py|findPicLoop 循环找图开始 ./public/bmp/S.bmp
22:02:02|util.py|findPicLoop 循环找图结束 ./public/bmp/S.bmp
22:02:02|const.py|自律 结束
22:02:03|util.py|click 135 424
22:02:04|util.py|click 684 308
22:02:06|const.py|打捞到sr或ssr判断 开始
22:02:07|const.py|打捞到sr或者ssr
22:02:07|util.py|click 684 308
22:02:09|util.py|click 684 308
22:02:09|util.py|findPicLoop 循环找图开始 ./public/bmp/exp2.bmp
22:02:10|util.py|findPicLoop 循环找图结束 ./public/bmp/exp2.bmp
22:02:10|util.py|click 733 445
22:02:13|const.py|作战失败判断 开始
22:02:17|const.py|紧急委托判断 开始
22:02:18|const.py|anchorProcess 出击步骤结束
22:02:18|10通常12-4 不打boss.py|------------一把结束-----------
22:02:18|util.py|findPicLoop 循环找图开始 ./public/bmp/withdraw.jpg
22:02:19|util.py|findPicLoop 循环找图结束 ./public/bmp/withdraw.jpg
22:02:19|util.py|click 563 460
22:02:19|util.py|findPicLoop 循环找图开始 ./public/bmp/OK.jpg
22:02:19|util.py|findPicLoop 循环找图结束 ./public/bmp/OK.jpg
22:02:19|util.py|click 534 347
22:02:20|10通常12-4 不打boss.py|-------------一局结束------------
22:02:20|10通常12-4 不打boss.py|-------------一局开始------------
22:02:20|const.py|intoStageProcess 进入stage步骤开始
22:02:24|util.py|click 691 368
22:02:24|util.py|findPicLoop 循环找图开始 ./public/bmp/start chapter.jpg
22:02:25|util.py|findPicLoop 循环找图结束 ./public/bmp/start chapter.jpg
22:02:25|util.py|click 642 350
22:02:26|const.py|船坞已满判断 开始
22:02:27|util.py|click 767 220
22:02:28|util.py|click 713 131
22:02:28|util.py|click 740 232
22:02:29|util.py|click 714 223
22:02:29|util.py|click 740 406
22:02:30|util.py|findPicLoop 循环找图开始 ./public/bmp/start chapter.jpg
22:02:31|util.py|findPicLoop 循环找图结束 ./public/bmp/start chapter.jpg
22:02:31|util.py|click 716 411
22:02:31|const.py|红脸判断 开始
22:02:32|util.py|getWords 识字开始
22:02:33|util.py|getWords 识字结束
22:02:33|const.py|intoStageProcess 进入stage步骤结束
22:02:33|10通常12-4 不打boss.py|------------一把开始-----------
22:02:33|util.py|findPicLoop 循环找图开始 ./public/bmp/withdraw.jpg
22:02:34|util.py|findPicLoop 循环找图结束 ./public/bmp/withdraw.jpg
22:02:38|const.py|findShip 找船 开始
22:02:39|const.py|findShip 找船 结束
22:02:39|util.py|click 251 305
22:02:39|const.py|anchorProcess 出击步骤开始
22:02:40|const.py|今日不再提示判断 开始
22:02:41|util.py|findPicLoop 循环找图开始 ./public/bmp/anchor.bmp
22:02:42|util.py|findPicLoop 循环找图结束 ./public/bmp/anchor.bmp
22:02:43|util.py|click 770 429
22:02:43|const.py|自律 开始
22:02:44|const.py|红脸判断 开始
22:02:44|util.py|getWords 识字开始
22:02:45|util.py|getWords 识字结束
22:02:45|const.py|船坞已满判断 开始
