20:07:58|1每日.py|每日脚本开始
20:07:59|const.py|backMainProcess 返回主页面开始
20:08:00|const.py|backMainProcess 返回主页面结束
20:08:00|util.py|findPicLoop 循环找图开始 ./public/bmp/weigh anchor.jpg
20:08:01|util.py|findPicLoop 循环找图结束 ./public/bmp/weigh anchor.jpg
20:08:01|util.py|click 729 244
20:08:02|util.py|findPicLoop 循环找图开始 ./public/bmp/daily task.jpg
20:08:03|util.py|findPicLoop 循环找图结束 ./public/bmp/daily task.jpg
20:08:03|util.py|click 487 413
20:08:04|util.py|getNumbers 识数字开始
20:08:05|util.py|getNumbers 识数字结束
20:08:05|util.py|click 55 288
20:08:06|util.py|click 353 305
20:08:07|util.py|click 503 134
20:08:08|const.py|anchorProcess 出击步骤开始
20:08:09|const.py|今日不再提示判断 开始
20:08:10|util.py|click 603 109
20:08:10|const.py|今日不再提示
20:08:10|util.py|findPicLoop 循环找图开始 ./public/bmp/anchor.bmp
20:08:11|util.py|findPicLoop 循环找图结束 ./public/bmp/anchor.bmp
20:08:11|util.py|click 770 429
20:08:12|const.py|自律 开始
20:08:13|const.py|船坞已满判断 开始
20:08:23|util.py|findPicLoop 循环找图开始 ./public/bmp/S.bmp
20:09:25|util.py|findPicLoop 循环找图结束 ./public/bmp/S.bmp
20:09:25|const.py|自律 结束
20:09:27|util.py|click 135 424
20:09:28|util.py|click 684 308
20:09:30|const.py|打捞到sr或ssr判断 开始
20:09:30|util.py|click 684 308
20:09:30|util.py|findPicLoop 循环找图开始 ./public/bmp/exp2.bmp
20:09:31|util.py|findPicLoop 循环找图结束 ./public/bmp/exp2.bmp
20:09:31|util.py|click 733 445
20:09:34|const.py|作战失败判断 开始
20:09:38|const.py|紧急委托判断 开始
20:09:39|const.py|anchorProcess 出击步骤结束
20:09:39|util.py|click 503 134
20:09:40|const.py|anchorProcess 出击步骤开始
20:09:41|const.py|今日不再提示判断 开始
20:09:41|util.py|findPicLoop 循环找图开始 ./public/bmp/anchor.bmp
20:09:42|util.py|findPicLoop 循环找图结束 ./public/bmp/anchor.bmp
20:09:43|util.py|click 770 429
20:09:43|const.py|自律 开始
20:09:44|const.py|船坞已满判断 开始
20:09:55|util.py|findPicLoop 循环找图开始 ./public/bmp/S.bmp
20:10:56|util.py|findPicLoop 循环找图结束 ./public/bmp/S.bmp
20:10:56|const.py|自律 结束
20:10:57|util.py|click 135 424
20:10:59|util.py|click 684 308
20:11:01|const.py|打捞到sr或ssr判断 开始
20:11:01|util.py|click 684 308
20:11:01|util.py|findPicLoop 循环找图开始 ./public/bmp/exp2.bmp
20:11:02|util.py|findPicLoop 循环找图结束 ./public/bmp/exp2.bmp
20:11:02|util.py|click 733 445
20:11:05|const.py|作战失败判断 开始
20:11:09|const.py|紧急委托判断 开始
20:11:10|const.py|anchorProcess 出击步骤结束
20:11:10|util.py|click 503 134
20:11:11|const.py|anchorProcess 出击步骤开始
20:11:12|const.py|今日不再提示判断 开始
20:11:12|util.py|findPicLoop 循环找图开始 ./public/bmp/anchor.bmp
20:11:13|util.py|findPicLoop 循环找图结束 ./public/bmp/anchor.bmp
20:11:14|util.py|click 770 429
20:11:14|const.py|自律 开始
20:11:15|const.py|船坞已满判断 开始
20:11:26|util.py|findPicLoop 循环找图开始 ./public/bmp/S.bmp
20:12:27|util.py|findPicLoop 循环找图结束 ./public/bmp/S.bmp
20:12:27|const.py|自律 结束
20:12:28|util.py|click 135 424
20:12:29|util.py|click 684 308
20:12:31|const.py|打捞到sr或ssr判断 开始
20:12:32|util.py|click 684 308
20:12:32|util.py|findPicLoop 循环找图开始 ./public/bmp/exp2.bmp
20:12:33|util.py|findPicLoop 循环找图结束 ./public/bmp/exp2.bmp
20:12:33|util.py|click 733 445
20:12:36|const.py|作战失败判断 开始
20:12:39|const.py|紧急委托判断 开始
20:12:40|const.py|anchorProcess 出击步骤结束
20:12:40|util.py|findPicLoop 循环找图开始 ./public/bmp/back.jpg
20:12:41|util.py|findPicLoop 循环找图结束 ./public/bmp/back.jpg
20:12:41|util.py|click 38 33
20:12:42|util.py|findPicLoop 循环找图开始 ./public/bmp/back.jpg
20:12:43|util.py|findPicLoop 循环找图结束 ./public/bmp/back.jpg
20:12:44|util.py|click 38 33
20:12:44|util.py|findPicLoop 循环找图开始 ./public/bmp/daily task.jpg
20:12:46|util.py|findPicLoop 循环找图结束 ./public/bmp/daily task.jpg
20:12:46|util.py|click 487 413
20:12:48|util.py|getNumbers 识数字开始
20:12:49|util.py|getNumbers 识数字结束
20:12:49|util.py|click 353 305
20:12:50|util.py|click 503 134
20:12:51|const.py|anchorProcess 出击步骤开始
20:12:52|const.py|今日不再提示判断 开始
20:12:53|util.py|findPicLoop 循环找图开始 ./public/bmp/anchor.bmp
20:12:53|util.py|findPicLoop 循环找图结束 ./public/bmp/anchor.bmp
20:12:54|util.py|click 770 429
20:12:54|const.py|自律 开始
20:12:55|const.py|船坞已满判断 开始
20:13:06|util.py|findPicLoop 循环找图开始 ./public/bmp/S.bmp
20:13:30|util.py|findPicLoop 循环找图结束 ./public/bmp/S.bmp
20:13:30|const.py|自律 结束
20:13:31|util.py|click 135 424
20:13:33|util.py|click 684 308
20:13:35|const.py|打捞到sr或ssr判断 开始
20:13:35|util.py|click 684 308
20:13:35|util.py|findPicLoop 循环找图开始 ./public/bmp/exp2.bmp
20:13:36|util.py|findPicLoop 循环找图结束 ./public/bmp/exp2.bmp
20:13:36|util.py|click 733 445
20:13:39|const.py|作战失败判断 开始
20:13:43|const.py|紧急委托判断 开始
20:13:43|const.py|anchorProcess 出击步骤结束
20:13:43|util.py|click 503 134
20:13:45|const.py|anchorProcess 出击步骤开始
20:13:45|const.py|今日不再提示判断 开始
20:13:46|util.py|findPicLoop 循环找图开始 ./public/bmp/anchor.bmp
20:13:47|util.py|findPicLoop 循环找图结束 ./public/bmp/anchor.bmp
20:13:47|util.py|click 770 429
20:13:48|const.py|自律 开始
20:13:49|const.py|船坞已满判断 开始
20:13:59|util.py|findPicLoop 循环找图开始 ./public/bmp/S.bmp
20:14:24|util.py|findPicLoop 循环找图结束 ./public/bmp/S.bmp
20:14:24|const.py|自律 结束
20:14:26|util.py|click 135 424
20:14:27|util.py|click 684 308
20:14:29|const.py|打捞到sr或ssr判断 开始
20:14:29|util.py|click 684 308
20:14:30|util.py|findPicLoop 循环找图开始 ./public/bmp/exp2.bmp
20:14:30|util.py|findPicLoop 循环找图结束 ./public/bmp/exp2.bmp
20:14:30|util.py|click 733 445
20:14:33|const.py|作战失败判断 开始
20:14:37|const.py|紧急委托判断 开始
20:14:38|const.py|anchorProcess 出击步骤结束
20:14:38|util.py|click 503 134
20:14:39|const.py|anchorProcess 出击步骤开始
20:14:40|const.py|今日不再提示判断 开始
20:14:40|util.py|findPicLoop 循环找图开始 ./public/bmp/anchor.bmp
20:14:41|util.py|findPicLoop 循环找图结束 ./public/bmp/anchor.bmp
20:14:42|util.py|click 770 429
20:14:42|const.py|自律 开始
20:14:43|const.py|船坞已满判断 开始
20:14:54|util.py|findPicLoop 循环找图开始 ./public/bmp/S.bmp
20:15:19|util.py|findPicLoop 循环找图结束 ./public/bmp/S.bmp
20:15:19|const.py|自律 结束
20:15:20|util.py|click 135 424
20:15:21|util.py|click 684 308
20:15:23|const.py|打捞到sr或ssr判断 开始
20:15:24|util.py|click 684 308
20:15:24|util.py|findPicLoop 循环找图开始 ./public/bmp/exp2.bmp
20:15:25|util.py|findPicLoop 循环找图结束 ./public/bmp/exp2.bmp
20:15:25|util.py|click 733 445
20:15:28|const.py|作战失败判断 开始
20:15:31|const.py|紧急委托判断 开始
20:15:32|const.py|anchorProcess 出击步骤结束
20:15:32|util.py|findPicLoop 循环找图开始 ./public/bmp/back.jpg
20:15:33|util.py|findPicLoop 循环找图结束 ./public/bmp/back.jpg
20:15:33|util.py|click 38 33
20:15:35|const.py|backMainProcess 返回主页面开始
20:15:36|util.py|click 838 22
20:15:41|2演习.py|演习脚本开始
20:15:42|const.py|backMainProcess 返回主页面开始
20:15:43|const.py|backMainProcess 返回主页面结束
20:15:43|util.py|findPicLoop 循环找图开始 ./public/bmp/weigh anchor.jpg
20:15:44|util.py|findPicLoop 循环找图结束 ./public/bmp/weigh anchor.jpg
20:15:44|util.py|click 729 244
20:15:44|util.py|findPicLoop 循环找图开始 ./public/bmp/exercise.jpg
20:15:45|util.py|findPicLoop 循环找图结束 ./public/bmp/exercise.jpg
20:15:45|util.py|click 700 413
20:15:47|util.py|getNumbers 识数字开始
20:15:48|util.py|getNumbers 识数字结束
20:15:48|util.py|getNumbers 识数字开始
20:15:49|util.py|getNumbers 识数字结束
20:15:49|util.py|getNumbers 识数字开始
20:15:50|util.py|getNumbers 识数字结束
20:15:50|util.py|getNumbers 识数字开始
20:15:51|util.py|getNumbers 识数字结束
20:15:51|util.py|getNumbers 识数字开始
20:15:52|util.py|getNumbers 识数字结束
20:15:52|util.py|click 487 175
20:15:53|util.py|findPicLoop 循环找图开始 ./public/bmp/start excise.jpg
20:15:54|util.py|findPicLoop 循环找图结束 ./public/bmp/start excise.jpg
20:15:54|util.py|click 433 384
20:15:55|const.py|anchorProcess 出击步骤开始
20:15:56|const.py|今日不再提示判断 开始
20:15:57|util.py|findPicLoop 循环找图开始 ./public/bmp/anchor.bmp
20:15:57|util.py|findPicLoop 循环找图结束 ./public/bmp/anchor.bmp
20:15:58|util.py|click 770 429
20:15:58|const.py|自律 开始
20:15:59|const.py|船坞已满判断 开始
20:16:10|util.py|findPicLoop 循环找图开始 ./public/bmp/S.bmp
20:16:22|util.py|findPicLoop 循环找图结束 ./public/bmp/S.bmp
20:16:22|const.py|自律 结束
20:16:23|util.py|click 135 424
20:16:24|util.py|click 684 308
20:16:26|const.py|打捞到sr或ssr判断 开始
20:16:27|util.py|click 684 308
20:16:27|util.py|findPicLoop 循环找图开始 ./public/bmp/exp2.bmp
20:16:28|util.py|findPicLoop 循环找图结束 ./public/bmp/exp2.bmp
20:16:28|util.py|click 733 445
20:16:31|const.py|作战失败判断 开始
20:16:35|const.py|紧急委托判断 开始
20:16:35|const.py|anchorProcess 出击步骤结束
20:16:36|util.py|getNumbers 识数字开始
20:16:37|util.py|getNumbers 识数字结束
20:16:37|util.py|getNumbers 识数字开始
20:16:39|util.py|getNumbers 识数字结束
20:16:39|util.py|getNumbers 识数字开始
20:16:40|util.py|getNumbers 识数字结束
20:16:40|util.py|getNumbers 识数字开始
20:16:41|util.py|getNumbers 识数字结束
20:16:41|util.py|getNumbers 识数字开始
20:16:42|util.py|getNumbers 识数字结束
20:16:42|util.py|click 654 173
20:16:43|util.py|findPicLoop 循环找图开始 ./public/bmp/start excise.jpg
20:16:43|util.py|findPicLoop 循环找图结束 ./public/bmp/start excise.jpg
20:16:43|util.py|click 433 384
20:16:44|const.py|anchorProcess 出击步骤开始
20:16:45|const.py|今日不再提示判断 开始
20:16:46|util.py|findPicLoop 循环找图开始 ./public/bmp/anchor.bmp
20:16:46|util.py|findPicLoop 循环找图结束 ./public/bmp/anchor.bmp
20:16:47|util.py|click 770 429
20:16:47|const.py|自律 开始
20:16:48|const.py|船坞已满判断 开始
20:16:59|util.py|findPicLoop 循环找图开始 ./public/bmp/S.bmp
20:17:04|util.py|findPicLoop 循环找图结束 ./public/bmp/S.bmp
20:17:04|const.py|自律 结束
20:17:05|util.py|click 135 424
20:17:06|util.py|click 684 308
20:17:08|const.py|打捞到sr或ssr判断 开始
20:17:08|util.py|click 684 308
20:17:09|util.py|findPicLoop 循环找图开始 ./public/bmp/exp2.bmp
20:17:09|util.py|findPicLoop 循环找图结束 ./public/bmp/exp2.bmp
20:17:09|util.py|click 733 445
20:17:13|const.py|作战失败判断 开始
20:17:16|const.py|紧急委托判断 开始
20:17:17|const.py|anchorProcess 出击步骤结束
20:17:18|util.py|getNumbers 识数字开始
20:17:19|util.py|getNumbers 识数字结束
20:17:19|util.py|getNumbers 识数字开始
20:17:20|util.py|getNumbers 识数字结束
20:17:20|util.py|getNumbers 识数字开始
20:17:21|util.py|getNumbers 识数字结束
20:17:21|util.py|getNumbers 识数字开始
20:17:22|util.py|getNumbers 识数字结束
20:17:22|util.py|getNumbers 识数字开始
20:17:23|util.py|getNumbers 识数字结束
20:17:23|util.py|click 654 173
20:17:24|util.py|findPicLoop 循环找图开始 ./public/bmp/start excise.jpg
20:17:24|util.py|findPicLoop 循环找图结束 ./public/bmp/start excise.jpg
20:17:24|util.py|click 433 384
20:17:25|const.py|anchorProcess 出击步骤开始
20:17:26|const.py|今日不再提示判断 开始
20:17:27|util.py|findPicLoop 循环找图开始 ./public/bmp/anchor.bmp
20:17:27|util.py|findPicLoop 循环找图结束 ./public/bmp/anchor.bmp
20:17:28|util.py|click 770 429
20:17:28|const.py|自律 开始
20:17:29|const.py|船坞已满判断 开始
20:17:40|util.py|findPicLoop 循环找图开始 ./public/bmp/S.bmp
20:17:42|util.py|findPicLoop 循环找图结束 ./public/bmp/S.bmp
20:17:42|const.py|自律 结束
20:17:43|util.py|click 135 424
20:17:45|util.py|click 684 308
20:17:47|const.py|打捞到sr或ssr判断 开始
20:17:47|util.py|click 684 308
20:17:47|util.py|findPicLoop 循环找图开始 ./public/bmp/exp2.bmp
20:17:48|util.py|findPicLoop 循环找图结束 ./public/bmp/exp2.bmp
20:17:48|util.py|click 733 445
20:17:51|const.py|作战失败判断 开始
20:17:55|const.py|紧急委托判断 开始
20:17:56|const.py|anchorProcess 出击步骤结束
20:17:57|util.py|getNumbers 识数字开始
20:17:58|util.py|getNumbers 识数字结束
20:17:58|util.py|getNumbers 识数字开始
20:17:59|util.py|getNumbers 识数字结束
20:17:59|util.py|getNumbers 识数字开始
20:18:00|util.py|getNumbers 识数字结束
20:18:00|util.py|getNumbers 识数字开始
20:18:01|util.py|getNumbers 识数字结束
20:18:01|util.py|getNumbers 识数字开始
20:18:02|util.py|getNumbers 识数字结束
20:18:02|util.py|click 487 175
20:18:03|util.py|findPicLoop 循环找图开始 ./public/bmp/start excise.jpg
20:18:04|util.py|findPicLoop 循环找图结束 ./public/bmp/start excise.jpg
20:18:04|util.py|click 433 384
20:18:05|const.py|anchorProcess 出击步骤开始
20:18:05|const.py|今日不再提示判断 开始
20:18:06|util.py|findPicLoop 循环找图开始 ./public/bmp/anchor.bmp
20:18:07|util.py|findPicLoop 循环找图结束 ./public/bmp/anchor.bmp
20:18:07|util.py|click 770 429
20:18:08|const.py|自律 开始
20:18:09|const.py|船坞已满判断 开始
20:18:19|util.py|findPicLoop 循环找图开始 ./public/bmp/S.bmp
20:18:31|util.py|findPicLoop 循环找图结束 ./public/bmp/S.bmp
20:18:31|const.py|自律 结束
20:18:32|util.py|click 135 424
20:18:33|util.py|click 684 308
20:18:35|const.py|打捞到sr或ssr判断 开始
20:18:36|util.py|click 684 308
20:18:36|util.py|findPicLoop 循环找图开始 ./public/bmp/exp2.bmp
20:18:36|util.py|findPicLoop 循环找图结束 ./public/bmp/exp2.bmp
20:18:36|util.py|click 733 445
20:18:40|const.py|作战失败判断 开始
20:18:43|const.py|紧急委托判断 开始
20:18:44|const.py|anchorProcess 出击步骤结束
20:18:45|util.py|getNumbers 识数字开始
20:18:46|util.py|getNumbers 识数字结束
20:18:46|util.py|getNumbers 识数字开始
20:18:47|util.py|getNumbers 识数字结束
20:18:47|util.py|getNumbers 识数字开始
20:18:48|util.py|getNumbers 识数字结束
20:18:48|util.py|getNumbers 识数字开始
20:18:49|util.py|getNumbers 识数字结束
20:18:49|util.py|getNumbers 识数字开始
20:18:50|util.py|getNumbers 识数字结束
20:18:50|util.py|click 157 170
20:18:51|util.py|findPicLoop 循环找图开始 ./public/bmp/start excise.jpg
20:18:52|util.py|findPicLoop 循环找图结束 ./public/bmp/start excise.jpg
20:18:52|util.py|click 433 384
20:18:52|const.py|anchorProcess 出击步骤开始
20:18:53|const.py|今日不再提示判断 开始
20:18:54|util.py|findPicLoop 循环找图开始 ./public/bmp/anchor.bmp
20:18:55|util.py|findPicLoop 循环找图结束 ./public/bmp/anchor.bmp
20:18:55|util.py|click 770 429
20:18:56|const.py|自律 开始
20:18:56|const.py|船坞已满判断 开始
20:19:07|util.py|findPicLoop 循环找图开始 ./public/bmp/S.bmp
20:19:08|util.py|findPicLoop 循环找图结束 ./public/bmp/S.bmp
20:19:08|const.py|自律 结束
20:19:09|util.py|click 135 424
20:19:10|util.py|click 684 308
20:19:12|const.py|打捞到sr或ssr判断 开始
20:19:13|util.py|click 684 308
20:19:13|util.py|findPicLoop 循环找图开始 ./public/bmp/exp2.bmp
20:19:14|util.py|findPicLoop 循环找图结束 ./public/bmp/exp2.bmp
20:19:14|util.py|click 733 445
20:19:17|const.py|作战失败判断 开始
20:19:21|const.py|紧急委托判断 开始
20:19:21|const.py|anchorProcess 出击步骤结束
20:19:22|util.py|getNumbers 识数字开始
20:19:23|util.py|getNumbers 识数字结束
20:19:23|util.py|getNumbers 识数字开始
20:19:24|util.py|getNumbers 识数字结束
20:19:24|util.py|getNumbers 识数字开始
20:19:25|util.py|getNumbers 识数字结束
20:19:25|util.py|getNumbers 识数字开始
20:19:26|util.py|getNumbers 识数字结束
20:19:26|util.py|getNumbers 识数字开始
20:19:28|util.py|getNumbers 识数字结束
20:19:28|util.py|click 157 170
20:19:28|util.py|findPicLoop 循环找图开始 ./public/bmp/start excise.jpg
20:19:29|util.py|findPicLoop 循环找图结束 ./public/bmp/start excise.jpg
20:19:29|util.py|click 433 384
20:19:30|const.py|anchorProcess 出击步骤开始
20:19:31|const.py|今日不再提示判断 开始
20:19:31|util.py|findPicLoop 循环找图开始 ./public/bmp/anchor.bmp
20:19:32|util.py|findPicLoop 循环找图结束 ./public/bmp/anchor.bmp
20:19:33|util.py|click 770 429
20:19:33|const.py|自律 开始
20:19:34|const.py|船坞已满判断 开始
20:19:45|util.py|findPicLoop 循环找图开始 ./public/bmp/S.bmp
20:20:00|util.py|findPicLoop 循环找图结束 ./public/bmp/S.bmp
20:20:00|const.py|自律 结束
20:20:01|util.py|click 135 424
20:20:02|util.py|click 684 308
20:20:04|const.py|打捞到sr或ssr判断 开始
20:20:05|util.py|click 684 308
20:20:05|util.py|findPicLoop 循环找图开始 ./public/bmp/exp2.bmp
20:20:06|util.py|findPicLoop 循环找图结束 ./public/bmp/exp2.bmp
20:20:06|util.py|click 733 445
20:20:09|const.py|作战失败判断 开始
20:20:13|const.py|紧急委托判断 开始
20:20:13|const.py|anchorProcess 出击步骤结束
20:20:14|util.py|getNumbers 识数字开始
20:20:15|util.py|getNumbers 识数字结束
20:20:15|util.py|getNumbers 识数字开始
20:20:16|util.py|getNumbers 识数字结束
20:20:16|util.py|getNumbers 识数字开始
20:20:17|util.py|getNumbers 识数字结束
20:20:17|util.py|getNumbers 识数字开始
20:20:18|util.py|getNumbers 识数字结束
20:20:18|util.py|getNumbers 识数字开始
20:20:19|util.py|getNumbers 识数字结束
20:20:19|util.py|click 487 175
20:20:20|util.py|findPicLoop 循环找图开始 ./public/bmp/start excise.jpg
20:20:21|util.py|findPicLoop 循环找图结束 ./public/bmp/start excise.jpg
20:20:21|util.py|click 433 384
20:20:22|const.py|anchorProcess 出击步骤开始
20:20:23|const.py|今日不再提示判断 开始
20:20:23|util.py|findPicLoop 循环找图开始 ./public/bmp/anchor.bmp
20:20:24|util.py|findPicLoop 循环找图结束 ./public/bmp/anchor.bmp
20:20:25|util.py|click 770 429
20:20:25|const.py|自律 开始
20:20:26|const.py|船坞已满判断 开始
20:20:37|util.py|findPicLoop 循环找图开始 ./public/bmp/S.bmp
20:20:47|util.py|findPicLoop 循环找图结束 ./public/bmp/S.bmp
20:20:47|const.py|自律 结束
20:20:48|util.py|click 135 424
20:20:50|util.py|click 684 308
20:20:52|const.py|打捞到sr或ssr判断 开始
20:20:52|util.py|click 684 308
20:20:52|util.py|findPicLoop 循环找图开始 ./public/bmp/exp2.bmp
20:20:53|util.py|findPicLoop 循环找图结束 ./public/bmp/exp2.bmp
20:20:53|util.py|click 733 445
20:20:56|const.py|作战失败判断 开始
20:21:00|const.py|紧急委托判断 开始
20:21:01|const.py|anchorProcess 出击步骤结束
20:21:02|util.py|getNumbers 识数字开始
20:21:03|util.py|getNumbers 识数字结束
20:21:03|util.py|getNumbers 识数字开始
20:21:04|util.py|getNumbers 识数字结束
20:21:04|util.py|getNumbers 识数字开始
20:21:05|util.py|getNumbers 识数字结束
20:21:05|util.py|getNumbers 识数字开始
20:21:06|util.py|getNumbers 识数字结束
20:21:06|util.py|getNumbers 识数字开始
20:21:07|util.py|getNumbers 识数字结束
20:21:07|util.py|click 487 175
20:21:08|util.py|findPicLoop 循环找图开始 ./public/bmp/start excise.jpg
20:21:09|util.py|findPicLoop 循环找图结束 ./public/bmp/start excise.jpg
20:21:09|util.py|click 433 384
20:21:09|const.py|anchorProcess 出击步骤开始
20:21:10|const.py|今日不再提示判断 开始
20:21:11|util.py|findPicLoop 循环找图开始 ./public/bmp/anchor.bmp
20:21:11|util.py|findPicLoop 循环找图结束 ./public/bmp/anchor.bmp
20:21:12|util.py|click 770 429
20:21:13|const.py|自律 开始
20:21:13|const.py|船坞已满判断 开始
20:21:24|util.py|findPicLoop 循环找图开始 ./public/bmp/S.bmp
20:21:38|util.py|findPicLoop 循环找图结束 ./public/bmp/S.bmp
20:21:38|const.py|自律 结束
20:21:39|util.py|click 135 424
20:21:40|util.py|click 684 308
20:21:42|const.py|打捞到sr或ssr判断 开始
20:21:43|util.py|click 684 308
20:21:43|util.py|findPicLoop 循环找图开始 ./public/bmp/exp2.bmp
20:21:43|util.py|findPicLoop 循环找图结束 ./public/bmp/exp2.bmp
20:21:43|util.py|click 733 445
20:21:47|const.py|作战失败判断 开始
20:21:50|const.py|紧急委托判断 开始
20:21:51|const.py|anchorProcess 出击步骤结束
20:21:52|util.py|getNumbers 识数字开始
20:21:53|util.py|getNumbers 识数字结束
20:21:53|util.py|getNumbers 识数字开始
20:21:54|util.py|getNumbers 识数字结束
20:21:54|util.py|getNumbers 识数字开始
20:21:55|util.py|getNumbers 识数字结束
20:21:55|util.py|getNumbers 识数字开始
20:21:56|util.py|getNumbers 识数字结束
20:21:56|util.py|getNumbers 识数字开始
20:21:57|util.py|getNumbers 识数字结束
20:21:57|util.py|click 487 175
20:21:58|util.py|findPicLoop 循环找图开始 ./public/bmp/start excise.jpg
20:21:58|util.py|findPicLoop 循环找图结束 ./public/bmp/start excise.jpg
20:21:58|util.py|click 433 384
20:21:59|const.py|anchorProcess 出击步骤开始
20:22:00|const.py|今日不再提示判断 开始
20:22:01|util.py|findPicLoop 循环找图开始 ./public/bmp/anchor.bmp
20:22:01|util.py|findPicLoop 循环找图结束 ./public/bmp/anchor.bmp
20:22:02|util.py|click 770 429
20:22:02|const.py|自律 开始
20:22:03|const.py|船坞已满判断 开始
20:22:14|util.py|findPicLoop 循环找图开始 ./public/bmp/S.bmp
20:23:20|util.py|findPicLoop 循环找图结束 ./public/bmp/S.bmp
20:23:20|const.py|自律 结束
20:23:21|util.py|click 135 424
20:23:23|util.py|click 684 308
20:23:25|const.py|打捞到sr或ssr判断 开始
20:23:25|util.py|click 684 308
20:23:25|util.py|findPicLoop 循环找图开始 ./public/bmp/exp2.bmp
20:23:26|util.py|findPicLoop 循环找图结束 ./public/bmp/exp2.bmp
20:23:26|util.py|click 733 445
20:23:29|const.py|作战失败判断 开始
20:23:33|const.py|紧急委托判断 开始
20:23:34|const.py|anchorProcess 出击步骤结束
20:23:35|util.py|getNumbers 识数字开始
20:23:36|util.py|getNumbers 识数字结束
20:23:36|util.py|getNumbers 识数字开始
20:23:37|util.py|getNumbers 识数字结束
20:23:37|util.py|getNumbers 识数字开始
20:23:38|util.py|getNumbers 识数字结束
20:23:38|util.py|getNumbers 识数字开始
20:23:39|util.py|getNumbers 识数字结束
20:23:39|util.py|getNumbers 识数字开始
20:23:40|util.py|getNumbers 识数字结束
20:23:40|util.py|click 654 173
20:23:41|util.py|findPicLoop 循环找图开始 ./public/bmp/start excise.jpg
20:23:42|util.py|findPicLoop 循环找图结束 ./public/bmp/start excise.jpg
20:23:42|util.py|click 433 384
20:23:43|const.py|anchorProcess 出击步骤开始
20:23:43|const.py|今日不再提示判断 开始
20:23:44|util.py|findPicLoop 循环找图开始 ./public/bmp/anchor.bmp
20:23:45|util.py|findPicLoop 循环找图结束 ./public/bmp/anchor.bmp
20:23:46|util.py|click 770 429
20:23:46|const.py|自律 开始
20:23:47|const.py|船坞已满判断 开始
20:23:58|util.py|findPicLoop 循环找图开始 ./public/bmp/S.bmp
20:24:35|util.py|findPicLoop 循环找图结束 ./public/bmp/S.bmp
20:24:35|const.py|自律 结束
20:24:36|util.py|click 135 424
20:24:37|util.py|click 684 308
20:24:39|const.py|打捞到sr或ssr判断 开始
20:24:40|util.py|click 684 308
20:24:40|util.py|findPicLoop 循环找图开始 ./public/bmp/exp2.bmp
20:24:41|util.py|findPicLoop 循环找图结束 ./public/bmp/exp2.bmp
20:24:41|util.py|click 733 445
20:24:44|const.py|作战失败判断 开始
20:24:48|const.py|紧急委托判断 开始
20:24:48|const.py|anchorProcess 出击步骤结束
20:24:49|util.py|getNumbers 识数字开始
20:24:50|util.py|getNumbers 识数字结束
20:24:50|const.py|backMainProcess 返回主页面开始
20:24:51|util.py|click 830 23
20:24:56|3困难11-1.py|困难11-1脚本开始
20:24:56|const.py|chapterProcess 进入出击章节步骤开始
20:24:56|const.py|backMainProcess 返回主页面开始
20:24:58|util.py|click -1 -1
20:24:58|util.py|findPicLoop 循环找图开始 ./public/bmp/weigh anchor.jpg
20:24:59|util.py|findPicLoop 循环找图结束 ./public/bmp/weigh anchor.jpg
20:24:59|util.py|click 729 244
20:24:59|const.py|判断是否为图里面 开始
20:25:02|util.py|findPicLoop 循环找图开始 ./public/bmp/main battleline.jpg
20:25:03|util.py|findPicLoop 循环找图结束 ./public/bmp/main battleline.jpg
20:25:03|util.py|click 231 225
20:25:03|util.py|findPicLoop 循环找图开始 ./public/bmp/exercise.jpg
20:25:04|util.py|findPicLoop 循环找图结束 ./public/bmp/exercise.jpg
20:25:04|util.py|getNumbers 识数字开始
20:25:06|util.py|getNumbers 识数字结束
20:25:06|const.py|chapterProcess 进入出击章节步骤结束
20:25:06|const.py|intoStageProcess 进入stage步骤开始
20:25:10|util.py|click 269 182
20:25:10|util.py|findPicLoop 循环找图开始 ./public/bmp/start chapter.jpg
20:25:11|util.py|findPicLoop 循环找图结束 ./public/bmp/start chapter.jpg
20:25:11|util.py|click 642 350
20:25:12|const.py|船坞已满判断 开始
20:25:13|util.py|findPicLoop 循环找图开始 ./public/bmp/start chapter.jpg
20:25:14|util.py|findPicLoop 循环找图结束 ./public/bmp/start chapter.jpg
20:25:14|util.py|click 716 411
20:25:14|const.py|intoStageProcess 进入stage步骤结束
20:25:14|const.py|goBossProcess 走boss格子 开始
20:25:14|util.py|findPicLoop 循环找图开始 ./public/bmp/boss.jpg
20:25:19|util.py|findPicLoop 循环找图结束 ./public/bmp/boss.jpg
20:25:19|util.py|click 432 235
20:25:19|const.py|anchorProcess 出击步骤开始
20:25:20|const.py|今日不再提示判断 开始
20:25:21|util.py|findPicLoop 循环找图开始 ./public/bmp/anchor.bmp
20:25:24|util.py|findPicLoop 循环找图结束 ./public/bmp/anchor.bmp
20:25:25|util.py|click 770 429
20:25:25|const.py|自律 开始
20:25:26|const.py|船坞已满判断 开始
20:25:37|util.py|findPicLoop 循环找图开始 ./public/bmp/S.bmp
20:28:06|util.py|findPicLoop 循环找图结束 ./public/bmp/S.bmp
20:28:06|const.py|自律 结束
20:28:08|util.py|click 135 424
20:28:09|util.py|click 684 308
20:28:11|const.py|打捞到sr或ssr判断 开始
20:28:11|util.py|click 684 308
20:28:12|util.py|findPicLoop 循环找图开始 ./public/bmp/exp2.bmp
20:28:12|util.py|findPicLoop 循环找图结束 ./public/bmp/exp2.bmp
20:28:12|util.py|click 733 445
20:28:15|const.py|作战失败判断 开始
20:28:19|const.py|紧急委托判断 开始
20:28:20|const.py|anchorProcess 出击步骤结束
20:28:20|const.py|goBossProcess boss解决
20:28:20|const.py|intoStageProcess 进入stage步骤开始
20:28:24|util.py|click 269 182
20:28:24|util.py|findPicLoop 循环找图开始 ./public/bmp/start chapter.jpg
20:28:25|util.py|findPicLoop 循环找图结束 ./public/bmp/start chapter.jpg
20:28:25|util.py|click 642 350
20:28:26|const.py|船坞已满判断 开始
20:28:27|util.py|findPicLoop 循环找图开始 ./public/bmp/start chapter.jpg
20:28:28|util.py|findPicLoop 循环找图结束 ./public/bmp/start chapter.jpg
20:28:28|util.py|click 716 411
20:28:28|const.py|intoStageProcess 进入stage步骤结束
20:28:28|const.py|goBossProcess 走boss格子 开始
20:28:28|util.py|findPicLoop 循环找图开始 ./public/bmp/boss.jpg
20:28:33|util.py|findPicLoop 循环找图结束 ./public/bmp/boss.jpg
20:28:33|util.py|click 432 235
20:28:33|const.py|anchorProcess 出击步骤开始
20:28:34|const.py|今日不再提示判断 开始
20:28:35|util.py|findPicLoop 循环找图开始 ./public/bmp/anchor.bmp
20:28:38|util.py|findPicLoop 循环找图结束 ./public/bmp/anchor.bmp
20:28:39|util.py|click 770 429
20:28:39|const.py|自律 开始
20:28:40|const.py|船坞已满判断 开始
20:28:51|util.py|findPicLoop 循环找图开始 ./public/bmp/S.bmp
20:30:42|util.py|findPicLoop 循环找图结束 ./public/bmp/S.bmp
20:30:42|const.py|自律 结束
20:30:44|util.py|click 135 424
20:30:45|util.py|click 684 308
20:30:47|const.py|打捞到sr或ssr判断 开始
20:30:47|util.py|click 684 308
20:30:48|util.py|findPicLoop 循环找图开始 ./public/bmp/exp2.bmp
20:30:48|util.py|findPicLoop 循环找图结束 ./public/bmp/exp2.bmp
20:30:48|util.py|click 733 445
20:30:52|const.py|作战失败判断 开始
20:30:55|const.py|紧急委托判断 开始
20:30:56|const.py|anchorProcess 出击步骤结束
20:30:56|const.py|goBossProcess boss解决
20:30:56|const.py|intoStageProcess 进入stage步骤开始
20:31:00|util.py|click 269 182
20:31:00|util.py|findPicLoop 循环找图开始 ./public/bmp/start chapter.jpg
20:31:01|util.py|findPicLoop 循环找图结束 ./public/bmp/start chapter.jpg
20:31:01|util.py|click 642 350
20:31:02|const.py|船坞已满判断 开始
20:31:03|util.py|findPicLoop 循环找图开始 ./public/bmp/start chapter.jpg
20:31:04|util.py|findPicLoop 循环找图结束 ./public/bmp/start chapter.jpg
20:31:04|util.py|click 716 411
20:31:04|const.py|intoStageProcess 进入stage步骤结束
20:31:04|const.py|goBossProcess 走boss格子 开始
20:31:04|util.py|findPicLoop 循环找图开始 ./public/bmp/boss.jpg
20:31:09|util.py|findPicLoop 循环找图结束 ./public/bmp/boss.jpg
20:31:09|util.py|click 432 235
20:31:09|const.py|anchorProcess 出击步骤开始
20:31:10|const.py|今日不再提示判断 开始
20:31:11|util.py|findPicLoop 循环找图开始 ./public/bmp/anchor.bmp
20:31:13|util.py|findPicLoop 循环找图结束 ./public/bmp/anchor.bmp
20:31:14|util.py|click 770 429
20:31:14|const.py|自律 开始
20:31:15|const.py|船坞已满判断 开始
20:31:26|util.py|findPicLoop 循环找图开始 ./public/bmp/S.bmp
20:33:39|util.py|findPicLoop 循环找图结束 ./public/bmp/S.bmp
20:33:39|const.py|自律 结束
20:33:41|util.py|click 135 424
20:33:42|util.py|click 684 308
20:33:44|const.py|打捞到sr或ssr判断 开始
20:33:44|util.py|click 684 308
20:33:45|util.py|findPicLoop 循环找图开始 ./public/bmp/exp2.bmp
20:33:45|util.py|findPicLoop 循环找图结束 ./public/bmp/exp2.bmp
20:33:45|util.py|click 733 445
20:33:48|const.py|作战失败判断 开始
20:33:52|const.py|紧急委托判断 开始
20:33:53|const.py|anchorProcess 出击步骤结束
20:33:53|const.py|goBossProcess boss解决
20:33:53|const.py|backMainProcess 返回主页面开始
20:33:54|util.py|click 830 23
20:35:57|12 3次飞龙.py|3次飞龙 开始
20:35:57|const.py|backMainProcess 返回主页面开始
20:35:58|const.py|backMainProcess 返回主页面结束
20:35:58|util.py|findPicLoop 循环找图开始 ./public/bmp/weigh anchor.jpg
20:35:59|util.py|findPicLoop 循环找图结束 ./public/bmp/weigh anchor.jpg
20:35:59|util.py|click 729 244
20:35:59|util.py|findPicLoop 循环找图开始 ./public/beacon/operation.jpg
20:36:01|util.py|findPicLoop 循环找图结束 ./public/beacon/operation.jpg
20:36:01|util.py|click 510 302
20:36:01|util.py|findPicLoop 循环找图开始 ./public/beacon/ash.jpg
20:36:04|util.py|findPicLoop 循环找图结束 ./public/beacon/ash.jpg
20:36:06|util.py|click 679 445
20:36:06|util.py|findPicLoop 循环找图开始 ./public/beacon/beacon list.jpg
20:36:08|util.py|findPicLoop 循环找图结束 ./public/beacon/beacon list.jpg
20:36:08|util.py|click 82 457
20:36:08|12 3次飞龙.py|------------一把开始-----------
20:36:08|util.py|findPicLoop 循环找图开始 ./public/beacon/batile start.jpg
20:36:09|util.py|findPicLoop 循环找图结束 ./public/beacon/batile start.jpg
20:36:09|util.py|click 783 449
20:36:10|util.py|findPicLoop 循环找图开始 ./public/beacon/weigh anchor.jpg
20:36:11|util.py|findPicLoop 循环找图结束 ./public/beacon/weigh anchor.jpg
20:36:11|util.py|click 771 431
20:36:11|util.py|findPicLoop 循环找图开始 ./public/bmp/get_items.bmp
20:38:05|util.py|findPicLoop 循环找图结束 ./public/bmp/get_items.bmp
20:38:05|util.py|click 435 157
20:38:05|util.py|findPicLoop 循环找图开始 ./public/beacon/ok.jpg
20:38:06|util.py|findPicLoop 循环找图结束 ./public/beacon/ok.jpg
20:38:06|util.py|click 733 446
20:38:06|12 3次飞龙.py|------------一把结束-----------
20:38:06|12 3次飞龙.py|------------一把开始-----------
20:38:06|util.py|findPicLoop 循环找图开始 ./public/beacon/batile start.jpg
20:38:08|util.py|findPicLoop 循环找图结束 ./public/beacon/batile start.jpg
20:38:08|util.py|click 783 449
20:38:08|util.py|findPicLoop 循环找图开始 ./public/beacon/weigh anchor.jpg
20:38:10|util.py|findPicLoop 循环找图结束 ./public/beacon/weigh anchor.jpg
20:38:10|util.py|click 771 431
20:38:10|util.py|findPicLoop 循环找图开始 ./public/bmp/get_items.bmp
20:40:03|util.py|findPicLoop 循环找图结束 ./public/bmp/get_items.bmp
20:40:03|util.py|click 435 157
20:40:03|util.py|findPicLoop 循环找图开始 ./public/beacon/ok.jpg
20:40:04|util.py|findPicLoop 循环找图结束 ./public/beacon/ok.jpg
20:40:04|util.py|click 733 446
20:40:04|12 3次飞龙.py|------------一把结束-----------
20:40:04|12 3次飞龙.py|------------一把开始-----------
20:40:04|util.py|findPicLoop 循环找图开始 ./public/beacon/batile start.jpg
20:40:05|util.py|findPicLoop 循环找图结束 ./public/beacon/batile start.jpg
20:40:05|util.py|click 783 449
20:40:06|util.py|findPicLoop 循环找图开始 ./public/beacon/weigh anchor.jpg
20:40:07|util.py|findPicLoop 循环找图结束 ./public/beacon/weigh anchor.jpg
20:40:07|util.py|click 771 431
20:40:07|util.py|findPicLoop 循环找图开始 ./public/bmp/get_items.bmp
20:42:00|util.py|findPicLoop 循环找图结束 ./public/bmp/get_items.bmp
20:42:00|util.py|click 435 157
20:42:00|util.py|findPicLoop 循环找图开始 ./public/beacon/ok.jpg
20:42:01|util.py|findPicLoop 循环找图结束 ./public/beacon/ok.jpg
20:42:01|util.py|click 733 446
20:42:01|12 3次飞龙.py|------------一把结束-----------
20:42:01|const.py|backMainProcess 返回主页面开始
20:42:03|const.py|backMainProcess 返回主页面结束 失败
20:44:59|const.py|anchorProcess 出击步骤开始
20:44:59|const.py|今日不再提示判断 开始
20:45:00|util.py|findPicLoop 循环找图开始 ./public/bmp/anchor.bmp
20:45:15|util.py|findPicLoop 循环找图结束 ./public/bmp/anchor.bmp
20:45:16|util.py|click 770 429
20:45:16|const.py|自律 开始
20:45:17|const.py|船坞已满判断 开始
20:45:28|util.py|findPicLoop 循环找图开始 ./public/bmp/S.bmp
20:46:00|util.py|findPicLoop 循环找图结束 ./public/bmp/S.bmp
20:46:00|const.py|自律 结束
20:46:01|util.py|click 135 424
20:46:02|util.py|click 684 308
20:46:04|const.py|打捞到sr或ssr判断 开始
20:46:05|util.py|click 684 308
20:46:05|util.py|findPicLoop 循环找图开始 ./public/bmp/exp2.bmp
20:46:06|util.py|findPicLoop 循环找图结束 ./public/bmp/exp2.bmp
20:46:06|util.py|click 733 445
20:46:09|const.py|作战失败判断 开始
20:46:13|const.py|紧急委托判断 开始
20:46:14|const.py|anchorProcess 出击步骤结束
20:46:19|const.py|anchorProcess 出击步骤开始
20:46:20|const.py|今日不再提示判断 开始
20:46:20|util.py|findPicLoop 循环找图开始 ./public/bmp/anchor.bmp
20:46:21|util.py|findPicLoop 循环找图结束 ./public/bmp/anchor.bmp
20:46:22|util.py|click 770 429
20:46:22|const.py|自律 开始
20:46:23|const.py|船坞已满判断 开始
20:46:34|util.py|findPicLoop 循环找图开始 ./public/bmp/S.bmp
20:47:02|util.py|findPicLoop 循环找图结束 ./public/bmp/S.bmp
20:47:02|const.py|自律 结束
20:47:03|util.py|click 135 424
20:47:04|util.py|click 684 308
20:47:06|const.py|打捞到sr或ssr判断 开始
20:47:06|util.py|click 684 308
20:47:07|util.py|findPicLoop 循环找图开始 ./public/bmp/exp2.bmp
20:47:08|util.py|findPicLoop 循环找图结束 ./public/bmp/exp2.bmp
20:47:08|util.py|click 733 445
20:47:11|const.py|作战失败判断 开始
20:47:15|const.py|紧急委托判断 开始
20:47:15|const.py|anchorProcess 出击步骤结束
20:47:20|const.py|anchorProcess 出击步骤开始
20:47:21|const.py|今日不再提示判断 开始
20:47:22|util.py|findPicLoop 循环找图开始 ./public/bmp/anchor.bmp
20:47:22|util.py|findPicLoop 循环找图结束 ./public/bmp/anchor.bmp
20:47:23|util.py|click 770 429
20:47:24|const.py|自律 开始
20:47:24|const.py|船坞已满判断 开始
20:47:35|util.py|findPicLoop 循环找图开始 ./public/bmp/S.bmp
20:48:13|util.py|findPicLoop 循环找图结束 ./public/bmp/S.bmp
20:48:13|const.py|自律 结束
20:48:15|util.py|click 135 424
20:48:16|util.py|click 684 308
20:48:18|const.py|打捞到sr或ssr判断 开始
20:48:18|util.py|click 684 308
20:48:19|util.py|findPicLoop 循环找图开始 ./public/bmp/exp2.bmp
20:48:20|util.py|findPicLoop 循环找图结束 ./public/bmp/exp2.bmp
20:48:20|util.py|click 733 445
20:48:23|const.py|作战失败判断 开始
20:48:27|const.py|紧急委托判断 开始
20:48:27|const.py|anchorProcess 出击步骤结束
20:48:32|const.py|anchorProcess 出击步骤开始
20:48:33|const.py|今日不再提示判断 开始
20:48:34|util.py|findPicLoop 循环找图开始 ./public/bmp/anchor.bmp
20:48:34|util.py|findPicLoop 循环找图结束 ./public/bmp/anchor.bmp
20:48:35|util.py|click 770 429
20:48:36|const.py|自律 开始
20:48:36|const.py|船坞已满判断 开始
20:48:47|util.py|findPicLoop 循环找图开始 ./public/bmp/S.bmp
20:49:27|util.py|findPicLoop 循环找图结束 ./public/bmp/S.bmp
20:49:27|const.py|自律 结束
20:49:28|util.py|click 135 424
20:49:29|util.py|click 684 308
20:49:31|const.py|打捞到sr或ssr判断 开始
20:49:31|util.py|click 684 308
20:49:32|util.py|findPicLoop 循环找图开始 ./public/bmp/exp2.bmp
20:49:32|util.py|findPicLoop 循环找图结束 ./public/bmp/exp2.bmp
20:49:32|util.py|click 733 445
20:49:36|const.py|作战失败判断 开始
20:49:39|const.py|紧急委托判断 开始
20:49:40|const.py|anchorProcess 出击步骤结束
20:49:45|const.py|anchorProcess 出击步骤开始
20:49:46|const.py|今日不再提示判断 开始
20:49:46|util.py|findPicLoop 循环找图开始 ./public/bmp/anchor.bmp
20:49:47|util.py|findPicLoop 循环找图结束 ./public/bmp/anchor.bmp
20:49:48|util.py|click 770 429
20:49:48|const.py|自律 开始
20:49:49|const.py|船坞已满判断 开始
20:50:00|util.py|findPicLoop 循环找图开始 ./public/bmp/S.bmp
20:50:17|util.py|findPicLoop 循环找图结束 ./public/bmp/S.bmp
20:50:17|const.py|自律 结束
20:50:18|util.py|click 135 424
20:50:20|util.py|click 684 308
20:50:21|const.py|打捞到sr或ssr判断 开始
20:50:22|util.py|click 684 308
20:50:22|util.py|findPicLoop 循环找图开始 ./public/bmp/exp2.bmp
20:50:23|util.py|findPicLoop 循环找图结束 ./public/bmp/exp2.bmp
20:50:23|util.py|click 733 445
20:50:26|const.py|作战失败判断 开始
20:50:30|const.py|紧急委托判断 开始
20:50:31|const.py|anchorProcess 出击步骤结束
20:50:36|const.py|anchorProcess 出击步骤开始
20:50:36|const.py|今日不再提示判断 开始
20:50:37|util.py|findPicLoop 循环找图开始 ./public/bmp/anchor.bmp
20:50:38|util.py|findPicLoop 循环找图结束 ./public/bmp/anchor.bmp
20:50:39|util.py|click 794 429
20:50:40|const.py|自律 开始
20:50:40|const.py|船坞已满判断 开始
20:50:51|util.py|findPicLoop 循环找图开始 ./public/bmp/S.bmp
20:53:02|util.py|findPicLoop 循环找图结束 ./public/bmp/S.bmp
20:53:02|const.py|自律 结束
20:53:04|util.py|click 135 424
20:53:05|util.py|click 684 308
20:53:07|const.py|打捞到sr或ssr判断 开始
20:53:07|util.py|click 684 308
20:53:08|util.py|findPicLoop 循环找图开始 ./public/bmp/exp2.bmp
20:53:22|util.py|findPicLoop 循环找图结束 ./public/bmp/exp2.bmp
20:53:22|util.py|click 733 445
20:53:25|const.py|作战失败判断 开始
20:53:29|const.py|紧急委托判断 开始
20:53:29|const.py|紧急委托
20:53:29|util.py|click 433 347
20:53:30|const.py|anchorProcess 出击步骤结束
20:53:35|const.py|anchorProcess 出击步骤开始
20:53:36|const.py|今日不再提示判断 开始
20:53:36|util.py|findPicLoop 循环找图开始 ./public/bmp/anchor.bmp
20:53:37|util.py|findPicLoop 循环找图结束 ./public/bmp/anchor.bmp
20:53:38|util.py|click 795 429
20:53:38|const.py|自律 开始
20:53:39|const.py|船坞已满判断 开始
20:53:49|util.py|findPicLoop 循环找图开始 ./public/bmp/S.bmp
20:55:15|util.py|findPicLoop 循环找图结束 ./public/bmp/S.bmp
20:55:15|const.py|自律 结束
20:55:16|util.py|click 135 424
20:55:17|util.py|click 684 308
20:55:19|const.py|打捞到sr或ssr判断 开始
20:55:20|util.py|click 684 308
20:55:20|util.py|findPicLoop 循环找图开始 ./public/bmp/exp2.bmp
20:55:21|util.py|findPicLoop 循环找图结束 ./public/bmp/exp2.bmp
20:55:21|util.py|click 733 445
20:55:24|const.py|作战失败判断 开始
20:55:28|const.py|紧急委托判断 开始
20:55:29|const.py|anchorProcess 出击步骤结束
20:55:34|const.py|anchorProcess 出击步骤开始
20:55:34|const.py|今日不再提示判断 开始
20:55:35|util.py|findPicLoop 循环找图开始 ./public/bmp/anchor.bmp
20:55:39|util.py|findPicLoop 循环找图结束 ./public/bmp/anchor.bmp
20:55:40|util.py|click 777 429
20:55:40|const.py|自律 开始
20:55:41|const.py|船坞已满判断 开始
20:55:52|util.py|findPicLoop 循环找图开始 ./public/bmp/S.bmp
20:57:04|util.py|findPicLoop 循环找图结束 ./public/bmp/S.bmp
20:57:04|const.py|自律 结束
20:57:06|util.py|click 135 424
20:57:07|util.py|click 684 308
20:57:09|const.py|打捞到sr或ssr判断 开始
20:57:09|util.py|click 684 308
20:57:10|util.py|findPicLoop 循环找图开始 ./public/bmp/exp2.bmp
20:57:11|util.py|findPicLoop 循环找图结束 ./public/bmp/exp2.bmp
20:57:11|util.py|click 733 445
20:57:14|const.py|作战失败判断 开始
20:57:18|const.py|紧急委托判断 开始
20:57:18|const.py|anchorProcess 出击步骤结束
20:57:23|const.py|anchorProcess 出击步骤开始
20:57:24|const.py|今日不再提示判断 开始
20:57:25|util.py|findPicLoop 循环找图开始 ./public/bmp/anchor.bmp
20:58:19|util.py|======adb subprocess error======
21:20:09|10通常12-4 不打boss.py|通常12-4 不打boss 开始
21:20:09|const.py|chapterProcess 进入出击章节步骤开始
21:20:09|const.py|backMainProcess 返回主页面开始
21:20:10|const.py|backMainProcess 返回主页面结束
21:20:10|util.py|findPicLoop 循环找图开始 ./public/bmp/weigh anchor.jpg
21:20:11|util.py|findPicLoop 循环找图结束 ./public/bmp/weigh anchor.jpg
21:20:11|util.py|click 729 244
21:20:11|const.py|判断是否为图里面 开始
21:20:14|util.py|findPicLoop 循环找图开始 ./public/bmp/main battleline.jpg
21:20:14|util.py|findPicLoop 循环找图结束 ./public/bmp/main battleline.jpg
21:20:14|util.py|click 231 225
21:20:15|util.py|findPicLoop 循环找图开始 ./public/bmp/exercise.jpg
21:20:16|util.py|findPicLoop 循环找图结束 ./public/bmp/exercise.jpg
21:20:16|util.py|click 59 451
21:20:17|util.py|getNumbers 识数字开始
21:20:18|util.py|getNumbers 识数字结束
21:20:18|util.py|click 826 251
21:20:19|const.py|chapterProcess 进入出击章节步骤结束
21:20:19|10通常12-4 不打boss.py|-------------一局开始------------
21:20:19|const.py|intoStageProcess 进入stage步骤开始
21:20:23|util.py|click 691 368
21:20:23|util.py|findPicLoop 循环找图开始 ./public/bmp/start chapter.jpg
21:20:24|util.py|findPicLoop 循环找图结束 ./public/bmp/start chapter.jpg
21:20:24|util.py|click 642 350
21:20:25|const.py|船坞已满判断 开始
21:20:26|util.py|click 767 220
21:20:27|util.py|click 713 131
21:20:27|util.py|click 740 232
21:20:28|util.py|click 714 223
21:20:28|util.py|click 740 406
21:20:29|util.py|findPicLoop 循环找图开始 ./public/bmp/start chapter.jpg
21:20:30|util.py|findPicLoop 循环找图结束 ./public/bmp/start chapter.jpg
21:20:30|util.py|click 716 411
21:20:30|const.py|红脸判断 开始
21:20:31|util.py|getWords 识字开始
21:20:32|util.py|getWords 识字结束
21:20:32|const.py|intoStageProcess 进入stage步骤结束
21:20:32|10通常12-4 不打boss.py|------------一把开始-----------
21:20:32|util.py|findPicLoop 循环找图开始 ./public/bmp/withdraw.jpg
21:20:33|util.py|findPicLoop 循环找图结束 ./public/bmp/withdraw.jpg
21:20:37|const.py|findShip 找船 开始
21:20:38|const.py|findShip 找船 结束
21:20:38|util.py|click 251 305
21:20:38|const.py|anchorProcess 出击步骤开始
21:20:39|const.py|今日不再提示判断 开始
21:20:39|util.py|findPicLoop 循环找图开始 ./public/bmp/anchor.bmp
21:20:41|util.py|findPicLoop 循环找图结束 ./public/bmp/anchor.bmp
21:20:42|util.py|click 770 429
21:20:42|const.py|自律 开始
21:20:43|const.py|红脸判断 开始
21:20:43|util.py|getWords 识字开始
21:20:44|util.py|getWords 识字结束
21:20:44|const.py|船坞已满判断 开始
21:20:55|util.py|findPicLoop 循环找图开始 ./public/bmp/S.bmp
21:21:39|util.py|findPicLoop 循环找图结束 ./public/bmp/S.bmp
21:21:39|const.py|自律 结束
21:21:40|util.py|click 135 424
21:21:41|util.py|click 684 308
21:21:43|const.py|打捞到sr或ssr判断 开始
21:21:44|util.py|click 684 308
21:21:44|util.py|findPicLoop 循环找图开始 ./public/bmp/exp2.bmp
21:21:45|util.py|findPicLoop 循环找图结束 ./public/bmp/exp2.bmp
21:21:45|util.py|click 733 445
21:21:48|const.py|作战失败判断 开始
21:21:52|const.py|紧急委托判断 开始
21:21:53|const.py|anchorProcess 出击步骤结束
21:21:53|10通常12-4 不打boss.py|------------一把结束-----------
21:21:53|10通常12-4 不打boss.py|------------一把开始-----------
21:21:53|util.py|findPicLoop 循环找图开始 ./public/bmp/withdraw.jpg
21:21:53|util.py|findPicLoop 循环找图结束 ./public/bmp/withdraw.jpg
21:21:57|const.py|findShip 找船 开始
21:21:58|const.py|findShip 找船 结束
21:21:58|util.py|click 586 326
21:21:58|const.py|anchorProcess 出击步骤开始
21:21:59|const.py|今日不再提示判断 开始
21:22:00|util.py|findPicLoop 循环找图开始 ./public/bmp/anchor.bmp
21:22:02|util.py|findPicLoop 循环找图结束 ./public/bmp/anchor.bmp
21:22:03|util.py|click 770 429
21:22:03|const.py|自律 开始
21:22:04|const.py|红脸判断 开始
21:22:04|util.py|getWords 识字开始
21:22:05|util.py|getWords 识字结束
21:22:05|const.py|船坞已满判断 开始
21:22:16|util.py|findPicLoop 循环找图开始 ./public/bmp/S.bmp
21:22:38|util.py|findPicLoop 循环找图结束 ./public/bmp/S.bmp
21:22:38|const.py|自律 结束
21:22:39|util.py|click 135 424
21:22:40|util.py|click 684 308
21:22:42|const.py|打捞到sr或ssr判断 开始
21:22:43|util.py|click 684 308
21:22:43|util.py|findPicLoop 循环找图开始 ./public/bmp/exp2.bmp
21:22:44|util.py|findPicLoop 循环找图结束 ./public/bmp/exp2.bmp
21:22:44|util.py|click 733 445
21:22:47|const.py|作战失败判断 开始
21:22:51|const.py|紧急委托判断 开始
21:22:52|const.py|anchorProcess 出击步骤结束
21:22:52|10通常12-4 不打boss.py|------------一把结束-----------
21:22:52|util.py|findPicLoop 循环找图开始 ./public/bmp/withdraw.jpg
21:22:52|util.py|findPicLoop 循环找图结束 ./public/bmp/withdraw.jpg
21:22:52|util.py|click 563 460
21:22:53|util.py|findPicLoop 循环找图开始 ./public/bmp/OK.jpg
21:22:53|util.py|findPicLoop 循环找图结束 ./public/bmp/OK.jpg
21:22:53|util.py|click 534 347
21:22:54|10通常12-4 不打boss.py|-------------一局结束------------
21:22:54|10通常12-4 不打boss.py|-------------一局开始------------
21:22:54|const.py|intoStageProcess 进入stage步骤开始
21:22:58|util.py|click 691 368
21:22:58|util.py|findPicLoop 循环找图开始 ./public/bmp/start chapter.jpg
21:22:59|util.py|findPicLoop 循环找图结束 ./public/bmp/start chapter.jpg
21:22:59|util.py|click 642 350
21:23:00|const.py|船坞已满判断 开始
21:23:01|util.py|click 767 220
21:23:02|util.py|click 713 131
21:23:02|util.py|click 740 232
21:23:03|util.py|click 714 223
21:23:03|util.py|click 740 406
21:23:04|util.py|findPicLoop 循环找图开始 ./public/bmp/start chapter.jpg
21:23:05|util.py|findPicLoop 循环找图结束 ./public/bmp/start chapter.jpg
21:23:05|util.py|click 716 411
21:23:05|const.py|红脸判断 开始
21:23:06|util.py|getWords 识字开始
21:23:07|util.py|getWords 识字结束
21:23:07|const.py|intoStageProcess 进入stage步骤结束
21:23:07|10通常12-4 不打boss.py|------------一把开始-----------
21:23:07|util.py|findPicLoop 循环找图开始 ./public/bmp/withdraw.jpg
21:23:09|util.py|findPicLoop 循环找图结束 ./public/bmp/withdraw.jpg
21:23:13|const.py|findShip 找船 开始
21:23:14|const.py|findShip 找船 结束
21:23:14|util.py|click 428 96
21:23:14|const.py|anchorProcess 出击步骤开始
21:23:15|const.py|今日不再提示判断 开始
21:23:15|util.py|findPicLoop 循环找图开始 ./public/bmp/anchor.bmp
21:23:42|util.py|findPicLoop 循环找图结束 ./public/bmp/anchor.bmp
21:23:43|util.py|click 776 429
21:23:44|const.py|自律 开始
21:23:44|const.py|红脸判断 开始
21:23:44|util.py|getWords 识字开始
21:23:45|util.py|getWords 识字结束
21:23:45|const.py|船坞已满判断 开始
21:23:56|util.py|findPicLoop 循环找图开始 ./public/bmp/S.bmp
21:24:22|util.py|findPicLoop 循环找图结束 ./public/bmp/S.bmp
21:24:22|const.py|自律 结束
21:24:23|util.py|click 135 424
21:24:24|util.py|click 684 308
21:24:26|const.py|打捞到sr或ssr判断 开始
21:24:27|util.py|click 684 308
21:24:27|util.py|findPicLoop 循环找图开始 ./public/bmp/exp2.bmp
21:24:27|util.py|findPicLoop 循环找图结束 ./public/bmp/exp2.bmp
21:24:27|util.py|click 733 445
21:24:31|const.py|作战失败判断 开始
21:24:34|const.py|紧急委托判断 开始
21:24:35|const.py|anchorProcess 出击步骤结束
21:24:35|10通常12-4 不打boss.py|------------一把结束-----------
21:24:35|10通常12-4 不打boss.py|------------一把开始-----------
21:24:35|util.py|findPicLoop 循环找图开始 ./public/bmp/withdraw.jpg
21:24:36|util.py|findPicLoop 循环找图结束 ./public/bmp/withdraw.jpg
21:24:40|const.py|findShip 找船 开始
21:24:41|const.py|findShip 找船 结束
21:24:41|util.py|click 428 96
21:24:41|const.py|anchorProcess 出击步骤开始
21:24:42|const.py|今日不再提示判断 开始
21:24:42|util.py|findPicLoop 循环找图开始 ./public/bmp/anchor.bmp
21:24:46|util.py|findPicLoop 循环找图结束 ./public/bmp/anchor.bmp
21:24:47|util.py|click 770 429
21:24:47|const.py|自律 开始
21:24:48|const.py|红脸判断 开始
21:24:48|util.py|getWords 识字开始
21:24:49|util.py|getWords 识字结束
21:24:49|const.py|船坞已满判断 开始
21:24:59|util.py|findPicLoop 循环找图开始 ./public/bmp/S.bmp
21:25:23|util.py|findPicLoop 循环找图结束 ./public/bmp/S.bmp
21:25:23|const.py|自律 结束
21:25:25|util.py|click 135 424
21:25:26|util.py|click 684 308
21:25:28|const.py|打捞到sr或ssr判断 开始
21:25:28|util.py|click 684 308
21:25:29|util.py|findPicLoop 循环找图开始 ./public/bmp/exp2.bmp
21:25:29|util.py|findPicLoop 循环找图结束 ./public/bmp/exp2.bmp
21:25:29|util.py|click 733 445
21:25:32|const.py|作战失败判断 开始
21:25:36|const.py|紧急委托判断 开始
21:25:37|const.py|anchorProcess 出击步骤结束
21:25:37|10通常12-4 不打boss.py|------------一把结束-----------
21:25:37|util.py|findPicLoop 循环找图开始 ./public/bmp/withdraw.jpg
21:25:37|util.py|findPicLoop 循环找图结束 ./public/bmp/withdraw.jpg
21:25:37|util.py|click 563 460
21:25:38|util.py|findPicLoop 循环找图开始 ./public/bmp/OK.jpg
21:25:38|util.py|findPicLoop 循环找图结束 ./public/bmp/OK.jpg
21:25:38|util.py|click 534 347
21:25:39|10通常12-4 不打boss.py|-------------一局结束------------
21:25:39|10通常12-4 不打boss.py|-------------一局开始------------
21:25:39|const.py|intoStageProcess 进入stage步骤开始
21:25:43|util.py|click 691 368
21:25:43|util.py|findPicLoop 循环找图开始 ./public/bmp/start chapter.jpg
21:25:44|util.py|findPicLoop 循环找图结束 ./public/bmp/start chapter.jpg
21:25:44|util.py|click 642 350
21:25:45|const.py|船坞已满判断 开始
21:25:46|util.py|click 767 220
21:25:47|util.py|click 713 131
21:25:47|util.py|click 740 232
21:25:48|util.py|click 714 223
21:25:49|util.py|click 740 406
21:25:49|util.py|findPicLoop 循环找图开始 ./public/bmp/start chapter.jpg
21:25:50|util.py|findPicLoop 循环找图结束 ./public/bmp/start chapter.jpg
21:25:50|util.py|click 716 411
21:25:50|const.py|红脸判断 开始
21:25:51|util.py|getWords 识字开始
21:25:52|util.py|getWords 识字结束
21:25:52|const.py|intoStageProcess 进入stage步骤结束
21:25:52|10通常12-4 不打boss.py|------------一把开始-----------
21:25:52|util.py|findPicLoop 循环找图开始 ./public/bmp/withdraw.jpg
21:25:53|util.py|findPicLoop 循环找图结束 ./public/bmp/withdraw.jpg
21:25:57|const.py|findShip 找船 开始
21:25:58|const.py|findShip 找船 结束
21:25:58|util.py|click 245 328
21:25:58|const.py|anchorProcess 出击步骤开始
21:25:59|const.py|今日不再提示判断 开始
21:26:00|util.py|findPicLoop 循环找图开始 ./public/bmp/anchor.bmp
21:26:02|util.py|findPicLoop 循环找图结束 ./public/bmp/anchor.bmp
21:26:03|util.py|click 770 429
21:26:03|const.py|自律 开始
21:26:04|const.py|红脸判断 开始
21:26:04|util.py|getWords 识字开始
21:26:05|util.py|getWords 识字结束
21:26:05|const.py|船坞已满判断 开始
21:26:15|util.py|findPicLoop 循环找图开始 ./public/bmp/S.bmp
21:26:51|util.py|findPicLoop 循环找图结束 ./public/bmp/S.bmp
21:26:51|const.py|自律 结束
21:26:52|util.py|click 135 424
21:26:53|util.py|click 684 308
21:26:55|const.py|打捞到sr或ssr判断 开始
21:26:56|util.py|click 684 308
21:26:56|util.py|findPicLoop 循环找图开始 ./public/bmp/exp2.bmp
21:26:57|util.py|findPicLoop 循环找图结束 ./public/bmp/exp2.bmp
21:26:57|util.py|click 733 445
21:27:01|const.py|作战失败判断 开始
21:27:04|const.py|紧急委托判断 开始
21:27:05|const.py|anchorProcess 出击步骤结束
21:27:05|10通常12-4 不打boss.py|------------一把结束-----------
21:27:05|10通常12-4 不打boss.py|------------一把开始-----------
21:27:05|util.py|findPicLoop 循环找图开始 ./public/bmp/withdraw.jpg
21:27:06|util.py|findPicLoop 循环找图结束 ./public/bmp/withdraw.jpg
21:27:10|const.py|findShip 找船 开始
21:27:11|const.py|findShip 找船 结束
21:27:11|util.py|click 586 326
21:27:11|const.py|anchorProcess 出击步骤开始
21:27:12|const.py|今日不再提示判断 开始
21:27:13|util.py|findPicLoop 循环找图开始 ./public/bmp/anchor.bmp
21:27:15|util.py|findPicLoop 循环找图结束 ./public/bmp/anchor.bmp
21:27:15|util.py|click 770 429
21:27:16|const.py|自律 开始
21:27:17|const.py|红脸判断 开始
21:27:17|util.py|getWords 识字开始
21:27:18|util.py|getWords 识字结束
21:27:18|const.py|船坞已满判断 开始
21:27:29|util.py|findPicLoop 循环找图开始 ./public/bmp/S.bmp
21:27:52|util.py|findPicLoop 循环找图结束 ./public/bmp/S.bmp
21:27:52|const.py|自律 结束
21:27:53|util.py|click 135 424
21:27:54|util.py|click 684 308
21:27:56|const.py|打捞到sr或ssr判断 开始
21:27:57|const.py|打捞到sr或者ssr
21:27:57|util.py|click 684 308
21:27:59|util.py|click 684 308
21:27:59|util.py|findPicLoop 循环找图开始 ./public/bmp/exp2.bmp
21:28:00|util.py|findPicLoop 循环找图结束 ./public/bmp/exp2.bmp
21:28:00|util.py|click 733 445
21:28:03|const.py|作战失败判断 开始
21:28:07|const.py|紧急委托判断 开始
21:28:08|const.py|anchorProcess 出击步骤结束
21:28:08|10通常12-4 不打boss.py|------------一把结束-----------
21:28:08|util.py|findPicLoop 循环找图开始 ./public/bmp/withdraw.jpg
21:28:08|util.py|findPicLoop 循环找图结束 ./public/bmp/withdraw.jpg
21:28:08|util.py|click 563 460
21:28:09|util.py|findPicLoop 循环找图开始 ./public/bmp/OK.jpg
21:28:09|util.py|findPicLoop 循环找图结束 ./public/bmp/OK.jpg
21:28:09|util.py|click 534 347
21:28:09|10通常12-4 不打boss.py|-------------一局结束------------
21:28:09|10通常12-4 不打boss.py|-------------一局开始------------
21:28:09|const.py|intoStageProcess 进入stage步骤开始
21:28:13|util.py|click 691 368
21:28:14|util.py|findPicLoop 循环找图开始 ./public/bmp/start chapter.jpg
21:28:15|util.py|findPicLoop 循环找图结束 ./public/bmp/start chapter.jpg
21:28:15|util.py|click 642 350
21:28:16|const.py|船坞已满判断 开始
21:28:17|util.py|click 767 220
21:28:18|util.py|click 713 131
21:28:18|util.py|click 740 232
21:28:19|util.py|click 714 223
21:28:19|util.py|click 740 406
21:28:20|util.py|findPicLoop 循环找图开始 ./public/bmp/start chapter.jpg
21:28:21|util.py|findPicLoop 循环找图结束 ./public/bmp/start chapter.jpg
21:28:21|util.py|click 716 411
21:28:21|const.py|红脸判断 开始
21:28:22|util.py|getWords 识字开始
21:28:23|util.py|getWords 识字结束
21:28:23|const.py|intoStageProcess 进入stage步骤结束
21:28:23|10通常12-4 不打boss.py|------------一把开始-----------
21:28:23|util.py|findPicLoop 循环找图开始 ./public/bmp/withdraw.jpg
21:28:24|util.py|findPicLoop 循环找图结束 ./public/bmp/withdraw.jpg
21:28:28|const.py|findShip 找船 开始
21:28:29|const.py|findShip 找船 结束
21:28:29|util.py|click 564 99
21:28:29|const.py|anchorProcess 出击步骤开始
21:28:30|const.py|今日不再提示判断 开始
21:28:30|util.py|findPicLoop 循环找图开始 ./public/bmp/anchor.bmp
21:28:34|util.py|findPicLoop 循环找图结束 ./public/bmp/anchor.bmp
21:28:34|util.py|click 785 429
21:28:35|const.py|自律 开始
21:28:36|const.py|红脸判断 开始
21:28:36|util.py|getWords 识字开始
21:28:37|util.py|getWords 识字结束
21:28:37|const.py|船坞已满判断 开始
21:28:47|util.py|findPicLoop 循环找图开始 ./public/bmp/S.bmp
21:29:28|util.py|findPicLoop 循环找图结束 ./public/bmp/S.bmp
21:29:28|const.py|自律 结束
21:29:29|util.py|click 135 424
21:29:30|util.py|click 684 308
21:29:32|const.py|打捞到sr或ssr判断 开始
21:29:33|util.py|click 684 308
21:29:33|util.py|findPicLoop 循环找图开始 ./public/bmp/exp2.bmp
21:29:34|util.py|findPicLoop 循环找图结束 ./public/bmp/exp2.bmp
21:29:34|util.py|click 733 445
21:29:37|const.py|作战失败判断 开始
21:29:41|const.py|紧急委托判断 开始
21:29:42|const.py|紧急委托
21:29:42|util.py|click 433 347
21:29:42|const.py|anchorProcess 出击步骤结束
21:29:42|10通常12-4 不打boss.py|------------一把结束-----------
21:29:42|10通常12-4 不打boss.py|------------一把开始-----------
21:29:42|util.py|findPicLoop 循环找图开始 ./public/bmp/withdraw.jpg
21:29:43|util.py|findPicLoop 循环找图结束 ./public/bmp/withdraw.jpg
21:29:47|const.py|findShip 找船 开始
21:29:47|const.py|findShip 找船 结束
21:29:47|util.py|click 491 138
21:29:48|const.py|anchorProcess 出击步骤开始
21:29:49|const.py|今日不再提示判断 开始
21:29:49|util.py|findPicLoop 循环找图开始 ./public/bmp/anchor.bmp
21:29:50|util.py|findPicLoop 循环找图结束 ./public/bmp/anchor.bmp
21:29:51|util.py|click 771 429
21:29:51|const.py|自律 开始
21:29:52|const.py|红脸判断 开始
21:29:52|util.py|getWords 识字开始
21:29:53|util.py|getWords 识字结束
21:29:53|const.py|船坞已满判断 开始
21:30:04|util.py|findPicLoop 循环找图开始 ./public/bmp/S.bmp
21:30:31|util.py|findPicLoop 循环找图结束 ./public/bmp/S.bmp
21:30:31|const.py|自律 结束
21:30:32|util.py|click 135 424
21:30:33|util.py|click 684 308
21:30:35|const.py|打捞到sr或ssr判断 开始
21:30:35|util.py|click 684 308
21:30:36|util.py|findPicLoop 循环找图开始 ./public/bmp/exp2.bmp
21:30:37|util.py|findPicLoop 循环找图结束 ./public/bmp/exp2.bmp
21:30:37|util.py|click 733 445
21:30:40|const.py|作战失败判断 开始
21:30:44|const.py|紧急委托判断 开始
21:30:45|const.py|anchorProcess 出击步骤结束
21:30:45|10通常12-4 不打boss.py|------------一把结束-----------
21:30:45|util.py|findPicLoop 循环找图开始 ./public/bmp/withdraw.jpg
21:30:45|util.py|findPicLoop 循环找图结束 ./public/bmp/withdraw.jpg
21:30:45|util.py|click 563 460
21:30:46|util.py|findPicLoop 循环找图开始 ./public/bmp/OK.jpg
21:30:46|util.py|findPicLoop 循环找图结束 ./public/bmp/OK.jpg
21:30:46|util.py|click 534 347
21:30:46|10通常12-4 不打boss.py|-------------一局结束------------
21:30:46|10通常12-4 不打boss.py|-------------一局开始------------
21:30:46|const.py|intoStageProcess 进入stage步骤开始
21:30:50|util.py|click 691 368
21:30:51|util.py|findPicLoop 循环找图开始 ./public/bmp/start chapter.jpg
21:30:52|util.py|findPicLoop 循环找图结束 ./public/bmp/start chapter.jpg
21:30:52|util.py|click 642 350
21:30:53|const.py|船坞已满判断 开始
21:30:54|util.py|click 767 220
21:30:55|util.py|click 713 131
21:30:55|util.py|click 740 232
21:30:56|util.py|click 714 223
21:30:56|util.py|click 740 406
21:30:57|util.py|findPicLoop 循环找图开始 ./public/bmp/start chapter.jpg
21:30:58|util.py|findPicLoop 循环找图结束 ./public/bmp/start chapter.jpg
21:30:58|util.py|click 716 411
21:30:58|const.py|红脸判断 开始
21:30:59|util.py|getWords 识字开始
21:31:00|util.py|getWords 识字结束
21:31:00|const.py|intoStageProcess 进入stage步骤结束
21:31:00|10通常12-4 不打boss.py|------------一把开始-----------
21:31:00|util.py|findPicLoop 循环找图开始 ./public/bmp/withdraw.jpg
21:31:01|util.py|findPicLoop 循环找图结束 ./public/bmp/withdraw.jpg
21:31:05|const.py|findShip 找船 开始
21:31:05|const.py|findShip 找船 结束
21:31:05|util.py|click 408 95
21:31:06|const.py|anchorProcess 出击步骤开始
21:31:07|const.py|今日不再提示判断 开始
21:31:07|util.py|findPicLoop 循环找图开始 ./public/bmp/anchor.bmp
21:31:11|util.py|findPicLoop 循环找图结束 ./public/bmp/anchor.bmp
21:31:11|util.py|click 770 429
21:31:12|const.py|自律 开始
21:31:12|const.py|红脸判断 开始
21:31:12|util.py|getWords 识字开始
21:31:13|util.py|getWords 识字结束
21:31:13|const.py|船坞已满判断 开始
21:31:24|util.py|findPicLoop 循环找图开始 ./public/bmp/S.bmp
21:31:48|util.py|findPicLoop 循环找图结束 ./public/bmp/S.bmp
21:31:48|const.py|自律 结束
21:31:49|util.py|click 135 424
21:31:50|util.py|click 684 308
21:31:52|const.py|打捞到sr或ssr判断 开始
21:31:53|util.py|click 684 308
21:31:53|util.py|findPicLoop 循环找图开始 ./public/bmp/exp2.bmp
21:31:54|util.py|findPicLoop 循环找图结束 ./public/bmp/exp2.bmp
21:31:54|util.py|click 733 445
21:31:57|const.py|作战失败判断 开始
21:32:01|const.py|紧急委托判断 开始
21:32:01|const.py|anchorProcess 出击步骤结束
21:32:01|10通常12-4 不打boss.py|------------一把结束-----------
21:32:01|10通常12-4 不打boss.py|------------一把开始-----------
21:32:01|util.py|findPicLoop 循环找图开始 ./public/bmp/withdraw.jpg
21:32:02|util.py|findPicLoop 循环找图结束 ./public/bmp/withdraw.jpg
21:32:06|const.py|findShip 找船 开始
21:32:07|const.py|findShip 找船 结束
21:32:07|util.py|click 251 305
21:32:07|const.py|anchorProcess 出击步骤开始
21:32:08|const.py|今日不再提示判断 开始
21:32:09|util.py|findPicLoop 循环找图开始 ./public/bmp/anchor.bmp
21:32:11|util.py|findPicLoop 循环找图结束 ./public/bmp/anchor.bmp
21:32:12|util.py|click 784 429
21:32:12|const.py|自律 开始
21:32:13|const.py|红脸判断 开始
21:32:13|util.py|getWords 识字开始
21:32:14|util.py|getWords 识字结束
21:32:14|const.py|船坞已满判断 开始
21:32:25|util.py|findPicLoop 循环找图开始 ./public/bmp/S.bmp
21:32:47|util.py|findPicLoop 循环找图结束 ./public/bmp/S.bmp
21:32:47|const.py|自律 结束
21:32:48|util.py|click 135 424
21:32:49|util.py|click 684 308
21:32:51|const.py|打捞到sr或ssr判断 开始
21:32:51|util.py|click 684 308
21:32:52|util.py|findPicLoop 循环找图开始 ./public/bmp/exp2.bmp
21:32:53|util.py|findPicLoop 循环找图结束 ./public/bmp/exp2.bmp
21:32:53|util.py|click 733 445
21:32:56|const.py|作战失败判断 开始
21:33:00|const.py|紧急委托判断 开始
21:33:01|const.py|anchorProcess 出击步骤结束
21:33:01|10通常12-4 不打boss.py|------------一把结束-----------
21:33:01|util.py|findPicLoop 循环找图开始 ./public/bmp/withdraw.jpg
21:33:01|util.py|findPicLoop 循环找图结束 ./public/bmp/withdraw.jpg
21:33:01|util.py|click 563 460
21:33:02|util.py|findPicLoop 循环找图开始 ./public/bmp/OK.jpg
21:33:02|util.py|findPicLoop 循环找图结束 ./public/bmp/OK.jpg
21:33:02|util.py|click 534 347
21:33:02|10通常12-4 不打boss.py|-------------一局结束------------
21:33:02|10通常12-4 不打boss.py|-------------一局开始------------
21:33:02|const.py|intoStageProcess 进入stage步骤开始
21:33:06|util.py|click 691 368
21:33:07|util.py|findPicLoop 循环找图开始 ./public/bmp/start chapter.jpg
21:33:08|util.py|findPicLoop 循环找图结束 ./public/bmp/start chapter.jpg
21:33:08|util.py|click 642 350
21:33:09|const.py|船坞已满判断 开始
21:33:10|util.py|click 767 220
21:33:11|util.py|click 713 131
21:33:11|util.py|click 740 232
21:33:12|util.py|click 714 223
21:33:12|util.py|click 740 406
21:33:13|util.py|findPicLoop 循环找图开始 ./public/bmp/start chapter.jpg
21:33:14|util.py|findPicLoop 循环找图结束 ./public/bmp/start chapter.jpg
21:33:14|util.py|click 716 411
21:33:14|const.py|红脸判断 开始
21:33:15|util.py|getWords 识字开始
21:33:16|util.py|getWords 识字结束
21:33:16|const.py|intoStageProcess 进入stage步骤结束
21:33:16|10通常12-4 不打boss.py|------------一把开始-----------
21:33:16|util.py|findPicLoop 循环找图开始 ./public/bmp/withdraw.jpg
21:33:17|util.py|findPicLoop 循环找图结束 ./public/bmp/withdraw.jpg
21:33:21|const.py|findShip 找船 开始
21:33:21|const.py|findShip 找船 结束
21:33:21|util.py|click 593 324
21:33:22|const.py|anchorProcess 出击步骤开始
21:33:23|const.py|今日不再提示判断 开始
21:33:23|util.py|findPicLoop 循环找图开始 ./public/bmp/anchor.bmp
21:33:24|util.py|findPicLoop 循环找图结束 ./public/bmp/anchor.bmp
21:33:25|util.py|click 772 429
21:33:25|const.py|自律 开始
21:33:26|const.py|红脸判断 开始
21:33:26|util.py|getWords 识字开始
21:33:27|util.py|getWords 识字结束
21:33:27|const.py|船坞已满判断 开始
21:33:38|util.py|findPicLoop 循环找图开始 ./public/bmp/S.bmp
21:34:01|util.py|findPicLoop 循环找图结束 ./public/bmp/S.bmp
21:34:01|const.py|自律 结束
21:34:03|util.py|click 135 424
21:34:04|util.py|click 684 308
21:34:06|const.py|打捞到sr或ssr判断 开始
21:34:06|util.py|click 684 308
21:34:07|util.py|findPicLoop 循环找图开始 ./public/bmp/exp2.bmp
21:34:07|util.py|findPicLoop 循环找图结束 ./public/bmp/exp2.bmp
21:34:07|util.py|click 733 445
21:34:11|const.py|作战失败判断 开始
21:34:14|const.py|紧急委托判断 开始
21:34:15|const.py|anchorProcess 出击步骤结束
21:34:15|10通常12-4 不打boss.py|------------一把结束-----------
21:34:15|10通常12-4 不打boss.py|------------一把开始-----------
21:34:15|util.py|findPicLoop 循环找图开始 ./public/bmp/withdraw.jpg
21:34:16|util.py|findPicLoop 循环找图结束 ./public/bmp/withdraw.jpg
21:34:20|const.py|findShip 找船 开始
21:34:20|const.py|findShip 找船 结束
21:34:20|util.py|click 435 305
21:34:21|const.py|anchorProcess 出击步骤开始
21:34:21|const.py|今日不再提示判断 开始
21:34:22|util.py|findPicLoop 循环找图开始 ./public/bmp/anchor.bmp
21:34:23|util.py|findPicLoop 循环找图结束 ./public/bmp/anchor.bmp
21:34:24|util.py|click 772 429
21:34:24|const.py|自律 开始
21:34:25|const.py|红脸判断 开始
21:34:25|util.py|getWords 识字开始
21:34:26|util.py|getWords 识字结束
21:34:26|const.py|船坞已满判断 开始
21:34:37|util.py|findPicLoop 循环找图开始 ./public/bmp/S.bmp
21:35:13|util.py|findPicLoop 循环找图结束 ./public/bmp/S.bmp
21:35:13|const.py|自律 结束
21:35:14|util.py|click 135 424
21:35:15|util.py|click 684 308
21:35:17|const.py|打捞到sr或ssr判断 开始
21:35:17|util.py|click 684 308
21:35:18|util.py|findPicLoop 循环找图开始 ./public/bmp/exp2.bmp
21:35:18|util.py|findPicLoop 循环找图结束 ./public/bmp/exp2.bmp
21:35:18|util.py|click 733 445
21:35:22|const.py|作战失败判断 开始
21:35:25|const.py|紧急委托判断 开始
21:35:26|const.py|anchorProcess 出击步骤结束
21:35:26|10通常12-4 不打boss.py|------------一把结束-----------
21:35:26|util.py|findPicLoop 循环找图开始 ./public/bmp/withdraw.jpg
21:35:27|util.py|findPicLoop 循环找图结束 ./public/bmp/withdraw.jpg
21:35:27|util.py|click 563 460
21:35:27|util.py|findPicLoop 循环找图开始 ./public/bmp/OK.jpg
21:35:28|util.py|findPicLoop 循环找图结束 ./public/bmp/OK.jpg
21:35:28|util.py|click 534 347
21:35:28|10通常12-4 不打boss.py|-------------一局结束------------
21:35:28|10通常12-4 不打boss.py|-------------一局开始------------
21:35:28|const.py|intoStageProcess 进入stage步骤开始
21:35:32|util.py|click 691 368
21:35:32|util.py|findPicLoop 循环找图开始 ./public/bmp/start chapter.jpg
21:35:33|util.py|findPicLoop 循环找图结束 ./public/bmp/start chapter.jpg
21:35:33|util.py|click 642 350
21:35:34|const.py|船坞已满判断 开始
21:35:35|util.py|click 767 220
21:35:36|util.py|click 713 131
21:35:37|util.py|click 740 232
21:35:37|util.py|click 714 223
21:35:38|util.py|click 740 406
21:35:38|util.py|findPicLoop 循环找图开始 ./public/bmp/start chapter.jpg
21:35:39|util.py|findPicLoop 循环找图结束 ./public/bmp/start chapter.jpg
21:35:39|util.py|click 716 411
21:35:39|const.py|红脸判断 开始
21:35:40|util.py|getWords 识字开始
21:35:41|util.py|getWords 识字结束
21:35:41|const.py|intoStageProcess 进入stage步骤结束
21:35:41|10通常12-4 不打boss.py|------------一把开始-----------
21:35:41|util.py|findPicLoop 循环找图开始 ./public/bmp/withdraw.jpg
21:35:42|util.py|findPicLoop 循环找图结束 ./public/bmp/withdraw.jpg
21:35:46|const.py|findShip 找船 开始
21:35:47|const.py|findShip 找船 结束
21:35:47|util.py|click 586 326
21:35:47|const.py|anchorProcess 出击步骤开始
21:35:48|const.py|今日不再提示判断 开始
21:35:49|util.py|findPicLoop 循环找图开始 ./public/bmp/anchor.bmp
21:35:50|util.py|findPicLoop 循环找图结束 ./public/bmp/anchor.bmp
21:35:51|util.py|click 770 429
21:35:51|const.py|自律 开始
21:35:52|const.py|红脸判断 开始
21:35:52|util.py|getWords 识字开始
21:35:53|util.py|getWords 识字结束
21:35:53|const.py|船坞已满判断 开始
21:36:04|util.py|findPicLoop 循环找图开始 ./public/bmp/S.bmp
21:36:32|util.py|findPicLoop 循环找图结束 ./public/bmp/S.bmp
21:36:32|const.py|自律 结束
21:36:33|util.py|click 135 424
21:36:34|util.py|click 684 308
21:36:36|const.py|打捞到sr或ssr判断 开始
21:36:36|util.py|click 684 308
21:36:37|util.py|findPicLoop 循环找图开始 ./public/bmp/exp2.bmp
21:36:38|util.py|findPicLoop 循环找图结束 ./public/bmp/exp2.bmp
21:36:38|util.py|click 733 445
21:36:41|const.py|作战失败判断 开始
21:36:45|const.py|紧急委托判断 开始
21:36:46|const.py|anchorProcess 出击步骤结束
21:36:46|10通常12-4 不打boss.py|------------一把结束-----------
21:36:46|10通常12-4 不打boss.py|------------一把开始-----------
21:36:46|util.py|findPicLoop 循环找图开始 ./public/bmp/withdraw.jpg
21:36:46|util.py|findPicLoop 循环找图结束 ./public/bmp/withdraw.jpg
21:36:50|const.py|findShip 找船 开始
21:36:51|const.py|findShip 找船 结束
21:36:51|util.py|click 522 240
21:36:51|const.py|anchorProcess 出击步骤开始
21:36:52|const.py|今日不再提示判断 开始
21:36:53|util.py|findPicLoop 循环找图开始 ./public/bmp/anchor.bmp
21:36:54|util.py|findPicLoop 循环找图结束 ./public/bmp/anchor.bmp
21:36:54|util.py|click 772 429
21:36:55|const.py|自律 开始
21:36:55|const.py|红脸判断 开始
21:36:55|util.py|getWords 识字开始
21:36:56|util.py|getWords 识字结束
21:36:56|const.py|船坞已满判断 开始
21:37:07|util.py|findPicLoop 循环找图开始 ./public/bmp/S.bmp
21:37:47|util.py|findPicLoop 循环找图结束 ./public/bmp/S.bmp
21:37:47|const.py|自律 结束
21:37:48|util.py|click 135 424
21:37:49|util.py|click 684 308
21:37:51|const.py|打捞到sr或ssr判断 开始
21:37:52|util.py|click 684 308
21:37:52|util.py|findPicLoop 循环找图开始 ./public/bmp/exp2.bmp
21:37:53|util.py|findPicLoop 循环找图结束 ./public/bmp/exp2.bmp
21:37:53|util.py|click 733 445
21:37:56|const.py|作战失败判断 开始
21:38:00|const.py|紧急委托判断 开始
21:38:00|const.py|anchorProcess 出击步骤结束
21:38:00|10通常12-4 不打boss.py|------------一把结束-----------
21:38:00|util.py|findPicLoop 循环找图开始 ./public/bmp/withdraw.jpg
21:38:01|util.py|findPicLoop 循环找图结束 ./public/bmp/withdraw.jpg
21:38:01|util.py|click 563 460
21:38:01|util.py|findPicLoop 循环找图开始 ./public/bmp/OK.jpg
21:38:02|util.py|findPicLoop 循环找图结束 ./public/bmp/OK.jpg
21:38:02|util.py|click 534 347
21:38:02|10通常12-4 不打boss.py|-------------一局结束------------
21:38:02|10通常12-4 不打boss.py|-------------一局开始------------
21:38:02|const.py|intoStageProcess 进入stage步骤开始
21:38:06|util.py|click 691 368
21:38:07|util.py|findPicLoop 循环找图开始 ./public/bmp/start chapter.jpg
21:38:08|util.py|findPicLoop 循环找图结束 ./public/bmp/start chapter.jpg
21:38:08|util.py|click 642 350
21:38:09|const.py|船坞已满判断 开始
21:38:10|util.py|click 767 220
21:38:10|util.py|click 713 131
21:38:11|util.py|click 740 232
21:38:12|util.py|click 714 223
21:38:12|util.py|click 740 406
21:38:12|util.py|findPicLoop 循环找图开始 ./public/bmp/start chapter.jpg
21:38:14|util.py|findPicLoop 循环找图结束 ./public/bmp/start chapter.jpg
21:38:14|util.py|click 716 411
21:38:14|const.py|红脸判断 开始
21:38:15|util.py|getWords 识字开始
21:38:16|util.py|getWords 识字结束
21:38:16|const.py|intoStageProcess 进入stage步骤结束
21:38:16|10通常12-4 不打boss.py|------------一把开始-----------
21:38:16|util.py|findPicLoop 循环找图开始 ./public/bmp/withdraw.jpg
21:38:17|util.py|findPicLoop 循环找图结束 ./public/bmp/withdraw.jpg
21:38:21|const.py|findShip 找船 开始
21:38:22|const.py|findShip 找船 结束
21:38:22|util.py|click 586 326
21:38:22|const.py|anchorProcess 出击步骤开始
21:38:23|const.py|今日不再提示判断 开始
21:38:23|util.py|findPicLoop 循环找图开始 ./public/bmp/anchor.bmp
21:38:24|util.py|findPicLoop 循环找图结束 ./public/bmp/anchor.bmp
21:38:25|util.py|click 771 429
21:38:25|const.py|自律 开始
21:38:26|const.py|红脸判断 开始
21:38:26|util.py|getWords 识字开始
21:38:27|util.py|getWords 识字结束
21:38:27|const.py|船坞已满判断 开始
21:38:38|util.py|findPicLoop 循环找图开始 ./public/bmp/S.bmp
21:39:01|util.py|findPicLoop 循环找图结束 ./public/bmp/S.bmp
21:39:01|const.py|自律 结束
21:39:03|util.py|click 135 424
21:39:04|util.py|click 684 308
21:39:06|const.py|打捞到sr或ssr判断 开始
21:39:06|util.py|click 684 308
21:39:07|util.py|findPicLoop 循环找图开始 ./public/bmp/exp2.bmp
21:39:07|util.py|findPicLoop 循环找图结束 ./public/bmp/exp2.bmp
21:39:07|util.py|click 733 445
21:39:11|const.py|作战失败判断 开始
21:39:14|const.py|紧急委托判断 开始
21:39:15|const.py|anchorProcess 出击步骤结束
21:39:15|10通常12-4 不打boss.py|------------一把结束-----------
21:39:15|10通常12-4 不打boss.py|------------一把开始-----------
21:39:15|util.py|findPicLoop 循环找图开始 ./public/bmp/withdraw.jpg
21:39:16|util.py|findPicLoop 循环找图结束 ./public/bmp/withdraw.jpg
21:39:20|const.py|findShip 找船 开始
21:39:20|const.py|findShip 找船 结束
21:39:20|util.py|click 522 240
21:39:21|const.py|anchorProcess 出击步骤开始
21:39:22|const.py|今日不再提示判断 开始
21:39:22|util.py|findPicLoop 循环找图开始 ./public/bmp/anchor.bmp
21:39:23|util.py|findPicLoop 循环找图结束 ./public/bmp/anchor.bmp
21:39:24|util.py|click 772 429
21:39:24|const.py|自律 开始
21:39:25|const.py|红脸判断 开始
21:39:25|util.py|getWords 识字开始
21:39:26|util.py|getWords 识字结束
21:39:26|const.py|船坞已满判断 开始
21:39:37|util.py|findPicLoop 循环找图开始 ./public/bmp/S.bmp
21:40:13|util.py|findPicLoop 循环找图结束 ./public/bmp/S.bmp
21:40:13|const.py|自律 结束
21:40:14|util.py|click 135 424
21:40:15|util.py|click 684 308
21:40:17|const.py|打捞到sr或ssr判断 开始
21:40:18|util.py|click 684 308
21:40:18|util.py|findPicLoop 循环找图开始 ./public/bmp/exp2.bmp
21:40:19|util.py|findPicLoop 循环找图结束 ./public/bmp/exp2.bmp
21:40:19|util.py|click 733 445
21:40:22|const.py|作战失败判断 开始
21:40:26|const.py|紧急委托判断 开始
21:40:27|const.py|anchorProcess 出击步骤结束
21:40:27|10通常12-4 不打boss.py|------------一把结束-----------
21:40:27|util.py|findPicLoop 循环找图开始 ./public/bmp/withdraw.jpg
21:40:27|util.py|findPicLoop 循环找图结束 ./public/bmp/withdraw.jpg
21:40:27|util.py|click 563 460
21:40:28|util.py|findPicLoop 循环找图开始 ./public/bmp/OK.jpg
21:40:28|util.py|findPicLoop 循环找图结束 ./public/bmp/OK.jpg
21:40:28|util.py|click 534 347
21:40:28|10通常12-4 不打boss.py|-------------一局结束------------
21:40:28|10通常12-4 不打boss.py|-------------一局开始------------
21:40:28|const.py|intoStageProcess 进入stage步骤开始
21:40:32|util.py|click 691 368
21:40:33|util.py|findPicLoop 循环找图开始 ./public/bmp/start chapter.jpg
21:40:34|util.py|findPicLoop 循环找图结束 ./public/bmp/start chapter.jpg
21:40:34|util.py|click 642 350
21:40:35|const.py|船坞已满判断 开始
21:40:36|util.py|click 767 220
21:40:37|util.py|click 713 131
21:40:37|util.py|click 740 232
21:40:38|util.py|click 714 223
21:40:38|util.py|click 740 406
21:40:38|util.py|findPicLoop 循环找图开始 ./public/bmp/start chapter.jpg
21:40:40|util.py|findPicLoop 循环找图结束 ./public/bmp/start chapter.jpg
21:40:40|util.py|click 716 411
21:40:40|const.py|红脸判断 开始
21:40:41|util.py|getWords 识字开始
21:40:42|util.py|getWords 识字结束
21:40:42|const.py|intoStageProcess 进入stage步骤结束
21:40:42|10通常12-4 不打boss.py|------------一把开始-----------
21:40:42|util.py|findPicLoop 循环找图开始 ./public/bmp/withdraw.jpg
21:40:43|util.py|findPicLoop 循环找图结束 ./public/bmp/withdraw.jpg
21:40:47|const.py|findShip 找船 开始
21:40:47|const.py|findShip 找船 结束
21:40:47|util.py|click 488 146
21:40:48|const.py|anchorProcess 出击步骤开始
21:40:48|const.py|今日不再提示判断 开始
21:40:49|util.py|findPicLoop 循环找图开始 ./public/bmp/anchor.bmp
21:40:52|util.py|findPicLoop 循环找图结束 ./public/bmp/anchor.bmp
21:40:53|util.py|click 770 429
21:40:53|const.py|自律 开始
21:40:54|const.py|红脸判断 开始
21:40:54|util.py|getWords 识字开始
21:40:55|util.py|getWords 识字结束
21:40:55|const.py|船坞已满判断 开始
21:41:05|util.py|findPicLoop 循环找图开始 ./public/bmp/S.bmp
21:41:47|util.py|findPicLoop 循环找图结束 ./public/bmp/S.bmp
21:41:47|const.py|自律 结束
21:41:48|util.py|click 135 424
21:41:49|util.py|click 684 308
21:41:51|const.py|打捞到sr或ssr判断 开始
21:41:52|util.py|click 684 308
21:41:52|util.py|findPicLoop 循环找图开始 ./public/bmp/exp2.bmp
21:41:53|util.py|findPicLoop 循环找图结束 ./public/bmp/exp2.bmp
21:41:53|util.py|click 733 445
21:41:56|const.py|作战失败判断 开始
21:42:00|const.py|紧急委托判断 开始
21:42:00|const.py|anchorProcess 出击步骤结束
21:42:00|10通常12-4 不打boss.py|------------一把结束-----------
21:42:00|10通常12-4 不打boss.py|------------一把开始-----------
21:42:00|util.py|findPicLoop 循环找图开始 ./public/bmp/withdraw.jpg
21:42:01|util.py|findPicLoop 循环找图结束 ./public/bmp/withdraw.jpg
21:42:05|const.py|findShip 找船 开始
21:42:06|const.py|findShip 找船 结束
21:42:06|util.py|click 564 99
21:42:06|const.py|anchorProcess 出击步骤开始
21:42:07|const.py|今日不再提示判断 开始
21:42:07|util.py|findPicLoop 循环找图开始 ./public/bmp/anchor.bmp
21:42:08|util.py|findPicLoop 循环找图结束 ./public/bmp/anchor.bmp
21:42:09|util.py|click 770 429
21:42:09|const.py|自律 开始
21:42:10|const.py|红脸判断 开始
21:42:10|util.py|getWords 识字开始
21:42:11|util.py|getWords 识字结束
21:42:11|const.py|船坞已满判断 开始
21:42:22|util.py|findPicLoop 循环找图开始 ./public/bmp/S.bmp
21:43:04|util.py|findPicLoop 循环找图结束 ./public/bmp/S.bmp
21:43:04|const.py|自律 结束
21:43:05|util.py|click 135 424
21:43:06|util.py|click 684 308
21:43:08|const.py|打捞到sr或ssr判断 开始
21:43:08|util.py|click 684 308
21:43:09|util.py|findPicLoop 循环找图开始 ./public/bmp/exp2.bmp
21:43:09|util.py|findPicLoop 循环找图结束 ./public/bmp/exp2.bmp
21:43:09|util.py|click 733 445
21:43:13|const.py|作战失败判断 开始
21:43:16|const.py|紧急委托判断 开始
21:43:17|const.py|anchorProcess 出击步骤结束
21:43:17|10通常12-4 不打boss.py|------------一把结束-----------
21:43:17|util.py|findPicLoop 循环找图开始 ./public/bmp/withdraw.jpg
21:43:18|util.py|findPicLoop 循环找图结束 ./public/bmp/withdraw.jpg
21:43:18|util.py|click 563 460
21:43:18|util.py|findPicLoop 循环找图开始 ./public/bmp/OK.jpg
21:43:19|util.py|findPicLoop 循环找图结束 ./public/bmp/OK.jpg
21:43:19|util.py|click 534 347
21:43:19|10通常12-4 不打boss.py|-------------一局结束------------
21:43:19|10通常12-4 不打boss.py|-------------一局开始------------
21:43:19|const.py|intoStageProcess 进入stage步骤开始
21:43:23|util.py|click 691 368
21:43:23|util.py|findPicLoop 循环找图开始 ./public/bmp/start chapter.jpg
21:43:24|util.py|findPicLoop 循环找图结束 ./public/bmp/start chapter.jpg
21:43:24|util.py|click 642 350
21:43:25|const.py|船坞已满判断 开始
21:43:26|util.py|click 767 220
21:43:27|util.py|click 713 131
21:43:28|util.py|click 740 232
21:43:28|util.py|click 714 223
21:43:29|util.py|click 740 406
21:43:29|util.py|findPicLoop 循环找图开始 ./public/bmp/start chapter.jpg
21:43:30|util.py|findPicLoop 循环找图结束 ./public/bmp/start chapter.jpg
21:43:30|util.py|click 716 411
21:43:30|const.py|红脸判断 开始
21:43:31|util.py|getWords 识字开始
21:43:32|util.py|getWords 识字结束
21:43:32|const.py|intoStageProcess 进入stage步骤结束
21:43:32|10通常12-4 不打boss.py|------------一把开始-----------
21:43:32|util.py|findPicLoop 循环找图开始 ./public/bmp/withdraw.jpg
21:43:33|util.py|findPicLoop 循环找图结束 ./public/bmp/withdraw.jpg
21:43:37|const.py|findShip 找船 开始
21:43:38|const.py|findShip 找船 结束
21:43:38|util.py|click 409 99
21:43:38|const.py|anchorProcess 出击步骤开始
21:43:39|const.py|今日不再提示判断 开始
21:43:40|util.py|findPicLoop 循环找图开始 ./public/bmp/anchor.bmp
21:43:43|util.py|findPicLoop 循环找图结束 ./public/bmp/anchor.bmp
21:43:44|util.py|click 777 429
21:43:44|const.py|自律 开始
21:43:45|const.py|红脸判断 开始
21:43:45|util.py|getWords 识字开始
21:43:46|util.py|getWords 识字结束
21:43:46|const.py|船坞已满判断 开始
21:43:56|util.py|findPicLoop 循环找图开始 ./public/bmp/S.bmp
21:44:37|util.py|findPicLoop 循环找图结束 ./public/bmp/S.bmp
21:44:37|const.py|自律 结束
21:44:38|util.py|click 135 424
21:44:39|util.py|click 684 308
21:44:41|const.py|打捞到sr或ssr判断 开始
21:44:42|util.py|click 684 308
21:44:42|util.py|findPicLoop 循环找图开始 ./public/bmp/exp2.bmp
21:44:43|util.py|findPicLoop 循环找图结束 ./public/bmp/exp2.bmp
21:44:43|util.py|click 733 445
21:44:46|const.py|作战失败判断 开始
21:44:50|const.py|紧急委托判断 开始
21:44:50|const.py|anchorProcess 出击步骤结束
21:44:50|10通常12-4 不打boss.py|------------一把结束-----------
21:44:50|10通常12-4 不打boss.py|------------一把开始-----------
21:44:50|util.py|findPicLoop 循环找图开始 ./public/bmp/withdraw.jpg
21:44:51|util.py|findPicLoop 循环找图结束 ./public/bmp/withdraw.jpg
21:44:55|const.py|findShip 找船 开始
21:44:56|const.py|findShip 找船 结束
21:44:56|util.py|click 564 99
21:44:56|const.py|anchorProcess 出击步骤开始
21:44:57|const.py|今日不再提示判断 开始
21:44:58|util.py|findPicLoop 循环找图开始 ./public/bmp/anchor.bmp
21:44:58|util.py|findPicLoop 循环找图结束 ./public/bmp/anchor.bmp
21:44:59|util.py|click 770 429
21:44:59|const.py|自律 开始
21:45:00|const.py|红脸判断 开始
21:45:00|util.py|getWords 识字开始
21:45:01|util.py|getWords 识字结束
21:45:01|const.py|船坞已满判断 开始
21:45:12|util.py|findPicLoop 循环找图开始 ./public/bmp/S.bmp
21:45:34|util.py|findPicLoop 循环找图结束 ./public/bmp/S.bmp
21:45:34|const.py|自律 结束
21:45:35|util.py|click 135 424
21:45:36|util.py|click 684 308
21:45:38|const.py|打捞到sr或ssr判断 开始
21:45:38|util.py|click 684 308
21:45:39|util.py|findPicLoop 循环找图开始 ./public/bmp/exp2.bmp
21:45:40|util.py|findPicLoop 循环找图结束 ./public/bmp/exp2.bmp
21:45:40|util.py|click 733 445
21:45:43|const.py|作战失败判断 开始
21:45:47|const.py|紧急委托判断 开始
21:45:47|const.py|anchorProcess 出击步骤结束
21:45:47|10通常12-4 不打boss.py|------------一把结束-----------
21:45:47|util.py|findPicLoop 循环找图开始 ./public/bmp/withdraw.jpg
21:45:48|util.py|findPicLoop 循环找图结束 ./public/bmp/withdraw.jpg
21:45:48|util.py|click 563 460
21:45:48|util.py|findPicLoop 循环找图开始 ./public/bmp/OK.jpg
21:45:49|util.py|findPicLoop 循环找图结束 ./public/bmp/OK.jpg
21:45:49|util.py|click 534 347
21:45:49|10通常12-4 不打boss.py|-------------一局结束------------
21:45:49|10通常12-4 不打boss.py|-------------一局开始------------
21:45:49|const.py|intoStageProcess 进入stage步骤开始
21:45:53|util.py|click 691 368
21:45:54|util.py|findPicLoop 循环找图开始 ./public/bmp/start chapter.jpg
21:45:55|util.py|findPicLoop 循环找图结束 ./public/bmp/start chapter.jpg
21:45:55|util.py|click 642 350
21:45:56|const.py|船坞已满判断 开始
21:45:57|util.py|click 767 220
21:45:57|util.py|click 713 131
21:45:58|util.py|click 740 232
21:45:58|util.py|click 714 223
21:45:59|util.py|click 740 406
21:45:59|util.py|findPicLoop 循环找图开始 ./public/bmp/start chapter.jpg
21:46:00|util.py|findPicLoop 循环找图结束 ./public/bmp/start chapter.jpg
21:46:00|util.py|click 716 411
21:46:01|const.py|红脸判断 开始
21:46:02|util.py|getWords 识字开始
21:46:03|util.py|getWords 识字结束
21:46:03|const.py|intoStageProcess 进入stage步骤结束
21:46:03|10通常12-4 不打boss.py|------------一把开始-----------
21:46:03|util.py|findPicLoop 循环找图开始 ./public/bmp/withdraw.jpg
21:46:03|util.py|findPicLoop 循环找图结束 ./public/bmp/withdraw.jpg
21:46:07|const.py|findShip 找船 开始
21:46:08|const.py|findShip 找船 结束
21:46:08|util.py|click 409 99
21:46:09|const.py|anchorProcess 出击步骤开始
21:46:09|const.py|今日不再提示判断 开始
21:46:10|util.py|findPicLoop 循环找图开始 ./public/bmp/anchor.bmp
21:46:13|util.py|findPicLoop 循环找图结束 ./public/bmp/anchor.bmp
21:46:14|util.py|click 770 429
21:46:14|const.py|自律 开始
21:46:15|const.py|红脸判断 开始
21:46:15|util.py|getWords 识字开始
21:46:16|util.py|getWords 识字结束
21:46:16|const.py|船坞已满判断 开始
21:46:27|util.py|findPicLoop 循环找图开始 ./public/bmp/S.bmp
21:47:08|util.py|findPicLoop 循环找图结束 ./public/bmp/S.bmp
21:47:08|const.py|自律 结束
21:47:10|util.py|click 135 424
21:47:11|util.py|click 684 308
21:47:13|const.py|打捞到sr或ssr判断 开始
21:47:13|const.py|打捞到sr或者ssr
21:47:13|util.py|click 684 308
21:47:16|util.py|click 684 308
21:47:16|util.py|findPicLoop 循环找图开始 ./public/bmp/exp2.bmp
21:47:17|util.py|findPicLoop 循环找图结束 ./public/bmp/exp2.bmp
21:47:17|util.py|click 733 445
21:47:20|const.py|作战失败判断 开始
21:47:24|const.py|紧急委托判断 开始
21:47:24|const.py|anchorProcess 出击步骤结束
21:47:24|10通常12-4 不打boss.py|------------一把结束-----------
21:47:24|10通常12-4 不打boss.py|------------一把开始-----------
21:47:24|util.py|findPicLoop 循环找图开始 ./public/bmp/withdraw.jpg
21:47:25|util.py|findPicLoop 循环找图结束 ./public/bmp/withdraw.jpg
21:47:29|const.py|findShip 找船 开始
21:47:30|const.py|findShip 找船 结束
21:47:30|util.py|click 251 305
21:47:30|const.py|anchorProcess 出击步骤开始
21:47:31|const.py|今日不再提示判断 开始
21:47:32|util.py|findPicLoop 循环找图开始 ./public/bmp/anchor.bmp
21:47:34|util.py|findPicLoop 循环找图结束 ./public/bmp/anchor.bmp
21:47:35|util.py|click 770 429
21:47:36|const.py|自律 开始
21:47:36|const.py|红脸判断 开始
21:47:36|util.py|getWords 识字开始
21:47:37|util.py|getWords 识字结束
21:47:37|const.py|船坞已满判断 开始
21:47:48|util.py|findPicLoop 循环找图开始 ./public/bmp/S.bmp
21:48:28|util.py|findPicLoop 循环找图结束 ./public/bmp/S.bmp
21:48:28|const.py|自律 结束
21:48:30|util.py|click 135 424
21:48:31|util.py|click 684 308
21:48:33|const.py|打捞到sr或ssr判断 开始
21:48:33|util.py|click 684 308
21:48:34|util.py|findPicLoop 循环找图开始 ./public/bmp/exp2.bmp
21:48:34|util.py|findPicLoop 循环找图结束 ./public/bmp/exp2.bmp
21:48:34|util.py|click 733 445
21:48:37|const.py|作战失败判断 开始
21:48:41|const.py|紧急委托判断 开始
21:48:42|const.py|anchorProcess 出击步骤结束
21:48:42|10通常12-4 不打boss.py|------------一把结束-----------
21:48:42|util.py|findPicLoop 循环找图开始 ./public/bmp/withdraw.jpg
21:48:42|util.py|findPicLoop 循环找图结束 ./public/bmp/withdraw.jpg
21:48:42|util.py|click 563 460
21:48:43|util.py|findPicLoop 循环找图开始 ./public/bmp/OK.jpg
21:48:43|util.py|findPicLoop 循环找图结束 ./public/bmp/OK.jpg
21:48:43|util.py|click 534 347
21:48:44|10通常12-4 不打boss.py|-------------一局结束------------
21:48:44|10通常12-4 不打boss.py|-------------一局开始------------
21:48:44|const.py|intoStageProcess 进入stage步骤开始
21:48:48|util.py|click 691 368
21:48:48|util.py|findPicLoop 循环找图开始 ./public/bmp/start chapter.jpg
21:48:49|util.py|findPicLoop 循环找图结束 ./public/bmp/start chapter.jpg
21:48:49|util.py|click 642 350
21:48:50|const.py|船坞已满判断 开始
21:48:51|util.py|click 767 220
21:48:52|util.py|click 713 131
21:48:52|util.py|click 740 232
21:48:53|util.py|click 714 223
21:48:53|util.py|click 740 406
21:48:54|util.py|findPicLoop 循环找图开始 ./public/bmp/start chapter.jpg
21:48:55|util.py|findPicLoop 循环找图结束 ./public/bmp/start chapter.jpg
21:48:55|util.py|click 716 411
21:48:55|const.py|红脸判断 开始
21:48:56|util.py|getWords 识字开始
21:48:57|util.py|getWords 识字结束
21:48:57|const.py|intoStageProcess 进入stage步骤结束
21:48:57|10通常12-4 不打boss.py|------------一把开始-----------
21:48:57|util.py|findPicLoop 循环找图开始 ./public/bmp/withdraw.jpg
21:48:58|util.py|findPicLoop 循环找图结束 ./public/bmp/withdraw.jpg
21:49:02|const.py|findShip 找船 开始
21:49:03|const.py|findShip 找船 结束
21:49:03|util.py|click 491 260
21:49:03|const.py|anchorProcess 出击步骤开始
21:49:04|const.py|今日不再提示判断 开始
21:49:05|util.py|findPicLoop 循环找图开始 ./public/bmp/anchor.bmp
21:49:06|util.py|findPicLoop 循环找图结束 ./public/bmp/anchor.bmp
21:49:07|util.py|click 770 429
21:49:07|const.py|自律 开始
21:49:08|const.py|红脸判断 开始
21:49:08|util.py|getWords 识字开始
21:49:09|util.py|getWords 识字结束
21:49:09|const.py|船坞已满判断 开始
21:49:19|util.py|findPicLoop 循环找图开始 ./public/bmp/S.bmp
21:50:01|util.py|findPicLoop 循环找图结束 ./public/bmp/S.bmp
21:50:01|const.py|自律 结束
21:50:02|util.py|click 135 424
21:50:03|util.py|click 684 308
21:50:05|const.py|打捞到sr或ssr判断 开始
21:50:06|util.py|click 684 308
21:50:06|util.py|findPicLoop 循环找图开始 ./public/bmp/exp2.bmp
21:50:07|util.py|findPicLoop 循环找图结束 ./public/bmp/exp2.bmp
21:50:07|util.py|click 733 445
21:50:10|const.py|作战失败判断 开始
21:50:14|const.py|紧急委托判断 开始
21:50:14|const.py|anchorProcess 出击步骤结束
21:50:14|10通常12-4 不打boss.py|------------一把结束-----------
21:50:14|10通常12-4 不打boss.py|------------一把开始-----------
21:50:14|util.py|findPicLoop 循环找图开始 ./public/bmp/withdraw.jpg
21:50:15|util.py|findPicLoop 循环找图结束 ./public/bmp/withdraw.jpg
21:50:19|const.py|findShip 找船 开始
21:50:20|const.py|findShip 找船 结束
21:50:20|util.py|click 346 240
21:50:20|const.py|anchorProcess 出击步骤开始
21:50:21|const.py|今日不再提示判断 开始
21:50:22|util.py|findPicLoop 循环找图开始 ./public/bmp/anchor.bmp
21:50:22|util.py|findPicLoop 循环找图结束 ./public/bmp/anchor.bmp
21:50:23|util.py|click 772 429
21:50:24|const.py|自律 开始
21:50:24|const.py|红脸判断 开始
21:50:24|util.py|getWords 识字开始
21:50:25|util.py|getWords 识字结束
21:50:25|const.py|船坞已满判断 开始
21:50:36|util.py|findPicLoop 循环找图开始 ./public/bmp/S.bmp
21:51:16|util.py|findPicLoop 循环找图结束 ./public/bmp/S.bmp
21:51:16|const.py|自律 结束
21:51:18|util.py|click 135 424
21:51:19|util.py|click 684 308
21:51:21|const.py|打捞到sr或ssr判断 开始
21:51:21|util.py|click 684 308
21:51:22|util.py|findPicLoop 循环找图开始 ./public/bmp/exp2.bmp
21:51:23|util.py|findPicLoop 循环找图结束 ./public/bmp/exp2.bmp
21:51:23|util.py|click 733 445
21:51:26|const.py|作战失败判断 开始
21:51:30|const.py|紧急委托判断 开始
21:51:30|const.py|anchorProcess 出击步骤结束
21:51:30|10通常12-4 不打boss.py|------------一把结束-----------
21:51:30|util.py|findPicLoop 循环找图开始 ./public/bmp/withdraw.jpg
21:51:31|util.py|findPicLoop 循环找图结束 ./public/bmp/withdraw.jpg
21:51:31|util.py|click 563 460
21:51:31|util.py|findPicLoop 循环找图开始 ./public/bmp/OK.jpg
21:51:32|util.py|findPicLoop 循环找图结束 ./public/bmp/OK.jpg
21:51:32|util.py|click 534 347
21:51:32|10通常12-4 不打boss.py|-------------一局结束------------
21:51:32|10通常12-4 不打boss.py|-------------一局开始------------
21:51:32|const.py|intoStageProcess 进入stage步骤开始
21:51:36|util.py|click 691 368
21:51:36|util.py|findPicLoop 循环找图开始 ./public/bmp/start chapter.jpg
21:51:38|util.py|findPicLoop 循环找图结束 ./public/bmp/start chapter.jpg
21:51:38|util.py|click 642 350
21:51:39|const.py|船坞已满判断 开始
21:51:40|util.py|click 767 220
21:51:40|util.py|click 713 131
21:51:41|util.py|click 740 232
21:51:41|util.py|click 714 223
21:51:42|util.py|click 740 406
21:51:42|util.py|findPicLoop 循环找图开始 ./public/bmp/start chapter.jpg
21:51:43|util.py|findPicLoop 循环找图结束 ./public/bmp/start chapter.jpg
21:51:43|util.py|click 716 411
21:51:44|const.py|红脸判断 开始
21:51:45|util.py|getWords 识字开始
21:51:46|util.py|getWords 识字结束
21:51:46|const.py|intoStageProcess 进入stage步骤结束
21:51:46|10通常12-4 不打boss.py|------------一把开始-----------
21:51:46|util.py|findPicLoop 循环找图开始 ./public/bmp/withdraw.jpg
21:51:46|util.py|findPicLoop 循环找图结束 ./public/bmp/withdraw.jpg
21:51:50|const.py|findShip 找船 开始
21:51:51|const.py|findShip 找船 结束
21:51:51|util.py|click 491 260
21:51:52|const.py|anchorProcess 出击步骤开始
21:51:52|const.py|今日不再提示判断 开始
21:51:53|util.py|findPicLoop 循环找图开始 ./public/bmp/anchor.bmp
21:51:54|util.py|findPicLoop 循环找图结束 ./public/bmp/anchor.bmp
21:51:55|util.py|click 770 429
21:51:56|const.py|自律 开始
21:51:56|const.py|红脸判断 开始
21:51:56|util.py|getWords 识字开始
21:51:57|util.py|getWords 识字结束
21:51:57|const.py|船坞已满判断 开始
21:52:08|util.py|findPicLoop 循环找图开始 ./public/bmp/S.bmp
21:52:49|util.py|findPicLoop 循环找图结束 ./public/bmp/S.bmp
21:52:49|const.py|自律 结束
21:52:51|util.py|click 135 424
21:52:52|util.py|click 684 308
21:52:54|const.py|打捞到sr或ssr判断 开始
21:52:54|util.py|click 684 308
21:52:55|util.py|findPicLoop 循环找图开始 ./public/bmp/exp2.bmp
21:52:55|util.py|findPicLoop 循环找图结束 ./public/bmp/exp2.bmp
21:52:55|util.py|click 733 445
21:52:58|const.py|作战失败判断 开始
21:53:02|const.py|紧急委托判断 开始
21:53:03|const.py|anchorProcess 出击步骤结束
21:53:03|10通常12-4 不打boss.py|------------一把结束-----------
21:53:03|10通常12-4 不打boss.py|------------一把开始-----------
21:53:03|util.py|findPicLoop 循环找图开始 ./public/bmp/withdraw.jpg
21:53:03|util.py|findPicLoop 循环找图结束 ./public/bmp/withdraw.jpg
21:53:07|const.py|findShip 找船 开始
21:53:08|const.py|findShip 找船 结束
21:53:08|util.py|click 564 99
21:53:09|const.py|anchorProcess 出击步骤开始
21:53:09|const.py|今日不再提示判断 开始
21:53:10|util.py|findPicLoop 循环找图开始 ./public/bmp/anchor.bmp
21:53:12|util.py|findPicLoop 循环找图结束 ./public/bmp/anchor.bmp
21:53:13|util.py|click 770 429
21:53:13|const.py|自律 开始
21:53:14|const.py|红脸判断 开始
21:53:14|util.py|getWords 识字开始
21:53:15|util.py|getWords 识字结束
21:53:15|const.py|船坞已满判断 开始
21:53:26|util.py|findPicLoop 循环找图开始 ./public/bmp/S.bmp
21:54:07|util.py|findPicLoop 循环找图结束 ./public/bmp/S.bmp
21:54:07|const.py|自律 结束
21:54:08|util.py|click 135 424
21:54:09|util.py|click 684 308
21:54:11|const.py|打捞到sr或ssr判断 开始
21:54:12|util.py|click 684 308
21:54:12|util.py|findPicLoop 循环找图开始 ./public/bmp/exp2.bmp
21:54:12|util.py|findPicLoop 循环找图结束 ./public/bmp/exp2.bmp
21:54:12|util.py|click 733 445
21:54:16|const.py|作战失败判断 开始
21:54:20|const.py|紧急委托判断 开始
21:54:20|const.py|anchorProcess 出击步骤结束
21:54:20|10通常12-4 不打boss.py|------------一把结束-----------
21:54:20|util.py|findPicLoop 循环找图开始 ./public/bmp/withdraw.jpg
21:54:21|util.py|findPicLoop 循环找图结束 ./public/bmp/withdraw.jpg
21:54:21|util.py|click 563 460
21:54:21|util.py|findPicLoop 循环找图开始 ./public/bmp/OK.jpg
21:54:22|util.py|findPicLoop 循环找图结束 ./public/bmp/OK.jpg
21:54:22|util.py|click 534 347
21:54:22|10通常12-4 不打boss.py|-------------一局结束------------
21:54:22|10通常12-4 不打boss.py|-------------一局开始------------
21:54:22|const.py|intoStageProcess 进入stage步骤开始
21:54:26|util.py|click 691 368
21:54:26|util.py|findPicLoop 循环找图开始 ./public/bmp/start chapter.jpg
21:54:27|util.py|findPicLoop 循环找图结束 ./public/bmp/start chapter.jpg
21:54:27|util.py|click 642 350
21:54:29|const.py|船坞已满判断 开始
21:54:30|util.py|click 767 220
21:54:30|util.py|click 713 131
21:54:31|util.py|click 740 232
21:54:31|util.py|click 714 223
21:54:32|util.py|click 740 406
21:54:32|util.py|findPicLoop 循环找图开始 ./public/bmp/start chapter.jpg
21:54:33|util.py|findPicLoop 循环找图结束 ./public/bmp/start chapter.jpg
21:54:33|util.py|click 716 411
21:54:34|const.py|红脸判断 开始
21:54:35|util.py|getWords 识字开始
21:54:36|util.py|getWords 识字结束
21:54:36|const.py|intoStageProcess 进入stage步骤结束
21:54:36|10通常12-4 不打boss.py|------------一把开始-----------
21:54:36|util.py|findPicLoop 循环找图开始 ./public/bmp/withdraw.jpg
21:54:36|util.py|findPicLoop 循环找图结束 ./public/bmp/withdraw.jpg
21:54:40|const.py|findShip 找船 开始
21:54:41|const.py|findShip 找船 结束
21:54:41|util.py|click 467 254
21:54:41|const.py|anchorProcess 出击步骤开始
21:54:42|const.py|今日不再提示判断 开始
21:54:43|util.py|findPicLoop 循环找图开始 ./public/bmp/anchor.bmp
21:54:44|util.py|findPicLoop 循环找图结束 ./public/bmp/anchor.bmp
21:54:44|util.py|click 770 429
21:54:45|const.py|自律 开始
21:54:46|const.py|红脸判断 开始
21:54:46|util.py|getWords 识字开始
21:54:47|util.py|getWords 识字结束
21:54:47|const.py|船坞已满判断 开始
21:54:57|util.py|findPicLoop 循环找图开始 ./public/bmp/S.bmp
21:55:36|util.py|findPicLoop 循环找图结束 ./public/bmp/S.bmp
21:55:36|const.py|自律 结束
21:55:37|util.py|click 135 424
21:55:39|util.py|click 684 308
21:55:40|const.py|打捞到sr或ssr判断 开始
21:55:41|util.py|click 684 308
21:55:41|util.py|findPicLoop 循环找图开始 ./public/bmp/exp2.bmp
21:55:42|util.py|findPicLoop 循环找图结束 ./public/bmp/exp2.bmp
21:55:42|util.py|click 733 445
21:55:45|const.py|作战失败判断 开始
21:55:49|const.py|紧急委托判断 开始
21:55:50|const.py|anchorProcess 出击步骤结束
21:55:50|10通常12-4 不打boss.py|------------一把结束-----------
21:55:50|10通常12-4 不打boss.py|------------一把开始-----------
21:55:50|util.py|findPicLoop 循环找图开始 ./public/bmp/withdraw.jpg
21:55:50|util.py|findPicLoop 循环找图结束 ./public/bmp/withdraw.jpg
21:55:54|const.py|findShip 找船 开始
21:55:55|const.py|findShip 找船 结束
21:55:55|util.py|click 428 96
21:55:56|const.py|anchorProcess 出击步骤开始
21:55:56|const.py|今日不再提示判断 开始
21:55:57|util.py|findPicLoop 循环找图开始 ./public/bmp/anchor.bmp
21:55:59|util.py|findPicLoop 循环找图结束 ./public/bmp/anchor.bmp
21:56:00|util.py|click 770 429
21:56:00|const.py|自律 开始
21:56:01|const.py|红脸判断 开始
21:56:01|util.py|getWords 识字开始
21:56:02|util.py|getWords 识字结束
21:56:02|const.py|船坞已满判断 开始
21:56:13|util.py|findPicLoop 循环找图开始 ./public/bmp/S.bmp
21:56:37|util.py|findPicLoop 循环找图结束 ./public/bmp/S.bmp
21:56:37|const.py|自律 结束
21:56:38|util.py|click 135 424
21:56:39|util.py|click 684 308
21:56:41|const.py|打捞到sr或ssr判断 开始
21:56:41|util.py|click 684 308
21:56:42|util.py|findPicLoop 循环找图开始 ./public/bmp/exp2.bmp
21:56:42|util.py|findPicLoop 循环找图结束 ./public/bmp/exp2.bmp
21:56:42|util.py|click 733 445
21:56:46|const.py|作战失败判断 开始
21:56:49|const.py|紧急委托判断 开始
21:56:50|const.py|anchorProcess 出击步骤结束
21:56:50|10通常12-4 不打boss.py|------------一把结束-----------
21:56:50|util.py|findPicLoop 循环找图开始 ./public/bmp/withdraw.jpg
21:56:51|util.py|findPicLoop 循环找图结束 ./public/bmp/withdraw.jpg
21:56:51|util.py|click 563 460
21:56:51|util.py|findPicLoop 循环找图开始 ./public/bmp/OK.jpg
21:56:52|util.py|findPicLoop 循环找图结束 ./public/bmp/OK.jpg
21:56:52|util.py|click 534 347
21:56:52|10通常12-4 不打boss.py|-------------一局结束------------
21:56:52|10通常12-4 不打boss.py|-------------一局开始------------
21:56:52|const.py|intoStageProcess 进入stage步骤开始
21:56:56|util.py|click 691 368
21:56:56|util.py|findPicLoop 循环找图开始 ./public/bmp/start chapter.jpg
21:56:57|util.py|findPicLoop 循环找图结束 ./public/bmp/start chapter.jpg
21:56:57|util.py|click 642 350
21:56:59|const.py|船坞已满判断 开始
21:57:00|util.py|click 767 220
21:57:00|util.py|click 713 131
21:57:01|util.py|click 740 232
21:57:01|util.py|click 714 223
21:57:02|util.py|click 740 406
21:57:02|util.py|findPicLoop 循环找图开始 ./public/bmp/start chapter.jpg
21:57:03|util.py|findPicLoop 循环找图结束 ./public/bmp/start chapter.jpg
21:57:03|util.py|click 716 411
21:57:04|const.py|红脸判断 开始
21:57:05|util.py|getWords 识字开始
21:57:06|util.py|getWords 识字结束
21:57:06|const.py|intoStageProcess 进入stage步骤结束
21:57:06|10通常12-4 不打boss.py|------------一把开始-----------
21:57:06|util.py|findPicLoop 循环找图开始 ./public/bmp/withdraw.jpg
21:57:06|util.py|findPicLoop 循环找图结束 ./public/bmp/withdraw.jpg
21:57:10|const.py|findShip 找船 开始
21:57:11|const.py|findShip 找船 结束
21:57:11|util.py|click 618 88
21:57:11|const.py|anchorProcess 出击步骤开始
21:57:12|const.py|今日不再提示判断 开始
21:57:13|util.py|findPicLoop 循环找图开始 ./public/bmp/anchor.bmp
21:57:17|util.py|findPicLoop 循环找图结束 ./public/bmp/anchor.bmp
21:57:18|util.py|click 770 429
21:57:18|const.py|自律 开始
21:57:19|const.py|红脸判断 开始
21:57:19|util.py|getWords 识字开始
21:57:20|util.py|getWords 识字结束
21:57:20|const.py|船坞已满判断 开始
21:57:31|util.py|findPicLoop 循环找图开始 ./public/bmp/S.bmp
21:57:52|util.py|findPicLoop 循环找图结束 ./public/bmp/S.bmp
21:57:52|const.py|自律 结束
21:57:54|util.py|click 135 424
21:57:55|util.py|click 684 308
21:57:57|const.py|打捞到sr或ssr判断 开始
21:57:57|util.py|click 684 308
21:57:58|util.py|findPicLoop 循环找图开始 ./public/bmp/exp2.bmp
21:57:59|util.py|findPicLoop 循环找图结束 ./public/bmp/exp2.bmp
21:57:59|util.py|click 733 445
21:58:02|const.py|作战失败判断 开始
21:58:06|const.py|紧急委托判断 开始
21:58:06|const.py|anchorProcess 出击步骤结束
21:58:06|10通常12-4 不打boss.py|------------一把结束-----------
21:58:06|10通常12-4 不打boss.py|------------一把开始-----------
21:58:06|util.py|findPicLoop 循环找图开始 ./public/bmp/withdraw.jpg
21:58:07|util.py|findPicLoop 循环找图结束 ./public/bmp/withdraw.jpg
21:58:11|const.py|findShip 找船 开始
21:58:12|const.py|findShip 找船 结束
21:58:12|util.py|click 782 48
21:58:12|const.py|anchorProcess 出击步骤开始
21:58:13|const.py|今日不再提示判断 开始
21:58:14|util.py|findPicLoop 循环找图开始 ./public/bmp/anchor.bmp
21:58:15|util.py|findPicLoop 循环找图结束 ./public/bmp/anchor.bmp
21:58:16|util.py|click 770 429
21:58:16|const.py|自律 开始
21:58:17|const.py|红脸判断 开始
21:58:17|util.py|getWords 识字开始
21:58:18|util.py|getWords 识字结束
21:58:18|const.py|船坞已满判断 开始
21:58:29|util.py|findPicLoop 循环找图开始 ./public/bmp/S.bmp
21:58:52|util.py|findPicLoop 循环找图结束 ./public/bmp/S.bmp
21:58:52|const.py|自律 结束
21:58:54|util.py|click 135 424
21:58:55|util.py|click 684 308
21:58:57|const.py|打捞到sr或ssr判断 开始
21:58:57|util.py|click 684 308
21:58:58|util.py|findPicLoop 循环找图开始 ./public/bmp/exp2.bmp
21:58:58|util.py|findPicLoop 循环找图结束 ./public/bmp/exp2.bmp
21:58:58|util.py|click 733 445
21:59:01|const.py|作战失败判断 开始
21:59:05|const.py|紧急委托判断 开始
21:59:06|const.py|anchorProcess 出击步骤结束
21:59:06|10通常12-4 不打boss.py|------------一把结束-----------
21:59:06|util.py|findPicLoop 循环找图开始 ./public/bmp/withdraw.jpg
21:59:06|util.py|findPicLoop 循环找图结束 ./public/bmp/withdraw.jpg
21:59:06|util.py|click 563 460
21:59:07|util.py|findPicLoop 循环找图开始 ./public/bmp/OK.jpg
21:59:07|util.py|findPicLoop 循环找图结束 ./public/bmp/OK.jpg
21:59:07|util.py|click 534 347
21:59:08|10通常12-4 不打boss.py|-------------一局结束------------
21:59:08|10通常12-4 不打boss.py|-------------一局开始------------
21:59:08|const.py|intoStageProcess 进入stage步骤开始
21:59:12|util.py|click 691 368
21:59:12|util.py|findPicLoop 循环找图开始 ./public/bmp/start chapter.jpg
21:59:13|util.py|findPicLoop 循环找图结束 ./public/bmp/start chapter.jpg
21:59:13|util.py|click 642 350
21:59:14|const.py|船坞已满判断 开始
21:59:15|util.py|click 767 220
21:59:16|util.py|click 713 131
21:59:16|util.py|click 740 232
21:59:17|util.py|click 714 223
21:59:17|util.py|click 740 406
21:59:18|util.py|findPicLoop 循环找图开始 ./public/bmp/start chapter.jpg
21:59:19|util.py|findPicLoop 循环找图结束 ./public/bmp/start chapter.jpg
21:59:19|util.py|click 716 411
21:59:19|const.py|红脸判断 开始
21:59:20|util.py|getWords 识字开始
21:59:21|util.py|getWords 识字结束
21:59:21|const.py|intoStageProcess 进入stage步骤结束
21:59:21|10通常12-4 不打boss.py|------------一把开始-----------
21:59:21|util.py|findPicLoop 循环找图开始 ./public/bmp/withdraw.jpg
21:59:22|util.py|findPicLoop 循环找图结束 ./public/bmp/withdraw.jpg
21:59:26|const.py|findShip 找船 开始
21:59:27|const.py|findShip 找船 结束
21:59:27|util.py|click 467 254
21:59:27|const.py|anchorProcess 出击步骤开始
21:59:28|const.py|今日不再提示判断 开始
21:59:28|util.py|findPicLoop 循环找图开始 ./public/bmp/anchor.bmp
21:59:29|util.py|findPicLoop 循环找图结束 ./public/bmp/anchor.bmp
21:59:30|util.py|click 772 429
21:59:30|const.py|自律 开始
21:59:31|const.py|红脸判断 开始
21:59:31|util.py|getWords 识字开始
21:59:32|util.py|getWords 识字结束
21:59:32|const.py|船坞已满判断 开始
21:59:43|util.py|findPicLoop 循环找图开始 ./public/bmp/S.bmp
22:00:24|util.py|findPicLoop 循环找图结束 ./public/bmp/S.bmp
22:00:24|const.py|自律 结束
22:00:25|util.py|click 135 424
22:00:26|util.py|click 684 308
22:00:28|const.py|打捞到sr或ssr判断 开始
22:00:29|util.py|click 684 308
22:00:29|util.py|findPicLoop 循环找图开始 ./public/bmp/exp2.bmp
22:00:30|util.py|findPicLoop 循环找图结束 ./public/bmp/exp2.bmp
22:00:30|util.py|click 733 445
22:00:33|const.py|作战失败判断 开始
22:00:37|const.py|紧急委托判断 开始
22:00:38|const.py|anchorProcess 出击步骤结束
22:00:38|10通常12-4 不打boss.py|------------一把结束-----------
22:00:38|10通常12-4 不打boss.py|------------一把开始-----------
22:00:38|util.py|findPicLoop 循环找图开始 ./public/bmp/withdraw.jpg
22:00:38|util.py|findPicLoop 循环找图结束 ./public/bmp/withdraw.jpg
22:00:42|const.py|findShip 找船 开始
22:00:43|const.py|findShip 找船 结束
22:00:43|util.py|click 251 305
22:00:43|const.py|anchorProcess 出击步骤开始
22:00:44|const.py|今日不再提示判断 开始
22:00:45|util.py|findPicLoop 循环找图开始 ./public/bmp/anchor.bmp
22:00:47|util.py|findPicLoop 循环找图结束 ./public/bmp/anchor.bmp
22:00:48|util.py|click 770 429
22:00:48|const.py|自律 开始
22:00:49|const.py|红脸判断 开始
22:00:49|util.py|getWords 识字开始
22:00:50|util.py|getWords 识字结束
22:00:50|const.py|船坞已满判断 开始
22:01:01|util.py|findPicLoop 循环找图开始 ./public/bmp/S.bmp
22:01:26|util.py|findPicLoop 循环找图结束 ./public/bmp/S.bmp
22:01:26|const.py|自律 结束
22:01:27|util.py|click 135 424
22:01:28|util.py|click 684 308
22:01:30|const.py|打捞到sr或ssr判断 开始
22:01:30|util.py|click 684 308
22:01:31|util.py|findPicLoop 循环找图开始 ./public/bmp/exp2.bmp
22:01:31|util.py|findPicLoop 循环找图结束 ./public/bmp/exp2.bmp
22:01:31|util.py|click 733 445
22:01:35|const.py|作战失败判断 开始
22:01:38|const.py|紧急委托判断 开始
22:01:39|const.py|anchorProcess 出击步骤结束
22:01:39|10通常12-4 不打boss.py|------------一把结束-----------
22:01:39|util.py|findPicLoop 循环找图开始 ./public/bmp/withdraw.jpg
22:01:40|util.py|findPicLoop 循环找图结束 ./public/bmp/withdraw.jpg
22:01:40|util.py|click 563 460
22:01:40|util.py|findPicLoop 循环找图开始 ./public/bmp/OK.jpg
22:01:41|util.py|findPicLoop 循环找图结束 ./public/bmp/OK.jpg
22:01:41|util.py|click 534 347
22:01:41|10通常12-4 不打boss.py|-------------一局结束------------
22:01:41|10通常12-4 不打boss.py|-------------一局开始------------
22:01:41|const.py|intoStageProcess 进入stage步骤开始
22:01:45|util.py|click 691 368
22:01:45|util.py|findPicLoop 循环找图开始 ./public/bmp/start chapter.jpg
22:01:46|util.py|findPicLoop 循环找图结束 ./public/bmp/start chapter.jpg
22:01:46|util.py|click 642 350
22:01:47|const.py|船坞已满判断 开始
22:01:48|const.py|船坞已满
22:01:48|util.py|click 296 347
22:01:49|const.py|retireProcess 退役步骤开始
22:01:51|util.py|findPicLoop 循环找图开始 ./public/bmp/retire.jpg
22:01:52|util.py|findPicLoop 循环找图结束 ./public/bmp/retire.jpg
22:01:52|util.py|click 487 452
22:01:53|util.py|findPicLoop 循环找图开始 ./public/bmp/OK.jpg
22:01:53|util.py|findPicLoop 循环找图结束 ./public/bmp/OK.jpg
22:01:53|util.py|click 685 438
22:01:54|util.py|findPicLoop 循环找图开始 ./public/bmp/get_items.bmp
22:01:55|util.py|findPicLoop 循环找图结束 ./public/bmp/get_items.bmp
22:01:55|util.py|click 435 157
22:01:56|util.py|findPicLoop 循环找图开始 ./public/bmp/OK.jpg
22:01:56|util.py|findPicLoop 循环找图结束 ./public/bmp/OK.jpg
22:01:56|util.py|click 647 369
22:01:57|util.py|findPicLoop 循环找图开始 ./public/bmp/OK.jpg
22:01:58|util.py|findPicLoop 循环找图结束 ./public/bmp/OK.jpg
22:01:58|util.py|click 546 386
22:01:58|util.py|findPicLoop 循环找图开始 ./public/bmp/get_items.bmp
22:01:59|util.py|findPicLoop 循环找图结束 ./public/bmp/get_items.bmp
22:01:59|util.py|click 435 157
22:02:00|util.py|findPicLoop 循环找图开始 ./public/bmp/back.jpg
22:02:00|util.py|findPicLoop 循环找图结束 ./public/bmp/back.jpg
22:02:00|util.py|click 38 33
22:02:01|const.py|retireProcess 退役步骤结束
22:02:05|util.py|click 691 368
22:02:05|util.py|findPicLoop 循环找图开始 ./public/bmp/start chapter.jpg
22:02:06|util.py|findPicLoop 循环找图结束 ./public/bmp/start chapter.jpg
22:02:06|util.py|click 642 350
22:02:07|util.py|click 767 220
22:02:08|util.py|click 713 131
22:02:08|util.py|click 740 232
22:02:09|util.py|click 714 223
22:02:09|util.py|click 740 406
22:02:10|util.py|findPicLoop 循环找图开始 ./public/bmp/start chapter.jpg
22:02:11|util.py|findPicLoop 循环找图结束 ./public/bmp/start chapter.jpg
22:02:11|util.py|click 716 411
22:02:11|const.py|红脸判断 开始
22:02:12|util.py|getWords 识字开始
22:02:13|util.py|getWords 识字结束
22:02:13|const.py|intoStageProcess 进入stage步骤结束
22:02:13|10通常12-4 不打boss.py|------------一把开始-----------
22:02:13|util.py|findPicLoop 循环找图开始 ./public/bmp/withdraw.jpg
22:02:14|util.py|findPicLoop 循环找图结束 ./public/bmp/withdraw.jpg
22:02:18|const.py|findShip 找船 开始
22:02:19|const.py|findShip 找船 结束
22:02:19|util.py|click 435 305
22:02:19|const.py|anchorProcess 出击步骤开始
22:02:20|const.py|今日不再提示判断 开始
22:02:20|util.py|findPicLoop 循环找图开始 ./public/bmp/anchor.bmp
22:02:21|util.py|findPicLoop 循环找图结束 ./public/bmp/anchor.bmp
22:02:22|util.py|click 770 429
22:02:22|const.py|自律 开始
22:02:23|const.py|红脸判断 开始
22:02:23|util.py|getWords 识字开始
22:02:24|util.py|getWords 识字结束
22:02:24|const.py|船坞已满判断 开始
22:02:35|util.py|findPicLoop 循环找图开始 ./public/bmp/S.bmp
22:03:01|util.py|findPicLoop 循环找图结束 ./public/bmp/S.bmp
22:03:01|const.py|自律 结束
22:03:02|util.py|click 135 424
22:03:04|util.py|click 684 308
22:03:06|const.py|打捞到sr或ssr判断 开始
22:03:06|util.py|click 684 308
22:03:06|util.py|findPicLoop 循环找图开始 ./public/bmp/exp2.bmp
22:03:07|util.py|findPicLoop 循环找图结束 ./public/bmp/exp2.bmp
22:03:07|util.py|click 733 445
22:03:10|const.py|作战失败判断 开始
22:03:14|const.py|紧急委托判断 开始
22:03:15|const.py|anchorProcess 出击步骤结束
22:03:15|10通常12-4 不打boss.py|------------一把结束-----------
22:03:15|10通常12-4 不打boss.py|------------一把开始-----------
22:03:15|util.py|findPicLoop 循环找图开始 ./public/bmp/withdraw.jpg
22:03:15|util.py|findPicLoop 循环找图结束 ./public/bmp/withdraw.jpg
22:03:19|const.py|findShip 找船 开始
22:03:20|const.py|findShip 找船 结束
22:03:20|util.py|click 497 258
22:03:21|const.py|anchorProcess 出击步骤开始
22:03:21|const.py|今日不再提示判断 开始
22:03:22|util.py|findPicLoop 循环找图开始 ./public/bmp/anchor.bmp
22:03:23|util.py|findPicLoop 循环找图结束 ./public/bmp/anchor.bmp
22:03:24|util.py|click 772 429
22:03:24|const.py|自律 开始
22:03:25|const.py|红脸判断 开始
22:03:25|util.py|getWords 识字开始
22:03:26|util.py|getWords 识字结束
22:03:26|const.py|船坞已满判断 开始
22:03:36|util.py|findPicLoop 循环找图开始 ./public/bmp/S.bmp
22:04:00|util.py|findPicLoop 循环找图结束 ./public/bmp/S.bmp
22:04:00|const.py|自律 结束
22:04:01|util.py|click 135 424
22:04:02|util.py|click 684 308
22:04:04|const.py|打捞到sr或ssr判断 开始
22:04:04|util.py|click 684 308
22:04:05|util.py|findPicLoop 循环找图开始 ./public/bmp/exp2.bmp
22:04:05|util.py|findPicLoop 循环找图结束 ./public/bmp/exp2.bmp
22:04:05|util.py|click 733 445
22:04:09|const.py|作战失败判断 开始
22:04:12|const.py|紧急委托判断 开始
22:04:13|const.py|anchorProcess 出击步骤结束
22:04:13|10通常12-4 不打boss.py|------------一把结束-----------
22:04:13|util.py|findPicLoop 循环找图开始 ./public/bmp/withdraw.jpg
22:04:14|util.py|findPicLoop 循环找图结束 ./public/bmp/withdraw.jpg
22:04:14|util.py|click 563 460
22:04:14|util.py|findPicLoop 循环找图开始 ./public/bmp/OK.jpg
22:04:15|util.py|findPicLoop 循环找图结束 ./public/bmp/OK.jpg
22:04:15|util.py|click 534 347
22:04:15|10通常12-4 不打boss.py|-------------一局结束------------
22:04:15|10通常12-4 不打boss.py|-------------一局开始------------
22:04:15|const.py|intoStageProcess 进入stage步骤开始
22:04:19|util.py|click 691 368
22:04:19|util.py|findPicLoop 循环找图开始 ./public/bmp/start chapter.jpg
22:04:20|util.py|findPicLoop 循环找图结束 ./public/bmp/start chapter.jpg
22:04:20|util.py|click 642 350
22:04:21|const.py|船坞已满判断 开始
22:04:23|util.py|click 767 220
22:04:23|util.py|click 713 131
22:04:24|util.py|click 740 232
22:04:24|util.py|click 714 223
22:04:25|util.py|click 740 406
22:04:25|util.py|findPicLoop 循环找图开始 ./public/bmp/start chapter.jpg
22:04:26|util.py|findPicLoop 循环找图结束 ./public/bmp/start chapter.jpg
22:04:26|util.py|click 716 411
22:04:26|const.py|红脸判断 开始
22:04:27|util.py|getWords 识字开始
22:04:28|util.py|getWords 识字结束
22:04:28|const.py|红脸
22:04:28|util.py|findPicLoop 循环找图开始 ./public/bmp/OK.jpg
22:04:29|util.py|findPicLoop 循环找图结束 ./public/bmp/OK.jpg
22:04:29|util.py|click 534 347
22:04:29|const.py|intoStageProcess 进入stage步骤结束
22:04:29|10通常12-4 不打boss.py|------------一把开始-----------
22:04:29|util.py|findPicLoop 循环找图开始 ./public/bmp/withdraw.jpg
22:04:30|util.py|findPicLoop 循环找图结束 ./public/bmp/withdraw.jpg
22:04:34|const.py|findShip 找船 开始
22:04:35|const.py|findShip 找船 结束
22:04:35|util.py|click 251 305
22:04:35|const.py|anchorProcess 出击步骤开始
22:04:36|const.py|今日不再提示判断 开始
22:04:37|util.py|findPicLoop 循环找图开始 ./public/bmp/anchor.bmp
22:04:39|util.py|findPicLoop 循环找图结束 ./public/bmp/anchor.bmp
22:04:40|util.py|click 770 429
22:04:40|const.py|自律 开始
22:04:41|const.py|红脸判断 开始
22:04:41|util.py|getWords 识字开始
22:04:42|util.py|getWords 识字结束
22:04:42|const.py|我是粪提 结束
22:04:42|util.py|findPicLoop 循环找图开始 ./public/bmp/OK.jpg
22:04:42|util.py|findPicLoop 循环找图结束 ./public/bmp/OK.jpg
22:04:42|util.py|click 534 347
22:04:44|const.py|船坞已满判断 开始
22:04:55|util.py|findPicLoop 循环找图开始 ./public/bmp/S.bmp
22:05:19|util.py|findPicLoop 循环找图结束 ./public/bmp/S.bmp
22:05:19|const.py|自律 结束
22:05:20|util.py|click 135 424
22:05:21|util.py|click 684 308
22:05:23|const.py|打捞到sr或ssr判断 开始
22:05:24|util.py|click 684 308
22:05:24|util.py|findPicLoop 循环找图开始 ./public/bmp/exp2.bmp
22:05:25|util.py|findPicLoop 循环找图结束 ./public/bmp/exp2.bmp
22:05:25|util.py|click 733 445
22:05:28|const.py|作战失败判断 开始
