18:35:12|1每日.py|每日脚本开始
18:35:13|const.py|backMainProcess 返回主页面开始
18:35:14|const.py|backMainProcess 返回主页面结束
18:35:14|util.py|findPicLoop 循环找图开始 ./public/bmp/weigh anchor.jpg
18:35:15|util.py|findPicLoop 循环找图结束 ./public/bmp/weigh anchor.jpg
18:35:15|util.py|click 729 244
18:35:16|util.py|findPicLoop 循环找图开始 ./public/bmp/daily task.jpg
18:35:17|util.py|findPicLoop 循环找图结束 ./public/bmp/daily task.jpg
18:35:17|util.py|click 487 413
18:35:18|util.py|getNumbers 识数字开始
18:35:19|util.py|getNumbers 识数字结束
18:35:19|util.py|click 55 288
18:35:20|util.py|click 353 305
18:35:21|util.py|click 503 134
18:35:22|const.py|anchorProcess 出击步骤开始
18:35:23|const.py|今日不再提示判断 开始
18:35:24|util.py|click 603 109
18:35:24|const.py|今日不再提示
18:35:24|util.py|findPicLoop 循环找图开始 ./public/bmp/anchor.bmp
18:35:25|util.py|findPicLoop 循环找图结束 ./public/bmp/anchor.bmp
18:35:26|util.py|click 770 429
18:35:26|const.py|自律 开始
18:35:27|const.py|船坞已满判断 开始
18:35:38|util.py|findPicLoop 循环找图开始 ./public/bmp/S.bmp
18:36:41|util.py|findPicLoop 循环找图结束 ./public/bmp/S.bmp
18:36:41|const.py|自律 结束
18:36:42|util.py|click 135 424
18:36:43|util.py|click 684 308
18:36:45|const.py|打捞到sr或ssr判断 开始
18:36:46|util.py|click 684 308
18:36:46|util.py|findPicLoop 循环找图开始 ./public/bmp/exp2.bmp
18:36:47|util.py|findPicLoop 循环找图结束 ./public/bmp/exp2.bmp
18:36:47|util.py|click 733 445
18:36:50|const.py|作战失败判断 开始
18:36:54|const.py|紧急委托判断 开始
18:36:54|const.py|anchorProcess 出击步骤结束
18:36:54|util.py|click 503 134
18:36:55|const.py|anchorProcess 出击步骤开始
18:36:56|const.py|今日不再提示判断 开始
18:36:57|util.py|findPicLoop 循环找图开始 ./public/bmp/anchor.bmp
18:36:57|util.py|findPicLoop 循环找图结束 ./public/bmp/anchor.bmp
18:36:58|util.py|click 770 429
18:36:59|const.py|自律 开始
18:36:59|const.py|船坞已满判断 开始
18:37:10|util.py|findPicLoop 循环找图开始 ./public/bmp/S.bmp
18:38:11|util.py|findPicLoop 循环找图结束 ./public/bmp/S.bmp
18:38:11|const.py|自律 结束
18:38:13|util.py|click 135 424
18:38:14|util.py|click 684 308
18:38:16|const.py|打捞到sr或ssr判断 开始
18:38:16|util.py|click 684 308
18:38:17|util.py|findPicLoop 循环找图开始 ./public/bmp/exp2.bmp
18:38:17|util.py|findPicLoop 循环找图结束 ./public/bmp/exp2.bmp
18:38:17|util.py|click 733 445
18:38:20|const.py|作战失败判断 开始
18:38:24|const.py|紧急委托判断 开始
18:38:25|const.py|anchorProcess 出击步骤结束
18:38:25|util.py|click 503 134
18:38:26|const.py|anchorProcess 出击步骤开始
18:38:27|const.py|今日不再提示判断 开始
18:38:27|util.py|findPicLoop 循环找图开始 ./public/bmp/anchor.bmp
18:38:28|util.py|findPicLoop 循环找图结束 ./public/bmp/anchor.bmp
18:38:29|util.py|click 770 429
18:38:29|const.py|自律 开始
18:38:30|const.py|船坞已满判断 开始
18:38:41|util.py|findPicLoop 循环找图开始 ./public/bmp/S.bmp
18:39:42|util.py|findPicLoop 循环找图结束 ./public/bmp/S.bmp
18:39:42|const.py|自律 结束
18:39:44|util.py|click 135 424
18:39:45|util.py|click 684 308
18:39:47|const.py|打捞到sr或ssr判断 开始
18:39:47|util.py|click 684 308
18:39:47|util.py|findPicLoop 循环找图开始 ./public/bmp/exp2.bmp
18:39:48|util.py|findPicLoop 循环找图结束 ./public/bmp/exp2.bmp
18:39:48|util.py|click 733 445
18:39:51|const.py|作战失败判断 开始
18:39:55|const.py|紧急委托判断 开始
18:39:56|const.py|anchorProcess 出击步骤结束
18:39:56|util.py|findPicLoop 循环找图开始 ./public/bmp/back.jpg
18:39:56|util.py|findPicLoop 循环找图结束 ./public/bmp/back.jpg
18:39:57|util.py|click 38 33
18:39:57|util.py|findPicLoop 循环找图开始 ./public/bmp/back.jpg
18:39:59|util.py|findPicLoop 循环找图结束 ./public/bmp/back.jpg
18:39:59|util.py|click 38 33
18:40:00|util.py|findPicLoop 循环找图开始 ./public/bmp/daily task.jpg
18:40:01|util.py|findPicLoop 循环找图结束 ./public/bmp/daily task.jpg
18:40:01|util.py|click 487 413
18:40:03|util.py|getNumbers 识数字开始
18:40:04|util.py|getNumbers 识数字结束
18:40:04|util.py|click 353 305
18:40:06|util.py|click 503 134
18:40:07|const.py|anchorProcess 出击步骤开始
18:40:08|const.py|今日不再提示判断 开始
18:40:08|util.py|findPicLoop 循环找图开始 ./public/bmp/anchor.bmp
18:40:09|util.py|findPicLoop 循环找图结束 ./public/bmp/anchor.bmp
18:40:10|util.py|click 770 429
18:40:10|const.py|自律 开始
18:40:11|const.py|船坞已满判断 开始
18:40:22|util.py|findPicLoop 循环找图开始 ./public/bmp/S.bmp
18:40:46|util.py|findPicLoop 循环找图结束 ./public/bmp/S.bmp
18:40:46|const.py|自律 结束
18:40:48|util.py|click 135 424
18:40:49|util.py|click 684 308
18:40:51|const.py|打捞到sr或ssr判断 开始
18:40:51|util.py|click 684 308
18:40:51|util.py|findPicLoop 循环找图开始 ./public/bmp/exp2.bmp
18:40:52|util.py|findPicLoop 循环找图结束 ./public/bmp/exp2.bmp
18:40:52|util.py|click 733 445
18:40:55|const.py|作战失败判断 开始
18:40:59|const.py|紧急委托判断 开始
18:41:00|const.py|anchorProcess 出击步骤结束
18:41:00|util.py|click 503 134
18:41:01|const.py|anchorProcess 出击步骤开始
18:41:01|const.py|今日不再提示判断 开始
18:41:02|util.py|findPicLoop 循环找图开始 ./public/bmp/anchor.bmp
18:41:03|util.py|findPicLoop 循环找图结束 ./public/bmp/anchor.bmp
18:41:04|util.py|click 770 429
18:41:04|const.py|自律 开始
18:41:05|const.py|船坞已满判断 开始
18:41:16|util.py|findPicLoop 循环找图开始 ./public/bmp/S.bmp
18:41:40|util.py|findPicLoop 循环找图结束 ./public/bmp/S.bmp
18:41:40|const.py|自律 结束
18:41:41|util.py|click 135 424
18:41:42|util.py|click 684 308
18:41:44|const.py|打捞到sr或ssr判断 开始
18:41:45|util.py|click 684 308
18:41:45|util.py|findPicLoop 循环找图开始 ./public/bmp/exp2.bmp
18:41:46|util.py|findPicLoop 循环找图结束 ./public/bmp/exp2.bmp
18:41:46|util.py|click 733 445
18:41:49|const.py|作战失败判断 开始
18:41:53|const.py|紧急委托判断 开始
18:41:53|const.py|anchorProcess 出击步骤结束
18:41:53|util.py|click 503 134
18:41:54|const.py|anchorProcess 出击步骤开始
18:41:55|const.py|今日不再提示判断 开始
18:41:56|util.py|findPicLoop 循环找图开始 ./public/bmp/anchor.bmp
18:41:56|util.py|findPicLoop 循环找图结束 ./public/bmp/anchor.bmp
18:41:57|util.py|click 770 429
18:41:58|const.py|自律 开始
18:41:58|const.py|船坞已满判断 开始
18:42:09|util.py|findPicLoop 循环找图开始 ./public/bmp/S.bmp
18:42:33|util.py|findPicLoop 循环找图结束 ./public/bmp/S.bmp
18:42:33|const.py|自律 结束
18:42:34|util.py|click 135 424
18:42:35|util.py|click 684 308
18:42:37|const.py|打捞到sr或ssr判断 开始
18:42:38|util.py|click 684 308
18:42:38|util.py|findPicLoop 循环找图开始 ./public/bmp/exp2.bmp
18:42:38|util.py|findPicLoop 循环找图结束 ./public/bmp/exp2.bmp
18:42:38|util.py|click 733 445
18:42:42|const.py|作战失败判断 开始
18:42:45|const.py|紧急委托判断 开始
18:42:46|const.py|anchorProcess 出击步骤结束
18:42:46|util.py|findPicLoop 循环找图开始 ./public/bmp/back.jpg
18:42:47|util.py|findPicLoop 循环找图结束 ./public/bmp/back.jpg
18:42:47|util.py|click 38 33
18:42:49|const.py|backMainProcess 返回主页面开始
18:42:50|util.py|click 838 22
18:42:55|2演习.py|演习脚本开始
18:42:56|const.py|backMainProcess 返回主页面开始
18:42:57|const.py|backMainProcess 返回主页面结束
18:42:57|util.py|findPicLoop 循环找图开始 ./public/bmp/weigh anchor.jpg
18:42:57|util.py|findPicLoop 循环找图结束 ./public/bmp/weigh anchor.jpg
18:42:57|util.py|click 729 244
18:42:58|util.py|findPicLoop 循环找图开始 ./public/bmp/exercise.jpg
18:42:59|util.py|findPicLoop 循环找图结束 ./public/bmp/exercise.jpg
18:42:59|util.py|click 700 413
18:43:01|util.py|getNumbers 识数字开始
18:43:02|util.py|getNumbers 识数字结束
18:43:02|util.py|getNumbers 识数字开始
18:43:03|util.py|getNumbers 识数字结束
18:43:03|util.py|getNumbers 识数字开始
18:43:04|util.py|getNumbers 识数字结束
18:43:04|util.py|getNumbers 识数字开始
18:43:05|util.py|getNumbers 识数字结束
18:43:05|util.py|getNumbers 识数字开始
18:43:06|util.py|getNumbers 识数字结束
18:43:06|util.py|click 487 175
18:43:07|util.py|findPicLoop 循环找图开始 ./public/bmp/start excise.jpg
18:43:07|util.py|findPicLoop 循环找图结束 ./public/bmp/start excise.jpg
18:43:07|util.py|click 433 384
18:43:08|const.py|anchorProcess 出击步骤开始
18:43:09|const.py|今日不再提示判断 开始
18:43:10|util.py|findPicLoop 循环找图开始 ./public/bmp/anchor.bmp
18:43:10|util.py|findPicLoop 循环找图结束 ./public/bmp/anchor.bmp
18:43:11|util.py|click 770 429
18:43:11|const.py|自律 开始
18:43:12|const.py|船坞已满判断 开始
18:43:23|util.py|findPicLoop 循环找图开始 ./public/bmp/S.bmp
18:43:33|util.py|findPicLoop 循环找图结束 ./public/bmp/S.bmp
18:43:33|const.py|自律 结束
18:43:34|util.py|click 135 424
18:43:35|util.py|click 684 308
18:43:37|const.py|打捞到sr或ssr判断 开始
18:43:38|util.py|click 684 308
18:43:38|util.py|findPicLoop 循环找图开始 ./public/bmp/exp2.bmp
18:43:39|util.py|findPicLoop 循环找图结束 ./public/bmp/exp2.bmp
18:43:39|util.py|click 733 445
18:43:42|const.py|作战失败判断 开始
18:43:45|const.py|紧急委托判断 开始
18:43:46|const.py|anchorProcess 出击步骤结束
18:43:47|util.py|getNumbers 识数字开始
18:43:48|util.py|getNumbers 识数字结束
18:43:48|util.py|getNumbers 识数字开始
18:43:49|util.py|getNumbers 识数字结束
18:43:49|util.py|getNumbers 识数字开始
18:43:50|util.py|getNumbers 识数字结束
18:43:50|util.py|getNumbers 识数字开始
18:43:51|util.py|getNumbers 识数字结束
18:43:51|util.py|getNumbers 识数字开始
18:43:52|util.py|getNumbers 识数字结束
18:43:52|util.py|click 322 173
18:43:53|util.py|findPicLoop 循环找图开始 ./public/bmp/start excise.jpg
18:43:53|util.py|findPicLoop 循环找图结束 ./public/bmp/start excise.jpg
18:43:53|util.py|click 433 384
18:43:54|const.py|anchorProcess 出击步骤开始
18:43:55|const.py|今日不再提示判断 开始
18:43:56|util.py|findPicLoop 循环找图开始 ./public/bmp/anchor.bmp
18:43:56|util.py|findPicLoop 循环找图结束 ./public/bmp/anchor.bmp
18:43:57|util.py|click 770 429
18:43:58|const.py|自律 开始
18:43:58|const.py|船坞已满判断 开始
18:44:09|util.py|findPicLoop 循环找图开始 ./public/bmp/S.bmp
18:44:18|util.py|findPicLoop 循环找图结束 ./public/bmp/S.bmp
18:44:18|const.py|自律 结束
18:44:19|util.py|click 135 424
18:44:20|util.py|click 684 308
18:44:22|const.py|打捞到sr或ssr判断 开始
18:44:23|util.py|click 684 308
18:44:23|util.py|findPicLoop 循环找图开始 ./public/bmp/exp2.bmp
18:44:24|util.py|findPicLoop 循环找图结束 ./public/bmp/exp2.bmp
18:44:24|util.py|click 733 445
18:44:27|const.py|作战失败判断 开始
18:44:31|const.py|紧急委托判断 开始
18:44:31|const.py|anchorProcess 出击步骤结束
18:44:32|util.py|getNumbers 识数字开始
18:44:33|util.py|getNumbers 识数字结束
18:44:33|util.py|getNumbers 识数字开始
18:44:34|util.py|getNumbers 识数字结束
18:44:34|util.py|getNumbers 识数字开始
18:44:35|util.py|getNumbers 识数字结束
18:44:35|util.py|getNumbers 识数字开始
18:44:36|util.py|getNumbers 识数字结束
18:44:36|util.py|getNumbers 识数字开始
18:44:38|util.py|getNumbers 识数字结束
18:44:38|util.py|click 322 173
18:44:38|util.py|findPicLoop 循环找图开始 ./public/bmp/start excise.jpg
18:44:39|util.py|findPicLoop 循环找图结束 ./public/bmp/start excise.jpg
18:44:39|util.py|click 433 384
18:44:40|const.py|anchorProcess 出击步骤开始
18:44:41|const.py|今日不再提示判断 开始
18:44:42|util.py|findPicLoop 循环找图开始 ./public/bmp/anchor.bmp
18:44:42|util.py|findPicLoop 循环找图结束 ./public/bmp/anchor.bmp
18:44:43|util.py|click 770 429
18:44:43|const.py|自律 开始
18:44:44|const.py|船坞已满判断 开始
18:44:55|util.py|findPicLoop 循环找图开始 ./public/bmp/S.bmp
18:45:00|util.py|findPicLoop 循环找图结束 ./public/bmp/S.bmp
18:45:00|const.py|自律 结束
18:45:01|util.py|click 135 424
18:45:02|util.py|click 684 308
18:45:04|const.py|打捞到sr或ssr判断 开始
18:45:05|util.py|click 684 308
18:45:05|util.py|findPicLoop 循环找图开始 ./public/bmp/exp2.bmp
18:45:05|util.py|findPicLoop 循环找图结束 ./public/bmp/exp2.bmp
18:45:05|util.py|click 733 445
18:45:09|const.py|作战失败判断 开始
18:45:12|const.py|紧急委托判断 开始
18:45:13|const.py|anchorProcess 出击步骤结束
18:45:14|util.py|getNumbers 识数字开始
18:45:15|util.py|getNumbers 识数字结束
18:45:15|util.py|getNumbers 识数字开始
18:45:16|util.py|getNumbers 识数字结束
18:45:16|util.py|getNumbers 识数字开始
18:45:17|util.py|getNumbers 识数字结束
18:45:17|util.py|getNumbers 识数字开始
18:45:18|util.py|getNumbers 识数字结束
18:45:18|util.py|getNumbers 识数字开始
18:45:19|util.py|getNumbers 识数字结束
18:45:19|util.py|click 654 173
18:45:20|util.py|findPicLoop 循环找图开始 ./public/bmp/start excise.jpg
18:45:21|util.py|findPicLoop 循环找图结束 ./public/bmp/start excise.jpg
18:45:21|util.py|click 433 384
18:45:21|const.py|anchorProcess 出击步骤开始
18:45:22|const.py|今日不再提示判断 开始
18:45:23|util.py|findPicLoop 循环找图开始 ./public/bmp/anchor.bmp
18:45:23|util.py|findPicLoop 循环找图结束 ./public/bmp/anchor.bmp
18:45:24|util.py|click 770 429
18:45:25|const.py|自律 开始
18:45:25|const.py|船坞已满判断 开始
18:45:36|util.py|findPicLoop 循环找图开始 ./public/bmp/S.bmp
18:45:43|util.py|findPicLoop 循环找图结束 ./public/bmp/S.bmp
18:45:43|const.py|自律 结束
18:45:44|util.py|click 135 424
18:45:45|util.py|click 684 308
18:45:47|const.py|打捞到sr或ssr判断 开始
18:45:48|util.py|click 684 308
18:45:48|util.py|findPicLoop 循环找图开始 ./public/bmp/exp2.bmp
18:45:49|util.py|findPicLoop 循环找图结束 ./public/bmp/exp2.bmp
18:45:49|util.py|click 733 445
18:45:52|const.py|作战失败判断 开始
18:45:55|const.py|紧急委托判断 开始
18:45:56|const.py|anchorProcess 出击步骤结束
18:45:57|util.py|getNumbers 识数字开始
18:45:58|util.py|getNumbers 识数字结束
18:45:58|util.py|getNumbers 识数字开始
18:45:59|util.py|getNumbers 识数字结束
18:45:59|util.py|getNumbers 识数字开始
18:46:00|util.py|getNumbers 识数字结束
18:46:00|util.py|getNumbers 识数字开始
18:46:01|util.py|getNumbers 识数字结束
18:46:01|util.py|getNumbers 识数字开始
18:46:02|util.py|getNumbers 识数字结束
18:46:02|util.py|click 157 170
18:46:03|util.py|findPicLoop 循环找图开始 ./public/bmp/start excise.jpg
18:46:03|util.py|findPicLoop 循环找图结束 ./public/bmp/start excise.jpg
18:46:03|util.py|click 433 384
18:46:04|const.py|anchorProcess 出击步骤开始
18:46:05|const.py|今日不再提示判断 开始
18:46:06|util.py|findPicLoop 循环找图开始 ./public/bmp/anchor.bmp
18:46:06|util.py|findPicLoop 循环找图结束 ./public/bmp/anchor.bmp
18:46:07|util.py|click 770 429
18:46:07|const.py|自律 开始
18:46:08|const.py|船坞已满判断 开始
18:46:19|util.py|findPicLoop 循环找图开始 ./public/bmp/S.bmp
18:46:24|util.py|findPicLoop 循环找图结束 ./public/bmp/S.bmp
18:46:24|const.py|自律 结束
18:46:25|util.py|click 135 424
18:46:26|util.py|click 684 308
18:46:28|const.py|打捞到sr或ssr判断 开始
18:46:28|util.py|click 684 308
18:46:29|util.py|findPicLoop 循环找图开始 ./public/bmp/exp2.bmp
18:46:29|util.py|findPicLoop 循环找图结束 ./public/bmp/exp2.bmp
18:46:29|util.py|click 733 445
18:46:33|const.py|作战失败判断 开始
18:46:36|const.py|紧急委托判断 开始
18:46:37|const.py|anchorProcess 出击步骤结束
18:46:38|util.py|getNumbers 识数字开始
18:46:39|util.py|getNumbers 识数字结束
18:46:39|util.py|getNumbers 识数字开始
18:46:40|util.py|getNumbers 识数字结束
18:46:40|util.py|getNumbers 识数字开始
18:46:41|util.py|getNumbers 识数字结束
18:46:41|util.py|getNumbers 识数字开始
18:46:42|util.py|getNumbers 识数字结束
18:46:42|util.py|getNumbers 识数字开始
18:46:43|util.py|getNumbers 识数字结束
18:46:43|util.py|click 157 170
18:46:44|util.py|findPicLoop 循环找图开始 ./public/bmp/start excise.jpg
18:46:45|util.py|findPicLoop 循环找图结束 ./public/bmp/start excise.jpg
18:46:45|util.py|click 433 384
18:46:46|const.py|anchorProcess 出击步骤开始
18:46:47|const.py|今日不再提示判断 开始
18:46:47|util.py|findPicLoop 循环找图开始 ./public/bmp/anchor.bmp
18:46:48|util.py|findPicLoop 循环找图结束 ./public/bmp/anchor.bmp
18:46:49|util.py|click 770 429
18:46:49|const.py|自律 开始
18:46:50|const.py|船坞已满判断 开始
18:47:01|util.py|findPicLoop 循环找图开始 ./public/bmp/S.bmp
18:47:03|util.py|findPicLoop 循环找图结束 ./public/bmp/S.bmp
18:47:03|const.py|自律 结束
18:47:04|util.py|click 135 424
18:47:05|util.py|click 684 308
18:47:07|const.py|打捞到sr或ssr判断 开始
18:47:08|util.py|click 684 308
18:47:08|util.py|findPicLoop 循环找图开始 ./public/bmp/exp2.bmp
18:47:09|util.py|findPicLoop 循环找图结束 ./public/bmp/exp2.bmp
18:47:09|util.py|click 733 445
18:47:12|const.py|作战失败判断 开始
18:47:15|const.py|紧急委托判断 开始
18:47:16|const.py|anchorProcess 出击步骤结束
18:47:17|util.py|getNumbers 识数字开始
18:47:18|util.py|getNumbers 识数字结束
18:47:18|util.py|getNumbers 识数字开始
18:47:19|util.py|getNumbers 识数字结束
18:47:19|util.py|getNumbers 识数字开始
18:47:20|util.py|getNumbers 识数字结束
18:47:20|util.py|getNumbers 识数字开始
18:47:21|util.py|getNumbers 识数字结束
18:47:21|util.py|getNumbers 识数字开始
18:47:22|util.py|getNumbers 识数字结束
18:47:22|util.py|click 322 173
18:47:23|util.py|findPicLoop 循环找图开始 ./public/bmp/start excise.jpg
18:47:24|util.py|findPicLoop 循环找图结束 ./public/bmp/start excise.jpg
18:47:24|util.py|click 433 384
18:47:24|const.py|anchorProcess 出击步骤开始
18:47:25|const.py|今日不再提示判断 开始
18:47:26|util.py|findPicLoop 循环找图开始 ./public/bmp/anchor.bmp
18:47:26|util.py|findPicLoop 循环找图结束 ./public/bmp/anchor.bmp
18:47:27|util.py|click 770 429
18:47:28|const.py|自律 开始
18:47:28|const.py|船坞已满判断 开始
18:47:39|util.py|findPicLoop 循环找图开始 ./public/bmp/S.bmp
18:47:54|util.py|findPicLoop 循环找图结束 ./public/bmp/S.bmp
18:47:54|const.py|自律 结束
18:47:55|util.py|click 135 424
18:47:57|util.py|click 684 308
18:47:59|const.py|打捞到sr或ssr判断 开始
18:47:59|util.py|click 684 308
18:47:59|util.py|findPicLoop 循环找图开始 ./public/bmp/exp2.bmp
18:48:00|util.py|findPicLoop 循环找图结束 ./public/bmp/exp2.bmp
18:48:00|util.py|click 733 445
18:48:03|const.py|作战失败判断 开始
18:48:07|const.py|紧急委托判断 开始
18:48:08|const.py|anchorProcess 出击步骤结束
18:48:09|util.py|getNumbers 识数字开始
18:48:09|util.py|getNumbers 识数字结束
18:48:09|util.py|getNumbers 识数字开始
18:48:11|util.py|getNumbers 识数字结束
18:48:11|util.py|getNumbers 识数字开始
18:48:12|util.py|getNumbers 识数字结束
18:48:12|util.py|getNumbers 识数字开始
18:48:13|util.py|getNumbers 识数字结束
18:48:13|util.py|getNumbers 识数字开始
18:48:14|util.py|getNumbers 识数字结束
18:48:14|util.py|click 157 170
18:48:14|util.py|findPicLoop 循环找图开始 ./public/bmp/start excise.jpg
18:48:15|util.py|findPicLoop 循环找图结束 ./public/bmp/start excise.jpg
18:48:15|util.py|click 433 384
18:48:16|const.py|anchorProcess 出击步骤开始
18:48:17|const.py|今日不再提示判断 开始
18:48:17|util.py|findPicLoop 循环找图开始 ./public/bmp/anchor.bmp
18:48:18|util.py|findPicLoop 循环找图结束 ./public/bmp/anchor.bmp
18:48:19|util.py|click 770 429
18:48:19|const.py|自律 开始
18:48:20|const.py|船坞已满判断 开始
18:48:31|util.py|findPicLoop 循环找图开始 ./public/bmp/S.bmp
18:48:48|util.py|findPicLoop 循环找图结束 ./public/bmp/S.bmp
18:48:48|const.py|自律 结束
18:48:49|util.py|click 135 424
18:48:50|util.py|click 684 308
18:48:52|const.py|打捞到sr或ssr判断 开始
18:48:53|util.py|click 684 308
18:48:53|util.py|findPicLoop 循环找图开始 ./public/bmp/exp2.bmp
18:48:54|util.py|findPicLoop 循环找图结束 ./public/bmp/exp2.bmp
18:48:54|util.py|click 733 445
18:48:57|const.py|作战失败判断 开始
18:49:01|const.py|紧急委托判断 开始
18:49:01|const.py|anchorProcess 出击步骤结束
18:49:02|util.py|getNumbers 识数字开始
18:49:03|util.py|getNumbers 识数字结束
18:49:03|util.py|getNumbers 识数字开始
18:49:04|util.py|getNumbers 识数字结束
18:49:04|util.py|getNumbers 识数字开始
18:49:05|util.py|getNumbers 识数字结束
18:49:05|util.py|getNumbers 识数字开始
18:49:06|util.py|getNumbers 识数字结束
18:49:06|util.py|getNumbers 识数字开始
18:49:07|util.py|getNumbers 识数字结束
18:49:07|util.py|click 654 173
18:49:08|util.py|findPicLoop 循环找图开始 ./public/bmp/start excise.jpg
18:49:09|util.py|findPicLoop 循环找图结束 ./public/bmp/start excise.jpg
18:49:09|util.py|click 433 384
18:49:09|const.py|anchorProcess 出击步骤开始
18:49:10|const.py|今日不再提示判断 开始
18:49:11|util.py|findPicLoop 循环找图开始 ./public/bmp/anchor.bmp
18:49:12|util.py|findPicLoop 循环找图结束 ./public/bmp/anchor.bmp
18:49:12|util.py|click 770 429
18:49:13|const.py|自律 开始
18:49:13|const.py|船坞已满判断 开始
18:49:24|util.py|findPicLoop 循环找图开始 ./public/bmp/S.bmp
18:49:40|util.py|findPicLoop 循环找图结束 ./public/bmp/S.bmp
18:49:40|const.py|自律 结束
18:49:41|util.py|click 135 424
18:49:42|util.py|click 684 308
18:49:44|const.py|打捞到sr或ssr判断 开始
18:49:45|util.py|click 684 308
18:49:45|util.py|findPicLoop 循环找图开始 ./public/bmp/exp2.bmp
18:49:46|util.py|findPicLoop 循环找图结束 ./public/bmp/exp2.bmp
18:49:46|util.py|click 733 445
18:49:49|const.py|作战失败判断 开始
18:49:53|const.py|紧急委托判断 开始
18:49:53|const.py|anchorProcess 出击步骤结束
18:49:54|util.py|getNumbers 识数字开始
18:49:55|util.py|getNumbers 识数字结束
18:49:55|util.py|getNumbers 识数字开始
18:49:56|util.py|getNumbers 识数字结束
18:49:56|util.py|getNumbers 识数字开始
18:49:57|util.py|getNumbers 识数字结束
18:49:57|util.py|getNumbers 识数字开始
18:49:58|util.py|getNumbers 识数字结束
18:49:58|util.py|getNumbers 识数字开始
18:49:59|util.py|getNumbers 识数字结束
18:49:59|util.py|click 322 173
18:50:00|util.py|findPicLoop 循环找图开始 ./public/bmp/start excise.jpg
18:50:01|util.py|findPicLoop 循环找图结束 ./public/bmp/start excise.jpg
18:50:01|util.py|click 433 384
18:50:01|const.py|anchorProcess 出击步骤开始
18:50:02|const.py|今日不再提示判断 开始
18:50:03|util.py|findPicLoop 循环找图开始 ./public/bmp/anchor.bmp
18:50:03|util.py|findPicLoop 循环找图结束 ./public/bmp/anchor.bmp
18:50:04|util.py|click 770 429
18:50:05|const.py|自律 开始
18:50:05|const.py|船坞已满判断 开始
18:50:16|util.py|findPicLoop 循环找图开始 ./public/bmp/S.bmp
18:50:30|util.py|findPicLoop 循环找图结束 ./public/bmp/S.bmp
18:50:30|const.py|自律 结束
18:50:31|util.py|click 135 424
18:50:32|util.py|click 684 308
18:50:34|const.py|打捞到sr或ssr判断 开始
18:50:35|util.py|click 684 308
18:50:35|util.py|findPicLoop 循环找图开始 ./public/bmp/exp2.bmp
18:50:36|util.py|findPicLoop 循环找图结束 ./public/bmp/exp2.bmp
18:50:36|util.py|click 733 445
18:50:39|const.py|作战失败判断 开始
18:50:42|const.py|紧急委托判断 开始
18:50:43|const.py|anchorProcess 出击步骤结束
18:50:44|util.py|getNumbers 识数字开始
18:50:45|util.py|getNumbers 识数字结束
18:50:45|const.py|backMainProcess 返回主页面开始
18:50:46|util.py|click 830 23
18:50:51|3困难11-1.py|困难11-1脚本开始
18:50:51|const.py|chapterProcess 进入出击章节步骤开始
18:50:51|const.py|backMainProcess 返回主页面开始
18:50:52|const.py|backMainProcess 返回主页面结束
18:50:52|util.py|findPicLoop 循环找图开始 ./public/bmp/weigh anchor.jpg
18:50:53|util.py|findPicLoop 循环找图结束 ./public/bmp/weigh anchor.jpg
18:50:53|util.py|click 729 244
18:50:53|const.py|判断是否为图里面 开始
18:50:56|util.py|findPicLoop 循环找图开始 ./public/bmp/main battleline.jpg
18:50:57|util.py|findPicLoop 循环找图结束 ./public/bmp/main battleline.jpg
18:50:57|util.py|click 231 225
18:50:57|util.py|findPicLoop 循环找图开始 ./public/bmp/exercise.jpg
18:50:58|util.py|findPicLoop 循环找图结束 ./public/bmp/exercise.jpg
18:50:58|util.py|click 58 451
18:50:59|util.py|getNumbers 识数字开始
18:51:00|util.py|getNumbers 识数字结束
18:51:00|const.py|chapterProcess 进入出击章节步骤结束
18:51:00|const.py|intoStageProcess 进入stage步骤开始
18:51:04|util.py|click 269 182
18:51:04|util.py|findPicLoop 循环找图开始 ./public/bmp/start chapter.jpg
18:51:05|util.py|findPicLoop 循环找图结束 ./public/bmp/start chapter.jpg
18:51:05|util.py|click 642 350
18:51:06|const.py|船坞已满判断 开始
18:51:07|util.py|findPicLoop 循环找图开始 ./public/bmp/start chapter.jpg
18:51:08|util.py|findPicLoop 循环找图结束 ./public/bmp/start chapter.jpg
18:51:08|util.py|click 716 411
18:51:08|const.py|intoStageProcess 进入stage步骤结束
18:51:08|const.py|goBossProcess 走boss格子 开始
18:51:08|util.py|findPicLoop 循环找图开始 ./public/bmp/boss.jpg
18:51:13|util.py|findPicLoop 循环找图结束 ./public/bmp/boss.jpg
18:51:13|util.py|click 432 235
18:51:13|const.py|anchorProcess 出击步骤开始
18:51:14|const.py|今日不再提示判断 开始
18:51:15|util.py|findPicLoop 循环找图开始 ./public/bmp/anchor.bmp
18:51:18|util.py|findPicLoop 循环找图结束 ./public/bmp/anchor.bmp
18:51:19|util.py|click 770 429
18:51:19|const.py|自律 开始
18:51:20|const.py|船坞已满判断 开始
18:51:31|util.py|findPicLoop 循环找图开始 ./public/bmp/S.bmp
18:53:49|util.py|findPicLoop 循环找图结束 ./public/bmp/S.bmp
18:53:49|const.py|自律 结束
18:53:50|util.py|click 135 424
18:53:51|util.py|click 684 308
18:53:53|const.py|打捞到sr或ssr判断 开始
18:53:54|util.py|click 684 308
18:53:54|util.py|findPicLoop 循环找图开始 ./public/bmp/exp2.bmp
18:53:55|util.py|findPicLoop 循环找图结束 ./public/bmp/exp2.bmp
18:53:55|util.py|click 733 445
18:53:58|const.py|作战失败判断 开始
18:54:01|const.py|紧急委托判断 开始
18:54:02|const.py|紧急委托
18:54:02|util.py|click 433 347
18:54:02|const.py|anchorProcess 出击步骤结束
18:54:02|const.py|goBossProcess boss解决
18:54:02|const.py|intoStageProcess 进入stage步骤开始
18:54:06|util.py|click 269 182
18:54:06|util.py|findPicLoop 循环找图开始 ./public/bmp/start chapter.jpg
18:54:08|util.py|findPicLoop 循环找图结束 ./public/bmp/start chapter.jpg
18:54:08|util.py|click 642 350
18:54:09|const.py|船坞已满判断 开始
18:54:10|util.py|findPicLoop 循环找图开始 ./public/bmp/start chapter.jpg
18:54:10|util.py|findPicLoop 循环找图结束 ./public/bmp/start chapter.jpg
18:54:10|util.py|click 716 411
18:54:11|const.py|intoStageProcess 进入stage步骤结束
18:54:11|const.py|goBossProcess 走boss格子 开始
18:54:11|util.py|findPicLoop 循环找图开始 ./public/bmp/boss.jpg
18:54:15|util.py|findPicLoop 循环找图结束 ./public/bmp/boss.jpg
18:54:15|util.py|click 432 235
18:54:16|const.py|anchorProcess 出击步骤开始
18:54:17|const.py|今日不再提示判断 开始
18:54:17|util.py|findPicLoop 循环找图开始 ./public/bmp/anchor.bmp
18:54:19|util.py|findPicLoop 循环找图结束 ./public/bmp/anchor.bmp
18:54:20|util.py|click 770 429
18:54:21|const.py|自律 开始
18:54:21|const.py|船坞已满判断 开始
18:54:32|util.py|findPicLoop 循环找图开始 ./public/bmp/S.bmp
18:56:24|util.py|findPicLoop 循环找图结束 ./public/bmp/S.bmp
18:56:24|const.py|自律 结束
18:56:25|util.py|click 135 424
18:56:26|util.py|click 684 308
18:56:28|const.py|打捞到sr或ssr判断 开始
18:56:29|util.py|click 684 308
18:56:29|util.py|findPicLoop 循环找图开始 ./public/bmp/exp2.bmp
18:56:30|util.py|findPicLoop 循环找图结束 ./public/bmp/exp2.bmp
18:56:30|util.py|click 733 445
18:56:33|const.py|作战失败判断 开始
18:56:37|const.py|紧急委托判断 开始
18:56:38|const.py|anchorProcess 出击步骤结束
18:56:38|const.py|goBossProcess boss解决
18:56:38|const.py|intoStageProcess 进入stage步骤开始
18:56:42|util.py|click 269 182
18:56:42|util.py|findPicLoop 循环找图开始 ./public/bmp/start chapter.jpg
18:56:43|util.py|findPicLoop 循环找图结束 ./public/bmp/start chapter.jpg
18:56:43|util.py|click 642 350
18:56:44|const.py|船坞已满判断 开始
18:56:45|util.py|findPicLoop 循环找图开始 ./public/bmp/start chapter.jpg
18:56:46|util.py|findPicLoop 循环找图结束 ./public/bmp/start chapter.jpg
18:56:46|util.py|click 716 411
18:56:46|const.py|intoStageProcess 进入stage步骤结束
18:56:46|const.py|goBossProcess 走boss格子 开始
18:56:46|util.py|findPicLoop 循环找图开始 ./public/bmp/boss.jpg
18:56:51|util.py|findPicLoop 循环找图结束 ./public/bmp/boss.jpg
18:56:51|util.py|click 432 235
18:56:51|const.py|anchorProcess 出击步骤开始
18:56:52|const.py|今日不再提示判断 开始
18:56:53|util.py|findPicLoop 循环找图开始 ./public/bmp/anchor.bmp
18:56:56|util.py|findPicLoop 循环找图结束 ./public/bmp/anchor.bmp
18:56:57|util.py|click 770 429
18:56:57|const.py|自律 开始
18:56:58|const.py|船坞已满判断 开始
18:57:09|util.py|findPicLoop 循环找图开始 ./public/bmp/S.bmp
18:59:51|util.py|findPicLoop 循环找图结束 ./public/bmp/S.bmp
18:59:51|const.py|自律 结束
18:59:52|util.py|click 135 424
18:59:53|util.py|click 684 308
18:59:55|const.py|打捞到sr或ssr判断 开始
18:59:56|util.py|click 684 308
18:59:56|util.py|findPicLoop 循环找图开始 ./public/bmp/exp2.bmp
18:59:57|util.py|findPicLoop 循环找图结束 ./public/bmp/exp2.bmp
18:59:57|util.py|click 733 445
19:00:00|const.py|作战失败判断 开始
19:00:03|const.py|紧急委托判断 开始
19:00:04|const.py|anchorProcess 出击步骤结束
19:00:04|const.py|goBossProcess boss解决
19:00:04|const.py|backMainProcess 返回主页面开始
19:00:05|util.py|click 830 23
19:00:35|12 3次飞龙.py|3次飞龙 开始
19:00:35|const.py|backMainProcess 返回主页面开始
19:00:37|const.py|backMainProcess 返回主页面结束
19:00:37|util.py|findPicLoop 循环找图开始 ./public/bmp/weigh anchor.jpg
19:00:37|util.py|findPicLoop 循环找图结束 ./public/bmp/weigh anchor.jpg
19:00:37|util.py|click 729 244
19:00:38|util.py|findPicLoop 循环找图开始 ./public/beacon/operation.jpg
19:00:39|util.py|findPicLoop 循环找图结束 ./public/beacon/operation.jpg
19:00:39|util.py|click 510 302
19:00:39|util.py|findPicLoop 循环找图开始 ./public/beacon/ash.jpg
19:00:43|util.py|findPicLoop 循环找图结束 ./public/beacon/ash.jpg
19:00:45|util.py|click 679 445
19:00:45|util.py|findPicLoop 循环找图开始 ./public/beacon/beacon list.jpg
19:00:46|util.py|findPicLoop 循环找图结束 ./public/beacon/beacon list.jpg
19:00:46|util.py|click 82 457
19:00:47|12 3次飞龙.py|------------一把开始-----------
19:00:47|util.py|findPicLoop 循环找图开始 ./public/beacon/batile start.jpg
19:00:48|util.py|findPicLoop 循环找图结束 ./public/beacon/batile start.jpg
19:00:48|util.py|click 783 449
19:00:48|util.py|findPicLoop 循环找图开始 ./public/beacon/weigh anchor.jpg
19:00:49|util.py|findPicLoop 循环找图结束 ./public/beacon/weigh anchor.jpg
19:00:49|util.py|click 771 431
19:00:50|util.py|findPicLoop 循环找图开始 ./public/bmp/get_items.bmp
19:02:43|util.py|findPicLoop 循环找图结束 ./public/bmp/get_items.bmp
19:02:43|util.py|click 435 157
19:02:44|util.py|findPicLoop 循环找图开始 ./public/beacon/ok.jpg
19:02:44|util.py|findPicLoop 循环找图结束 ./public/beacon/ok.jpg
19:02:44|util.py|click 733 446
19:02:45|12 3次飞龙.py|------------一把结束-----------
19:02:45|12 3次飞龙.py|------------一把开始-----------
19:02:45|util.py|findPicLoop 循环找图开始 ./public/beacon/batile start.jpg
19:02:46|util.py|findPicLoop 循环找图结束 ./public/beacon/batile start.jpg
19:02:46|util.py|click 783 449
19:02:46|util.py|findPicLoop 循环找图开始 ./public/beacon/weigh anchor.jpg
19:02:48|util.py|findPicLoop 循环找图结束 ./public/beacon/weigh anchor.jpg
19:02:48|util.py|click 771 431
19:02:48|util.py|findPicLoop 循环找图开始 ./public/bmp/get_items.bmp
19:04:41|util.py|findPicLoop 循环找图结束 ./public/bmp/get_items.bmp
19:04:41|util.py|click 435 157
19:04:41|util.py|findPicLoop 循环找图开始 ./public/beacon/ok.jpg
19:04:42|util.py|findPicLoop 循环找图结束 ./public/beacon/ok.jpg
19:04:42|util.py|click 733 446
19:04:42|12 3次飞龙.py|------------一把结束-----------
19:04:42|12 3次飞龙.py|------------一把开始-----------
19:04:42|util.py|findPicLoop 循环找图开始 ./public/beacon/batile start.jpg
19:04:44|util.py|findPicLoop 循环找图结束 ./public/beacon/batile start.jpg
19:04:44|util.py|click 783 449
19:04:44|util.py|findPicLoop 循环找图开始 ./public/beacon/weigh anchor.jpg
19:04:45|util.py|findPicLoop 循环找图结束 ./public/beacon/weigh anchor.jpg
19:04:45|util.py|click 771 431
19:04:46|util.py|findPicLoop 循环找图开始 ./public/bmp/get_items.bmp
19:06:39|util.py|findPicLoop 循环找图结束 ./public/bmp/get_items.bmp
19:06:39|util.py|click 435 157
19:06:39|util.py|findPicLoop 循环找图开始 ./public/beacon/ok.jpg
19:06:40|util.py|findPicLoop 循环找图结束 ./public/beacon/ok.jpg
19:06:40|util.py|click 733 446
19:06:40|12 3次飞龙.py|------------一把结束-----------
19:06:40|const.py|backMainProcess 返回主页面开始
19:06:41|const.py|backMainProcess 返回主页面结束 失败
19:10:18|const.py|anchorProcess 出击步骤开始
19:10:19|const.py|今日不再提示判断 开始
19:10:20|util.py|findPicLoop 循环找图开始 ./public/bmp/anchor.bmp
19:10:20|util.py|findPicLoop 循环找图结束 ./public/bmp/anchor.bmp
19:10:21|util.py|click 770 429
19:10:21|const.py|自律 开始
19:10:22|const.py|船坞已满判断 开始
19:10:33|util.py|findPicLoop 循环找图开始 ./public/bmp/S.bmp
19:11:15|util.py|findPicLoop 循环找图结束 ./public/bmp/S.bmp
19:11:15|const.py|自律 结束
19:11:17|util.py|click 135 424
19:11:18|util.py|click 684 308
19:11:20|const.py|打捞到sr或ssr判断 开始
19:11:20|util.py|click 684 308
19:11:21|util.py|findPicLoop 循环找图开始 ./public/bmp/exp2.bmp
19:11:22|util.py|findPicLoop 循环找图结束 ./public/bmp/exp2.bmp
19:11:22|util.py|click 733 445
19:11:25|const.py|作战失败判断 开始
19:11:29|const.py|紧急委托判断 开始
19:11:30|const.py|anchorProcess 出击步骤结束
19:11:35|const.py|anchorProcess 出击步骤开始
19:11:35|const.py|今日不再提示判断 开始
19:11:36|util.py|findPicLoop 循环找图开始 ./public/bmp/anchor.bmp
19:11:37|util.py|findPicLoop 循环找图结束 ./public/bmp/anchor.bmp
19:11:37|util.py|click 770 429
19:11:38|const.py|自律 开始
19:11:39|const.py|船坞已满判断 开始
19:11:49|util.py|findPicLoop 循环找图开始 ./public/bmp/S.bmp
19:12:22|util.py|findPicLoop 循环找图结束 ./public/bmp/S.bmp
19:12:22|const.py|自律 结束
19:12:23|util.py|click 135 424
19:12:24|util.py|click 684 308
19:12:26|const.py|打捞到sr或ssr判断 开始
19:12:27|util.py|click 684 308
19:12:27|util.py|findPicLoop 循环找图开始 ./public/bmp/exp2.bmp
19:12:28|util.py|findPicLoop 循环找图结束 ./public/bmp/exp2.bmp
19:12:28|util.py|click 733 445
19:12:31|const.py|作战失败判断 开始
19:12:35|const.py|紧急委托判断 开始
19:12:36|const.py|anchorProcess 出击步骤结束
19:12:41|const.py|anchorProcess 出击步骤开始
19:12:42|const.py|今日不再提示判断 开始
19:12:42|util.py|findPicLoop 循环找图开始 ./public/bmp/anchor.bmp
19:12:43|util.py|findPicLoop 循环找图结束 ./public/bmp/anchor.bmp
19:12:44|util.py|click 770 429
19:12:44|const.py|自律 开始
19:12:45|const.py|船坞已满判断 开始
19:12:56|util.py|findPicLoop 循环找图开始 ./public/bmp/S.bmp
19:13:33|util.py|findPicLoop 循环找图结束 ./public/bmp/S.bmp
19:13:33|const.py|自律 结束
19:13:34|util.py|click 135 424
19:13:36|util.py|click 684 308
19:13:38|const.py|打捞到sr或ssr判断 开始
19:13:38|util.py|click 684 308
19:13:38|util.py|findPicLoop 循环找图开始 ./public/bmp/exp2.bmp
19:13:39|util.py|findPicLoop 循环找图结束 ./public/bmp/exp2.bmp
19:13:39|util.py|click 733 445
19:13:43|const.py|作战失败判断 开始
19:13:47|const.py|紧急委托判断 开始
19:13:47|const.py|anchorProcess 出击步骤结束
19:13:52|const.py|anchorProcess 出击步骤开始
19:13:53|const.py|今日不再提示判断 开始
19:13:54|util.py|findPicLoop 循环找图开始 ./public/bmp/anchor.bmp
19:20:32|const.py|picLoop没找到图 需要重启脚本！！！！！！
19:20:32|const.py|restartProcess 重启脚本开始
19:20:33|util.py|Starting: Intent { cmp=com.bilibili.azurlane/com.manjuu.azurlane.MainActivity }


19:20:33|const.py|findPicLoop 循环找图开始 ./public/bmp/login.jpg
19:20:47|const.py|findPicLoop 循环找图结束 ./public/bmp/login.jpg
19:20:47|util.py|click 200 200
19:20:48|util.py|click 200 200
19:20:50|util.py|click 200 200
19:20:51|util.py|click 200 200
19:20:52|util.py|click 200 200
19:20:53|util.py|click 200 200
19:20:54|util.py|click 200 200
19:20:55|util.py|click 200 200
19:20:56|util.py|click 200 200
19:20:57|const.py|findPicLoop 循环找图开始 weigh anchor、login-btn、get_items、salvage、home、quit
19:20:57|const.py|restartProcess 重启脚本结束
19:20:57|const.py|anchorProcess 出击步骤开始
19:20:58|const.py|今日不再提示判断 开始
19:20:59|util.py|findPicLoop 循环找图开始 ./public/bmp/anchor.bmp
19:22:25|util.py|======adb subprocess error======
19:22:25|util.py|CompletedProcess(args='.\\bin\\adb_server.exe shell screencap /storage/emulated/0/data/screen/image.png', returncode=3221225786, stdout='', stderr='')
20:11:51|const.py|anchorProcess 出击步骤开始
20:11:52|const.py|今日不再提示判断 开始
20:11:52|util.py|findPicLoop 循环找图开始 ./public/bmp/anchor.bmp
20:12:16|util.py|findPicLoop 循环找图结束 ./public/bmp/anchor.bmp
20:12:17|util.py|click 795 429
20:12:17|const.py|自律 开始
20:12:18|const.py|船坞已满判断 开始
20:12:29|util.py|findPicLoop 循环找图开始 ./public/bmp/S.bmp
20:13:03|util.py|findPicLoop 循环找图结束 ./public/bmp/S.bmp
20:13:03|const.py|自律 结束
20:13:04|util.py|click 135 424
20:13:05|util.py|click 684 308
20:13:07|const.py|打捞到sr或ssr判断 开始
20:13:08|util.py|click 684 308
20:13:08|util.py|findPicLoop 循环找图开始 ./public/bmp/exp2.bmp
20:13:09|util.py|findPicLoop 循环找图结束 ./public/bmp/exp2.bmp
20:13:09|util.py|click 733 445
20:13:12|const.py|作战失败判断 开始
20:13:16|const.py|紧急委托判断 开始
20:13:17|const.py|anchorProcess 出击步骤结束
20:13:22|const.py|anchorProcess 出击步骤开始
20:13:22|const.py|今日不再提示判断 开始
20:13:23|util.py|findPicLoop 循环找图开始 ./public/bmp/anchor.bmp
20:13:34|util.py|findPicLoop 循环找图结束 ./public/bmp/anchor.bmp
20:13:35|util.py|click 770 429
20:13:36|const.py|自律 开始
20:13:36|const.py|船坞已满判断 开始
20:13:47|util.py|findPicLoop 循环找图开始 ./public/bmp/S.bmp
20:14:31|util.py|findPicLoop 循环找图结束 ./public/bmp/S.bmp
20:14:31|const.py|自律 结束
20:14:32|util.py|click 135 424
20:14:34|util.py|click 684 308
20:14:36|const.py|打捞到sr或ssr判断 开始
20:14:36|util.py|click 684 308
20:14:36|util.py|findPicLoop 循环找图开始 ./public/bmp/exp2.bmp
20:14:37|util.py|findPicLoop 循环找图结束 ./public/bmp/exp2.bmp
20:14:37|util.py|click 733 445
20:14:40|const.py|作战失败判断 开始
20:14:44|const.py|紧急委托判断 开始
20:14:45|const.py|anchorProcess 出击步骤结束
20:14:50|const.py|anchorProcess 出击步骤开始
20:14:50|const.py|今日不再提示判断 开始
20:14:51|util.py|findPicLoop 循环找图开始 ./public/bmp/anchor.bmp
20:14:52|util.py|findPicLoop 循环找图结束 ./public/bmp/anchor.bmp
20:14:53|util.py|click 770 429
20:14:53|const.py|自律 开始
20:14:54|const.py|船坞已满判断 开始
20:15:04|util.py|findPicLoop 循环找图开始 ./public/bmp/S.bmp
20:16:03|util.py|findPicLoop 循环找图结束 ./public/bmp/S.bmp
20:16:03|const.py|自律 结束
20:16:04|util.py|click 135 424
20:16:05|util.py|click 684 308
20:16:07|const.py|打捞到sr或ssr判断 开始
20:16:08|util.py|click 684 308
20:16:08|util.py|findPicLoop 循环找图开始 ./public/bmp/exp2.bmp
20:16:09|util.py|findPicLoop 循环找图结束 ./public/bmp/exp2.bmp
20:16:09|util.py|click 733 445
20:16:12|const.py|作战失败判断 开始
20:16:16|const.py|紧急委托判断 开始
20:16:17|const.py|anchorProcess 出击步骤结束
20:16:22|const.py|anchorProcess 出击步骤开始
20:16:22|const.py|今日不再提示判断 开始
20:16:23|util.py|findPicLoop 循环找图开始 ./public/bmp/anchor.bmp
20:16:38|util.py|findPicLoop 循环找图结束 ./public/bmp/anchor.bmp
20:16:39|util.py|click 770 429
20:16:39|const.py|自律 开始
20:16:40|const.py|船坞已满判断 开始
20:16:51|util.py|findPicLoop 循环找图开始 ./public/bmp/S.bmp
20:17:39|util.py|findPicLoop 循环找图结束 ./public/bmp/S.bmp
20:17:39|const.py|自律 结束
20:17:40|util.py|click 135 424
20:17:41|util.py|click 684 308
20:17:43|const.py|打捞到sr或ssr判断 开始
20:17:44|util.py|click 684 308
20:17:44|util.py|findPicLoop 循环找图开始 ./public/bmp/exp2.bmp
20:17:45|util.py|findPicLoop 循环找图结束 ./public/bmp/exp2.bmp
20:17:45|util.py|click 733 445
20:17:49|const.py|作战失败判断 开始
20:17:52|const.py|紧急委托判断 开始
20:17:53|const.py|anchorProcess 出击步骤结束
20:17:58|const.py|anchorProcess 出击步骤开始
20:17:59|const.py|今日不再提示判断 开始
20:17:59|util.py|findPicLoop 循环找图开始 ./public/bmp/anchor.bmp
20:18:19|util.py|findPicLoop 循环找图结束 ./public/bmp/anchor.bmp
20:18:20|util.py|click 770 429
20:18:20|const.py|自律 开始
20:18:21|const.py|船坞已满判断 开始
20:18:32|util.py|findPicLoop 循环找图开始 ./public/bmp/S.bmp
20:21:34|util.py|findPicLoop 循环找图结束 ./public/bmp/S.bmp
20:21:34|const.py|自律 结束
20:21:35|util.py|click 135 424
20:21:36|util.py|click 684 308
20:21:38|const.py|打捞到sr或ssr判断 开始
20:21:38|util.py|click 684 308
20:21:39|util.py|findPicLoop 循环找图开始 ./public/bmp/exp2.bmp
20:21:39|util.py|findPicLoop 循环找图结束 ./public/bmp/exp2.bmp
20:21:39|util.py|click 733 445
20:21:43|const.py|作战失败判断 开始
20:21:43|const.py|作战失败
20:21:43|util.py|click 424 415
20:21:46|const.py|紧急委托判断 开始
20:21:47|const.py|anchorProcess 出击步骤结束
20:21:52|const.py|anchorProcess 出击步骤开始
20:21:53|const.py|今日不再提示判断 开始
20:21:54|util.py|findPicLoop 循环找图开始 ./public/bmp/anchor.bmp
20:22:00|util.py|findPicLoop 循环找图结束 ./public/bmp/anchor.bmp
20:22:01|util.py|click 770 429
20:22:01|const.py|自律 开始
20:22:02|const.py|船坞已满判断 开始
20:22:13|util.py|findPicLoop 循环找图开始 ./public/bmp/S.bmp
20:23:16|util.py|findPicLoop 循环找图结束 ./public/bmp/S.bmp
20:23:16|const.py|自律 结束
20:23:17|util.py|click 135 424
20:23:18|util.py|click 684 308
20:23:20|const.py|打捞到sr或ssr判断 开始
20:23:21|util.py|click 684 308
20:23:21|util.py|findPicLoop 循环找图开始 ./public/bmp/exp2.bmp
20:23:22|util.py|findPicLoop 循环找图结束 ./public/bmp/exp2.bmp
20:23:22|util.py|click 733 445
20:23:26|const.py|作战失败判断 开始
20:23:29|const.py|紧急委托判断 开始
20:23:30|const.py|anchorProcess 出击步骤结束
20:23:35|const.py|anchorProcess 出击步骤开始
20:23:36|const.py|今日不再提示判断 开始
20:23:36|util.py|findPicLoop 循环找图开始 ./public/bmp/anchor.bmp
20:23:50|util.py|findPicLoop 循环找图结束 ./public/bmp/anchor.bmp
20:23:51|util.py|click 770 429
20:23:51|const.py|自律 开始
20:23:52|const.py|船坞已满判断 开始
20:24:02|util.py|findPicLoop 循环找图开始 ./public/bmp/S.bmp
20:24:10|util.py|findPicLoop 循环找图结束 ./public/bmp/S.bmp
20:24:10|const.py|自律 结束
20:24:11|util.py|click 135 424
20:24:12|util.py|click 684 308
20:24:14|const.py|打捞到sr或ssr判断 开始
20:24:15|util.py|click 684 308
20:24:15|util.py|findPicLoop 循环找图开始 ./public/bmp/exp2.bmp
20:24:16|util.py|findPicLoop 循环找图结束 ./public/bmp/exp2.bmp
20:24:16|util.py|click 733 445
20:24:19|const.py|作战失败判断 开始
20:24:23|const.py|紧急委托判断 开始
20:24:24|const.py|anchorProcess 出击步骤结束
20:24:29|const.py|anchorProcess 出击步骤开始
20:24:30|const.py|今日不再提示判断 开始
20:24:30|util.py|findPicLoop 循环找图开始 ./public/bmp/anchor.bmp
20:24:31|util.py|findPicLoop 循环找图结束 ./public/bmp/anchor.bmp
20:24:32|util.py|click 770 429
20:24:32|const.py|自律 开始
20:24:33|const.py|船坞已满判断 开始
20:24:44|util.py|findPicLoop 循环找图开始 ./public/bmp/S.bmp
20:25:45|util.py|findPicLoop 循环找图结束 ./public/bmp/S.bmp
20:25:45|const.py|自律 结束
20:25:47|util.py|click 135 424
20:25:48|util.py|click 684 308
20:25:50|const.py|打捞到sr或ssr判断 开始
20:25:50|util.py|click 684 308
20:25:50|util.py|findPicLoop 循环找图开始 ./public/bmp/exp2.bmp
20:25:51|util.py|findPicLoop 循环找图结束 ./public/bmp/exp2.bmp
20:25:51|util.py|click 733 445
20:25:54|const.py|作战失败判断 开始
20:25:58|const.py|紧急委托判断 开始
20:25:59|const.py|anchorProcess 出击步骤结束
20:26:04|const.py|anchorProcess 出击步骤开始
20:26:05|const.py|今日不再提示判断 开始
20:26:05|util.py|findPicLoop 循环找图开始 ./public/bmp/anchor.bmp
20:26:07|util.py|findPicLoop 循环找图结束 ./public/bmp/anchor.bmp
20:26:08|util.py|click 770 429
20:26:08|const.py|自律 开始
20:26:09|const.py|船坞已满判断 开始
20:26:20|util.py|findPicLoop 循环找图开始 ./public/bmp/S.bmp
20:26:47|util.py|findPicLoop 循环找图结束 ./public/bmp/S.bmp
20:26:47|const.py|自律 结束
20:26:49|util.py|click 135 424
20:26:50|util.py|click 684 308
20:26:52|const.py|打捞到sr或ssr判断 开始
20:26:52|util.py|click 684 308
20:26:53|util.py|findPicLoop 循环找图开始 ./public/bmp/exp2.bmp
20:26:54|util.py|findPicLoop 循环找图结束 ./public/bmp/exp2.bmp
20:26:54|util.py|click 733 445
20:26:57|const.py|作战失败判断 开始
20:27:01|const.py|紧急委托判断 开始
20:27:01|const.py|anchorProcess 出击步骤结束
20:27:06|const.py|anchorProcess 出击步骤开始
20:27:07|const.py|今日不再提示判断 开始
20:27:08|util.py|findPicLoop 循环找图开始 ./public/bmp/anchor.bmp
20:27:08|util.py|findPicLoop 循环找图结束 ./public/bmp/anchor.bmp
20:27:09|util.py|click 770 429
20:27:10|const.py|自律 开始
20:27:10|const.py|船坞已满判断 开始
20:27:21|util.py|findPicLoop 循环找图开始 ./public/bmp/S.bmp
20:27:33|util.py|findPicLoop 循环找图结束 ./public/bmp/S.bmp
20:27:33|const.py|自律 结束
20:27:35|util.py|click 135 424
20:27:36|util.py|click 684 308
20:27:38|const.py|打捞到sr或ssr判断 开始
20:27:38|util.py|click 684 308
20:27:38|util.py|findPicLoop 循环找图开始 ./public/bmp/exp2.bmp
20:27:39|util.py|findPicLoop 循环找图结束 ./public/bmp/exp2.bmp
20:27:39|util.py|click 733 445
20:27:43|const.py|作战失败判断 开始
20:27:47|const.py|紧急委托判断 开始
20:27:47|const.py|anchorProcess 出击步骤结束
20:27:52|const.py|anchorProcess 出击步骤开始
20:27:53|const.py|今日不再提示判断 开始
20:27:54|util.py|findPicLoop 循环找图开始 ./public/bmp/anchor.bmp
20:27:54|util.py|findPicLoop 循环找图结束 ./public/bmp/anchor.bmp
20:27:55|util.py|click 770 429
20:27:55|const.py|自律 开始
20:27:56|const.py|船坞已满判断 开始
20:28:07|util.py|findPicLoop 循环找图开始 ./public/bmp/S.bmp
20:28:29|util.py|findPicLoop 循环找图结束 ./public/bmp/S.bmp
20:28:29|const.py|自律 结束
20:28:30|util.py|click 135 424
20:28:31|util.py|click 684 308
20:28:33|const.py|打捞到sr或ssr判断 开始
20:28:34|util.py|click 684 308
20:28:34|util.py|findPicLoop 循环找图开始 ./public/bmp/exp2.bmp
20:28:35|util.py|findPicLoop 循环找图结束 ./public/bmp/exp2.bmp
20:28:35|util.py|click 733 445
20:28:38|const.py|作战失败判断 开始
20:28:42|const.py|紧急委托判断 开始
20:28:42|const.py|anchorProcess 出击步骤结束
20:28:47|const.py|anchorProcess 出击步骤开始
20:28:48|const.py|今日不再提示判断 开始
20:28:49|util.py|findPicLoop 循环找图开始 ./public/bmp/anchor.bmp
20:28:49|util.py|findPicLoop 循环找图结束 ./public/bmp/anchor.bmp
20:28:50|util.py|click 770 429
20:28:51|const.py|自律 开始
20:28:51|const.py|船坞已满判断 开始
20:29:02|util.py|findPicLoop 循环找图开始 ./public/bmp/S.bmp
20:29:11|util.py|findPicLoop 循环找图结束 ./public/bmp/S.bmp
20:29:11|const.py|自律 结束
20:29:12|util.py|click 135 424
20:29:13|util.py|click 684 308
20:29:15|const.py|打捞到sr或ssr判断 开始
20:29:15|util.py|click 684 308
20:29:16|util.py|findPicLoop 循环找图开始 ./public/bmp/exp2.bmp
20:29:17|util.py|findPicLoop 循环找图结束 ./public/bmp/exp2.bmp
20:29:17|util.py|click 733 445
20:29:20|const.py|作战失败判断 开始
20:29:24|const.py|紧急委托判断 开始
20:29:24|const.py|anchorProcess 出击步骤结束
20:29:29|const.py|anchorProcess 出击步骤开始
20:29:30|const.py|今日不再提示判断 开始
20:29:31|util.py|findPicLoop 循环找图开始 ./public/bmp/anchor.bmp
20:29:32|util.py|findPicLoop 循环找图结束 ./public/bmp/anchor.bmp
20:29:32|util.py|click 770 429
20:29:33|const.py|自律 开始
20:29:33|const.py|船坞已满判断 开始
20:29:44|util.py|findPicLoop 循环找图开始 ./public/bmp/S.bmp
20:29:57|util.py|findPicLoop 循环找图结束 ./public/bmp/S.bmp
20:29:57|const.py|自律 结束
20:29:58|util.py|click 135 424
20:29:59|util.py|click 684 308
20:30:01|const.py|打捞到sr或ssr判断 开始
20:30:02|util.py|click 684 308
20:30:02|util.py|findPicLoop 循环找图开始 ./public/bmp/exp2.bmp
20:30:03|util.py|findPicLoop 循环找图结束 ./public/bmp/exp2.bmp
20:30:03|util.py|click 733 445
20:30:06|const.py|作战失败判断 开始
20:30:10|const.py|紧急委托判断 开始
20:30:11|const.py|anchorProcess 出击步骤结束
20:30:16|const.py|anchorProcess 出击步骤开始
20:30:16|const.py|今日不再提示判断 开始
20:30:19|util.py|findPicLoop 循环找图开始 ./public/bmp/anchor.bmp
20:30:19|util.py|findPicLoop 循环找图结束 ./public/bmp/anchor.bmp
20:30:20|util.py|click 770 429
20:30:20|const.py|自律 开始
20:30:21|const.py|船坞已满判断 开始
20:30:32|util.py|findPicLoop 循环找图开始 ./public/bmp/S.bmp
20:30:43|util.py|findPicLoop 循环找图结束 ./public/bmp/S.bmp
20:30:43|const.py|自律 结束
20:30:44|util.py|click 135 424
20:30:45|util.py|click 684 308
20:30:47|const.py|打捞到sr或ssr判断 开始
20:30:48|util.py|click 684 308
20:30:48|util.py|findPicLoop 循环找图开始 ./public/bmp/exp2.bmp
20:30:49|util.py|findPicLoop 循环找图结束 ./public/bmp/exp2.bmp
20:30:49|util.py|click 733 445
20:30:52|const.py|作战失败判断 开始
20:30:56|const.py|紧急委托判断 开始
20:30:57|const.py|anchorProcess 出击步骤结束
20:31:02|const.py|anchorProcess 出击步骤开始
20:31:03|const.py|今日不再提示判断 开始
20:31:03|util.py|findPicLoop 循环找图开始 ./public/bmp/anchor.bmp
20:31:04|util.py|findPicLoop 循环找图结束 ./public/bmp/anchor.bmp
20:31:05|util.py|click 770 429
20:31:05|const.py|自律 开始
20:31:06|const.py|船坞已满判断 开始
20:31:17|util.py|findPicLoop 循环找图开始 ./public/bmp/S.bmp
20:31:34|util.py|findPicLoop 循环找图结束 ./public/bmp/S.bmp
20:31:34|const.py|自律 结束
20:31:36|util.py|click 135 424
20:31:37|util.py|click 684 308
20:31:39|const.py|打捞到sr或ssr判断 开始
20:31:39|util.py|click 684 308
20:31:40|util.py|findPicLoop 循环找图开始 ./public/bmp/exp2.bmp
20:31:41|util.py|findPicLoop 循环找图结束 ./public/bmp/exp2.bmp
20:31:41|util.py|click 733 445
20:31:44|const.py|作战失败判断 开始
20:31:48|const.py|紧急委托判断 开始
20:31:48|const.py|anchorProcess 出击步骤结束
20:31:53|const.py|anchorProcess 出击步骤开始
20:31:54|const.py|今日不再提示判断 开始
20:31:55|util.py|findPicLoop 循环找图开始 ./public/bmp/anchor.bmp
20:31:55|util.py|findPicLoop 循环找图结束 ./public/bmp/anchor.bmp
20:31:56|util.py|click 770 429
20:31:57|const.py|自律 开始
20:31:57|const.py|船坞已满判断 开始
20:32:08|util.py|findPicLoop 循环找图开始 ./public/bmp/S.bmp
20:32:16|util.py|findPicLoop 循环找图结束 ./public/bmp/S.bmp
20:32:16|const.py|自律 结束
20:32:17|util.py|click 135 424
20:32:18|util.py|click 684 308
20:32:20|const.py|打捞到sr或ssr判断 开始
20:32:21|util.py|click 684 308
20:32:21|util.py|findPicLoop 循环找图开始 ./public/bmp/exp2.bmp
20:32:22|util.py|findPicLoop 循环找图结束 ./public/bmp/exp2.bmp
20:32:22|util.py|click 733 445
20:32:26|const.py|作战失败判断 开始
20:32:29|const.py|紧急委托判断 开始
20:32:30|const.py|anchorProcess 出击步骤结束
20:32:35|const.py|anchorProcess 出击步骤开始
20:32:36|const.py|今日不再提示判断 开始
20:32:36|util.py|findPicLoop 循环找图开始 ./public/bmp/anchor.bmp
20:32:37|util.py|findPicLoop 循环找图结束 ./public/bmp/anchor.bmp
20:32:38|util.py|click 770 429
20:32:38|const.py|自律 开始
20:32:39|const.py|船坞已满判断 开始
20:32:50|util.py|findPicLoop 循环找图开始 ./public/bmp/S.bmp
20:33:03|util.py|findPicLoop 循环找图结束 ./public/bmp/S.bmp
20:33:03|const.py|自律 结束
20:33:04|util.py|click 135 424
20:33:05|util.py|click 684 308
20:33:07|const.py|打捞到sr或ssr判断 开始
20:33:07|util.py|click 684 308
20:33:08|util.py|findPicLoop 循环找图开始 ./public/bmp/exp2.bmp
20:33:09|util.py|findPicLoop 循环找图结束 ./public/bmp/exp2.bmp
20:33:09|util.py|click 733 445
20:33:12|const.py|作战失败判断 开始
20:33:16|const.py|紧急委托判断 开始
20:33:16|const.py|anchorProcess 出击步骤结束
20:33:21|const.py|anchorProcess 出击步骤开始
20:33:22|const.py|今日不再提示判断 开始
20:33:23|util.py|findPicLoop 循环找图开始 ./public/bmp/anchor.bmp
20:33:24|util.py|findPicLoop 循环找图结束 ./public/bmp/anchor.bmp
20:33:24|util.py|click 770 429
20:33:25|const.py|自律 开始
20:33:25|const.py|船坞已满判断 开始
20:33:36|util.py|findPicLoop 循环找图开始 ./public/bmp/S.bmp
20:33:59|util.py|findPicLoop 循环找图结束 ./public/bmp/S.bmp
20:33:59|const.py|自律 结束
20:34:00|util.py|click 135 424
20:34:01|util.py|click 684 308
20:34:03|const.py|打捞到sr或ssr判断 开始
20:34:03|util.py|click 684 308
20:34:04|util.py|findPicLoop 循环找图开始 ./public/bmp/exp2.bmp
20:34:05|util.py|findPicLoop 循环找图结束 ./public/bmp/exp2.bmp
20:34:05|util.py|click 733 445
20:34:08|const.py|作战失败判断 开始
20:34:12|const.py|紧急委托判断 开始
20:34:13|const.py|anchorProcess 出击步骤结束
20:34:18|const.py|anchorProcess 出击步骤开始
20:34:18|const.py|今日不再提示判断 开始
20:34:19|util.py|findPicLoop 循环找图开始 ./public/bmp/anchor.bmp
20:34:20|util.py|findPicLoop 循环找图结束 ./public/bmp/anchor.bmp
20:34:20|util.py|click 770 429
20:34:21|const.py|自律 开始
20:34:22|const.py|船坞已满判断 开始
20:34:32|util.py|findPicLoop 循环找图开始 ./public/bmp/S.bmp
20:34:42|util.py|findPicLoop 循环找图结束 ./public/bmp/S.bmp
20:34:42|const.py|自律 结束
20:34:43|util.py|click 135 424
20:34:44|util.py|click 684 308
20:34:46|const.py|打捞到sr或ssr判断 开始
20:34:47|util.py|click 684 308
20:34:47|util.py|findPicLoop 循环找图开始 ./public/bmp/exp2.bmp
20:34:48|util.py|findPicLoop 循环找图结束 ./public/bmp/exp2.bmp
20:34:48|util.py|click 733 445
20:34:51|const.py|作战失败判断 开始
20:34:55|const.py|紧急委托判断 开始
20:34:56|const.py|anchorProcess 出击步骤结束
20:35:01|const.py|anchorProcess 出击步骤开始
20:35:02|const.py|今日不再提示判断 开始
20:35:02|util.py|findPicLoop 循环找图开始 ./public/bmp/anchor.bmp
20:35:03|util.py|findPicLoop 循环找图结束 ./public/bmp/anchor.bmp
20:35:04|util.py|click 770 429
20:35:04|const.py|自律 开始
20:35:05|const.py|船坞已满判断 开始
20:35:16|util.py|findPicLoop 循环找图开始 ./public/bmp/S.bmp
20:35:39|util.py|findPicLoop 循环找图结束 ./public/bmp/S.bmp
20:35:39|const.py|自律 结束
20:35:40|util.py|click 135 424
20:35:41|util.py|click 684 308
20:35:43|const.py|打捞到sr或ssr判断 开始
20:35:44|util.py|click 684 308
20:35:44|util.py|findPicLoop 循环找图开始 ./public/bmp/exp2.bmp
20:35:45|util.py|findPicLoop 循环找图结束 ./public/bmp/exp2.bmp
20:35:45|util.py|click 733 445
20:35:49|const.py|作战失败判断 开始
20:35:52|const.py|紧急委托判断 开始
20:35:53|const.py|紧急委托
20:35:53|util.py|click 433 347
20:35:53|const.py|anchorProcess 出击步骤结束
20:35:58|const.py|anchorProcess 出击步骤开始
20:35:59|const.py|今日不再提示判断 开始
20:35:59|util.py|findPicLoop 循环找图开始 ./public/bmp/anchor.bmp
20:36:56|util.py|======adb subprocess error======
20:36:56|util.py|CompletedProcess(args='.\\bin\\adb_server.exe shell screencap /storage/emulated/0/data/screen/image.png', returncode=3221225786, stdout='', stderr='')
