11:53:47|1每日.py|每日脚本开始
11:53:48|const.py|backMainProcess 返回主页面开始
11:53:50|const.py|backMainProcess 返回主页面结束
11:53:50|util.py|findPicLoop 循环找图开始 ./public/bmp/weigh anchor.jpg
11:53:51|util.py|findPicLoop 循环找图结束 ./public/bmp/weigh anchor.jpg
11:53:51|util.py|click 729 244
11:53:52|util.py|findPicLoop 循环找图开始 ./public/bmp/daily task.jpg
11:53:53|util.py|findPicLoop 循环找图结束 ./public/bmp/daily task.jpg
11:53:53|util.py|click 487 413
11:53:54|util.py|getNumbers 识数字开始
11:53:56|util.py|getNumbers 识数字结束
11:53:56|util.py|click 55 288
11:53:57|util.py|click 353 305
11:53:59|util.py|click 503 134
11:54:00|const.py|anchorProcess 出击步骤开始
11:54:01|const.py|今日不再提示判断 开始
11:54:02|util.py|click 603 109
11:54:02|const.py|今日不再提示
11:54:02|util.py|findPicLoop 循环找图开始 ./public/bmp/anchor.bmp
11:54:03|util.py|findPicLoop 循环找图结束 ./public/bmp/anchor.bmp
11:54:04|util.py|click 770 429
11:54:04|const.py|自律 开始
11:54:05|const.py|船坞已满判断 开始
11:54:16|util.py|findPicLoop 循环找图开始 ./public/bmp/S.bmp
11:55:20|util.py|findPicLoop 循环找图结束 ./public/bmp/S.bmp
11:55:20|const.py|自律 结束
11:55:21|util.py|click 181 426
11:55:22|util.py|click 684 308
11:55:24|const.py|打捞到sr或ssr判断 开始
11:55:25|util.py|click 684 308
11:55:26|util.py|findPicLoop 循环找图开始 ./public/bmp/exp2.bmp
11:55:27|util.py|findPicLoop 循环找图结束 ./public/bmp/exp2.bmp
11:55:27|util.py|click 733 445
11:55:30|const.py|作战失败判断 开始
11:55:34|const.py|紧急委托判断 开始
11:55:35|const.py|anchorProcess 出击步骤结束
11:55:35|util.py|click 503 134
11:55:36|const.py|anchorProcess 出击步骤开始
11:55:37|const.py|今日不再提示判断 开始
11:55:38|util.py|findPicLoop 循环找图开始 ./public/bmp/anchor.bmp
11:55:39|util.py|findPicLoop 循环找图结束 ./public/bmp/anchor.bmp
11:55:40|util.py|click 770 429
11:55:40|const.py|自律 开始
11:55:41|const.py|船坞已满判断 开始
11:55:52|util.py|findPicLoop 循环找图开始 ./public/bmp/S.bmp
11:56:56|util.py|findPicLoop 循环找图结束 ./public/bmp/S.bmp
11:56:56|const.py|自律 结束
11:56:57|util.py|click 181 426
11:56:59|util.py|click 684 308
11:57:01|const.py|打捞到sr或ssr判断 开始
11:57:02|util.py|click 684 308
11:57:02|util.py|findPicLoop 循环找图开始 ./public/bmp/exp2.bmp
11:57:03|util.py|findPicLoop 循环找图结束 ./public/bmp/exp2.bmp
11:57:03|util.py|click 733 445
11:57:07|const.py|作战失败判断 开始
11:57:11|const.py|紧急委托判断 开始
11:57:12|const.py|anchorProcess 出击步骤结束
11:57:12|util.py|click 503 134
11:57:13|const.py|anchorProcess 出击步骤开始
11:57:14|const.py|今日不再提示判断 开始
11:57:15|util.py|findPicLoop 循环找图开始 ./public/bmp/anchor.bmp
11:57:16|util.py|findPicLoop 循环找图结束 ./public/bmp/anchor.bmp
11:57:16|util.py|click 770 429
11:57:17|const.py|自律 开始
11:57:18|const.py|船坞已满判断 开始
11:57:29|util.py|findPicLoop 循环找图开始 ./public/bmp/S.bmp
11:58:32|util.py|findPicLoop 循环找图结束 ./public/bmp/S.bmp
11:58:32|const.py|自律 结束
11:58:33|util.py|click 181 426
11:58:34|util.py|click 684 308
11:58:36|const.py|打捞到sr或ssr判断 开始
11:58:38|util.py|click 684 308
11:58:38|util.py|findPicLoop 循环找图开始 ./public/bmp/exp2.bmp
11:58:39|util.py|findPicLoop 循环找图结束 ./public/bmp/exp2.bmp
11:58:39|util.py|click 733 445
11:58:43|const.py|作战失败判断 开始
11:58:47|const.py|紧急委托判断 开始
11:58:48|const.py|anchorProcess 出击步骤结束
11:58:48|util.py|findPicLoop 循环找图开始 ./public/bmp/back.jpg
11:58:49|util.py|findPicLoop 循环找图结束 ./public/bmp/back.jpg
11:58:49|util.py|click 38 33
11:58:50|util.py|findPicLoop 循环找图开始 ./public/bmp/back.jpg
11:58:52|util.py|findPicLoop 循环找图结束 ./public/bmp/back.jpg
11:58:53|util.py|click 38 33
11:58:53|util.py|findPicLoop 循环找图开始 ./public/bmp/daily task.jpg
11:58:55|util.py|findPicLoop 循环找图结束 ./public/bmp/daily task.jpg
11:58:55|util.py|click 487 413
11:58:57|util.py|getNumbers 识数字开始
11:58:59|util.py|getNumbers 识数字结束
11:58:59|util.py|click 185 295
11:59:00|util.py|click 353 305
11:59:02|util.py|click 503 134
11:59:03|const.py|anchorProcess 出击步骤开始
11:59:04|const.py|今日不再提示判断 开始
11:59:05|util.py|findPicLoop 循环找图开始 ./public/bmp/anchor.bmp
11:59:06|util.py|findPicLoop 循环找图结束 ./public/bmp/anchor.bmp
11:59:07|util.py|click 770 429
11:59:07|const.py|自律 开始
11:59:08|const.py|船坞已满判断 开始
11:59:19|util.py|findPicLoop 循环找图开始 ./public/bmp/S.bmp
12:00:36|util.py|findPicLoop 循环找图结束 ./public/bmp/S.bmp
12:00:36|const.py|自律 结束
12:00:37|util.py|click 181 426
12:00:39|util.py|click 684 308
12:00:41|const.py|打捞到sr或ssr判断 开始
12:00:42|util.py|click 684 308
12:00:43|util.py|findPicLoop 循环找图开始 ./public/bmp/exp2.bmp
12:00:44|util.py|findPicLoop 循环找图结束 ./public/bmp/exp2.bmp
12:00:44|util.py|click 733 445
12:00:47|const.py|作战失败判断 开始
12:00:51|const.py|紧急委托判断 开始
12:00:52|const.py|anchorProcess 出击步骤结束
12:00:52|util.py|click 503 134
12:00:53|const.py|anchorProcess 出击步骤开始
12:00:54|const.py|今日不再提示判断 开始
12:00:55|util.py|findPicLoop 循环找图开始 ./public/bmp/anchor.bmp
12:00:56|util.py|findPicLoop 循环找图结束 ./public/bmp/anchor.bmp
12:00:57|util.py|click 770 429
12:00:57|const.py|自律 开始
12:00:58|const.py|船坞已满判断 开始
12:01:10|util.py|findPicLoop 循环找图开始 ./public/bmp/S.bmp
12:02:29|util.py|findPicLoop 循环找图结束 ./public/bmp/S.bmp
12:02:29|const.py|自律 结束
12:02:30|util.py|click 181 426
12:02:31|util.py|click 684 308
12:02:33|const.py|打捞到sr或ssr判断 开始
12:02:34|util.py|click 684 308
12:02:35|util.py|findPicLoop 循环找图开始 ./public/bmp/exp2.bmp
12:02:35|util.py|findPicLoop 循环找图结束 ./public/bmp/exp2.bmp
12:02:35|util.py|click 733 445
12:02:39|const.py|作战失败判断 开始
12:02:43|const.py|紧急委托判断 开始
12:02:44|const.py|anchorProcess 出击步骤结束
12:02:44|util.py|click 503 134
12:02:45|const.py|anchorProcess 出击步骤开始
12:02:46|const.py|今日不再提示判断 开始
12:02:47|util.py|findPicLoop 循环找图开始 ./public/bmp/anchor.bmp
12:02:48|util.py|findPicLoop 循环找图结束 ./public/bmp/anchor.bmp
12:02:49|util.py|click 770 429
12:02:49|const.py|自律 开始
12:02:50|const.py|船坞已满判断 开始
12:03:02|util.py|findPicLoop 循环找图开始 ./public/bmp/S.bmp
12:04:19|util.py|findPicLoop 循环找图结束 ./public/bmp/S.bmp
12:04:19|const.py|自律 结束
12:04:20|util.py|click 181 426
12:04:21|util.py|click 684 308
12:04:23|const.py|打捞到sr或ssr判断 开始
12:04:24|util.py|click 684 308
12:04:25|util.py|findPicLoop 循环找图开始 ./public/bmp/exp2.bmp
12:04:26|util.py|findPicLoop 循环找图结束 ./public/bmp/exp2.bmp
12:04:26|util.py|click 733 445
12:04:29|const.py|作战失败判断 开始
12:04:33|const.py|紧急委托判断 开始
12:04:34|const.py|anchorProcess 出击步骤结束
12:04:34|util.py|findPicLoop 循环找图开始 ./public/bmp/back.jpg
12:04:34|util.py|findPicLoop 循环找图结束 ./public/bmp/back.jpg
12:04:35|util.py|click 38 33
12:04:36|util.py|findPicLoop 循环找图开始 ./public/bmp/back.jpg
12:04:37|util.py|findPicLoop 循环找图结束 ./public/bmp/back.jpg
12:04:38|util.py|click 38 33
12:04:39|util.py|findPicLoop 循环找图开始 ./public/bmp/daily task.jpg
12:04:41|util.py|findPicLoop 循环找图结束 ./public/bmp/daily task.jpg
12:04:41|util.py|click 487 413
12:04:43|util.py|getNumbers 识数字开始
12:04:45|util.py|getNumbers 识数字结束
12:04:45|util.py|click 353 305
12:04:46|util.py|click 503 134
12:04:48|const.py|anchorProcess 出击步骤开始
12:04:48|const.py|今日不再提示判断 开始
12:04:50|util.py|findPicLoop 循环找图开始 ./public/bmp/anchor.bmp
12:04:50|util.py|findPicLoop 循环找图结束 ./public/bmp/anchor.bmp
12:04:51|util.py|click 770 429
12:04:52|const.py|自律 开始
12:04:52|const.py|船坞已满判断 开始
12:05:04|util.py|findPicLoop 循环找图开始 ./public/bmp/S.bmp
12:05:31|util.py|findPicLoop 循环找图结束 ./public/bmp/S.bmp
12:05:31|const.py|自律 结束
12:05:32|util.py|click 181 426
12:05:34|util.py|click 684 308
12:05:36|const.py|打捞到sr或ssr判断 开始
12:05:37|util.py|click 684 308
12:05:37|util.py|findPicLoop 循环找图开始 ./public/bmp/exp2.bmp
12:05:38|util.py|findPicLoop 循环找图结束 ./public/bmp/exp2.bmp
12:05:38|util.py|click 733 445
12:05:42|const.py|作战失败判断 开始
12:05:46|const.py|紧急委托判断 开始
12:05:46|const.py|anchorProcess 出击步骤结束
12:05:46|util.py|click 503 134
12:05:48|const.py|anchorProcess 出击步骤开始
12:05:48|const.py|今日不再提示判断 开始
12:05:49|util.py|findPicLoop 循环找图开始 ./public/bmp/anchor.bmp
12:05:50|util.py|findPicLoop 循环找图结束 ./public/bmp/anchor.bmp
12:05:51|util.py|click 770 429
12:05:51|const.py|自律 开始
12:05:52|const.py|船坞已满判断 开始
12:06:03|util.py|findPicLoop 循环找图开始 ./public/bmp/S.bmp
12:06:33|util.py|findPicLoop 循环找图结束 ./public/bmp/S.bmp
12:06:33|const.py|自律 结束
12:06:34|util.py|click 181 426
12:06:35|util.py|click 684 308
12:06:37|const.py|打捞到sr或ssr判断 开始
12:06:38|util.py|click 684 308
12:06:39|util.py|findPicLoop 循环找图开始 ./public/bmp/exp2.bmp
12:06:40|util.py|findPicLoop 循环找图结束 ./public/bmp/exp2.bmp
12:06:40|util.py|click 733 445
12:06:43|const.py|作战失败判断 开始
12:06:47|const.py|紧急委托判断 开始
12:06:48|const.py|anchorProcess 出击步骤结束
12:06:48|util.py|click 503 134
12:06:49|const.py|anchorProcess 出击步骤开始
12:06:50|const.py|今日不再提示判断 开始
12:06:51|util.py|findPicLoop 循环找图开始 ./public/bmp/anchor.bmp
12:06:52|util.py|findPicLoop 循环找图结束 ./public/bmp/anchor.bmp
12:06:52|util.py|click 770 429
12:06:53|const.py|自律 开始
12:06:54|const.py|船坞已满判断 开始
12:07:05|util.py|findPicLoop 循环找图开始 ./public/bmp/S.bmp
12:07:34|util.py|findPicLoop 循环找图结束 ./public/bmp/S.bmp
12:07:34|const.py|自律 结束
12:07:35|util.py|click 181 426
12:07:36|util.py|click 684 308
12:07:38|const.py|打捞到sr或ssr判断 开始
12:07:39|util.py|click 684 308
12:07:40|util.py|findPicLoop 循环找图开始 ./public/bmp/exp2.bmp
12:07:41|util.py|findPicLoop 循环找图结束 ./public/bmp/exp2.bmp
12:07:41|util.py|click 733 445
12:07:44|const.py|作战失败判断 开始
12:07:48|const.py|紧急委托判断 开始
12:07:49|const.py|anchorProcess 出击步骤结束
12:07:49|util.py|findPicLoop 循环找图开始 ./public/bmp/back.jpg
12:07:49|util.py|findPicLoop 循环找图结束 ./public/bmp/back.jpg
12:07:50|util.py|click 38 33
12:07:50|util.py|findPicLoop 循环找图开始 ./public/bmp/back.jpg
12:07:52|util.py|findPicLoop 循环找图结束 ./public/bmp/back.jpg
12:07:53|util.py|click 38 33
12:07:53|util.py|findPicLoop 循环找图开始 ./public/bmp/daily task.jpg
12:07:55|util.py|findPicLoop 循环找图结束 ./public/bmp/daily task.jpg
12:07:55|util.py|click 487 413
12:07:57|util.py|getNumbers 识数字开始
12:07:59|util.py|getNumbers 识数字结束
12:07:59|util.py|click 547 295
12:08:00|util.py|click 353 305
12:08:01|util.py|click 503 134
12:08:03|const.py|anchorProcess 出击步骤开始
12:08:03|const.py|今日不再提示判断 开始
12:08:04|util.py|findPicLoop 循环找图开始 ./public/bmp/anchor.bmp
12:08:05|util.py|findPicLoop 循环找图结束 ./public/bmp/anchor.bmp
12:08:06|util.py|click 770 429
12:08:06|const.py|自律 开始
12:08:07|const.py|船坞已满判断 开始
12:08:18|util.py|findPicLoop 循环找图开始 ./public/bmp/S.bmp
12:08:51|util.py|findPicLoop 循环找图结束 ./public/bmp/S.bmp
12:08:51|const.py|自律 结束
12:08:52|util.py|click 181 426
12:08:53|util.py|click 684 308
12:08:56|const.py|打捞到sr或ssr判断 开始
12:08:56|util.py|click 684 308
12:08:57|util.py|findPicLoop 循环找图开始 ./public/bmp/exp2.bmp
12:08:58|util.py|findPicLoop 循环找图结束 ./public/bmp/exp2.bmp
12:08:58|util.py|click 733 445
12:09:01|const.py|作战失败判断 开始
12:09:05|const.py|紧急委托判断 开始
12:09:06|const.py|anchorProcess 出击步骤结束
12:09:06|util.py|click 503 134
12:09:07|const.py|anchorProcess 出击步骤开始
12:09:08|const.py|今日不再提示判断 开始
12:09:09|util.py|findPicLoop 循环找图开始 ./public/bmp/anchor.bmp
12:09:10|util.py|findPicLoop 循环找图结束 ./public/bmp/anchor.bmp
12:09:11|util.py|click 770 429
12:09:11|const.py|自律 开始
12:09:12|const.py|船坞已满判断 开始
12:09:24|util.py|findPicLoop 循环找图开始 ./public/bmp/S.bmp
12:09:56|util.py|findPicLoop 循环找图结束 ./public/bmp/S.bmp
12:09:56|const.py|自律 结束
12:09:58|util.py|click 181 426
12:09:59|util.py|click 684 308
12:10:01|const.py|打捞到sr或ssr判断 开始
12:10:02|util.py|click 684 308
12:10:03|util.py|findPicLoop 循环找图开始 ./public/bmp/exp2.bmp
12:10:03|util.py|findPicLoop 循环找图结束 ./public/bmp/exp2.bmp
12:10:03|util.py|click 733 445
12:10:07|const.py|作战失败判断 开始
12:10:11|const.py|紧急委托判断 开始
12:10:12|const.py|anchorProcess 出击步骤结束
12:10:12|util.py|click 503 134
12:10:13|const.py|anchorProcess 出击步骤开始
12:10:14|const.py|今日不再提示判断 开始
12:10:15|util.py|findPicLoop 循环找图开始 ./public/bmp/anchor.bmp
12:10:15|util.py|findPicLoop 循环找图结束 ./public/bmp/anchor.bmp
12:10:16|util.py|click 770 429
12:10:17|const.py|自律 开始
12:10:17|const.py|船坞已满判断 开始
12:10:29|util.py|findPicLoop 循环找图开始 ./public/bmp/S.bmp
12:11:00|util.py|findPicLoop 循环找图结束 ./public/bmp/S.bmp
12:11:00|const.py|自律 结束
12:11:02|util.py|click 181 426
12:11:03|util.py|click 684 308
12:11:05|const.py|打捞到sr或ssr判断 开始
12:11:06|util.py|click 684 308
12:11:07|util.py|findPicLoop 循环找图开始 ./public/bmp/exp2.bmp
12:11:08|util.py|findPicLoop 循环找图结束 ./public/bmp/exp2.bmp
12:11:08|util.py|click 733 445
12:11:11|const.py|作战失败判断 开始
12:11:15|const.py|紧急委托判断 开始
12:11:16|const.py|anchorProcess 出击步骤结束
12:11:16|util.py|findPicLoop 循环找图开始 ./public/bmp/back.jpg
12:11:17|util.py|findPicLoop 循环找图结束 ./public/bmp/back.jpg
12:11:17|util.py|click 38 33
12:11:19|const.py|backMainProcess 返回主页面开始
12:11:21|util.py|click 838 25
12:11:26|2演习.py|演习脚本开始
12:11:27|const.py|backMainProcess 返回主页面开始
12:11:29|const.py|backMainProcess 返回主页面结束
12:11:29|util.py|findPicLoop 循环找图开始 ./public/bmp/weigh anchor.jpg
12:11:30|util.py|findPicLoop 循环找图结束 ./public/bmp/weigh anchor.jpg
12:11:30|util.py|click 729 244
12:11:31|util.py|findPicLoop 循环找图开始 ./public/bmp/exercise.jpg
12:11:31|util.py|findPicLoop 循环找图结束 ./public/bmp/exercise.jpg
12:11:31|util.py|click 700 413
12:11:33|util.py|getNumbers 识数字开始
12:11:35|util.py|getNumbers 识数字结束
12:11:35|util.py|getNumbers 识数字开始
12:11:36|util.py|getNumbers 识数字结束
12:11:36|util.py|getNumbers 识数字开始
12:11:37|util.py|getNumbers 识数字结束
12:11:37|util.py|getNumbers 识数字开始
12:11:38|util.py|getNumbers 识数字结束
12:11:38|util.py|getNumbers 识数字开始
12:11:40|util.py|getNumbers 识数字结束
12:11:40|util.py|findPicLoop 循环找图开始 ./public/bmp/new opponent.jpg
12:11:41|util.py|findPicLoop 循环找图结束 ./public/bmp/new opponent.jpg
12:11:41|util.py|click 765 244
12:11:47|util.py|getNumbers 识数字开始
12:11:48|util.py|getNumbers 识数字结束
12:11:48|util.py|getNumbers 识数字开始
12:11:49|util.py|getNumbers 识数字结束
12:11:49|util.py|getNumbers 识数字开始
12:11:51|util.py|getNumbers 识数字结束
12:11:51|util.py|getNumbers 识数字开始
12:11:52|util.py|getNumbers 识数字结束
12:11:52|util.py|click 654 173
12:11:53|util.py|findPicLoop 循环找图开始 ./public/bmp/start excise.jpg
12:11:53|util.py|findPicLoop 循环找图结束 ./public/bmp/start excise.jpg
12:11:53|util.py|click 433 384
12:11:54|const.py|anchorProcess 出击步骤开始
12:11:55|const.py|今日不再提示判断 开始
12:11:56|util.py|findPicLoop 循环找图开始 ./public/bmp/anchor.bmp
12:11:57|util.py|findPicLoop 循环找图结束 ./public/bmp/anchor.bmp
12:11:58|util.py|click 770 429
12:11:58|const.py|自律 开始
12:11:59|const.py|船坞已满判断 开始
12:12:11|util.py|findPicLoop 循环找图开始 ./public/bmp/S.bmp
12:12:35|util.py|findPicLoop 循环找图结束 ./public/bmp/S.bmp
12:12:35|const.py|自律 结束
12:12:36|util.py|click 181 426
12:12:37|util.py|click 684 308
12:12:39|const.py|打捞到sr或ssr判断 开始
12:12:40|util.py|click 684 308
12:12:41|util.py|findPicLoop 循环找图开始 ./public/bmp/exp2.bmp
12:12:41|util.py|findPicLoop 循环找图结束 ./public/bmp/exp2.bmp
12:12:41|util.py|click 733 445
12:12:45|const.py|作战失败判断 开始
12:12:49|const.py|紧急委托判断 开始
12:12:49|const.py|anchorProcess 出击步骤结束
12:12:50|util.py|getNumbers 识数字开始
12:12:51|util.py|getNumbers 识数字结束
12:12:51|util.py|getNumbers 识数字开始
12:12:53|util.py|getNumbers 识数字结束
12:12:53|util.py|getNumbers 识数字开始
12:12:54|util.py|getNumbers 识数字结束
12:12:54|util.py|getNumbers 识数字开始
12:12:55|util.py|getNumbers 识数字结束
12:12:55|util.py|getNumbers 识数字开始
12:12:56|util.py|getNumbers 识数字结束
12:12:56|util.py|click 157 170
12:12:57|util.py|findPicLoop 循环找图开始 ./public/bmp/start excise.jpg
12:12:58|util.py|findPicLoop 循环找图结束 ./public/bmp/start excise.jpg
12:12:58|util.py|click 433 384
12:12:59|const.py|anchorProcess 出击步骤开始
12:13:00|const.py|今日不再提示判断 开始
12:13:00|util.py|findPicLoop 循环找图开始 ./public/bmp/anchor.bmp
12:13:01|util.py|findPicLoop 循环找图结束 ./public/bmp/anchor.bmp
12:13:02|util.py|click 770 429
12:13:03|const.py|自律 开始
12:13:03|const.py|船坞已满判断 开始
12:13:15|util.py|findPicLoop 循环找图开始 ./public/bmp/S.bmp
12:13:16|util.py|findPicLoop 循环找图结束 ./public/bmp/S.bmp
12:13:16|const.py|自律 结束
12:13:17|util.py|click 181 426
12:13:18|util.py|click 684 308
12:13:20|const.py|打捞到sr或ssr判断 开始
12:13:21|util.py|click 684 308
12:13:22|util.py|findPicLoop 循环找图开始 ./public/bmp/exp2.bmp
12:13:23|util.py|findPicLoop 循环找图结束 ./public/bmp/exp2.bmp
12:13:23|util.py|click 733 445
12:13:26|const.py|作战失败判断 开始
12:13:30|const.py|紧急委托判断 开始
12:13:31|const.py|anchorProcess 出击步骤结束
12:13:32|util.py|getNumbers 识数字开始
12:13:33|util.py|getNumbers 识数字结束
12:13:33|util.py|getNumbers 识数字开始
12:13:34|util.py|getNumbers 识数字结束
12:13:34|util.py|getNumbers 识数字开始
12:13:35|util.py|getNumbers 识数字结束
12:13:35|util.py|getNumbers 识数字开始
12:13:36|util.py|getNumbers 识数字结束
12:13:36|util.py|getNumbers 识数字开始
12:13:37|util.py|getNumbers 识数字结束
12:13:37|util.py|click 654 173
12:13:38|util.py|findPicLoop 循环找图开始 ./public/bmp/start excise.jpg
12:13:39|util.py|findPicLoop 循环找图结束 ./public/bmp/start excise.jpg
12:13:39|util.py|click 433 384
12:13:40|const.py|anchorProcess 出击步骤开始
12:13:41|const.py|今日不再提示判断 开始
12:13:42|util.py|findPicLoop 循环找图开始 ./public/bmp/anchor.bmp
12:13:43|util.py|findPicLoop 循环找图结束 ./public/bmp/anchor.bmp
12:13:43|util.py|click 770 429
12:13:44|const.py|自律 开始
12:13:45|const.py|船坞已满判断 开始
12:13:56|util.py|findPicLoop 循环找图开始 ./public/bmp/S.bmp
12:14:17|util.py|findPicLoop 循环找图结束 ./public/bmp/S.bmp
12:14:17|const.py|自律 结束
12:14:18|util.py|click 181 426
12:14:20|util.py|click 684 308
12:14:22|const.py|打捞到sr或ssr判断 开始
12:14:23|util.py|click 684 308
12:14:23|util.py|findPicLoop 循环找图开始 ./public/bmp/exp2.bmp
12:14:24|util.py|findPicLoop 循环找图结束 ./public/bmp/exp2.bmp
12:14:24|util.py|click 733 445
12:14:28|const.py|作战失败判断 开始
12:14:32|const.py|紧急委托判断 开始
12:14:33|const.py|anchorProcess 出击步骤结束
12:14:34|util.py|getNumbers 识数字开始
12:14:35|util.py|getNumbers 识数字结束
12:14:35|util.py|getNumbers 识数字开始
12:14:36|util.py|getNumbers 识数字结束
12:14:36|util.py|getNumbers 识数字开始
12:14:37|util.py|getNumbers 识数字结束
12:14:37|util.py|getNumbers 识数字开始
12:14:39|util.py|getNumbers 识数字结束
12:14:39|util.py|getNumbers 识数字开始
12:14:40|util.py|getNumbers 识数字结束
12:14:40|util.py|click 322 173
12:14:41|util.py|findPicLoop 循环找图开始 ./public/bmp/start excise.jpg
12:14:42|util.py|findPicLoop 循环找图结束 ./public/bmp/start excise.jpg
12:14:42|util.py|click 433 384
12:14:43|const.py|anchorProcess 出击步骤开始
12:14:44|const.py|今日不再提示判断 开始
12:14:45|util.py|findPicLoop 循环找图开始 ./public/bmp/anchor.bmp
12:14:46|util.py|findPicLoop 循环找图结束 ./public/bmp/anchor.bmp
12:14:46|util.py|click 770 429
12:14:47|const.py|自律 开始
12:14:48|const.py|船坞已满判断 开始
12:15:00|util.py|findPicLoop 循环找图开始 ./public/bmp/S.bmp
12:15:18|util.py|findPicLoop 循环找图结束 ./public/bmp/S.bmp
12:15:18|const.py|自律 结束
12:15:19|util.py|click 181 426
12:15:21|util.py|click 684 308
12:15:23|const.py|打捞到sr或ssr判断 开始
12:15:24|util.py|click 684 308
12:15:24|util.py|findPicLoop 循环找图开始 ./public/bmp/exp2.bmp
12:15:25|util.py|findPicLoop 循环找图结束 ./public/bmp/exp2.bmp
12:15:25|util.py|click 733 445
12:15:29|const.py|作战失败判断 开始
12:15:33|const.py|紧急委托判断 开始
12:15:33|const.py|anchorProcess 出击步骤结束
12:15:34|util.py|getNumbers 识数字开始
12:15:36|util.py|getNumbers 识数字结束
12:15:36|util.py|getNumbers 识数字开始
12:15:37|util.py|getNumbers 识数字结束
12:15:37|util.py|getNumbers 识数字开始
12:15:38|util.py|getNumbers 识数字结束
12:15:38|util.py|getNumbers 识数字开始
12:15:40|util.py|getNumbers 识数字结束
12:15:40|util.py|getNumbers 识数字开始
12:15:41|util.py|getNumbers 识数字结束
12:15:41|util.py|click 487 175
12:15:42|util.py|findPicLoop 循环找图开始 ./public/bmp/start excise.jpg
12:15:43|util.py|findPicLoop 循环找图结束 ./public/bmp/start excise.jpg
12:15:43|util.py|click 433 384
12:15:44|const.py|anchorProcess 出击步骤开始
12:15:44|const.py|今日不再提示判断 开始
12:15:45|util.py|findPicLoop 循环找图开始 ./public/bmp/anchor.bmp
12:15:46|util.py|findPicLoop 循环找图结束 ./public/bmp/anchor.bmp
12:15:47|util.py|click 770 429
12:15:47|const.py|自律 开始
12:15:48|const.py|船坞已满判断 开始
12:16:00|util.py|findPicLoop 循环找图开始 ./public/bmp/S.bmp
12:16:21|util.py|findPicLoop 循环找图结束 ./public/bmp/S.bmp
12:16:21|const.py|自律 结束
12:16:22|util.py|click 181 426
12:16:24|util.py|click 684 308
12:16:26|const.py|打捞到sr或ssr判断 开始
12:16:27|util.py|click 684 308
12:16:28|util.py|findPicLoop 循环找图开始 ./public/bmp/exp2.bmp
12:16:29|util.py|findPicLoop 循环找图结束 ./public/bmp/exp2.bmp
12:16:29|util.py|click 733 445
12:16:32|const.py|作战失败判断 开始
12:16:36|const.py|紧急委托判断 开始
12:16:37|const.py|anchorProcess 出击步骤结束
12:16:38|util.py|getNumbers 识数字开始
12:16:39|util.py|getNumbers 识数字结束
12:16:39|util.py|getNumbers 识数字开始
12:16:41|util.py|getNumbers 识数字结束
12:16:41|util.py|getNumbers 识数字开始
12:16:42|util.py|getNumbers 识数字结束
12:16:42|util.py|getNumbers 识数字开始
12:16:43|util.py|getNumbers 识数字结束
12:16:43|util.py|getNumbers 识数字开始
12:16:44|util.py|getNumbers 识数字结束
12:16:44|util.py|click 654 173
12:16:45|util.py|findPicLoop 循环找图开始 ./public/bmp/start excise.jpg
12:16:46|util.py|findPicLoop 循环找图结束 ./public/bmp/start excise.jpg
12:16:46|util.py|click 433 384
12:16:47|const.py|anchorProcess 出击步骤开始
12:16:48|const.py|今日不再提示判断 开始
12:16:49|util.py|findPicLoop 循环找图开始 ./public/bmp/anchor.bmp
12:16:50|util.py|findPicLoop 循环找图结束 ./public/bmp/anchor.bmp
12:16:51|util.py|click 770 429
12:16:51|const.py|自律 开始
12:16:52|const.py|船坞已满判断 开始
12:17:04|util.py|findPicLoop 循环找图开始 ./public/bmp/S.bmp
12:17:12|util.py|findPicLoop 循环找图结束 ./public/bmp/S.bmp
12:17:12|const.py|自律 结束
12:17:13|util.py|click 181 426
12:17:14|util.py|click 684 308
12:17:17|const.py|打捞到sr或ssr判断 开始
12:17:18|util.py|click 684 308
12:17:18|util.py|findPicLoop 循环找图开始 ./public/bmp/exp2.bmp
12:17:19|util.py|findPicLoop 循环找图结束 ./public/bmp/exp2.bmp
12:17:19|util.py|click 733 445
12:17:22|const.py|作战失败判断 开始
12:17:26|const.py|紧急委托判断 开始
12:17:27|const.py|anchorProcess 出击步骤结束
12:17:28|util.py|getNumbers 识数字开始
12:17:29|util.py|getNumbers 识数字结束
12:17:29|util.py|getNumbers 识数字开始
12:17:30|util.py|getNumbers 识数字结束
12:17:30|util.py|getNumbers 识数字开始
12:17:32|util.py|getNumbers 识数字结束
12:17:32|util.py|getNumbers 识数字开始
12:17:33|util.py|getNumbers 识数字结束
12:17:33|util.py|getNumbers 识数字开始
12:17:34|util.py|getNumbers 识数字结束
12:17:34|util.py|click 157 170
12:17:35|util.py|findPicLoop 循环找图开始 ./public/bmp/start excise.jpg
12:17:35|util.py|findPicLoop 循环找图结束 ./public/bmp/start excise.jpg
12:17:35|util.py|click 433 384
12:17:36|const.py|anchorProcess 出击步骤开始
12:17:37|const.py|今日不再提示判断 开始
12:17:38|util.py|findPicLoop 循环找图开始 ./public/bmp/anchor.bmp
12:17:39|util.py|findPicLoop 循环找图结束 ./public/bmp/anchor.bmp
12:17:40|util.py|click 770 429
12:17:40|const.py|自律 开始
12:17:41|const.py|船坞已满判断 开始
12:17:53|util.py|findPicLoop 循环找图开始 ./public/bmp/S.bmp
12:18:11|util.py|findPicLoop 循环找图结束 ./public/bmp/S.bmp
12:18:11|const.py|自律 结束
12:18:12|util.py|click 181 426
12:18:13|util.py|click 684 308
12:18:16|const.py|打捞到sr或ssr判断 开始
12:18:17|util.py|click 684 308
12:18:17|util.py|findPicLoop 循环找图开始 ./public/bmp/exp2.bmp
12:18:18|util.py|findPicLoop 循环找图结束 ./public/bmp/exp2.bmp
12:18:18|util.py|click 733 445
12:18:22|const.py|作战失败判断 开始
12:18:26|const.py|紧急委托判断 开始
12:18:26|const.py|anchorProcess 出击步骤结束
12:18:27|util.py|getNumbers 识数字开始
12:18:29|util.py|getNumbers 识数字结束
12:18:29|util.py|getNumbers 识数字开始
12:18:30|util.py|getNumbers 识数字结束
12:18:30|util.py|getNumbers 识数字开始
12:18:31|util.py|getNumbers 识数字结束
12:18:31|util.py|getNumbers 识数字开始
12:18:32|util.py|getNumbers 识数字结束
12:18:32|util.py|getNumbers 识数字开始
12:18:34|util.py|getNumbers 识数字结束
12:18:34|util.py|click 157 170
12:18:35|util.py|findPicLoop 循环找图开始 ./public/bmp/start excise.jpg
12:18:35|util.py|findPicLoop 循环找图结束 ./public/bmp/start excise.jpg
12:18:35|util.py|click 433 384
12:18:37|const.py|anchorProcess 出击步骤开始
12:18:37|const.py|今日不再提示判断 开始
12:18:39|util.py|findPicLoop 循环找图开始 ./public/bmp/anchor.bmp
12:18:39|util.py|findPicLoop 循环找图结束 ./public/bmp/anchor.bmp
12:18:40|util.py|click 770 429
12:18:41|const.py|自律 开始
12:18:42|const.py|船坞已满判断 开始
12:18:54|util.py|findPicLoop 循环找图开始 ./public/bmp/S.bmp
12:19:14|util.py|findPicLoop 循环找图结束 ./public/bmp/S.bmp
12:19:14|const.py|自律 结束
12:19:15|util.py|click 181 426
12:19:16|util.py|click 684 308
12:19:19|const.py|打捞到sr或ssr判断 开始
12:19:20|util.py|click 684 308
12:19:20|util.py|findPicLoop 循环找图开始 ./public/bmp/exp2.bmp
12:19:21|util.py|findPicLoop 循环找图结束 ./public/bmp/exp2.bmp
12:19:21|util.py|click 733 445
12:19:25|const.py|作战失败判断 开始
12:19:29|const.py|紧急委托判断 开始
12:19:30|const.py|anchorProcess 出击步骤结束
12:19:31|util.py|getNumbers 识数字开始
12:19:32|util.py|getNumbers 识数字结束
12:19:32|util.py|getNumbers 识数字开始
12:19:33|util.py|getNumbers 识数字结束
12:19:33|util.py|getNumbers 识数字开始
12:19:34|util.py|getNumbers 识数字结束
12:19:34|util.py|getNumbers 识数字开始
12:19:35|util.py|getNumbers 识数字结束
12:19:35|util.py|getNumbers 识数字开始
12:19:37|util.py|getNumbers 识数字结束
12:19:37|util.py|click 487 175
12:19:38|util.py|findPicLoop 循环找图开始 ./public/bmp/start excise.jpg
12:19:38|util.py|findPicLoop 循环找图结束 ./public/bmp/start excise.jpg
12:19:38|util.py|click 433 384
12:19:39|const.py|anchorProcess 出击步骤开始
12:19:40|const.py|今日不再提示判断 开始
12:19:41|util.py|findPicLoop 循环找图开始 ./public/bmp/anchor.bmp
12:19:42|util.py|findPicLoop 循环找图结束 ./public/bmp/anchor.bmp
12:19:43|util.py|click 770 429
12:19:43|const.py|自律 开始
12:19:44|const.py|船坞已满判断 开始
12:19:56|util.py|findPicLoop 循环找图开始 ./public/bmp/S.bmp
12:20:16|util.py|findPicLoop 循环找图结束 ./public/bmp/S.bmp
12:20:16|const.py|自律 结束
12:20:17|util.py|click 181 426
12:20:18|util.py|click 684 308
12:20:21|const.py|打捞到sr或ssr判断 开始
12:20:22|util.py|click 684 308
12:20:22|util.py|findPicLoop 循环找图开始 ./public/bmp/exp2.bmp
12:20:24|util.py|findPicLoop 循环找图结束 ./public/bmp/exp2.bmp
12:20:24|util.py|click 733 445
12:20:28|const.py|作战失败判断 开始
12:20:32|const.py|紧急委托判断 开始
12:20:34|const.py|anchorProcess 出击步骤结束
12:20:35|util.py|getNumbers 识数字开始
12:20:36|util.py|getNumbers 识数字结束
12:20:36|util.py|getNumbers 识数字开始
12:20:38|util.py|getNumbers 识数字结束
12:20:38|util.py|getNumbers 识数字开始
12:20:39|util.py|getNumbers 识数字结束
12:20:39|util.py|getNumbers 识数字开始
12:20:41|util.py|getNumbers 识数字结束
12:20:41|util.py|getNumbers 识数字开始
12:20:42|util.py|getNumbers 识数字结束
12:20:42|util.py|click 487 175
12:20:44|util.py|findPicLoop 循环找图开始 ./public/bmp/start excise.jpg
12:20:44|util.py|findPicLoop 循环找图结束 ./public/bmp/start excise.jpg
12:20:44|util.py|click 433 384
12:20:45|const.py|anchorProcess 出击步骤开始
12:20:46|const.py|今日不再提示判断 开始
12:20:47|util.py|findPicLoop 循环找图开始 ./public/bmp/anchor.bmp
12:20:48|util.py|findPicLoop 循环找图结束 ./public/bmp/anchor.bmp
12:20:49|util.py|click 770 429
12:20:50|const.py|自律 开始
12:20:50|const.py|船坞已满判断 开始
12:21:02|util.py|findPicLoop 循环找图开始 ./public/bmp/S.bmp
12:21:04|util.py|findPicLoop 循环找图结束 ./public/bmp/S.bmp
12:21:04|const.py|自律 结束
12:21:05|util.py|click 181 426
12:21:06|util.py|click 684 308
12:21:08|const.py|打捞到sr或ssr判断 开始
12:21:10|util.py|click 684 308
12:21:10|util.py|findPicLoop 循环找图开始 ./public/bmp/exp2.bmp
12:21:11|util.py|findPicLoop 循环找图结束 ./public/bmp/exp2.bmp
12:21:11|util.py|click 733 445
12:21:15|const.py|作战失败判断 开始
12:21:19|const.py|紧急委托判断 开始
12:21:19|const.py|anchorProcess 出击步骤结束
12:21:20|util.py|getNumbers 识数字开始
12:21:22|util.py|getNumbers 识数字结束
12:21:22|const.py|backMainProcess 返回主页面开始
12:21:24|util.py|click 830 26
12:21:29|3困难7-2.py|困难7-2脚本开始
12:21:29|const.py|chapterProcess 进入出击章节步骤开始
12:21:29|const.py|backMainProcess 返回主页面开始
12:21:31|const.py|backMainProcess 返回主页面结束
12:21:31|util.py|findPicLoop 循环找图开始 ./public/bmp/weigh anchor.jpg
12:21:32|util.py|findPicLoop 循环找图结束 ./public/bmp/weigh anchor.jpg
12:21:32|util.py|click 729 244
12:21:32|const.py|判断是否为图里面 开始
12:21:35|util.py|findPicLoop 循环找图开始 ./public/bmp/main battleline.jpg
12:21:36|util.py|findPicLoop 循环找图结束 ./public/bmp/main battleline.jpg
12:21:36|util.py|click 231 225
12:21:37|util.py|findPicLoop 循环找图开始 ./public/bmp/exercise.jpg
12:21:38|util.py|findPicLoop 循环找图结束 ./public/bmp/exercise.jpg
12:21:38|util.py|getWords 识字开始
12:21:39|util.py|getWords 识字结束
12:21:40|const.py|chapterProcess 进入出击章节步骤结束
12:21:40|const.py|intoStageProcess 进入stage步骤开始
12:21:42|util.py|click 376 150
12:21:43|util.py|findPicLoop 循环找图开始 ./public/bmp/start chapter.jpg
12:21:45|util.py|findPicLoop 循环找图结束 ./public/bmp/start chapter.jpg
12:21:45|util.py|click 642 350
12:21:46|const.py|船坞已满判断 开始
12:21:47|util.py|findPicLoop 循环找图开始 ./public/bmp/start chapter.jpg
12:21:48|util.py|findPicLoop 循环找图结束 ./public/bmp/start chapter.jpg
12:21:48|util.py|click 716 411
12:21:49|const.py|intoStageProcess 进入stage步骤结束
12:21:49|const.py|goBossProcess 走boss格子 开始
12:21:49|util.py|findPicLoop 循环找图开始 ./public/bmp/boss.jpg
12:21:54|util.py|findPicLoop 循环找图结束 ./public/bmp/boss.jpg
12:21:54|util.py|click 431 236
12:21:55|const.py|anchorProcess 出击步骤开始
12:21:56|const.py|今日不再提示判断 开始
12:21:57|util.py|findPicLoop 循环找图开始 ./public/bmp/anchor.bmp
12:21:59|util.py|findPicLoop 循环找图结束 ./public/bmp/anchor.bmp
12:22:00|util.py|click 770 429
12:22:01|const.py|自律 开始
12:22:02|const.py|船坞已满判断 开始
12:22:13|util.py|findPicLoop 循环找图开始 ./public/bmp/S.bmp
12:23:07|util.py|findPicLoop 循环找图结束 ./public/bmp/S.bmp
12:23:07|const.py|自律 结束
12:23:09|util.py|click 181 426
12:23:10|util.py|click 684 308
12:23:12|const.py|打捞到sr或ssr判断 开始
12:23:13|util.py|click 684 308
12:23:14|util.py|findPicLoop 循环找图开始 ./public/bmp/exp2.bmp
12:23:15|util.py|findPicLoop 循环找图结束 ./public/bmp/exp2.bmp
12:23:15|util.py|click 733 445
12:23:18|const.py|作战失败判断 开始
12:23:22|const.py|紧急委托判断 开始
12:23:23|const.py|anchorProcess 出击步骤结束
12:23:23|const.py|goBossProcess boss解决
12:23:23|const.py|intoStageProcess 进入stage步骤开始
12:23:25|util.py|click 376 150
12:23:26|util.py|findPicLoop 循环找图开始 ./public/bmp/start chapter.jpg
12:23:27|util.py|findPicLoop 循环找图结束 ./public/bmp/start chapter.jpg
12:23:27|util.py|click 642 350
12:23:29|const.py|船坞已满判断 开始
12:23:30|util.py|findPicLoop 循环找图开始 ./public/bmp/start chapter.jpg
12:23:31|util.py|findPicLoop 循环找图结束 ./public/bmp/start chapter.jpg
12:23:31|util.py|click 716 411
12:23:31|const.py|intoStageProcess 进入stage步骤结束
12:23:31|const.py|goBossProcess 走boss格子 开始
12:23:31|util.py|findPicLoop 循环找图开始 ./public/bmp/boss.jpg
12:23:36|util.py|findPicLoop 循环找图结束 ./public/bmp/boss.jpg
12:23:36|util.py|click 431 236
12:23:36|const.py|anchorProcess 出击步骤开始
12:23:37|const.py|今日不再提示判断 开始
12:23:38|util.py|findPicLoop 循环找图开始 ./public/bmp/anchor.bmp
12:23:41|util.py|findPicLoop 循环找图结束 ./public/bmp/anchor.bmp
12:23:42|util.py|click 770 429
12:23:42|const.py|自律 开始
12:23:43|const.py|船坞已满判断 开始
12:23:55|util.py|findPicLoop 循环找图开始 ./public/bmp/S.bmp
12:24:48|util.py|findPicLoop 循环找图结束 ./public/bmp/S.bmp
12:24:48|const.py|自律 结束
12:24:50|util.py|click 181 426
12:24:51|util.py|click 684 308
12:24:53|const.py|打捞到sr或ssr判断 开始
12:24:54|util.py|click 684 308
12:24:54|util.py|findPicLoop 循环找图开始 ./public/bmp/exp2.bmp
12:24:55|util.py|findPicLoop 循环找图结束 ./public/bmp/exp2.bmp
12:24:55|util.py|click 733 445
12:24:59|const.py|作战失败判断 开始
12:25:03|const.py|紧急委托判断 开始
12:25:03|const.py|anchorProcess 出击步骤结束
12:25:03|const.py|goBossProcess boss解决
12:25:03|const.py|intoStageProcess 进入stage步骤开始
12:25:05|util.py|click 376 150
12:25:06|util.py|findPicLoop 循环找图开始 ./public/bmp/start chapter.jpg
12:25:08|util.py|findPicLoop 循环找图结束 ./public/bmp/start chapter.jpg
12:25:08|util.py|click 642 350
12:25:09|const.py|船坞已满判断 开始
12:25:10|util.py|findPicLoop 循环找图开始 ./public/bmp/start chapter.jpg
12:25:11|util.py|findPicLoop 循环找图结束 ./public/bmp/start chapter.jpg
12:25:11|util.py|click 716 411
12:25:11|const.py|intoStageProcess 进入stage步骤结束
12:25:11|const.py|goBossProcess 走boss格子 开始
12:25:11|util.py|findPicLoop 循环找图开始 ./public/bmp/boss.jpg
12:25:16|util.py|findPicLoop 循环找图结束 ./public/bmp/boss.jpg
12:25:16|util.py|click 431 236
12:25:17|const.py|anchorProcess 出击步骤开始
12:25:18|const.py|今日不再提示判断 开始
12:25:18|util.py|findPicLoop 循环找图开始 ./public/bmp/anchor.bmp
12:25:21|util.py|findPicLoop 循环找图结束 ./public/bmp/anchor.bmp
12:25:22|util.py|click 770 429
12:25:23|const.py|自律 开始
12:25:24|const.py|船坞已满判断 开始
12:25:35|util.py|findPicLoop 循环找图开始 ./public/bmp/S.bmp
12:26:24|util.py|findPicLoop 循环找图结束 ./public/bmp/S.bmp
12:26:24|const.py|自律 结束
12:26:25|util.py|click 181 426
12:26:26|util.py|click 684 308
12:26:29|const.py|打捞到sr或ssr判断 开始
12:26:30|util.py|click 684 308
12:26:30|util.py|findPicLoop 循环找图开始 ./public/bmp/exp2.bmp
12:26:31|util.py|findPicLoop 循环找图结束 ./public/bmp/exp2.bmp
12:26:31|util.py|click 733 445
12:26:34|const.py|作战失败判断 开始
12:26:38|const.py|紧急委托判断 开始
12:26:39|const.py|anchorProcess 出击步骤结束
12:26:39|const.py|goBossProcess boss解决
12:26:39|const.py|backMainProcess 返回主页面开始
12:26:41|util.py|click 830 26
12:34:23|4通常7-2 不打boss.py|通常7-2 不打boss 开始
12:34:23|const.py|chapterProcess 进入出击章节步骤开始
12:34:23|const.py|backMainProcess 返回主页面开始
12:34:26|const.py|backMainProcess 返回主页面结束
12:34:26|util.py|findPicLoop 循环找图开始 ./public/bmp/weigh anchor.jpg
12:34:27|util.py|findPicLoop 循环找图结束 ./public/bmp/weigh anchor.jpg
12:34:27|util.py|click 729 244
12:34:28|const.py|判断是否为图里面 开始
12:34:31|util.py|findPicLoop 循环找图开始 ./public/bmp/main battleline.jpg
12:34:32|util.py|findPicLoop 循环找图结束 ./public/bmp/main battleline.jpg
12:34:32|util.py|click 231 225
12:34:32|util.py|findPicLoop 循环找图开始 ./public/bmp/exercise.jpg
12:34:33|util.py|findPicLoop 循环找图结束 ./public/bmp/exercise.jpg
12:34:33|util.py|getWords 识字开始
12:34:34|util.py|getWords 识字结束
12:34:35|const.py|chapterProcess 进入出击章节步骤结束
12:34:35|4通常7-2 不打boss.py|-------------一局开始------------
12:34:35|const.py|intoStageProcess 进入stage步骤开始
12:34:37|util.py|click 361 146
12:34:38|util.py|findPicLoop 循环找图开始 ./public/bmp/start chapter.jpg
12:34:39|util.py|findPicLoop 循环找图结束 ./public/bmp/start chapter.jpg
12:34:39|util.py|click 642 350
12:34:40|const.py|船坞已满判断 开始
12:34:42|util.py|click 767 220
12:34:43|util.py|click 713 131
12:34:43|util.py|click 740 232
12:34:44|util.py|click 714 223
12:34:45|util.py|click 740 406
12:34:45|util.py|findPicLoop 循环找图开始 ./public/bmp/start chapter.jpg
12:34:47|util.py|findPicLoop 循环找图结束 ./public/bmp/start chapter.jpg
12:34:47|util.py|click 716 411
12:34:47|const.py|红脸判断 开始
12:34:48|util.py|getWords 识字开始
12:34:49|util.py|getWords 识字结束
12:34:49|const.py|intoStageProcess 进入stage步骤结束
12:34:49|4通常7-2 不打boss.py|------------一把开始-----------
12:34:49|util.py|findPicLoop 循环找图开始 ./public/bmp/withdraw.jpg
12:34:51|util.py|findPicLoop 循环找图结束 ./public/bmp/withdraw.jpg
12:34:55|const.py|findShip 找船 开始
12:34:56|const.py|findShip 找船 结束
12:34:56|util.py|click 338 241
12:34:57|const.py|anchorProcess 出击步骤开始
12:34:58|const.py|今日不再提示判断 开始
12:34:58|util.py|findPicLoop 循环找图开始 ./public/bmp/anchor.bmp
12:35:02|util.py|findPicLoop 循环找图结束 ./public/bmp/anchor.bmp
12:35:03|util.py|click 770 429
12:35:03|const.py|自律 开始
12:35:04|const.py|红脸判断 开始
12:35:04|util.py|getWords 识字开始
12:35:07|util.py|getWords 识字结束
12:35:07|const.py|船坞已满判断 开始
12:35:18|util.py|findPicLoop 循环找图开始 ./public/bmp/S.bmp
12:35:57|util.py|findPicLoop 循环找图结束 ./public/bmp/S.bmp
12:35:57|const.py|自律 结束
12:35:58|util.py|click 181 426
12:35:59|util.py|click 684 308
12:36:02|const.py|打捞到sr或ssr判断 开始
12:36:03|util.py|click 684 308
12:36:04|util.py|findPicLoop 循环找图开始 ./public/bmp/exp2.bmp
12:36:04|util.py|findPicLoop 循环找图结束 ./public/bmp/exp2.bmp
12:36:04|util.py|click 733 445
12:36:08|const.py|作战失败判断 开始
12:36:12|const.py|紧急委托判断 开始
12:36:13|const.py|anchorProcess 出击步骤结束
12:36:13|4通常7-2 不打boss.py|------------一把结束-----------
12:36:13|4通常7-2 不打boss.py|------------一把开始-----------
12:36:13|util.py|findPicLoop 循环找图开始 ./public/bmp/withdraw.jpg
12:36:14|util.py|findPicLoop 循环找图结束 ./public/bmp/withdraw.jpg
12:36:18|4通常7-2 不打boss.py|findQuestion 找问号 开始
12:36:20|4通常7-2 不打boss.py|findQuestion 找问号 结束
12:36:20|4通常7-2 不打boss.py|处理问号 开始
12:36:20|util.py|click 776 265
12:36:24|util.py|click 354 462
12:36:25|4通常7-2 不打boss.py|处理问号 结束
12:36:25|4通常7-2 不打boss.py|findQuestion 找问号 开始
12:36:27|4通常7-2 不打boss.py|findQuestion 找问号 结束
12:36:27|const.py|findShip 找船 开始
12:36:28|const.py|findShip 找船 结束
12:36:28|util.py|click 681 185
12:36:29|const.py|anchorProcess 出击步骤开始
12:36:29|const.py|今日不再提示判断 开始
12:36:30|util.py|findPicLoop 循环找图开始 ./public/bmp/anchor.bmp
12:36:31|util.py|findPicLoop 循环找图结束 ./public/bmp/anchor.bmp
12:36:32|util.py|click 770 429
12:36:33|const.py|自律 开始
12:36:33|const.py|红脸判断 开始
12:36:33|util.py|getWords 识字开始
12:36:35|util.py|getWords 识字结束
12:36:35|const.py|船坞已满判断 开始
12:36:47|util.py|findPicLoop 循环找图开始 ./public/bmp/S.bmp
12:37:18|util.py|findPicLoop 循环找图结束 ./public/bmp/S.bmp
12:37:18|const.py|自律 结束
12:37:19|util.py|click 181 426
12:37:21|util.py|click 684 308
12:37:23|const.py|打捞到sr或ssr判断 开始
12:37:24|util.py|click 684 308
12:37:24|util.py|findPicLoop 循环找图开始 ./public/bmp/exp2.bmp
12:37:25|util.py|findPicLoop 循环找图结束 ./public/bmp/exp2.bmp
12:37:25|util.py|click 733 445
12:37:29|const.py|作战失败判断 开始
12:37:33|const.py|紧急委托判断 开始
12:37:34|const.py|anchorProcess 出击步骤结束
12:37:34|4通常7-2 不打boss.py|------------一把结束-----------
12:37:34|4通常7-2 不打boss.py|------------一把开始-----------
12:37:34|util.py|findPicLoop 循环找图开始 ./public/bmp/withdraw.jpg
12:37:35|util.py|findPicLoop 循环找图结束 ./public/bmp/withdraw.jpg
12:37:39|4通常7-2 不打boss.py|findQuestion 找问号 开始
12:37:41|4通常7-2 不打boss.py|findQuestion 找问号 结束
12:37:41|4通常7-2 不打boss.py|处理问号 开始
12:37:41|util.py|click 429 206
12:37:44|util.py|click 354 462
12:37:45|4通常7-2 不打boss.py|处理问号 结束
12:37:45|4通常7-2 不打boss.py|findQuestion 找问号 开始
12:37:47|4通常7-2 不打boss.py|findQuestion 找问号 结束
12:37:47|const.py|findShip 找船 开始
12:37:48|const.py|findShip 找船 结束
12:37:48|util.py|click 432 377
12:37:49|const.py|anchorProcess 出击步骤开始
12:37:50|const.py|今日不再提示判断 开始
12:37:51|util.py|findPicLoop 循环找图开始 ./public/bmp/anchor.bmp
12:37:53|util.py|findPicLoop 循环找图结束 ./public/bmp/anchor.bmp
12:37:53|util.py|click 770 429
12:37:54|const.py|自律 开始
12:37:55|const.py|红脸判断 开始
12:37:55|util.py|getWords 识字开始
12:37:56|util.py|getWords 识字结束
12:37:56|const.py|船坞已满判断 开始
12:38:07|util.py|findPicLoop 循环找图开始 ./public/bmp/S.bmp
12:38:47|util.py|findPicLoop 循环找图结束 ./public/bmp/S.bmp
12:38:47|const.py|自律 结束
12:38:48|util.py|click 181 426
12:38:50|util.py|click 684 308
12:38:52|const.py|打捞到sr或ssr判断 开始
12:38:52|util.py|click 684 308
12:38:53|util.py|findPicLoop 循环找图开始 ./public/bmp/exp2.bmp
12:38:54|util.py|findPicLoop 循环找图结束 ./public/bmp/exp2.bmp
12:38:54|util.py|click 733 445
12:38:57|const.py|作战失败判断 开始
12:39:01|const.py|紧急委托判断 开始
12:39:02|const.py|anchorProcess 出击步骤结束
12:39:02|4通常7-2 不打boss.py|------------一把结束-----------
12:39:02|4通常7-2 不打boss.py|------------一把开始-----------
12:39:02|util.py|findPicLoop 循环找图开始 ./public/bmp/withdraw.jpg
12:39:03|util.py|findPicLoop 循环找图结束 ./public/bmp/withdraw.jpg
12:39:07|4通常7-2 不打boss.py|findQuestion 找问号 开始
12:39:09|4通常7-2 不打boss.py|findQuestion 找问号 结束
12:39:09|4通常7-2 不打boss.py|处理问号 开始
12:39:09|util.py|click 429 210
12:39:12|util.py|click 354 462
12:39:13|4通常7-2 不打boss.py|处理问号 结束
12:39:13|4通常7-2 不打boss.py|findQuestion 找问号 开始
12:39:15|4通常7-2 不打boss.py|findQuestion 找问号 结束
12:39:15|const.py|findShip 找船 开始
12:39:16|const.py|findShip 找船 结束
12:39:16|util.py|click 512 241
12:39:17|const.py|anchorProcess 出击步骤开始
12:39:17|const.py|今日不再提示判断 开始
12:39:18|util.py|findPicLoop 循环找图开始 ./public/bmp/anchor.bmp
12:39:19|util.py|findPicLoop 循环找图结束 ./public/bmp/anchor.bmp
12:39:20|util.py|click 770 429
12:39:21|const.py|自律 开始
12:39:21|const.py|红脸判断 开始
12:39:21|util.py|getWords 识字开始
12:39:23|util.py|getWords 识字结束
12:39:23|const.py|船坞已满判断 开始
12:39:34|util.py|findPicLoop 循环找图开始 ./public/bmp/S.bmp
12:39:55|util.py|findPicLoop 循环找图结束 ./public/bmp/S.bmp
12:39:55|const.py|自律 结束
12:39:56|util.py|click 181 426
12:39:57|util.py|click 684 308
12:39:59|const.py|打捞到sr或ssr判断 开始
12:40:00|util.py|click 684 308
12:40:01|util.py|findPicLoop 循环找图开始 ./public/bmp/exp2.bmp
12:40:01|util.py|findPicLoop 循环找图结束 ./public/bmp/exp2.bmp
12:40:01|util.py|click 733 445
12:40:05|const.py|作战失败判断 开始
12:40:09|const.py|紧急委托判断 开始
12:40:10|const.py|anchorProcess 出击步骤结束
12:40:10|4通常7-2 不打boss.py|------------一把结束-----------
12:40:10|util.py|findPicLoop 循环找图开始 ./public/bmp/withdraw.jpg
12:40:11|util.py|findPicLoop 循环找图结束 ./public/bmp/withdraw.jpg
12:40:11|util.py|click 563 460
12:40:11|util.py|findPicLoop 循环找图开始 ./public/bmp/OK.jpg
12:40:12|util.py|findPicLoop 循环找图结束 ./public/bmp/OK.jpg
12:40:12|util.py|click 534 359
12:40:12|4通常7-2 不打boss.py|-------------一局结束------------
12:40:12|4通常7-2 不打boss.py|-------------一局开始------------
12:40:12|const.py|intoStageProcess 进入stage步骤开始
12:40:14|util.py|click 361 146
12:40:15|util.py|findPicLoop 循环找图开始 ./public/bmp/start chapter.jpg
12:40:16|util.py|findPicLoop 循环找图结束 ./public/bmp/start chapter.jpg
12:40:16|util.py|click 642 350
12:40:17|const.py|船坞已满判断 开始
12:40:19|util.py|click 767 220
12:40:19|util.py|click 713 131
12:40:20|util.py|click 740 232
12:40:21|util.py|click 714 223
12:40:21|util.py|click 740 406
12:40:22|util.py|findPicLoop 循环找图开始 ./public/bmp/start chapter.jpg
12:40:23|util.py|findPicLoop 循环找图结束 ./public/bmp/start chapter.jpg
12:40:23|util.py|click 716 411
12:40:24|const.py|红脸判断 开始
12:40:25|util.py|getWords 识字开始
12:40:26|util.py|getWords 识字结束
12:40:26|const.py|intoStageProcess 进入stage步骤结束
12:40:26|4通常7-2 不打boss.py|------------一把开始-----------
12:40:26|util.py|findPicLoop 循环找图开始 ./public/bmp/withdraw.jpg
12:40:27|util.py|findPicLoop 循环找图结束 ./public/bmp/withdraw.jpg
12:40:31|const.py|findShip 找船 开始
12:40:32|const.py|findShip 找船 结束
12:40:32|util.py|click 243 306
12:40:33|const.py|anchorProcess 出击步骤开始
12:40:34|const.py|今日不再提示判断 开始
12:40:35|util.py|findPicLoop 循环找图开始 ./public/bmp/anchor.bmp
12:40:39|util.py|findPicLoop 循环找图结束 ./public/bmp/anchor.bmp
12:40:40|util.py|click 770 429
12:40:41|const.py|自律 开始
12:40:41|const.py|红脸判断 开始
12:40:41|util.py|getWords 识字开始
12:40:43|util.py|getWords 识字结束
12:40:43|const.py|船坞已满判断 开始
12:40:54|util.py|findPicLoop 循环找图开始 ./public/bmp/S.bmp
12:41:27|util.py|findPicLoop 循环找图结束 ./public/bmp/S.bmp
12:41:27|const.py|自律 结束
12:41:28|util.py|click 181 426
12:41:30|util.py|click 684 308
12:41:32|const.py|打捞到sr或ssr判断 开始
12:41:33|util.py|click 684 308
12:41:33|util.py|findPicLoop 循环找图开始 ./public/bmp/exp2.bmp
12:41:34|util.py|findPicLoop 循环找图结束 ./public/bmp/exp2.bmp
12:41:34|util.py|click 733 445
12:41:38|const.py|作战失败判断 开始
12:41:42|const.py|紧急委托判断 开始
12:41:43|const.py|anchorProcess 出击步骤结束
12:41:43|4通常7-2 不打boss.py|------------一把结束-----------
12:41:43|4通常7-2 不打boss.py|------------一把开始-----------
12:41:43|util.py|findPicLoop 循环找图开始 ./public/bmp/withdraw.jpg
12:41:44|util.py|findPicLoop 循环找图结束 ./public/bmp/withdraw.jpg
12:41:48|4通常7-2 不打boss.py|findQuestion 找问号 开始
12:41:50|4通常7-2 不打boss.py|findQuestion 找问号 结束
12:41:50|4通常7-2 不打boss.py|处理问号 开始
12:41:50|util.py|click 428 326
12:41:59|util.py|click 354 462
12:42:00|4通常7-2 不打boss.py|处理问号 结束
12:42:00|4通常7-2 不打boss.py|findQuestion 找问号 开始
12:42:02|4通常7-2 不打boss.py|findQuestion 找问号 结束
12:42:02|const.py|findShip 找船 开始
12:42:03|const.py|findShip 找船 结束
12:42:03|util.py|click 621 374
12:42:04|const.py|anchorProcess 出击步骤开始
12:42:04|const.py|今日不再提示判断 开始
12:42:05|util.py|findPicLoop 循环找图开始 ./public/bmp/anchor.bmp
12:42:11|util.py|findPicLoop 循环找图结束 ./public/bmp/anchor.bmp
12:42:12|util.py|click 770 429
12:42:13|const.py|自律 开始
12:42:14|const.py|红脸判断 开始
12:42:14|util.py|getWords 识字开始
12:42:16|util.py|getWords 识字结束
12:42:16|const.py|船坞已满判断 开始
12:42:27|util.py|findPicLoop 循环找图开始 ./public/bmp/S.bmp
12:42:53|util.py|findPicLoop 循环找图结束 ./public/bmp/S.bmp
12:42:53|const.py|自律 结束
12:42:55|util.py|click 181 426
12:42:56|util.py|click 684 308
12:42:58|const.py|打捞到sr或ssr判断 开始
12:42:59|util.py|click 684 308
12:43:00|util.py|findPicLoop 循环找图开始 ./public/bmp/exp2.bmp
12:43:01|util.py|findPicLoop 循环找图结束 ./public/bmp/exp2.bmp
12:43:01|util.py|click 733 445
12:43:04|const.py|作战失败判断 开始
12:43:08|const.py|紧急委托判断 开始
12:43:09|const.py|anchorProcess 出击步骤结束
12:43:09|4通常7-2 不打boss.py|------------一把结束-----------
12:43:09|4通常7-2 不打boss.py|------------一把开始-----------
12:43:09|util.py|findPicLoop 循环找图开始 ./public/bmp/withdraw.jpg
12:43:10|util.py|findPicLoop 循环找图结束 ./public/bmp/withdraw.jpg
12:43:14|4通常7-2 不打boss.py|findQuestion 找问号 开始
12:43:16|4通常7-2 不打boss.py|findQuestion 找问号 结束
12:43:16|4通常7-2 不打boss.py|处理问号 开始
12:43:16|util.py|click 776 264
12:43:23|util.py|click 354 462
12:43:24|4通常7-2 不打boss.py|处理问号 结束
12:43:24|4通常7-2 不打boss.py|findQuestion 找问号 开始
12:43:26|4通常7-2 不打boss.py|findQuestion 找问号 结束
12:43:26|const.py|findShip 找船 开始
12:43:28|const.py|findShip 找船 结束
12:43:28|util.py|click 613 306
12:43:28|const.py|anchorProcess 出击步骤开始
12:43:29|const.py|今日不再提示判断 开始
12:43:30|util.py|findPicLoop 循环找图开始 ./public/bmp/anchor.bmp
12:43:32|util.py|findPicLoop 循环找图结束 ./public/bmp/anchor.bmp
12:43:33|util.py|click 770 429
12:43:34|const.py|自律 开始
12:43:35|const.py|红脸判断 开始
12:43:35|util.py|getWords 识字开始
12:43:37|util.py|getWords 识字结束
12:43:37|const.py|船坞已满判断 开始
12:43:49|util.py|findPicLoop 循环找图开始 ./public/bmp/S.bmp
12:44:27|util.py|findPicLoop 循环找图结束 ./public/bmp/S.bmp
12:44:27|const.py|自律 结束
12:44:28|util.py|click 181 426
12:44:30|util.py|click 684 308
12:44:32|const.py|打捞到sr或ssr判断 开始
12:44:33|util.py|click 684 308
12:44:34|util.py|findPicLoop 循环找图开始 ./public/bmp/exp2.bmp
12:44:35|util.py|findPicLoop 循环找图结束 ./public/bmp/exp2.bmp
12:44:35|util.py|click 733 445
12:44:39|const.py|作战失败判断 开始
12:44:43|const.py|紧急委托判断 开始
12:44:44|const.py|anchorProcess 出击步骤结束
12:44:44|4通常7-2 不打boss.py|------------一把结束-----------
12:44:44|4通常7-2 不打boss.py|------------一把开始-----------
12:44:44|util.py|findPicLoop 循环找图开始 ./public/bmp/withdraw.jpg
12:44:45|util.py|findPicLoop 循环找图结束 ./public/bmp/withdraw.jpg
12:44:49|4通常7-2 不打boss.py|findQuestion 找问号 开始
12:44:51|4通常7-2 不打boss.py|findQuestion 找问号 结束
12:44:51|4通常7-2 不打boss.py|处理问号 开始
12:44:51|util.py|click 776 265
12:44:54|util.py|click 354 462
12:44:56|4通常7-2 不打boss.py|处理问号 结束
12:44:56|4通常7-2 不打boss.py|findQuestion 找问号 开始
12:44:57|4通常7-2 不打boss.py|findQuestion 找问号 结束
12:44:57|4通常7-2 不打boss.py|处理问号 开始
12:44:57|util.py|click 430 277
12:45:01|util.py|click 354 462
12:45:03|4通常7-2 不打boss.py|处理问号 结束
12:45:03|4通常7-2 不打boss.py|findQuestion 找问号 开始
12:45:05|4通常7-2 不打boss.py|findQuestion 找问号 结束
12:45:05|const.py|findShip 找船 开始
12:45:07|const.py|findShip 找船 结束
12:45:07|util.py|click 512 241
12:45:07|const.py|anchorProcess 出击步骤开始
12:45:08|const.py|今日不再提示判断 开始
12:45:09|util.py|findPicLoop 循环找图开始 ./public/bmp/anchor.bmp
12:45:10|util.py|findPicLoop 循环找图结束 ./public/bmp/anchor.bmp
12:45:11|util.py|click 770 429
12:45:12|const.py|自律 开始
12:45:12|const.py|红脸判断 开始
12:45:12|util.py|getWords 识字开始
12:45:14|util.py|getWords 识字结束
12:45:14|const.py|船坞已满判断 开始
12:45:26|util.py|findPicLoop 循环找图开始 ./public/bmp/S.bmp
12:45:46|util.py|findPicLoop 循环找图结束 ./public/bmp/S.bmp
12:45:46|const.py|自律 结束
12:45:48|util.py|click 181 426
12:45:49|util.py|click 684 308
12:45:51|const.py|打捞到sr或ssr判断 开始
12:45:52|util.py|click 684 308
12:45:53|util.py|findPicLoop 循环找图开始 ./public/bmp/exp2.bmp
12:45:54|util.py|findPicLoop 循环找图结束 ./public/bmp/exp2.bmp
12:45:54|util.py|click 733 445
12:45:57|const.py|作战失败判断 开始
12:46:02|const.py|紧急委托判断 开始
12:46:03|const.py|anchorProcess 出击步骤结束
12:46:03|4通常7-2 不打boss.py|------------一把结束-----------
12:46:03|util.py|findPicLoop 循环找图开始 ./public/bmp/withdraw.jpg
12:46:03|util.py|findPicLoop 循环找图结束 ./public/bmp/withdraw.jpg
12:46:03|util.py|click 563 460
12:46:04|util.py|findPicLoop 循环找图开始 ./public/bmp/OK.jpg
12:46:05|util.py|findPicLoop 循环找图结束 ./public/bmp/OK.jpg
12:46:05|util.py|click 534 345
12:46:05|4通常7-2 不打boss.py|-------------一局结束------------
12:46:05|4通常7-2 不打boss.py|-------------一局开始------------
12:46:05|const.py|intoStageProcess 进入stage步骤开始
12:46:07|util.py|click 361 146
12:46:08|util.py|findPicLoop 循环找图开始 ./public/bmp/start chapter.jpg
12:46:09|util.py|findPicLoop 循环找图结束 ./public/bmp/start chapter.jpg
12:46:09|util.py|click 642 350
12:46:10|const.py|船坞已满判断 开始
12:46:12|util.py|click 767 220
12:46:12|util.py|click 713 131
12:46:13|util.py|click 740 232
12:46:14|util.py|click 714 223
12:46:14|util.py|click 740 406
12:46:15|util.py|findPicLoop 循环找图开始 ./public/bmp/start chapter.jpg
12:46:17|util.py|findPicLoop 循环找图结束 ./public/bmp/start chapter.jpg
12:46:17|util.py|click 716 411
12:46:17|const.py|红脸判断 开始
12:46:18|util.py|getWords 识字开始
12:46:20|util.py|getWords 识字结束
12:46:20|const.py|intoStageProcess 进入stage步骤结束
12:46:20|4通常7-2 不打boss.py|------------一把开始-----------
12:46:20|util.py|findPicLoop 循环找图开始 ./public/bmp/withdraw.jpg
12:46:21|util.py|findPicLoop 循环找图结束 ./public/bmp/withdraw.jpg
12:46:25|const.py|findShip 找船 开始
12:46:26|const.py|findShip 找船 结束
12:46:26|util.py|click 330 377
12:46:26|const.py|anchorProcess 出击步骤开始
12:46:27|const.py|今日不再提示判断 开始
12:46:28|util.py|findPicLoop 循环找图开始 ./public/bmp/anchor.bmp
12:46:32|util.py|findPicLoop 循环找图结束 ./public/bmp/anchor.bmp
12:46:33|util.py|click 770 429
12:46:34|const.py|自律 开始
12:46:35|const.py|红脸判断 开始
12:46:35|util.py|getWords 识字开始
12:46:36|util.py|getWords 识字结束
12:46:36|const.py|船坞已满判断 开始
12:46:48|util.py|findPicLoop 循环找图开始 ./public/bmp/S.bmp
12:47:24|util.py|findPicLoop 循环找图结束 ./public/bmp/S.bmp
12:47:24|const.py|自律 结束
12:47:26|util.py|click 181 426
12:47:27|util.py|click 684 308
12:47:29|const.py|打捞到sr或ssr判断 开始
12:47:30|util.py|click 684 308
12:47:31|util.py|findPicLoop 循环找图开始 ./public/bmp/exp2.bmp
12:47:32|util.py|findPicLoop 循环找图结束 ./public/bmp/exp2.bmp
12:47:32|util.py|click 733 445
12:47:35|const.py|作战失败判断 开始
12:47:39|const.py|紧急委托判断 开始
12:47:40|const.py|anchorProcess 出击步骤结束
12:47:40|4通常7-2 不打boss.py|------------一把结束-----------
12:47:40|4通常7-2 不打boss.py|------------一把开始-----------
12:47:40|util.py|findPicLoop 循环找图开始 ./public/bmp/withdraw.jpg
12:47:41|util.py|findPicLoop 循环找图结束 ./public/bmp/withdraw.jpg
12:47:45|4通常7-2 不打boss.py|findQuestion 找问号 开始
12:47:47|4通常7-2 不打boss.py|findQuestion 找问号 结束
12:47:47|4通常7-2 不打boss.py|处理问号 开始
12:47:47|util.py|click 428 329
12:47:50|util.py|click 354 462
12:47:51|4通常7-2 不打boss.py|处理问号 结束
12:47:51|4通常7-2 不打boss.py|findQuestion 找问号 开始
12:47:53|4通常7-2 不打boss.py|findQuestion 找问号 结束
12:47:53|const.py|findShip 找船 开始
12:47:54|const.py|findShip 找船 结束
12:47:54|util.py|click 431 374
12:47:55|const.py|anchorProcess 出击步骤开始
12:47:55|const.py|今日不再提示判断 开始
12:47:57|util.py|findPicLoop 循环找图开始 ./public/bmp/anchor.bmp
12:47:58|util.py|findPicLoop 循环找图结束 ./public/bmp/anchor.bmp
12:47:59|util.py|click 770 429
12:47:59|const.py|自律 开始
12:48:00|const.py|红脸判断 开始
12:48:00|util.py|getWords 识字开始
12:48:02|util.py|getWords 识字结束
12:48:02|const.py|船坞已满判断 开始
12:48:13|util.py|findPicLoop 循环找图开始 ./public/bmp/S.bmp
12:48:38|util.py|findPicLoop 循环找图结束 ./public/bmp/S.bmp
12:48:38|const.py|自律 结束
12:48:39|util.py|click 181 426
12:48:40|util.py|click 684 308
12:48:42|const.py|打捞到sr或ssr判断 开始
12:48:43|util.py|click 684 308
12:48:44|util.py|findPicLoop 循环找图开始 ./public/bmp/exp2.bmp
12:48:45|util.py|findPicLoop 循环找图结束 ./public/bmp/exp2.bmp
12:48:45|util.py|click 733 445
12:48:48|const.py|作战失败判断 开始
12:48:52|const.py|紧急委托判断 开始
12:48:53|const.py|anchorProcess 出击步骤结束
12:48:53|4通常7-2 不打boss.py|------------一把结束-----------
12:48:53|4通常7-2 不打boss.py|------------一把开始-----------
12:48:53|util.py|findPicLoop 循环找图开始 ./public/bmp/withdraw.jpg
12:48:54|util.py|findPicLoop 循环找图结束 ./public/bmp/withdraw.jpg
12:48:58|4通常7-2 不打boss.py|findQuestion 找问号 开始
12:49:00|4通常7-2 不打boss.py|findQuestion 找问号 结束
12:49:00|4通常7-2 不打boss.py|处理问号 开始
12:49:00|util.py|click 430 287
12:49:02|util.py|click 354 462
12:49:04|4通常7-2 不打boss.py|处理问号 结束
12:49:04|4通常7-2 不打boss.py|findQuestion 找问号 开始
12:49:06|4通常7-2 不打boss.py|findQuestion 找问号 结束
12:49:06|const.py|findShip 找船 开始
12:49:07|const.py|findShip 找船 结束
12:49:07|util.py|click 516 242
12:49:08|const.py|anchorProcess 出击步骤开始
12:49:09|const.py|今日不再提示判断 开始
12:49:10|util.py|findPicLoop 循环找图开始 ./public/bmp/anchor.bmp
12:49:11|util.py|findPicLoop 循环找图结束 ./public/bmp/anchor.bmp
12:49:11|util.py|click 770 429
12:49:12|const.py|自律 开始
12:49:13|const.py|红脸判断 开始
12:49:13|util.py|getWords 识字开始
12:49:15|util.py|getWords 识字结束
12:49:15|const.py|船坞已满判断 开始
12:49:26|util.py|findPicLoop 循环找图开始 ./public/bmp/S.bmp
12:49:46|util.py|findPicLoop 循环找图结束 ./public/bmp/S.bmp
12:49:46|const.py|自律 结束
12:49:48|util.py|click 181 426
12:49:49|util.py|click 684 308
12:49:51|const.py|打捞到sr或ssr判断 开始
12:49:52|util.py|click 684 308
12:49:53|util.py|findPicLoop 循环找图开始 ./public/bmp/exp2.bmp
12:49:54|util.py|findPicLoop 循环找图结束 ./public/bmp/exp2.bmp
12:49:54|util.py|click 733 445
12:49:57|const.py|作战失败判断 开始
12:50:01|const.py|紧急委托判断 开始
12:50:02|const.py|anchorProcess 出击步骤结束
12:50:02|4通常7-2 不打boss.py|------------一把结束-----------
12:50:02|4通常7-2 不打boss.py|------------一把开始-----------
12:50:02|util.py|findPicLoop 循环找图开始 ./public/bmp/withdraw.jpg
12:50:03|util.py|findPicLoop 循环找图结束 ./public/bmp/withdraw.jpg
12:50:07|4通常7-2 不打boss.py|findQuestion 找问号 开始
12:50:09|4通常7-2 不打boss.py|findQuestion 找问号 结束
12:50:09|4通常7-2 不打boss.py|处理问号 开始
12:50:09|util.py|click 430 285
12:50:12|util.py|click 354 462
12:50:13|4通常7-2 不打boss.py|处理问号 结束
12:50:13|4通常7-2 不打boss.py|findQuestion 找问号 开始
12:50:15|4通常7-2 不打boss.py|findQuestion 找问号 结束
12:50:15|4通常7-2 不打boss.py|处理问号 开始
12:50:15|util.py|click 776 265
12:50:19|util.py|click 354 462
12:50:21|4通常7-2 不打boss.py|处理问号 结束
12:50:21|4通常7-2 不打boss.py|findQuestion 找问号 开始
12:50:23|4通常7-2 不打boss.py|findQuestion 找问号 结束
12:50:23|const.py|findShip 找船 开始
12:50:24|const.py|findShip 找船 结束
12:50:24|util.py|click 680 182
12:50:25|const.py|anchorProcess 出击步骤开始
12:50:26|const.py|今日不再提示判断 开始
12:50:27|util.py|findPicLoop 循环找图开始 ./public/bmp/anchor.bmp
12:50:32|util.py|findPicLoop 循环找图结束 ./public/bmp/anchor.bmp
12:50:33|util.py|click 770 429
12:50:34|const.py|自律 开始
12:50:34|const.py|红脸判断 开始
12:50:34|util.py|getWords 识字开始
12:50:36|util.py|getWords 识字结束
12:50:36|const.py|船坞已满判断 开始
12:50:48|util.py|findPicLoop 循环找图开始 ./public/bmp/S.bmp
12:51:17|util.py|findPicLoop 循环找图结束 ./public/bmp/S.bmp
12:51:17|const.py|自律 结束
12:51:18|util.py|click 181 426
12:51:20|util.py|click 684 308
12:51:22|const.py|打捞到sr或ssr判断 开始
12:51:24|util.py|click 684 308
12:51:24|util.py|findPicLoop 循环找图开始 ./public/bmp/exp2.bmp
12:51:25|util.py|findPicLoop 循环找图结束 ./public/bmp/exp2.bmp
12:51:25|util.py|click 733 445
12:51:28|const.py|作战失败判断 开始
12:51:32|const.py|紧急委托判断 开始
12:51:33|const.py|anchorProcess 出击步骤结束
12:51:33|4通常7-2 不打boss.py|------------一把结束-----------
12:51:33|util.py|findPicLoop 循环找图开始 ./public/bmp/withdraw.jpg
12:51:34|util.py|findPicLoop 循环找图结束 ./public/bmp/withdraw.jpg
12:51:34|util.py|click 563 460
12:51:35|util.py|findPicLoop 循环找图开始 ./public/bmp/OK.jpg
12:51:35|util.py|findPicLoop 循环找图结束 ./public/bmp/OK.jpg
12:51:35|util.py|click 534 345
12:51:36|4通常7-2 不打boss.py|-------------一局结束------------
12:51:36|4通常7-2 不打boss.py|-------------一局开始------------
12:51:36|const.py|intoStageProcess 进入stage步骤开始
12:51:38|util.py|click 361 146
12:51:39|util.py|findPicLoop 循环找图开始 ./public/bmp/start chapter.jpg
12:51:40|util.py|findPicLoop 循环找图结束 ./public/bmp/start chapter.jpg
12:51:40|util.py|click 642 350
12:51:42|const.py|船坞已满判断 开始
12:51:43|util.py|click 767 220
12:51:44|util.py|click 713 131
12:51:44|util.py|click 740 232
12:51:45|util.py|click 714 223
12:51:46|util.py|click 740 406
12:51:46|util.py|findPicLoop 循环找图开始 ./public/bmp/start chapter.jpg
12:51:48|util.py|findPicLoop 循环找图结束 ./public/bmp/start chapter.jpg
12:51:48|util.py|click 716 411
12:51:48|const.py|红脸判断 开始
12:51:49|util.py|getWords 识字开始
12:51:51|util.py|getWords 识字结束
12:51:51|const.py|intoStageProcess 进入stage步骤结束
12:51:51|4通常7-2 不打boss.py|------------一把开始-----------
12:51:51|util.py|findPicLoop 循环找图开始 ./public/bmp/withdraw.jpg
12:51:52|util.py|findPicLoop 循环找图结束 ./public/bmp/withdraw.jpg
12:51:56|const.py|findShip 找船 开始
12:51:57|const.py|findShip 找船 结束
12:51:57|util.py|click 248 306
12:51:57|const.py|anchorProcess 出击步骤开始
12:51:58|const.py|今日不再提示判断 开始
12:51:59|util.py|findPicLoop 循环找图开始 ./public/bmp/anchor.bmp
12:52:04|util.py|findPicLoop 循环找图结束 ./public/bmp/anchor.bmp
12:52:04|util.py|click 770 429
12:52:05|const.py|自律 开始
12:52:06|const.py|红脸判断 开始
12:52:06|util.py|getWords 识字开始
12:52:08|util.py|getWords 识字结束
12:52:08|const.py|船坞已满判断 开始
12:52:19|util.py|findPicLoop 循环找图开始 ./public/bmp/S.bmp
12:52:45|util.py|findPicLoop 循环找图结束 ./public/bmp/S.bmp
12:52:45|const.py|自律 结束
12:52:47|util.py|click 181 426
12:52:48|util.py|click 684 308
12:52:50|const.py|打捞到sr或ssr判断 开始
12:52:51|util.py|click 684 308
12:52:51|util.py|findPicLoop 循环找图开始 ./public/bmp/exp2.bmp
12:52:52|util.py|findPicLoop 循环找图结束 ./public/bmp/exp2.bmp
12:52:52|util.py|click 733 445
12:52:56|const.py|作战失败判断 开始
12:53:00|const.py|紧急委托判断 开始
12:53:01|const.py|anchorProcess 出击步骤结束
12:53:01|4通常7-2 不打boss.py|------------一把结束-----------
12:53:01|4通常7-2 不打boss.py|------------一把开始-----------
12:53:01|util.py|findPicLoop 循环找图开始 ./public/bmp/withdraw.jpg
12:53:02|util.py|findPicLoop 循环找图结束 ./public/bmp/withdraw.jpg
12:53:06|4通常7-2 不打boss.py|findQuestion 找问号 开始
12:53:08|4通常7-2 不打boss.py|findQuestion 找问号 结束
12:53:08|4通常7-2 不打boss.py|处理问号 开始
12:53:08|util.py|click 428 329
12:53:17|util.py|click 354 462
12:53:19|4通常7-2 不打boss.py|处理问号 结束
12:53:19|4通常7-2 不打boss.py|findQuestion 找问号 开始
12:53:20|4通常7-2 不打boss.py|findQuestion 找问号 结束
12:53:20|const.py|findShip 找船 开始
12:53:21|const.py|findShip 找船 结束
12:53:21|util.py|click 431 374
12:53:22|const.py|anchorProcess 出击步骤开始
12:53:23|const.py|今日不再提示判断 开始
12:53:24|util.py|findPicLoop 循环找图开始 ./public/bmp/anchor.bmp
12:53:25|util.py|findPicLoop 循环找图结束 ./public/bmp/anchor.bmp
12:53:25|util.py|click 770 429
12:53:26|const.py|自律 开始
12:53:27|const.py|红脸判断 开始
12:53:27|util.py|getWords 识字开始
12:53:28|util.py|getWords 识字结束
12:53:28|const.py|船坞已满判断 开始
12:53:39|util.py|findPicLoop 循环找图开始 ./public/bmp/S.bmp
12:54:03|util.py|findPicLoop 循环找图结束 ./public/bmp/S.bmp
12:54:03|const.py|自律 结束
12:54:05|util.py|click 181 426
12:54:06|util.py|click 684 308
12:54:08|const.py|打捞到sr或ssr判断 开始
12:54:09|util.py|click 684 308
12:54:10|util.py|findPicLoop 循环找图开始 ./public/bmp/exp2.bmp
12:54:10|util.py|findPicLoop 循环找图结束 ./public/bmp/exp2.bmp
12:54:10|util.py|click 733 445
12:54:14|const.py|作战失败判断 开始
12:54:18|const.py|紧急委托判断 开始
12:54:19|const.py|anchorProcess 出击步骤结束
12:54:19|4通常7-2 不打boss.py|------------一把结束-----------
12:54:19|4通常7-2 不打boss.py|------------一把开始-----------
12:54:19|util.py|findPicLoop 循环找图开始 ./public/bmp/withdraw.jpg
12:54:20|util.py|findPicLoop 循环找图结束 ./public/bmp/withdraw.jpg
12:54:24|4通常7-2 不打boss.py|findQuestion 找问号 开始
12:54:27|4通常7-2 不打boss.py|findQuestion 找问号 结束
12:54:27|4通常7-2 不打boss.py|处理问号 开始
12:54:27|util.py|click 429 204
12:54:30|util.py|click 354 462
12:54:31|4通常7-2 不打boss.py|处理问号 结束
12:54:31|4通常7-2 不打boss.py|findQuestion 找问号 开始
12:54:33|4通常7-2 不打boss.py|findQuestion 找问号 结束
12:54:33|const.py|findShip 找船 开始
12:54:34|const.py|findShip 找船 结束
12:54:34|util.py|click 509 129
12:54:35|const.py|anchorProcess 出击步骤开始
12:54:36|const.py|今日不再提示判断 开始
12:54:36|util.py|findPicLoop 循环找图开始 ./public/bmp/anchor.bmp
12:54:38|util.py|findPicLoop 循环找图结束 ./public/bmp/anchor.bmp
12:54:38|util.py|click 770 429
12:54:39|const.py|自律 开始
12:54:40|const.py|红脸判断 开始
12:54:40|util.py|getWords 识字开始
12:54:42|util.py|getWords 识字结束
12:54:42|const.py|船坞已满判断 开始
12:54:53|util.py|findPicLoop 循环找图开始 ./public/bmp/S.bmp
12:55:13|util.py|findPicLoop 循环找图结束 ./public/bmp/S.bmp
12:55:13|const.py|自律 结束
12:55:15|util.py|click 181 426
12:55:16|util.py|click 684 308
12:55:18|const.py|打捞到sr或ssr判断 开始
12:55:19|util.py|click 684 308
12:55:20|util.py|findPicLoop 循环找图开始 ./public/bmp/exp2.bmp
12:55:21|util.py|findPicLoop 循环找图结束 ./public/bmp/exp2.bmp
12:55:21|util.py|click 733 445
12:55:24|const.py|作战失败判断 开始
12:55:28|const.py|紧急委托判断 开始
12:55:29|const.py|anchorProcess 出击步骤结束
12:55:29|4通常7-2 不打boss.py|------------一把结束-----------
12:55:29|4通常7-2 不打boss.py|------------一把开始-----------
12:55:29|util.py|findPicLoop 循环找图开始 ./public/bmp/withdraw.jpg
12:55:30|util.py|findPicLoop 循环找图结束 ./public/bmp/withdraw.jpg
12:55:34|4通常7-2 不打boss.py|findQuestion 找问号 开始
12:55:35|4通常7-2 不打boss.py|findQuestion 找问号 结束
12:55:35|4通常7-2 不打boss.py|处理问号 开始
12:55:35|util.py|click 429 197
12:55:38|util.py|click 354 462
12:55:40|4通常7-2 不打boss.py|处理问号 结束
12:55:40|4通常7-2 不打boss.py|findQuestion 找问号 开始
12:55:42|4通常7-2 不打boss.py|findQuestion 找问号 结束
12:55:42|4通常7-2 不打boss.py|处理问号 开始
12:55:42|util.py|click 430 278
12:55:51|util.py|click 354 462
12:55:52|4通常7-2 不打boss.py|处理问号 结束
12:55:52|4通常7-2 不打boss.py|findQuestion 找问号 开始
12:55:54|4通常7-2 不打boss.py|findQuestion 找问号 结束
12:55:54|const.py|findShip 找船 开始
12:55:55|const.py|findShip 找船 结束
12:55:55|util.py|click 516 242
12:55:56|const.py|anchorProcess 出击步骤开始
12:55:56|const.py|今日不再提示判断 开始
12:55:57|util.py|findPicLoop 循环找图开始 ./public/bmp/anchor.bmp
12:55:58|util.py|findPicLoop 循环找图结束 ./public/bmp/anchor.bmp
12:55:59|util.py|click 770 429
12:56:00|const.py|自律 开始
12:56:00|const.py|红脸判断 开始
12:56:00|util.py|getWords 识字开始
12:56:03|util.py|getWords 识字结束
12:56:03|const.py|船坞已满判断 开始
12:56:14|util.py|findPicLoop 循环找图开始 ./public/bmp/S.bmp
12:56:34|util.py|findPicLoop 循环找图结束 ./public/bmp/S.bmp
12:56:34|const.py|自律 结束
12:56:35|util.py|click 181 426
12:56:36|util.py|click 684 308
12:56:38|const.py|打捞到sr或ssr判断 开始
12:56:40|util.py|click 684 308
12:56:40|util.py|findPicLoop 循环找图开始 ./public/bmp/exp2.bmp
12:56:41|util.py|findPicLoop 循环找图结束 ./public/bmp/exp2.bmp
12:56:41|util.py|click 733 445
12:56:44|const.py|作战失败判断 开始
12:56:49|const.py|紧急委托判断 开始
12:56:50|const.py|anchorProcess 出击步骤结束
12:56:50|4通常7-2 不打boss.py|------------一把结束-----------
12:56:50|util.py|findPicLoop 循环找图开始 ./public/bmp/withdraw.jpg
12:56:50|util.py|findPicLoop 循环找图结束 ./public/bmp/withdraw.jpg
12:56:50|util.py|click 563 460
12:56:51|util.py|findPicLoop 循环找图开始 ./public/bmp/OK.jpg
12:56:52|util.py|findPicLoop 循环找图结束 ./public/bmp/OK.jpg
12:56:52|util.py|click 534 345
12:56:52|4通常7-2 不打boss.py|-------------一局结束------------
12:56:52|4通常7-2 不打boss.py|-------------一局开始------------
12:56:52|const.py|intoStageProcess 进入stage步骤开始
12:56:54|util.py|click 361 146
12:56:55|util.py|findPicLoop 循环找图开始 ./public/bmp/start chapter.jpg
12:56:56|util.py|findPicLoop 循环找图结束 ./public/bmp/start chapter.jpg
12:56:56|util.py|click 642 350
12:56:58|const.py|船坞已满判断 开始
12:56:59|util.py|click 767 220
12:57:00|util.py|click 713 131
12:57:00|util.py|click 740 232
12:57:01|util.py|click 714 223
12:57:02|util.py|click 740 406
12:57:02|util.py|findPicLoop 循环找图开始 ./public/bmp/start chapter.jpg
12:57:03|util.py|findPicLoop 循环找图结束 ./public/bmp/start chapter.jpg
12:57:03|util.py|click 716 411
12:57:04|const.py|红脸判断 开始
12:57:05|util.py|getWords 识字开始
12:57:06|util.py|getWords 识字结束
12:57:06|const.py|intoStageProcess 进入stage步骤结束
12:57:06|4通常7-2 不打boss.py|------------一把开始-----------
12:57:06|util.py|findPicLoop 循环找图开始 ./public/bmp/withdraw.jpg
12:57:08|util.py|findPicLoop 循环找图结束 ./public/bmp/withdraw.jpg
12:57:12|const.py|findShip 找船 开始
12:57:13|const.py|findShip 找船 结束
12:57:13|util.py|click 330 377
12:57:13|const.py|anchorProcess 出击步骤开始
12:57:14|const.py|今日不再提示判断 开始
12:57:15|util.py|findPicLoop 循环找图开始 ./public/bmp/anchor.bmp
12:57:16|util.py|findPicLoop 循环找图结束 ./public/bmp/anchor.bmp
12:57:17|util.py|click 770 429
12:57:18|const.py|自律 开始
12:57:19|const.py|红脸判断 开始
12:57:19|util.py|getWords 识字开始
12:57:21|util.py|getWords 识字结束
12:57:21|const.py|船坞已满判断 开始
12:57:32|util.py|findPicLoop 循环找图开始 ./public/bmp/S.bmp
12:58:12|util.py|findPicLoop 循环找图结束 ./public/bmp/S.bmp
12:58:12|const.py|自律 结束
12:58:13|util.py|click 181 426
12:58:15|util.py|click 684 308
12:58:17|const.py|打捞到sr或ssr判断 开始
12:58:18|util.py|click 684 308
12:58:18|util.py|findPicLoop 循环找图开始 ./public/bmp/exp2.bmp
12:58:19|util.py|findPicLoop 循环找图结束 ./public/bmp/exp2.bmp
12:58:19|util.py|click 733 445
12:58:23|const.py|作战失败判断 开始
12:58:27|const.py|紧急委托判断 开始
12:58:28|const.py|anchorProcess 出击步骤结束
12:58:28|4通常7-2 不打boss.py|------------一把结束-----------
12:58:28|4通常7-2 不打boss.py|------------一把开始-----------
12:58:28|util.py|findPicLoop 循环找图开始 ./public/bmp/withdraw.jpg
12:58:29|util.py|findPicLoop 循环找图结束 ./public/bmp/withdraw.jpg
12:58:33|4通常7-2 不打boss.py|findQuestion 找问号 开始
12:58:35|4通常7-2 不打boss.py|findQuestion 找问号 结束
12:58:35|4通常7-2 不打boss.py|处理问号 开始
12:58:35|util.py|click 428 326
12:58:38|util.py|click 354 462
12:58:39|4通常7-2 不打boss.py|处理问号 结束
12:58:39|4通常7-2 不打boss.py|findQuestion 找问号 开始
12:58:42|4通常7-2 不打boss.py|findQuestion 找问号 结束
12:58:42|const.py|findShip 找船 开始
12:58:43|const.py|findShip 找船 结束
12:58:43|util.py|click 512 241
12:58:43|const.py|anchorProcess 出击步骤开始
12:58:44|const.py|今日不再提示判断 开始
12:58:45|util.py|findPicLoop 循环找图开始 ./public/bmp/anchor.bmp
12:58:46|util.py|findPicLoop 循环找图结束 ./public/bmp/anchor.bmp
12:58:47|util.py|click 770 429
12:58:48|const.py|自律 开始
12:58:49|const.py|红脸判断 开始
12:58:49|util.py|getWords 识字开始
12:58:51|util.py|getWords 识字结束
12:58:51|const.py|船坞已满判断 开始
12:59:02|util.py|findPicLoop 循环找图开始 ./public/bmp/S.bmp
12:59:22|util.py|findPicLoop 循环找图结束 ./public/bmp/S.bmp
12:59:22|const.py|自律 结束
12:59:23|util.py|click 181 426
12:59:24|util.py|click 684 308
12:59:26|const.py|打捞到sr或ssr判断 开始
12:59:27|util.py|click 684 308
12:59:28|util.py|findPicLoop 循环找图开始 ./public/bmp/exp2.bmp
12:59:29|util.py|findPicLoop 循环找图结束 ./public/bmp/exp2.bmp
12:59:29|util.py|click 733 445
12:59:32|const.py|作战失败判断 开始
12:59:36|const.py|紧急委托判断 开始
12:59:37|const.py|anchorProcess 出击步骤结束
12:59:37|4通常7-2 不打boss.py|------------一把结束-----------
12:59:37|4通常7-2 不打boss.py|------------一把开始-----------
12:59:37|util.py|findPicLoop 循环找图开始 ./public/bmp/withdraw.jpg
12:59:38|util.py|findPicLoop 循环找图结束 ./public/bmp/withdraw.jpg
12:59:42|4通常7-2 不打boss.py|findQuestion 找问号 开始
12:59:44|4通常7-2 不打boss.py|findQuestion 找问号 结束
12:59:44|4通常7-2 不打boss.py|处理问号 开始
12:59:44|util.py|click 430 285
12:59:47|util.py|click 354 462
12:59:48|4通常7-2 不打boss.py|处理问号 结束
12:59:48|4通常7-2 不打boss.py|findQuestion 找问号 开始
12:59:51|4通常7-2 不打boss.py|findQuestion 找问号 结束
12:59:51|const.py|findShip 找船 开始
12:59:52|const.py|findShip 找船 结束
12:59:52|util.py|click 431 374
12:59:53|const.py|anchorProcess 出击步骤开始
12:59:53|const.py|今日不再提示判断 开始
12:59:54|util.py|findPicLoop 循环找图开始 ./public/bmp/anchor.bmp
12:59:55|util.py|findPicLoop 循环找图结束 ./public/bmp/anchor.bmp
12:59:56|util.py|click 770 429
12:59:57|const.py|自律 开始
12:59:57|const.py|红脸判断 开始
12:59:57|util.py|getWords 识字开始
13:00:00|util.py|getWords 识字结束
13:00:00|const.py|船坞已满判断 开始
13:00:12|util.py|findPicLoop 循环找图开始 ./public/bmp/S.bmp
13:00:31|util.py|findPicLoop 循环找图结束 ./public/bmp/S.bmp
13:00:31|const.py|自律 结束
13:00:32|util.py|click 181 426
13:00:33|util.py|click 684 308
13:00:36|const.py|打捞到sr或ssr判断 开始
13:00:37|util.py|click 684 308
13:00:37|util.py|findPicLoop 循环找图开始 ./public/bmp/exp2.bmp
13:00:38|util.py|findPicLoop 循环找图结束 ./public/bmp/exp2.bmp
13:00:38|util.py|click 733 445
13:00:41|const.py|作战失败判断 开始
13:00:45|const.py|紧急委托判断 开始
13:00:46|const.py|anchorProcess 出击步骤结束
13:00:46|4通常7-2 不打boss.py|------------一把结束-----------
13:00:46|4通常7-2 不打boss.py|------------一把开始-----------
13:00:46|util.py|findPicLoop 循环找图开始 ./public/bmp/withdraw.jpg
13:00:47|util.py|findPicLoop 循环找图结束 ./public/bmp/withdraw.jpg
13:00:51|4通常7-2 不打boss.py|findQuestion 找问号 开始
13:00:53|4通常7-2 不打boss.py|findQuestion 找问号 结束
13:00:53|4通常7-2 不打boss.py|处理问号 开始
13:00:53|util.py|click 430 286
13:00:55|util.py|click 354 462
13:00:56|4通常7-2 不打boss.py|处理问号 结束
13:00:56|4通常7-2 不打boss.py|findQuestion 找问号 开始
13:00:59|4通常7-2 不打boss.py|findQuestion 找问号 结束
13:00:59|const.py|findShip 找船 开始
13:01:00|const.py|findShip 找船 结束
13:01:00|util.py|click 621 374
13:01:01|const.py|anchorProcess 出击步骤开始
13:01:01|const.py|今日不再提示判断 开始
13:01:02|util.py|findPicLoop 循环找图开始 ./public/bmp/anchor.bmp
13:01:08|util.py|findPicLoop 循环找图结束 ./public/bmp/anchor.bmp
13:01:09|util.py|click 770 429
13:01:10|const.py|自律 开始
13:01:10|const.py|红脸判断 开始
13:01:10|util.py|getWords 识字开始
13:01:13|util.py|getWords 识字结束
13:01:13|const.py|船坞已满判断 开始
13:01:24|util.py|findPicLoop 循环找图开始 ./public/bmp/S.bmp
13:01:44|util.py|findPicLoop 循环找图结束 ./public/bmp/S.bmp
13:01:44|const.py|自律 结束
13:01:45|util.py|click 181 426
13:01:46|util.py|click 684 308
13:01:48|const.py|打捞到sr或ssr判断 开始
13:01:49|util.py|click 684 308
13:01:50|util.py|findPicLoop 循环找图开始 ./public/bmp/exp2.bmp
13:01:50|util.py|findPicLoop 循环找图结束 ./public/bmp/exp2.bmp
13:01:50|util.py|click 733 445
13:01:54|const.py|作战失败判断 开始
13:01:58|const.py|紧急委托判断 开始
13:01:59|const.py|anchorProcess 出击步骤结束
13:01:59|4通常7-2 不打boss.py|------------一把结束-----------
13:01:59|util.py|findPicLoop 循环找图开始 ./public/bmp/withdraw.jpg
13:02:00|util.py|findPicLoop 循环找图结束 ./public/bmp/withdraw.jpg
13:02:00|util.py|click 563 460
13:02:01|util.py|findPicLoop 循环找图开始 ./public/bmp/OK.jpg
13:02:01|util.py|findPicLoop 循环找图结束 ./public/bmp/OK.jpg
13:02:01|util.py|click 534 345
13:02:02|4通常7-2 不打boss.py|-------------一局结束------------
13:02:02|4通常7-2 不打boss.py|-------------一局开始------------
13:02:02|const.py|intoStageProcess 进入stage步骤开始
13:02:04|util.py|click 361 146
13:02:05|util.py|findPicLoop 循环找图开始 ./public/bmp/start chapter.jpg
13:02:06|util.py|findPicLoop 循环找图结束 ./public/bmp/start chapter.jpg
13:02:06|util.py|click 642 350
13:02:08|const.py|船坞已满判断 开始
13:02:09|util.py|click 767 220
13:02:10|util.py|click 713 131
13:02:11|util.py|click 740 232
13:02:11|util.py|click 714 223
13:02:12|util.py|click 740 406
13:02:12|util.py|findPicLoop 循环找图开始 ./public/bmp/start chapter.jpg
13:02:14|util.py|findPicLoop 循环找图结束 ./public/bmp/start chapter.jpg
13:02:14|util.py|click 716 411
13:02:14|const.py|红脸判断 开始
13:02:15|util.py|getWords 识字开始
13:02:19|util.py|getWords 识字结束
13:02:19|const.py|intoStageProcess 进入stage步骤结束
13:02:19|4通常7-2 不打boss.py|------------一把开始-----------
13:02:19|util.py|findPicLoop 循环找图开始 ./public/bmp/withdraw.jpg
13:02:20|util.py|findPicLoop 循环找图结束 ./public/bmp/withdraw.jpg
13:02:24|const.py|findShip 找船 开始
13:02:25|const.py|findShip 找船 结束
13:02:25|util.py|click 330 377
13:02:26|const.py|anchorProcess 出击步骤开始
13:02:26|const.py|今日不再提示判断 开始
13:02:27|util.py|findPicLoop 循环找图开始 ./public/bmp/anchor.bmp
13:02:32|util.py|findPicLoop 循环找图结束 ./public/bmp/anchor.bmp
13:02:33|util.py|click 770 429
13:02:34|const.py|自律 开始
13:02:34|const.py|红脸判断 开始
13:02:34|util.py|getWords 识字开始
13:02:37|util.py|getWords 识字结束
13:02:37|const.py|船坞已满判断 开始
13:02:48|util.py|findPicLoop 循环找图开始 ./public/bmp/S.bmp
13:03:25|util.py|findPicLoop 循环找图结束 ./public/bmp/S.bmp
13:03:25|const.py|自律 结束
13:03:26|util.py|click 181 426
13:03:28|util.py|click 684 308
13:03:30|const.py|打捞到sr或ssr判断 开始
13:03:31|util.py|click 684 308
13:03:32|util.py|findPicLoop 循环找图开始 ./public/bmp/exp2.bmp
13:03:33|util.py|findPicLoop 循环找图结束 ./public/bmp/exp2.bmp
13:03:33|util.py|click 733 445
13:03:36|const.py|作战失败判断 开始
13:03:40|const.py|紧急委托判断 开始
13:03:42|const.py|anchorProcess 出击步骤结束
13:03:42|4通常7-2 不打boss.py|------------一把结束-----------
13:03:42|4通常7-2 不打boss.py|------------一把开始-----------
13:03:42|util.py|findPicLoop 循环找图开始 ./public/bmp/withdraw.jpg
13:03:42|util.py|findPicLoop 循环找图结束 ./public/bmp/withdraw.jpg
13:03:46|4通常7-2 不打boss.py|findQuestion 找问号 开始
13:03:48|4通常7-2 不打boss.py|findQuestion 找问号 结束
13:03:48|4通常7-2 不打boss.py|处理问号 开始
13:03:48|util.py|click 428 328
13:03:51|util.py|click 354 462
13:03:53|4通常7-2 不打boss.py|处理问号 结束
13:03:53|4通常7-2 不打boss.py|findQuestion 找问号 开始
13:03:55|4通常7-2 不打boss.py|findQuestion 找问号 结束
13:03:55|const.py|findShip 找船 开始
13:03:56|const.py|findShip 找船 结束
13:03:56|util.py|click 621 374
13:03:57|const.py|anchorProcess 出击步骤开始
13:03:58|const.py|今日不再提示判断 开始
13:03:59|util.py|findPicLoop 循环找图开始 ./public/bmp/anchor.bmp
13:04:00|util.py|findPicLoop 循环找图结束 ./public/bmp/anchor.bmp
13:04:01|util.py|click 772 429
13:04:01|const.py|自律 开始
13:04:02|const.py|红脸判断 开始
13:04:02|util.py|getWords 识字开始
13:04:04|util.py|getWords 识字结束
13:04:04|const.py|船坞已满判断 开始
13:04:15|util.py|findPicLoop 循环找图开始 ./public/bmp/S.bmp
13:04:56|util.py|findPicLoop 循环找图结束 ./public/bmp/S.bmp
13:04:56|const.py|自律 结束
13:04:57|util.py|click 181 426
13:04:58|util.py|click 684 308
13:05:00|const.py|打捞到sr或ssr判断 开始
13:05:01|util.py|click 684 308
13:05:02|util.py|findPicLoop 循环找图开始 ./public/bmp/exp2.bmp
13:05:03|util.py|findPicLoop 循环找图结束 ./public/bmp/exp2.bmp
13:05:03|util.py|click 733 445
13:05:07|const.py|作战失败判断 开始
13:05:11|const.py|紧急委托判断 开始
13:05:12|const.py|anchorProcess 出击步骤结束
13:05:12|4通常7-2 不打boss.py|------------一把结束-----------
13:05:12|4通常7-2 不打boss.py|------------一把开始-----------
13:05:12|util.py|findPicLoop 循环找图开始 ./public/bmp/withdraw.jpg
13:05:13|util.py|findPicLoop 循环找图结束 ./public/bmp/withdraw.jpg
13:05:17|4通常7-2 不打boss.py|findQuestion 找问号 开始
13:05:19|4通常7-2 不打boss.py|findQuestion 找问号 结束
13:05:19|const.py|findShip 找船 开始
13:05:20|const.py|findShip 找船 结束
13:05:20|util.py|click 690 242
13:05:21|const.py|anchorProcess 出击步骤开始
13:05:22|const.py|今日不再提示判断 开始
13:05:23|util.py|findPicLoop 循环找图开始 ./public/bmp/anchor.bmp
13:05:24|util.py|findPicLoop 循环找图结束 ./public/bmp/anchor.bmp
13:05:25|util.py|click 770 429
13:05:26|const.py|自律 开始
13:05:27|const.py|红脸判断 开始
13:05:27|util.py|getWords 识字开始
13:05:29|util.py|getWords 识字结束
13:05:29|const.py|船坞已满判断 开始
13:05:40|util.py|findPicLoop 循环找图开始 ./public/bmp/S.bmp
13:05:59|util.py|findPicLoop 循环找图结束 ./public/bmp/S.bmp
13:05:59|const.py|自律 结束
13:06:00|util.py|click 181 426
13:06:02|util.py|click 684 308
13:06:04|const.py|打捞到sr或ssr判断 开始
13:06:05|util.py|click 684 308
13:06:06|util.py|findPicLoop 循环找图开始 ./public/bmp/exp2.bmp
13:06:07|util.py|findPicLoop 循环找图结束 ./public/bmp/exp2.bmp
13:06:07|util.py|click 733 445
13:06:10|const.py|作战失败判断 开始
13:06:15|const.py|紧急委托判断 开始
13:06:16|const.py|anchorProcess 出击步骤结束
13:06:16|4通常7-2 不打boss.py|------------一把结束-----------
13:06:16|4通常7-2 不打boss.py|------------一把开始-----------
13:06:16|util.py|findPicLoop 循环找图开始 ./public/bmp/withdraw.jpg
13:06:17|util.py|findPicLoop 循环找图结束 ./public/bmp/withdraw.jpg
13:06:21|4通常7-2 不打boss.py|findQuestion 找问号 开始
13:06:23|4通常7-2 不打boss.py|findQuestion 找问号 结束
13:06:23|4通常7-2 不打boss.py|处理问号 开始
13:06:23|util.py|click 776 262
13:06:25|util.py|click 354 462
13:06:26|4通常7-2 不打boss.py|处理问号 结束
13:06:26|4通常7-2 不打boss.py|findQuestion 找问号 开始
13:06:28|4通常7-2 不打boss.py|findQuestion 找问号 结束
13:06:28|4通常7-2 不打boss.py|处理问号 开始
13:06:28|util.py|click 429 209
13:06:32|util.py|click 354 462
13:06:34|4通常7-2 不打boss.py|处理问号 结束
13:06:34|4通常7-2 不打boss.py|findQuestion 找问号 开始
13:06:36|4通常7-2 不打boss.py|findQuestion 找问号 结束
13:06:36|const.py|findShip 找船 开始
13:06:37|const.py|findShip 找船 结束
13:06:37|util.py|click 342 238
13:06:38|const.py|anchorProcess 出击步骤开始
13:06:38|const.py|今日不再提示判断 开始
13:06:39|util.py|findPicLoop 循环找图开始 ./public/bmp/anchor.bmp
13:06:40|util.py|findPicLoop 循环找图结束 ./public/bmp/anchor.bmp
13:06:41|util.py|click 770 429
13:06:42|const.py|自律 开始
13:06:42|const.py|红脸判断 开始
13:06:42|util.py|getWords 识字开始
13:06:45|util.py|getWords 识字结束
13:06:45|const.py|船坞已满判断 开始
13:06:56|util.py|findPicLoop 循环找图开始 ./public/bmp/S.bmp
13:07:53|util.py|findPicLoop 循环找图结束 ./public/bmp/S.bmp
13:07:53|const.py|自律 结束
13:07:54|util.py|click 181 426
13:07:56|util.py|click 684 308
13:07:58|const.py|打捞到sr或ssr判断 开始
13:07:59|util.py|click 684 308
13:08:00|util.py|findPicLoop 循环找图开始 ./public/bmp/exp2.bmp
13:08:01|util.py|findPicLoop 循环找图结束 ./public/bmp/exp2.bmp
13:08:01|util.py|click 733 445
13:08:04|const.py|作战失败判断 开始
13:08:08|const.py|紧急委托判断 开始
13:08:09|const.py|anchorProcess 出击步骤结束
13:08:09|4通常7-2 不打boss.py|------------一把结束-----------
13:08:09|util.py|findPicLoop 循环找图开始 ./public/bmp/withdraw.jpg
13:08:11|util.py|findPicLoop 循环找图结束 ./public/bmp/withdraw.jpg
13:08:11|util.py|click 563 460
13:08:11|util.py|findPicLoop 循环找图开始 ./public/bmp/OK.jpg
13:08:12|util.py|findPicLoop 循环找图结束 ./public/bmp/OK.jpg
13:08:12|util.py|click 534 345
13:08:12|4通常7-2 不打boss.py|-------------一局结束------------
13:08:12|4通常7-2 不打boss.py|-------------一局开始------------
13:08:12|const.py|intoStageProcess 进入stage步骤开始
13:08:14|util.py|click 361 146
13:08:15|util.py|findPicLoop 循环找图开始 ./public/bmp/start chapter.jpg
13:08:17|util.py|findPicLoop 循环找图结束 ./public/bmp/start chapter.jpg
13:08:17|util.py|click 642 350
13:08:18|const.py|船坞已满判断 开始
13:08:19|util.py|click 767 220
13:08:20|util.py|click 713 131
13:08:21|util.py|click 740 232
13:08:22|util.py|click 714 223
13:08:22|util.py|click 740 406
13:08:23|util.py|findPicLoop 循环找图开始 ./public/bmp/start chapter.jpg
13:08:23|util.py|findPicLoop 循环找图结束 ./public/bmp/start chapter.jpg
13:08:23|util.py|click 716 411
13:08:24|const.py|红脸判断 开始
13:08:25|util.py|getWords 识字开始
13:08:26|util.py|getWords 识字结束
13:08:26|const.py|intoStageProcess 进入stage步骤结束
13:08:26|4通常7-2 不打boss.py|------------一把开始-----------
13:08:26|util.py|findPicLoop 循环找图开始 ./public/bmp/withdraw.jpg
13:08:27|util.py|findPicLoop 循环找图结束 ./public/bmp/withdraw.jpg
13:08:31|const.py|findShip 找船 开始
13:08:33|const.py|findShip 找船 结束
13:08:33|util.py|click 352 131
13:08:33|const.py|anchorProcess 出击步骤开始
13:08:34|const.py|今日不再提示判断 开始
13:08:35|util.py|findPicLoop 循环找图开始 ./public/bmp/anchor.bmp
13:08:40|util.py|findPicLoop 循环找图结束 ./public/bmp/anchor.bmp
13:08:40|util.py|click 770 429
13:08:41|const.py|自律 开始
13:08:42|const.py|红脸判断 开始
13:08:42|util.py|getWords 识字开始
13:08:44|util.py|getWords 识字结束
13:08:44|const.py|船坞已满判断 开始
13:08:55|util.py|findPicLoop 循环找图开始 ./public/bmp/S.bmp
13:09:15|util.py|findPicLoop 循环找图结束 ./public/bmp/S.bmp
13:09:15|const.py|自律 结束
13:09:16|util.py|click 181 426
13:09:18|util.py|click 684 308
13:09:20|const.py|打捞到sr或ssr判断 开始
13:09:21|util.py|click 684 308
13:09:21|util.py|findPicLoop 循环找图开始 ./public/bmp/exp2.bmp
13:09:22|util.py|findPicLoop 循环找图结束 ./public/bmp/exp2.bmp
13:09:22|util.py|click 733 445
13:09:26|const.py|作战失败判断 开始
13:09:30|const.py|紧急委托判断 开始
13:09:31|const.py|anchorProcess 出击步骤结束
13:09:31|4通常7-2 不打boss.py|------------一把结束-----------
13:09:31|4通常7-2 不打boss.py|------------一把开始-----------
13:09:31|util.py|findPicLoop 循环找图开始 ./public/bmp/withdraw.jpg
13:09:32|util.py|findPicLoop 循环找图结束 ./public/bmp/withdraw.jpg
13:09:36|4通常7-2 不打boss.py|findQuestion 找问号 开始
13:09:38|4通常7-2 不打boss.py|findQuestion 找问号 结束
13:09:38|4通常7-2 不打boss.py|处理问号 开始
13:09:38|util.py|click 776 262
13:09:47|util.py|click 354 462
13:09:48|4通常7-2 不打boss.py|处理问号 结束
13:09:48|4通常7-2 不打boss.py|findQuestion 找问号 开始
13:09:50|4通常7-2 不打boss.py|findQuestion 找问号 结束
13:09:50|const.py|findShip 找船 开始
13:09:51|const.py|findShip 找船 结束
13:09:51|util.py|click 681 185
13:09:52|const.py|anchorProcess 出击步骤开始
13:09:52|const.py|今日不再提示判断 开始
13:09:53|util.py|findPicLoop 循环找图开始 ./public/bmp/anchor.bmp
13:09:54|util.py|findPicLoop 循环找图结束 ./public/bmp/anchor.bmp
13:09:55|util.py|click 770 429
13:09:56|const.py|自律 开始
13:09:56|const.py|红脸判断 开始
13:09:56|util.py|getWords 识字开始
13:09:59|util.py|getWords 识字结束
13:09:59|const.py|船坞已满判断 开始
13:10:10|util.py|findPicLoop 循环找图开始 ./public/bmp/S.bmp
13:10:30|util.py|findPicLoop 循环找图结束 ./public/bmp/S.bmp
13:10:30|const.py|自律 结束
13:10:31|util.py|click 181 426
13:10:33|util.py|click 684 308
13:10:35|const.py|打捞到sr或ssr判断 开始
13:10:36|util.py|click 684 308
13:10:37|util.py|findPicLoop 循环找图开始 ./public/bmp/exp2.bmp
13:10:38|util.py|findPicLoop 循环找图结束 ./public/bmp/exp2.bmp
13:10:38|util.py|click 733 445
13:10:41|const.py|作战失败判断 开始
13:10:45|const.py|紧急委托判断 开始
13:10:46|const.py|anchorProcess 出击步骤结束
13:10:46|4通常7-2 不打boss.py|------------一把结束-----------
13:10:46|4通常7-2 不打boss.py|------------一把开始-----------
13:10:46|util.py|findPicLoop 循环找图开始 ./public/bmp/withdraw.jpg
13:10:47|util.py|findPicLoop 循环找图结束 ./public/bmp/withdraw.jpg
13:10:51|4通常7-2 不打boss.py|findQuestion 找问号 开始
13:10:53|4通常7-2 不打boss.py|findQuestion 找问号 结束
13:10:53|4通常7-2 不打boss.py|处理问号 开始
13:10:53|util.py|click 776 262
13:10:55|util.py|click 354 462
13:10:57|4通常7-2 不打boss.py|处理问号 结束
13:10:57|4通常7-2 不打boss.py|findQuestion 找问号 开始
13:10:59|4通常7-2 不打boss.py|findQuestion 找问号 结束
13:10:59|const.py|findShip 找船 开始
13:11:00|const.py|findShip 找船 结束
13:11:00|util.py|click 690 241
13:11:01|const.py|anchorProcess 出击步骤开始
13:11:02|const.py|今日不再提示判断 开始
13:11:03|util.py|findPicLoop 循环找图开始 ./public/bmp/anchor.bmp
13:11:04|util.py|findPicLoop 循环找图结束 ./public/bmp/anchor.bmp
13:11:05|util.py|click 770 429
13:11:06|const.py|自律 开始
13:11:07|const.py|红脸判断 开始
13:11:07|util.py|getWords 识字开始
13:11:09|util.py|getWords 识字结束
13:11:09|const.py|船坞已满判断 开始
13:11:20|util.py|findPicLoop 循环找图开始 ./public/bmp/S.bmp
13:12:01|util.py|findPicLoop 循环找图结束 ./public/bmp/S.bmp
13:12:01|const.py|自律 结束
13:12:03|util.py|click 181 426
13:12:04|util.py|click 684 308
13:12:06|const.py|打捞到sr或ssr判断 开始
13:12:07|util.py|click 684 308
13:12:08|util.py|findPicLoop 循环找图开始 ./public/bmp/exp2.bmp
13:12:08|util.py|findPicLoop 循环找图结束 ./public/bmp/exp2.bmp
13:12:08|util.py|click 733 445
13:12:12|const.py|作战失败判断 开始
13:12:16|const.py|紧急委托判断 开始
13:12:17|const.py|anchorProcess 出击步骤结束
13:12:17|4通常7-2 不打boss.py|------------一把结束-----------
13:12:17|4通常7-2 不打boss.py|------------一把开始-----------
13:12:17|util.py|findPicLoop 循环找图开始 ./public/bmp/withdraw.jpg
13:12:18|util.py|findPicLoop 循环找图结束 ./public/bmp/withdraw.jpg
13:12:22|4通常7-2 不打boss.py|findQuestion 找问号 开始
13:12:24|4通常7-2 不打boss.py|findQuestion 找问号 结束
13:12:24|4通常7-2 不打boss.py|处理问号 开始
13:12:24|util.py|click 429 206
13:12:28|util.py|click 354 462
13:12:30|4通常7-2 不打boss.py|处理问号 结束
13:12:30|4通常7-2 不打boss.py|findQuestion 找问号 开始
13:12:32|4通常7-2 不打boss.py|findQuestion 找问号 结束
13:12:32|const.py|findShip 找船 开始
13:12:33|const.py|findShip 找船 结束
13:12:33|util.py|click 516 238
13:12:33|const.py|anchorProcess 出击步骤开始
13:12:34|const.py|今日不再提示判断 开始
13:12:35|util.py|findPicLoop 循环找图开始 ./public/bmp/anchor.bmp
13:12:41|util.py|findPicLoop 循环找图结束 ./public/bmp/anchor.bmp
13:12:42|util.py|click 770 429
13:12:42|const.py|自律 开始
13:12:43|const.py|红脸判断 开始
13:12:43|util.py|getWords 识字开始
13:12:47|util.py|getWords 识字结束
13:12:47|const.py|船坞已满判断 开始
13:12:58|util.py|findPicLoop 循环找图开始 ./public/bmp/S.bmp
13:13:34|util.py|findPicLoop 循环找图结束 ./public/bmp/S.bmp
13:13:34|const.py|自律 结束
13:13:35|util.py|click 181 426
13:13:36|util.py|click 684 308
13:13:39|const.py|打捞到sr或ssr判断 开始
13:13:40|util.py|click 684 308
13:13:40|util.py|findPicLoop 循环找图开始 ./public/bmp/exp2.bmp
13:13:41|util.py|findPicLoop 循环找图结束 ./public/bmp/exp2.bmp
13:13:41|util.py|click 733 445
13:13:45|const.py|作战失败判断 开始
13:13:49|const.py|紧急委托判断 开始
13:13:50|const.py|anchorProcess 出击步骤结束
13:13:50|4通常7-2 不打boss.py|------------一把结束-----------
13:13:50|util.py|findPicLoop 循环找图开始 ./public/bmp/withdraw.jpg
13:13:51|util.py|findPicLoop 循环找图结束 ./public/bmp/withdraw.jpg
13:13:51|util.py|click 563 460
13:13:52|util.py|findPicLoop 循环找图开始 ./public/bmp/OK.jpg
13:13:53|util.py|findPicLoop 循环找图结束 ./public/bmp/OK.jpg
13:13:53|util.py|click 534 345
13:13:53|4通常7-2 不打boss.py|-------------一局结束------------
13:13:53|4通常7-2 不打boss.py|-------------一局开始------------
13:13:53|const.py|intoStageProcess 进入stage步骤开始
13:13:55|util.py|click 361 146
13:13:56|util.py|findPicLoop 循环找图开始 ./public/bmp/start chapter.jpg
13:13:57|util.py|findPicLoop 循环找图结束 ./public/bmp/start chapter.jpg
13:13:57|util.py|click 642 350
13:13:59|const.py|船坞已满判断 开始
13:14:00|util.py|click 767 220
13:14:01|util.py|click 713 131
13:14:02|util.py|click 740 232
13:14:02|util.py|click 714 223
13:14:03|util.py|click 740 406
13:14:04|util.py|findPicLoop 循环找图开始 ./public/bmp/start chapter.jpg
13:14:05|util.py|findPicLoop 循环找图结束 ./public/bmp/start chapter.jpg
13:14:05|util.py|click 716 411
13:14:06|const.py|红脸判断 开始
13:14:07|util.py|getWords 识字开始
13:14:08|util.py|getWords 识字结束
13:14:08|const.py|intoStageProcess 进入stage步骤结束
13:14:08|4通常7-2 不打boss.py|------------一把开始-----------
13:14:08|util.py|findPicLoop 循环找图开始 ./public/bmp/withdraw.jpg
13:14:09|util.py|findPicLoop 循环找图结束 ./public/bmp/withdraw.jpg
13:14:13|const.py|findShip 找船 开始
13:14:15|const.py|findShip 找船 结束
13:14:15|util.py|click 431 377
13:14:15|const.py|anchorProcess 出击步骤开始
13:14:16|const.py|今日不再提示判断 开始
13:14:17|util.py|findPicLoop 循环找图开始 ./public/bmp/anchor.bmp
13:14:18|util.py|findPicLoop 循环找图结束 ./public/bmp/anchor.bmp
13:14:19|util.py|click 770 429
13:14:20|const.py|自律 开始
13:14:21|const.py|红脸判断 开始
13:14:21|util.py|getWords 识字开始
13:14:23|util.py|getWords 识字结束
13:14:23|const.py|船坞已满判断 开始
13:14:34|util.py|findPicLoop 循环找图开始 ./public/bmp/S.bmp
13:14:53|util.py|findPicLoop 循环找图结束 ./public/bmp/S.bmp
13:14:53|const.py|自律 结束
13:14:54|util.py|click 181 426
13:14:56|util.py|click 684 308
13:14:58|const.py|打捞到sr或ssr判断 开始
13:14:59|util.py|click 684 308
13:15:00|util.py|findPicLoop 循环找图开始 ./public/bmp/exp2.bmp
13:15:01|util.py|findPicLoop 循环找图结束 ./public/bmp/exp2.bmp
13:15:01|util.py|click 733 445
13:15:04|const.py|作战失败判断 开始
13:15:08|const.py|紧急委托判断 开始
13:15:09|const.py|anchorProcess 出击步骤结束
13:15:09|4通常7-2 不打boss.py|------------一把结束-----------
13:15:09|4通常7-2 不打boss.py|------------一把开始-----------
13:15:09|util.py|findPicLoop 循环找图开始 ./public/bmp/withdraw.jpg
13:15:10|util.py|findPicLoop 循环找图结束 ./public/bmp/withdraw.jpg
13:15:14|4通常7-2 不打boss.py|findQuestion 找问号 开始
13:15:16|4通常7-2 不打boss.py|findQuestion 找问号 结束
13:15:16|4通常7-2 不打boss.py|处理问号 开始
13:15:16|util.py|click 430 286
13:15:18|util.py|click 354 462
13:15:20|4通常7-2 不打boss.py|处理问号 结束
13:15:20|4通常7-2 不打boss.py|findQuestion 找问号 开始
13:15:22|4通常7-2 不打boss.py|findQuestion 找问号 结束
13:15:22|const.py|findShip 找船 开始
13:15:24|const.py|findShip 找船 结束
13:15:24|util.py|click 335 374
13:15:25|const.py|anchorProcess 出击步骤开始
13:15:25|const.py|今日不再提示判断 开始
13:15:26|util.py|findPicLoop 循环找图开始 ./public/bmp/anchor.bmp
13:15:32|util.py|findPicLoop 循环找图结束 ./public/bmp/anchor.bmp
13:15:32|util.py|click 770 429
13:15:33|const.py|自律 开始
13:15:34|const.py|红脸判断 开始
13:15:34|util.py|getWords 识字开始
13:15:35|util.py|getWords 识字结束
13:15:35|const.py|船坞已满判断 开始
13:15:46|util.py|findPicLoop 循环找图开始 ./public/bmp/S.bmp
13:16:09|util.py|findPicLoop 循环找图结束 ./public/bmp/S.bmp
13:16:09|const.py|自律 结束
13:16:10|util.py|click 181 426
13:16:12|util.py|click 684 308
13:16:14|const.py|打捞到sr或ssr判断 开始
13:16:15|util.py|click 684 308
13:16:15|util.py|findPicLoop 循环找图开始 ./public/bmp/exp2.bmp
13:16:16|util.py|findPicLoop 循环找图结束 ./public/bmp/exp2.bmp
13:16:16|util.py|click 733 445
13:16:20|const.py|作战失败判断 开始
13:16:24|const.py|紧急委托判断 开始
13:16:25|const.py|anchorProcess 出击步骤结束
13:16:25|4通常7-2 不打boss.py|------------一把结束-----------
13:16:25|4通常7-2 不打boss.py|------------一把开始-----------
13:16:25|util.py|findPicLoop 循环找图开始 ./public/bmp/withdraw.jpg
13:16:25|util.py|findPicLoop 循环找图结束 ./public/bmp/withdraw.jpg
13:16:29|4通常7-2 不打boss.py|findQuestion 找问号 开始
13:16:31|4通常7-2 不打boss.py|findQuestion 找问号 结束
13:16:31|4通常7-2 不打boss.py|处理问号 开始
13:16:31|util.py|click 776 268
13:16:37|util.py|click 354 462
13:16:39|4通常7-2 不打boss.py|处理问号 结束
13:16:39|4通常7-2 不打boss.py|findQuestion 找问号 开始
13:16:40|4通常7-2 不打boss.py|findQuestion 找问号 结束
13:16:40|const.py|findShip 找船 开始
13:16:41|const.py|findShip 找船 结束
13:16:41|util.py|click 690 242
13:16:42|const.py|anchorProcess 出击步骤开始
13:16:42|const.py|今日不再提示判断 开始
13:16:43|util.py|findPicLoop 循环找图开始 ./public/bmp/anchor.bmp
13:16:44|util.py|findPicLoop 循环找图结束 ./public/bmp/anchor.bmp
13:16:45|util.py|click 770 429
13:16:45|const.py|自律 开始
13:16:46|const.py|红脸判断 开始
13:16:46|util.py|getWords 识字开始
13:16:48|util.py|getWords 识字结束
13:16:48|const.py|船坞已满判断 开始
13:16:58|util.py|findPicLoop 循环找图开始 ./public/bmp/S.bmp
13:17:36|util.py|findPicLoop 循环找图结束 ./public/bmp/S.bmp
13:17:36|const.py|自律 结束
13:17:37|util.py|click 181 426
13:17:39|util.py|click 684 308
13:17:41|const.py|打捞到sr或ssr判断 开始
13:17:41|util.py|click 684 308
13:17:42|util.py|findPicLoop 循环找图开始 ./public/bmp/exp2.bmp
13:17:43|util.py|findPicLoop 循环找图结束 ./public/bmp/exp2.bmp
13:17:43|util.py|click 733 445
13:17:46|const.py|作战失败判断 开始
13:17:50|const.py|紧急委托判断 开始
13:17:51|const.py|anchorProcess 出击步骤结束
13:17:51|4通常7-2 不打boss.py|------------一把结束-----------
13:17:51|4通常7-2 不打boss.py|------------一把开始-----------
13:17:51|util.py|findPicLoop 循环找图开始 ./public/bmp/withdraw.jpg
13:17:52|util.py|findPicLoop 循环找图结束 ./public/bmp/withdraw.jpg
13:17:56|4通常7-2 不打boss.py|findQuestion 找问号 开始
13:17:57|4通常7-2 不打boss.py|findQuestion 找问号 结束
13:17:57|4通常7-2 不打boss.py|处理问号 开始
13:17:57|util.py|click 430 285
13:18:01|util.py|click 354 462
13:18:02|4通常7-2 不打boss.py|处理问号 结束
13:18:02|4通常7-2 不打boss.py|findQuestion 找问号 开始
13:18:04|4通常7-2 不打boss.py|findQuestion 找问号 结束
13:18:04|const.py|findShip 找船 开始
13:18:05|const.py|findShip 找船 结束
13:18:05|util.py|click 249 306
13:18:06|const.py|anchorProcess 出击步骤开始
13:18:07|const.py|今日不再提示判断 开始
13:18:08|util.py|findPicLoop 循环找图开始 ./public/bmp/anchor.bmp
13:18:09|util.py|findPicLoop 循环找图结束 ./public/bmp/anchor.bmp
13:18:09|util.py|click 770 429
13:18:10|const.py|自律 开始
13:18:11|const.py|红脸判断 开始
13:18:11|util.py|getWords 识字开始
13:18:12|util.py|getWords 识字结束
13:18:12|const.py|船坞已满判断 开始
13:18:23|util.py|findPicLoop 循环找图开始 ./public/bmp/S.bmp
13:18:43|util.py|findPicLoop 循环找图结束 ./public/bmp/S.bmp
13:18:43|const.py|自律 结束
13:18:44|util.py|click 181 426
13:18:46|util.py|click 684 308
13:18:48|const.py|打捞到sr或ssr判断 开始
13:18:49|util.py|click 684 308
13:18:49|util.py|findPicLoop 循环找图开始 ./public/bmp/exp2.bmp
13:18:50|util.py|findPicLoop 循环找图结束 ./public/bmp/exp2.bmp
13:18:50|util.py|click 733 445
13:18:53|const.py|作战失败判断 开始
13:18:57|const.py|紧急委托判断 开始
13:18:58|const.py|anchorProcess 出击步骤结束
13:18:58|4通常7-2 不打boss.py|------------一把结束-----------
13:18:58|util.py|findPicLoop 循环找图开始 ./public/bmp/withdraw.jpg
13:18:59|util.py|findPicLoop 循环找图结束 ./public/bmp/withdraw.jpg
13:18:59|util.py|click 563 460
13:18:59|util.py|findPicLoop 循环找图开始 ./public/bmp/OK.jpg
13:19:00|util.py|findPicLoop 循环找图结束 ./public/bmp/OK.jpg
13:19:00|util.py|click 534 345
13:19:01|4通常7-2 不打boss.py|-------------一局结束------------
13:19:01|4通常7-2 不打boss.py|-------------一局开始------------
13:19:01|const.py|intoStageProcess 进入stage步骤开始
13:19:03|util.py|click 361 146
13:19:03|util.py|findPicLoop 循环找图开始 ./public/bmp/start chapter.jpg
13:19:05|util.py|findPicLoop 循环找图结束 ./public/bmp/start chapter.jpg
13:19:05|util.py|click 642 350
13:19:06|const.py|船坞已满判断 开始
13:19:07|util.py|click 767 220
13:19:08|util.py|click 713 131
13:19:09|util.py|click 740 232
13:19:09|util.py|click 714 223
13:19:10|util.py|click 740 406
13:19:10|util.py|findPicLoop 循环找图开始 ./public/bmp/start chapter.jpg
13:19:12|util.py|findPicLoop 循环找图结束 ./public/bmp/start chapter.jpg
13:19:12|util.py|click 716 411
13:19:12|const.py|红脸判断 开始
13:19:13|util.py|getWords 识字开始
13:19:15|util.py|getWords 识字结束
13:19:15|const.py|intoStageProcess 进入stage步骤结束
13:19:15|4通常7-2 不打boss.py|------------一把开始-----------
13:19:15|util.py|findPicLoop 循环找图开始 ./public/bmp/withdraw.jpg
13:19:16|util.py|findPicLoop 循环找图结束 ./public/bmp/withdraw.jpg
13:19:20|const.py|findShip 找船 开始
13:19:21|const.py|findShip 找船 结束
13:19:21|util.py|click 243 306
13:19:21|const.py|anchorProcess 出击步骤开始
13:19:22|const.py|今日不再提示判断 开始
13:19:23|util.py|findPicLoop 循环找图开始 ./public/bmp/anchor.bmp
13:19:32|util.py|findPicLoop 循环找图结束 ./public/bmp/anchor.bmp
13:19:33|util.py|click 770 429
13:19:33|const.py|自律 开始
13:19:34|const.py|红脸判断 开始
13:19:34|util.py|getWords 识字开始
13:19:36|util.py|getWords 识字结束
13:19:36|const.py|船坞已满判断 开始
13:19:47|util.py|findPicLoop 循环找图开始 ./public/bmp/S.bmp
13:20:20|util.py|findPicLoop 循环找图结束 ./public/bmp/S.bmp
13:20:20|const.py|自律 结束
13:20:22|util.py|click 181 426
13:20:23|util.py|click 684 308
13:20:25|const.py|打捞到sr或ssr判断 开始
13:20:26|util.py|click 684 308
13:20:27|util.py|findPicLoop 循环找图开始 ./public/bmp/exp2.bmp
13:20:28|util.py|findPicLoop 循环找图结束 ./public/bmp/exp2.bmp
13:20:28|util.py|click 733 445
13:20:31|const.py|作战失败判断 开始
13:20:35|const.py|紧急委托判断 开始
13:20:36|const.py|anchorProcess 出击步骤结束
13:20:36|4通常7-2 不打boss.py|------------一把结束-----------
13:20:36|4通常7-2 不打boss.py|------------一把开始-----------
13:20:36|util.py|findPicLoop 循环找图开始 ./public/bmp/withdraw.jpg
13:20:37|util.py|findPicLoop 循环找图结束 ./public/bmp/withdraw.jpg
13:20:41|4通常7-2 不打boss.py|findQuestion 找问号 开始
13:20:42|4通常7-2 不打boss.py|findQuestion 找问号 结束
13:20:42|4通常7-2 不打boss.py|处理问号 开始
13:20:42|util.py|click 428 330
13:20:45|util.py|click 354 462
13:20:46|4通常7-2 不打boss.py|处理问号 结束
13:20:46|4通常7-2 不打boss.py|findQuestion 找问号 开始
13:20:48|4通常7-2 不打boss.py|findQuestion 找问号 结束
13:20:48|const.py|findShip 找船 开始
13:20:49|const.py|findShip 找船 结束
13:20:49|util.py|click 621 374
13:20:50|const.py|anchorProcess 出击步骤开始
13:20:51|const.py|今日不再提示判断 开始
13:20:51|util.py|findPicLoop 循环找图开始 ./public/bmp/anchor.bmp
13:20:53|util.py|findPicLoop 循环找图结束 ./public/bmp/anchor.bmp
13:20:54|util.py|click 770 429
13:20:54|const.py|自律 开始
13:20:55|const.py|红脸判断 开始
13:20:55|util.py|getWords 识字开始
13:20:57|util.py|getWords 识字结束
13:20:57|const.py|船坞已满判断 开始
13:21:08|util.py|findPicLoop 循环找图开始 ./public/bmp/S.bmp
13:21:38|util.py|findPicLoop 循环找图结束 ./public/bmp/S.bmp
13:21:38|const.py|自律 结束
13:21:39|util.py|click 181 426
13:21:41|util.py|click 684 308
13:21:43|const.py|打捞到sr或ssr判断 开始
13:21:44|util.py|click 684 308
13:21:44|util.py|findPicLoop 循环找图开始 ./public/bmp/exp2.bmp
13:21:45|util.py|findPicLoop 循环找图结束 ./public/bmp/exp2.bmp
13:21:45|util.py|click 733 445
13:21:49|const.py|作战失败判断 开始
13:21:53|const.py|紧急委托判断 开始
13:21:54|const.py|anchorProcess 出击步骤结束
13:21:54|4通常7-2 不打boss.py|------------一把结束-----------
13:21:54|4通常7-2 不打boss.py|------------一把开始-----------
13:21:54|util.py|findPicLoop 循环找图开始 ./public/bmp/withdraw.jpg
13:21:55|util.py|findPicLoop 循环找图结束 ./public/bmp/withdraw.jpg
13:21:59|4通常7-2 不打boss.py|findQuestion 找问号 开始
13:22:00|4通常7-2 不打boss.py|findQuestion 找问号 结束
13:22:00|4通常7-2 不打boss.py|处理问号 开始
13:22:00|util.py|click 428 325
13:22:03|util.py|click 354 462
13:22:05|4通常7-2 不打boss.py|处理问号 结束
13:22:05|4通常7-2 不打boss.py|findQuestion 找问号 开始
13:22:07|4通常7-2 不打boss.py|findQuestion 找问号 结束
13:22:07|const.py|findShip 找船 开始
13:22:08|const.py|findShip 找船 结束
13:22:08|util.py|click 517 241
13:22:08|const.py|anchorProcess 出击步骤开始
13:22:09|const.py|今日不再提示判断 开始
13:22:10|util.py|findPicLoop 循环找图开始 ./public/bmp/anchor.bmp
13:22:11|util.py|findPicLoop 循环找图结束 ./public/bmp/anchor.bmp
13:22:12|util.py|click 770 429
13:22:12|const.py|自律 开始
13:22:13|const.py|红脸判断 开始
13:22:13|util.py|getWords 识字开始
13:22:14|util.py|getWords 识字结束
13:22:14|const.py|船坞已满判断 开始
